[2018-06-25 14:42:50,300] [3180] RunTime: 0.0000 s
 - INFO 
 - RestClient.doGet(D:\wamp\www\wscloud\backoffice\ThinkPHP\Library\Vendor\ApiGateway\RestClient.php:49)
 - {"message":"rest client","data":"{\"request_host\":\"http:\\\/\\\/localhost:109\\\/Home\",\"request_path\":\"\\\/Admin\\\/getAdminMsgCount\\\/status\\\/10\\\/token\\\/null\",\"request_method\":\"GET\",\"request_bodys\":[],\"response_code\":200,\"response_body\":\"{\\\"code\\\":0,\\\"msg\\\":\\\"token\\\\u8fc7\\\\u671f\\\",\\\"status_code\\\":2001}\",\"response_errorMessage\":null}","topic":""}
[2018-06-25 14:42:58,850] [3180] RunTime: 0.0000 s
 - INFO 
 - RestClient.doGet(D:\wamp\www\wscloud\backoffice\ThinkPHP\Library\Vendor\ApiGateway\RestClient.php:49)
 - {"message":"rest client","data":"{\"request_host\":\"http:\\\/\\\/localhost:109\\\/Home\",\"request_path\":\"\\\/login\\\/login\\\/account\\\/13161934946\\\/password\\\/123456\\\/type\\\/10\\\/token\\\/null\",\"request_method\":\"GET\",\"request_bodys\":[],\"response_code\":200,\"response_body\":\"{\\\"code\\\":1,\\\"msg\\\":\\\"\\\\u767b\\\\u5f55\\\\u6210\\\\u529f\\\",\\\"status_code\\\":3000,\\\"data\\\":{\\\"company_id\\\":\\\"1447247968\\\",\\\"name\\\":\\\"\\\\u6d4b\\\\u8bd5\\\\u516c\\\\u53f8\\\",\\\"account\\\":\\\"13161934946\\\",\\\"phone\\\":\\\"13161934946\\\",\\\"email\\\":\\\"123456789@qq.com\\\",\\\"password\\\":\\\"e10adc3949ba59abbe56e057f20f883e\\\",\\\"right\\\":\\\"1,100,110,120,200,210,220,300,310,320,400,410,420,430,500,510,520,600,610,620,2,1000,1010\\\",\\\"status\\\":\\\"10\\\",\\\"type\\\":\\\"20\\\",\\\"create_time\\\":\\\"1527487964\\\",\\\"create_user\\\":\\\"2517844598\\\",\\\"update_time\\\":\\\"1528868703\\\",\\\"update_user\\\":\\\"2517844598\\\",\\\"del_flg\\\":\\\"0\\\",\\\"token\\\":\\\"60ed3d6d6e3e0aa69d2add3c820122e5\\\",\\\"refresh_token\\\":\\\"60ed3d6d6e3e0aa69d2add3c820122e5\\\"}}\",\"response_errorMessage\":null}","topic":""}
[2018-06-25 14:42:59,095] [3180] RunTime: 0.0000 s
 - INFO 
 - RestClient.doGet(D:\wamp\www\wscloud\backoffice\ThinkPHP\Library\Vendor\ApiGateway\RestClient.php:49)
 - {"message":"rest client","data":"{\"request_host\":\"http:\\\/\\\/localhost:109\\\/Home\",\"request_path\":\"\\\/Company\\\/checkStatus\\\/companyId\\\/1447247968\\\/token\\\/60ed3d6d6e3e0aa69d2add3c820122e5\",\"request_method\":\"GET\",\"request_bodys\":[],\"response_code\":200,\"response_body\":\"{\\\"code\\\":1,\\\"msg\\\":\\\"\\\\u67e5\\\\u8be2\\\\u6b63\\\\u5e38\\\",\\\"status_code\\\":1000,\\\"data\\\":{\\\"id\\\":\\\"1447247968\\\",\\\"name\\\":\\\"\\\\u6d4b\\\\u8bd5\\\\u516c\\\\u53f8\\\",\\\"phone\\\":\\\"13161934946\\\",\\\"email\\\":\\\"123456789@qq.com\\\",\\\"logo\\\":null,\\\"status\\\":\\\"10\\\",\\\"verify_status\\\":\\\"30\\\",\\\"create_time\\\":\\\"1527487964\\\",\\\"update_time\\\":\\\"1527487964\\\",\\\"create_user\\\":\\\"1447247968\\\",\\\"update_user\\\":\\\"1447247968\\\",\\\"del_flg\\\":\\\"0\\\",\\\"verify_status_str\\\":\\\"\\\\u5ba1\\\\u6838\\\\u901a\\\\u8fc7\\\"}}\",\"response_errorMessage\":null}","topic":""}
[2018-06-25 14:42:59,232] [3180] RunTime: 0.1377 s
 - INFO 
 - RestClient.doGet(D:\wamp\www\wscloud\backoffice\ThinkPHP\Library\Vendor\ApiGateway\RestClient.php:49)
 - {"message":"rest client","data":"{\"request_host\":\"http:\\\/\\\/localhost:109\\\/Home\",\"request_path\":\"\\\/DrivingMonitor\\\/statBehavior\\\/companyId\\\/1447247968\\\/startTime\\\/1527316979\\\/endTime\\\/1529908979\\\/token\\\/60ed3d6d6e3e0aa69d2add3c820122e5\",\"request_method\":\"GET\",\"request_bodys\":[],\"response_code\":200,\"response_body\":\"{\\\"code\\\":1,\\\"msg\\\":\\\"\\\\u67e5\\\\u8be2\\\\u6210\\\\u529f\\\",\\\"status_code\\\":4025,\\\"data\\\":[{\\\"count\\\":\\\"5\\\",\\\"code\\\":\\\"14\\\",\\\"code_text\\\":\\\"\\\\u4f4e\\\\u5934\\\"},{\\\"count\\\":\\\"4\\\",\\\"code\\\":\\\"13\\\",\\\"code_text\\\":\\\"\\\\u5de6\\\\u53f3\\\\u5f20\\\\u671b\\\"},{\\\"count\\\":\\\"2\\\",\\\"code\\\":\\\"12\\\",\\\"code_text\\\":\\\"\\\\u6253\\\\u54c8\\\\u6b20\\\"},{\\\"count\\\":\\\"1\\\",\\\"code\\\":\\\"17\\\",\\\"code_text\\\":\\\"\\\\u6b63\\\\u5e38\\\"},{\\\"count\\\":\\\"1\\\",\\\"code\\\":\\\"15\\\",\\\"code_text\\\":\\\"\\\\u95ed\\\\u773c\\\\u775b\\\"},{\\\"count\\\":\\\"1\\\",\\\"code\\\":\\\"11\\\",\\\"code_text\\\":\\\"\\\\u62bd\\\\u70df\\\"}]}\",\"response_errorMessage\":null}","topic":""}
[2018-06-25 14:42:59,372] [3180] RunTime: 0.2770 s
 - INFO 
 - RestClient.doGet(D:\wamp\www\wscloud\backoffice\ThinkPHP\Library\Vendor\ApiGateway\RestClient.php:49)
 - {"message":"rest client","data":"{\"request_host\":\"http:\\\/\\\/localhost:109\\\/Home\",\"request_path\":\"\\\/Admin\\\/getAdminMsgCount\\\/status\\\/10\\\/token\\\/60ed3d6d6e3e0aa69d2add3c820122e5\",\"request_method\":\"GET\",\"request_bodys\":[],\"response_code\":200,\"response_body\":\"{\\\"code\\\":1,\\\"msg\\\":\\\"\\\\u67e5\\\\u8be2\\\\u6210\\\\u529f\\\",\\\"status_code\\\":4025,\\\"data\\\":\\\"0\\\"}\",\"response_errorMessage\":null}","topic":""}
[2018-06-25 14:42:59,979] [3180] RunTime: 0.0000 s
 - INFO 
 - RestClient.doGet(D:\wamp\www\wscloud\backoffice\ThinkPHP\Library\Vendor\ApiGateway\RestClient.php:49)
 - {"message":"rest client","data":"{\"request_host\":\"http:\\\/\\\/localhost:109\\\/Home\",\"request_path\":\"\\\/DrivingMonitor\\\/statByTimeGroup\\\/companyId\\\/1447247968\\\/startTime\\\/1529596800\\\/endTime\\\/1529942400\\\/token\\\/60ed3d6d6e3e0aa69d2add3c820122e5\",\"request_method\":\"GET\",\"request_bodys\":[],\"response_code\":200,\"response_body\":\"{\\\"code\\\":1,\\\"msg\\\":\\\"\\\\u67e5\\\\u8be2\\\\u6210\\\\u529f\\\",\\\"status_code\\\":4025,\\\"data\\\":[{\\\"name\\\":\\\"\\\\u5de6\\\\u53f3\\\\u5f20\\\\u671b\\\",\\\"type\\\":\\\"line\\\",\\\"smooth\\\":true,\\\"data\\\":[0,0,0,0,0,0,0,0,0,0,0,0,0,0,0,0,0,\\\"1\\\",0,0,0,0,0,0]}]}\",\"response_errorMessage\":null}","topic":""}
[2018-06-25 16:05:29,833] [3180] RunTime: 0.0000 s
 - INFO 
 - RestClient.doGet(D:\wamp\www\wscloud\backoffice\ThinkPHP\Library\Vendor\ApiGateway\RestClient.php:49)
 - {"message":"rest client","data":"{\"request_host\":\"http:\\\/\\\/localhost:109\\\/Home\",\"request_path\":\"\\\/Company\\\/checkStatus\\\/companyId\\\/1447247968\\\/token\\\/60ed3d6d6e3e0aa69d2add3c820122e5\",\"request_method\":\"GET\",\"request_bodys\":[],\"response_code\":200,\"response_body\":\"{\\\"code\\\":1,\\\"msg\\\":\\\"\\\\u67e5\\\\u8be2\\\\u6b63\\\\u5e38\\\",\\\"status_code\\\":1000,\\\"data\\\":{\\\"id\\\":\\\"1447247968\\\",\\\"name\\\":\\\"\\\\u6d4b\\\\u8bd5\\\\u516c\\\\u53f8\\\",\\\"phone\\\":\\\"13161934946\\\",\\\"email\\\":\\\"123456789@qq.com\\\",\\\"logo\\\":null,\\\"status\\\":\\\"10\\\",\\\"verify_status\\\":\\\"30\\\",\\\"create_time\\\":\\\"1527487964\\\",\\\"update_time\\\":\\\"1527487964\\\",\\\"create_user\\\":\\\"1447247968\\\",\\\"update_user\\\":\\\"1447247968\\\",\\\"del_flg\\\":\\\"0\\\",\\\"verify_status_str\\\":\\\"\\\\u5ba1\\\\u6838\\\\u901a\\\\u8fc7\\\"}}\",\"response_errorMessage\":null}","topic":""}
[2018-06-25 16:05:30,148] [3180] RunTime: 0.3146 s
 - INFO 
 - RestClient.doGet(D:\wamp\www\wscloud\backoffice\ThinkPHP\Library\Vendor\ApiGateway\RestClient.php:49)
 - {"message":"rest client","data":"{\"request_host\":\"http:\\\/\\\/localhost:109\\\/Home\",\"request_path\":\"\\\/DrivingMonitor\\\/statBehavior\\\/companyId\\\/1447247968\\\/startTime\\\/1527321929\\\/endTime\\\/1529913929\\\/token\\\/60ed3d6d6e3e0aa69d2add3c820122e5\",\"request_method\":\"GET\",\"request_bodys\":[],\"response_code\":200,\"response_body\":\"{\\\"code\\\":1,\\\"msg\\\":\\\"\\\\u67e5\\\\u8be2\\\\u6210\\\\u529f\\\",\\\"status_code\\\":4025,\\\"data\\\":[{\\\"count\\\":\\\"5\\\",\\\"code\\\":\\\"14\\\",\\\"code_text\\\":\\\"\\\\u4f4e\\\\u5934\\\"},{\\\"count\\\":\\\"4\\\",\\\"code\\\":\\\"13\\\",\\\"code_text\\\":\\\"\\\\u5de6\\\\u53f3\\\\u5f20\\\\u671b\\\"},{\\\"count\\\":\\\"2\\\",\\\"code\\\":\\\"12\\\",\\\"code_text\\\":\\\"\\\\u6253\\\\u54c8\\\\u6b20\\\"},{\\\"count\\\":\\\"1\\\",\\\"code\\\":\\\"17\\\",\\\"code_text\\\":\\\"\\\\u6b63\\\\u5e38\\\"},{\\\"count\\\":\\\"1\\\",\\\"code\\\":\\\"15\\\",\\\"code_text\\\":\\\"\\\\u95ed\\\\u773c\\\\u775b\\\"},{\\\"count\\\":\\\"1\\\",\\\"code\\\":\\\"11\\\",\\\"code_text\\\":\\\"\\\\u62bd\\\\u70df\\\"}]}\",\"response_errorMessage\":null}","topic":""}
[2018-06-25 16:05:30,348] [3180] RunTime: 0.5151 s
 - INFO 
 - RestClient.doGet(D:\wamp\www\wscloud\backoffice\ThinkPHP\Library\Vendor\ApiGateway\RestClient.php:49)
 - {"message":"rest client","data":"{\"request_host\":\"http:\\\/\\\/localhost:109\\\/Home\",\"request_path\":\"\\\/Admin\\\/getAdminMsgCount\\\/status\\\/10\\\/token\\\/60ed3d6d6e3e0aa69d2add3c820122e5\",\"request_method\":\"GET\",\"request_bodys\":[],\"response_code\":200,\"response_body\":\"{\\\"code\\\":1,\\\"msg\\\":\\\"\\\\u67e5\\\\u8be2\\\\u6210\\\\u529f\\\",\\\"status_code\\\":4025,\\\"data\\\":\\\"0\\\"}\",\"response_errorMessage\":null}","topic":""}
[2018-06-25 16:05:31,139] [3180] RunTime: 0.0000 s
 - INFO 
 - RestClient.doGet(D:\wamp\www\wscloud\backoffice\ThinkPHP\Library\Vendor\ApiGateway\RestClient.php:49)
 - {"message":"rest client","data":"{\"request_host\":\"http:\\\/\\\/localhost:109\\\/Home\",\"request_path\":\"\\\/DrivingMonitor\\\/statByTimeGroup\\\/companyId\\\/1447247968\\\/startTime\\\/1529596800\\\/endTime\\\/1529942400\\\/token\\\/60ed3d6d6e3e0aa69d2add3c820122e5\",\"request_method\":\"GET\",\"request_bodys\":[],\"response_code\":200,\"response_body\":\"{\\\"code\\\":1,\\\"msg\\\":\\\"\\\\u67e5\\\\u8be2\\\\u6210\\\\u529f\\\",\\\"status_code\\\":4025,\\\"data\\\":[{\\\"name\\\":\\\"\\\\u5de6\\\\u53f3\\\\u5f20\\\\u671b\\\",\\\"type\\\":\\\"line\\\",\\\"smooth\\\":true,\\\"data\\\":[0,0,0,0,0,0,0,0,0,0,0,0,0,0,0,0,0,\\\"1\\\",0,0,0,0,0,0]}]}\",\"response_errorMessage\":null}","topic":""}
[2018-06-25 16:06:47,708] [3180] RunTime: 0.0000 s
 - INFO 
 - RestClient.doGet(D:\wamp\www\wscloud\backoffice\ThinkPHP\Library\Vendor\ApiGateway\RestClient.php:49)
 - {"message":"rest client","data":"{\"request_host\":\"http:\\\/\\\/localhost:109\\\/Home\",\"request_path\":\"\\\/Company\\\/checkStatus\\\/companyId\\\/1447247968\\\/token\\\/60ed3d6d6e3e0aa69d2add3c820122e5\",\"request_method\":\"GET\",\"request_bodys\":[],\"response_code\":200,\"response_body\":\"{\\\"code\\\":1,\\\"msg\\\":\\\"\\\\u67e5\\\\u8be2\\\\u6b63\\\\u5e38\\\",\\\"status_code\\\":1000,\\\"data\\\":{\\\"id\\\":\\\"1447247968\\\",\\\"name\\\":\\\"\\\\u6d4b\\\\u8bd5\\\\u516c\\\\u53f8\\\",\\\"phone\\\":\\\"13161934946\\\",\\\"email\\\":\\\"123456789@qq.com\\\",\\\"logo\\\":null,\\\"status\\\":\\\"10\\\",\\\"verify_status\\\":\\\"30\\\",\\\"create_time\\\":\\\"1527487964\\\",\\\"update_time\\\":\\\"1527487964\\\",\\\"create_user\\\":\\\"1447247968\\\",\\\"update_user\\\":\\\"1447247968\\\",\\\"del_flg\\\":\\\"0\\\",\\\"verify_status_str\\\":\\\"\\\\u5ba1\\\\u6838\\\\u901a\\\\u8fc7\\\"}}\",\"response_errorMessage\":null}","topic":""}
[2018-06-25 16:06:48,240] [3180] RunTime: 0.5327 s
 - INFO 
 - RestClient.doGet(D:\wamp\www\wscloud\backoffice\ThinkPHP\Library\Vendor\ApiGateway\RestClient.php:49)
 - {"message":"rest client","data":"{\"request_host\":\"http:\\\/\\\/localhost:109\\\/Home\",\"request_path\":\"\\\/DrivingMonitor\\\/statBehavior\\\/companyId\\\/1447247968\\\/startTime\\\/1527322007\\\/endTime\\\/1529914007\\\/token\\\/60ed3d6d6e3e0aa69d2add3c820122e5\",\"request_method\":\"GET\",\"request_bodys\":[],\"response_code\":200,\"response_body\":\"{\\\"code\\\":1,\\\"msg\\\":\\\"\\\\u67e5\\\\u8be2\\\\u6210\\\\u529f\\\",\\\"status_code\\\":4025,\\\"data\\\":[{\\\"count\\\":\\\"5\\\",\\\"code\\\":\\\"14\\\",\\\"code_text\\\":\\\"\\\\u4f4e\\\\u5934\\\"},{\\\"count\\\":\\\"4\\\",\\\"code\\\":\\\"13\\\",\\\"code_text\\\":\\\"\\\\u5de6\\\\u53f3\\\\u5f20\\\\u671b\\\"},{\\\"count\\\":\\\"2\\\",\\\"code\\\":\\\"12\\\",\\\"code_text\\\":\\\"\\\\u6253\\\\u54c8\\\\u6b20\\\"},{\\\"count\\\":\\\"1\\\",\\\"code\\\":\\\"17\\\",\\\"code_text\\\":\\\"\\\\u6b63\\\\u5e38\\\"},{\\\"count\\\":\\\"1\\\",\\\"code\\\":\\\"15\\\",\\\"code_text\\\":\\\"\\\\u95ed\\\\u773c\\\\u775b\\\"},{\\\"count\\\":\\\"1\\\",\\\"code\\\":\\\"11\\\",\\\"code_text\\\":\\\"\\\\u62bd\\\\u70df\\\"}]}\",\"response_errorMessage\":null}","topic":""}
[2018-06-25 16:06:48,819] [3180] RunTime: 1.1114 s
 - INFO 
 - RestClient.doGet(D:\wamp\www\wscloud\backoffice\ThinkPHP\Library\Vendor\ApiGateway\RestClient.php:49)
 - {"message":"rest client","data":"{\"request_host\":\"http:\\\/\\\/localhost:109\\\/Home\",\"request_path\":\"\\\/Admin\\\/getAdminMsgCount\\\/status\\\/10\\\/token\\\/60ed3d6d6e3e0aa69d2add3c820122e5\",\"request_method\":\"GET\",\"request_bodys\":[],\"response_code\":200,\"response_body\":\"{\\\"code\\\":1,\\\"msg\\\":\\\"\\\\u67e5\\\\u8be2\\\\u6210\\\\u529f\\\",\\\"status_code\\\":4025,\\\"data\\\":\\\"0\\\"}\",\"response_errorMessage\":null}","topic":""}
[2018-06-25 16:06:49,316] [3180] RunTime: 0.0000 s
 - INFO 
 - RestClient.doGet(D:\wamp\www\wscloud\backoffice\ThinkPHP\Library\Vendor\ApiGateway\RestClient.php:49)
 - {"message":"rest client","data":"{\"request_host\":\"http:\\\/\\\/localhost:109\\\/Home\",\"request_path\":\"\\\/DrivingMonitor\\\/statByTimeGroup\\\/companyId\\\/1447247968\\\/startTime\\\/1529596800\\\/endTime\\\/1529942400\\\/token\\\/60ed3d6d6e3e0aa69d2add3c820122e5\",\"request_method\":\"GET\",\"request_bodys\":[],\"response_code\":200,\"response_body\":\"{\\\"code\\\":1,\\\"msg\\\":\\\"\\\\u67e5\\\\u8be2\\\\u6210\\\\u529f\\\",\\\"status_code\\\":4025,\\\"data\\\":[{\\\"name\\\":\\\"\\\\u5de6\\\\u53f3\\\\u5f20\\\\u671b\\\",\\\"type\\\":\\\"line\\\",\\\"smooth\\\":true,\\\"data\\\":[0,0,0,0,0,0,0,0,0,0,0,0,0,0,0,0,0,\\\"1\\\",0,0,0,0,0,0]}]}\",\"response_errorMessage\":null}","topic":""}
[2018-06-25 16:11:47,238] [3180] RunTime: 0.0000 s
 - INFO 
 - RestClient.doGet(D:\wamp\www\wscloud\backoffice\ThinkPHP\Library\Vendor\ApiGateway\RestClient.php:49)
 - {"message":"rest client","data":"{\"request_host\":\"http:\\\/\\\/localhost:109\\\/Home\",\"request_path\":\"\\\/Company\\\/checkStatus\\\/companyId\\\/1447247968\\\/token\\\/60ed3d6d6e3e0aa69d2add3c820122e5\",\"request_method\":\"GET\",\"request_bodys\":[],\"response_code\":200,\"response_body\":\"{\\\"code\\\":1,\\\"msg\\\":\\\"\\\\u67e5\\\\u8be2\\\\u6b63\\\\u5e38\\\",\\\"status_code\\\":1000,\\\"data\\\":{\\\"id\\\":\\\"1447247968\\\",\\\"name\\\":\\\"\\\\u6d4b\\\\u8bd5\\\\u516c\\\\u53f8\\\",\\\"phone\\\":\\\"13161934946\\\",\\\"email\\\":\\\"123456789@qq.com\\\",\\\"logo\\\":null,\\\"status\\\":\\\"10\\\",\\\"verify_status\\\":\\\"30\\\",\\\"create_time\\\":\\\"1527487964\\\",\\\"update_time\\\":\\\"1527487964\\\",\\\"create_user\\\":\\\"1447247968\\\",\\\"update_user\\\":\\\"1447247968\\\",\\\"del_flg\\\":\\\"0\\\",\\\"verify_status_str\\\":\\\"\\\\u5ba1\\\\u6838\\\\u901a\\\\u8fc7\\\"}}\",\"response_errorMessage\":null}","topic":""}
[2018-06-25 16:11:47,347] [3180] RunTime: 0.1090 s
 - INFO 
 - RestClient.doGet(D:\wamp\www\wscloud\backoffice\ThinkPHP\Library\Vendor\ApiGateway\RestClient.php:49)
 - {"message":"rest client","data":"{\"request_host\":\"http:\\\/\\\/localhost:109\\\/Home\",\"request_path\":\"\\\/DrivingMonitor\\\/statBehavior\\\/companyId\\\/1447247968\\\/startTime\\\/1527322307\\\/endTime\\\/1529914307\\\/token\\\/60ed3d6d6e3e0aa69d2add3c820122e5\",\"request_method\":\"GET\",\"request_bodys\":[],\"response_code\":200,\"response_body\":\"{\\\"code\\\":1,\\\"msg\\\":\\\"\\\\u67e5\\\\u8be2\\\\u6210\\\\u529f\\\",\\\"status_code\\\":4025,\\\"data\\\":[{\\\"count\\\":\\\"5\\\",\\\"code\\\":\\\"14\\\",\\\"code_text\\\":\\\"\\\\u4f4e\\\\u5934\\\"},{\\\"count\\\":\\\"4\\\",\\\"code\\\":\\\"13\\\",\\\"code_text\\\":\\\"\\\\u5de6\\\\u53f3\\\\u5f20\\\\u671b\\\"},{\\\"count\\\":\\\"2\\\",\\\"code\\\":\\\"12\\\",\\\"code_text\\\":\\\"\\\\u6253\\\\u54c8\\\\u6b20\\\"},{\\\"count\\\":\\\"1\\\",\\\"code\\\":\\\"17\\\",\\\"code_text\\\":\\\"\\\\u6b63\\\\u5e38\\\"},{\\\"count\\\":\\\"1\\\",\\\"code\\\":\\\"15\\\",\\\"code_text\\\":\\\"\\\\u95ed\\\\u773c\\\\u775b\\\"},{\\\"count\\\":\\\"1\\\",\\\"code\\\":\\\"11\\\",\\\"code_text\\\":\\\"\\\\u62bd\\\\u70df\\\"}]}\",\"response_errorMessage\":null}","topic":""}
[2018-06-25 16:11:47,597] [3180] RunTime: 0.3592 s
 - INFO 
 - RestClient.doGet(D:\wamp\www\wscloud\backoffice\ThinkPHP\Library\Vendor\ApiGateway\RestClient.php:49)
 - {"message":"rest client","data":"{\"request_host\":\"http:\\\/\\\/localhost:109\\\/Home\",\"request_path\":\"\\\/Admin\\\/getAdminMsgCount\\\/status\\\/10\\\/token\\\/60ed3d6d6e3e0aa69d2add3c820122e5\",\"request_method\":\"GET\",\"request_bodys\":[],\"response_code\":200,\"response_body\":\"{\\\"code\\\":1,\\\"msg\\\":\\\"\\\\u67e5\\\\u8be2\\\\u6210\\\\u529f\\\",\\\"status_code\\\":4025,\\\"data\\\":\\\"0\\\"}\",\"response_errorMessage\":null}","topic":""}
[2018-06-25 16:11:48,256] [3180] RunTime: 0.0000 s
 - INFO 
 - RestClient.doGet(D:\wamp\www\wscloud\backoffice\ThinkPHP\Library\Vendor\ApiGateway\RestClient.php:49)
 - {"message":"rest client","data":"{\"request_host\":\"http:\\\/\\\/localhost:109\\\/Home\",\"request_path\":\"\\\/DrivingMonitor\\\/statByTimeGroup\\\/companyId\\\/1447247968\\\/startTime\\\/1529596800\\\/endTime\\\/1529942400\\\/token\\\/60ed3d6d6e3e0aa69d2add3c820122e5\",\"request_method\":\"GET\",\"request_bodys\":[],\"response_code\":200,\"response_body\":\"{\\\"code\\\":1,\\\"msg\\\":\\\"\\\\u67e5\\\\u8be2\\\\u6210\\\\u529f\\\",\\\"status_code\\\":4025,\\\"data\\\":[{\\\"name\\\":\\\"\\\\u5de6\\\\u53f3\\\\u5f20\\\\u671b\\\",\\\"type\\\":\\\"line\\\",\\\"smooth\\\":true,\\\"data\\\":[0,0,0,0,0,0,0,0,0,0,0,0,0,0,0,0,0,\\\"1\\\",0,0,0,0,0,0]}]}\",\"response_errorMessage\":null}","topic":""}
[2018-06-25 16:12:45,849] [3180] RunTime: 0.0000 s
 - INFO 
 - RestClient.doGet(D:\wamp\www\wscloud\backoffice\ThinkPHP\Library\Vendor\ApiGateway\RestClient.php:49)
 - {"message":"rest client","data":"{\"request_host\":\"http:\\\/\\\/localhost:109\\\/Home\",\"request_path\":\"\\\/Admin\\\/getAdminMsgCount\\\/status\\\/10\\\/token\\\/60ed3d6d6e3e0aa69d2add3c820122e5\",\"request_method\":\"GET\",\"request_bodys\":[],\"response_code\":200,\"response_body\":\"{\\\"code\\\":1,\\\"msg\\\":\\\"\\\\u67e5\\\\u8be2\\\\u6210\\\\u529f\\\",\\\"status_code\\\":4025,\\\"data\\\":\\\"0\\\"}\",\"response_errorMessage\":null}","topic":""}
[2018-06-25 16:12:46,484] [3180] RunTime: 0.0000 s
 - INFO 
 - RestClient.doGet(D:\wamp\www\wscloud\backoffice\ThinkPHP\Library\Vendor\ApiGateway\RestClient.php:49)
 - {"message":"rest client","data":"{\"request_host\":\"http:\\\/\\\/localhost:109\\\/Home\",\"request_path\":\"\\\/Device\\\/deviceLists\\\/name\\\/null\\\/serialNo\\\/null\\\/companyId\\\/1447247968\\\/pageSize\\\/10\\\/pageNo\\\/1\\\/token\\\/60ed3d6d6e3e0aa69d2add3c820122e5\",\"request_method\":\"GET\",\"request_bodys\":[],\"response_code\":200,\"response_body\":\"{\\\"code\\\":1,\\\"msg\\\":\\\"\\\\u67e5\\\\u8be2\\\\u6b63\\\\u5e38\\\",\\\"status_code\\\":1000,\\\"data\\\":{\\\"dataList\\\":[{\\\"id\\\":\\\"8606702515\\\",\\\"company_id\\\":\\\"1447247968\\\",\\\"serial_no\\\":\\\"12535\\\",\\\"name\\\":\\\"\\\\u6444\\\\u50cf\\\\u59342\\\",\\\"type\\\":\\\"10\\\",\\\"model\\\":\\\"2018\\\",\\\"status\\\":\\\"10\\\",\\\"create_time\\\":\\\"2018-05-30 16:39:33\\\",\\\"update_time\\\":\\\"1527669573\\\",\\\"create_user\\\":\\\"1518614752\\\",\\\"update_user\\\":\\\"1518614752\\\",\\\"del_flg\\\":\\\"0\\\",\\\"status_str\\\":\\\"\\\\u6b63\\\\u5e38\\\",\\\"type_str\\\":\\\"\\\\u5fae\\\\u89c6\\\\u6444\\\\u50cf\\\\u5934\\\",\\\"active_str\\\":null},{\\\"id\\\":\\\"8647758673\\\",\\\"company_id\\\":\\\"1447247968\\\",\\\"serial_no\\\":\\\"12345\\\",\\\"name\\\":\\\"\\\\u8bbe\\\\u5907\\\\u4e8c\\\",\\\"type\\\":\\\"10\\\",\\\"model\\\":\\\"x2018\\\",\\\"status\\\":\\\"10\\\",\\\"create_time\\\":\\\"2018-05-29 14:52:29\\\",\\\"update_time\\\":\\\"1527576749\\\",\\\"create_user\\\":\\\"2517844598\\\",\\\"update_user\\\":\\\"2517844598\\\",\\\"del_flg\\\":\\\"0\\\",\\\"status_str\\\":\\\"\\\\u6b63\\\\u5e38\\\",\\\"type_str\\\":\\\"\\\\u5fae\\\\u89c6\\\\u6444\\\\u50cf\\\\u5934\\\",\\\"active_str\\\":null},{\\\"id\\\":\\\"7882128443\\\",\\\"company_id\\\":\\\"1447247968\\\",\\\"serial_no\\\":\\\"12456\\\",\\\"name\\\":\\\"\\\\u536b\\\\u89c6\\\\u5c0f\\\\u79d8\\\",\\\"type\\\":\\\"10\\\",\\\"model\\\":\\\"2018\\\",\\\"status\\\":\\\"10\\\",\\\"create_time\\\":\\\"2018-05-28 14:20:43\\\",\\\"update_time\\\":\\\"1527488443\\\",\\\"create_user\\\":\\\"2517844598\\\",\\\"update_user\\\":\\\"2517844598\\\",\\\"del_flg\\\":\\\"0\\\",\\\"status_str\\\":\\\"\\\\u6b63\\\\u5e38\\\",\\\"type_str\\\":\\\"\\\\u5fae\\\\u89c6\\\\u6444\\\\u50cf\\\\u5934\\\",\\\"active_str\\\":null}],\\\"totalRecord\\\":\\\"3\\\"}}\",\"response_errorMessage\":null}","topic":""}
[2018-06-25 16:19:21,321] [3180] RunTime: 0.0000 s
 - INFO 
 - RestClient.doGet(D:\wamp\www\wscloud\backoffice\ThinkPHP\Library\Vendor\ApiGateway\RestClient.php:49)
 - {"message":"rest client","data":"{\"request_host\":\"http:\\\/\\\/localhost:109\\\/Home\",\"request_path\":\"\\\/Company\\\/checkStatus\\\/companyId\\\/1447247968\\\/token\\\/60ed3d6d6e3e0aa69d2add3c820122e5\",\"request_method\":\"GET\",\"request_bodys\":[],\"response_code\":200,\"response_body\":\"{\\\"code\\\":1,\\\"msg\\\":\\\"\\\\u67e5\\\\u8be2\\\\u6b63\\\\u5e38\\\",\\\"status_code\\\":1000,\\\"data\\\":{\\\"id\\\":\\\"1447247968\\\",\\\"name\\\":\\\"\\\\u6d4b\\\\u8bd5\\\\u516c\\\\u53f8\\\",\\\"phone\\\":\\\"13161934946\\\",\\\"email\\\":\\\"123456789@qq.com\\\",\\\"logo\\\":null,\\\"status\\\":\\\"10\\\",\\\"verify_status\\\":\\\"30\\\",\\\"create_time\\\":\\\"1527487964\\\",\\\"update_time\\\":\\\"1527487964\\\",\\\"create_user\\\":\\\"1447247968\\\",\\\"update_user\\\":\\\"1447247968\\\",\\\"del_flg\\\":\\\"0\\\",\\\"verify_status_str\\\":\\\"\\\\u5ba1\\\\u6838\\\\u901a\\\\u8fc7\\\"}}\",\"response_errorMessage\":null}","topic":""}
[2018-06-25 16:19:21,439] [3180] RunTime: 0.1181 s
 - INFO 
 - RestClient.doGet(D:\wamp\www\wscloud\backoffice\ThinkPHP\Library\Vendor\ApiGateway\RestClient.php:49)
 - {"message":"rest client","data":"{\"request_host\":\"http:\\\/\\\/localhost:109\\\/Home\",\"request_path\":\"\\\/DrivingMonitor\\\/statBehavior\\\/companyId\\\/1447247968\\\/startTime\\\/1527322761\\\/endTime\\\/1529914761\\\/token\\\/60ed3d6d6e3e0aa69d2add3c820122e5\",\"request_method\":\"GET\",\"request_bodys\":[],\"response_code\":200,\"response_body\":\"{\\\"code\\\":1,\\\"msg\\\":\\\"\\\\u67e5\\\\u8be2\\\\u6210\\\\u529f\\\",\\\"status_code\\\":4025,\\\"data\\\":[{\\\"count\\\":\\\"5\\\",\\\"code\\\":\\\"14\\\",\\\"code_text\\\":\\\"\\\\u4f4e\\\\u5934\\\"},{\\\"count\\\":\\\"4\\\",\\\"code\\\":\\\"13\\\",\\\"code_text\\\":\\\"\\\\u5de6\\\\u53f3\\\\u5f20\\\\u671b\\\"},{\\\"count\\\":\\\"2\\\",\\\"code\\\":\\\"12\\\",\\\"code_text\\\":\\\"\\\\u6253\\\\u54c8\\\\u6b20\\\"},{\\\"count\\\":\\\"1\\\",\\\"code\\\":\\\"17\\\",\\\"code_text\\\":\\\"\\\\u6b63\\\\u5e38\\\"},{\\\"count\\\":\\\"1\\\",\\\"code\\\":\\\"15\\\",\\\"code_text\\\":\\\"\\\\u95ed\\\\u773c\\\\u775b\\\"},{\\\"count\\\":\\\"1\\\",\\\"code\\\":\\\"11\\\",\\\"code_text\\\":\\\"\\\\u62bd\\\\u70df\\\"}]}\",\"response_errorMessage\":null}","topic":""}
[2018-06-25 16:19:21,521] [3180] RunTime: 0.2007 s
 - INFO 
 - RestClient.doGet(D:\wamp\www\wscloud\backoffice\ThinkPHP\Library\Vendor\ApiGateway\RestClient.php:49)
 - {"message":"rest client","data":"{\"request_host\":\"http:\\\/\\\/localhost:109\\\/Home\",\"request_path\":\"\\\/Admin\\\/getAdminMsgCount\\\/status\\\/10\\\/token\\\/60ed3d6d6e3e0aa69d2add3c820122e5\",\"request_method\":\"GET\",\"request_bodys\":[],\"response_code\":200,\"response_body\":\"{\\\"code\\\":1,\\\"msg\\\":\\\"\\\\u67e5\\\\u8be2\\\\u6210\\\\u529f\\\",\\\"status_code\\\":4025,\\\"data\\\":\\\"0\\\"}\",\"response_errorMessage\":null}","topic":""}
[2018-06-25 16:19:21,987] [3180] RunTime: 0.0000 s
 - INFO 
 - RestClient.doGet(D:\wamp\www\wscloud\backoffice\ThinkPHP\Library\Vendor\ApiGateway\RestClient.php:49)
 - {"message":"rest client","data":"{\"request_host\":\"http:\\\/\\\/localhost:109\\\/Home\",\"request_path\":\"\\\/DrivingMonitor\\\/statByTimeGroup\\\/companyId\\\/1447247968\\\/startTime\\\/1529596800\\\/endTime\\\/1529942400\\\/token\\\/60ed3d6d6e3e0aa69d2add3c820122e5\",\"request_method\":\"GET\",\"request_bodys\":[],\"response_code\":200,\"response_body\":\"{\\\"code\\\":1,\\\"msg\\\":\\\"\\\\u67e5\\\\u8be2\\\\u6210\\\\u529f\\\",\\\"status_code\\\":4025,\\\"data\\\":[{\\\"name\\\":\\\"\\\\u5de6\\\\u53f3\\\\u5f20\\\\u671b\\\",\\\"type\\\":\\\"line\\\",\\\"smooth\\\":true,\\\"data\\\":[0,0,0,0,0,0,0,0,0,0,0,0,0,0,0,0,0,\\\"1\\\",0,0,0,0,0,0]}]}\",\"response_errorMessage\":null}","topic":""}
[2018-06-25 16:19:24,795] [3180] RunTime: 0.0000 s
 - INFO 
 - RestClient.doGet(D:\wamp\www\wscloud\backoffice\ThinkPHP\Library\Vendor\ApiGateway\RestClient.php:49)
 - {"message":"rest client","data":"{\"request_host\":\"http:\\\/\\\/localhost:109\\\/Home\",\"request_path\":\"\\\/Company\\\/lists\\\/pageNo\\\/1\\\/pageSize\\\/10\\\/token\\\/60ed3d6d6e3e0aa69d2add3c820122e5\",\"request_method\":\"GET\",\"request_bodys\":[],\"response_code\":200,\"response_body\":\"{\\\"code\\\":1,\\\"msg\\\":\\\"\\\\u67e5\\\\u8be2\\\\u6b63\\\\u5e38\\\",\\\"status_code\\\":1000,\\\"data\\\":{\\\"dataList\\\":[{\\\"id\\\":\\\"5027398538\\\",\\\"name\\\":\\\"\\\\u674e\\\\u6587\\\\u8d77\\\",\\\"phone\\\":\\\"13373944332\\\",\\\"email\\\":\\\"524256@qq.com\\\",\\\"logo\\\":null,\\\"status\\\":\\\"10\\\",\\\"verify_status\\\":\\\"30\\\",\\\"create_time\\\":\\\"2018-06-04 11:45:08\\\",\\\"update_time\\\":\\\"1528083908\\\",\\\"create_user\\\":\\\"5027398538\\\",\\\"update_user\\\":\\\"5027398538\\\",\\\"del_flg\\\":\\\"0\\\"},{\\\"id\\\":\\\"1447247968\\\",\\\"name\\\":\\\"\\\\u6d4b\\\\u8bd5\\\\u516c\\\\u53f8\\\",\\\"phone\\\":\\\"13161934946\\\",\\\"email\\\":\\\"123456789@qq.com\\\",\\\"logo\\\":null,\\\"status\\\":\\\"10\\\",\\\"verify_status\\\":\\\"30\\\",\\\"create_time\\\":\\\"2018-05-28 14:12:44\\\",\\\"update_time\\\":\\\"1527487964\\\",\\\"create_user\\\":\\\"1447247968\\\",\\\"update_user\\\":\\\"1447247968\\\",\\\"del_flg\\\":\\\"0\\\"}],\\\"totalRecord\\\":\\\"2\\\"}}\",\"response_errorMessage\":null}","topic":""}
[2018-06-25 17:37:43,261] [31552] RunTime: 0.0000 s
 - INFO 
 - RestClient.doGet(D:\wamp\www\wscloud\backoffice\ThinkPHP\Library\Vendor\ApiGateway\RestClient.php:49)
 - {"message":"rest client","data":"{\"request_host\":\"http:\\\/\\\/localhost:133\\\/Home\",\"request_path\":\"\\\/Company\\\/checkStatus\\\/companyId\\\/1447247968\\\/token\\\/60ed3d6d6e3e0aa69d2add3c820122e5\",\"request_method\":\"GET\",\"request_bodys\":[],\"response_code\":200,\"response_body\":\"{\\\"code\\\":0,\\\"msg\\\":\\\"token\\\\u8fc7\\\\u671f\\\",\\\"status_code\\\":2001}\",\"response_errorMessage\":null}","topic":""}
[2018-06-25 17:37:44,295] [31552] RunTime: 1.0338 s
 - INFO 
 - RestClient.doGet(D:\wamp\www\wscloud\backoffice\ThinkPHP\Library\Vendor\ApiGateway\RestClient.php:49)
 - {"message":"rest client","data":"{\"request_host\":\"http:\\\/\\\/localhost:133\\\/Home\",\"request_path\":\"\\\/Login\\\/refreshToken\\\/refreshToken\\\/60ed3d6d6e3e0aa69d2add3c820122e5\\\/token\\\/60ed3d6d6e3e0aa69d2add3c820122e5\\\/type\\\/10\",\"request_method\":\"GET\",\"request_bodys\":[],\"response_code\":200,\"response_body\":\"{\\\"code\\\":1,\\\"msg\\\":\\\"token\\\\u5237\\\\u65b0\\\\u6210\\\\u529f\\\",\\\"status_code\\\":2002,\\\"data\\\":{\\\"token\\\":\\\"2c8749a84718d7bb947ca20bb37bcc76\\\"}}\",\"response_errorMessage\":null}","topic":""}
[2018-06-25 17:37:44,804] [31552] RunTime: 1.5428 s
 - INFO 
 - RestClient.doGet(D:\wamp\www\wscloud\backoffice\ThinkPHP\Library\Vendor\ApiGateway\RestClient.php:49)
 - {"message":"rest client","data":"{\"request_host\":\"http:\\\/\\\/localhost:133\\\/Home\",\"request_path\":\"\\\/Company\\\/checkStatus\\\/companyId\\\/1447247968\\\/token\\\/2c8749a84718d7bb947ca20bb37bcc76\",\"request_method\":\"GET\",\"request_bodys\":[],\"response_code\":200,\"response_body\":\"{\\\"code\\\":1,\\\"msg\\\":\\\"\\\\u67e5\\\\u8be2\\\\u6b63\\\\u5e38\\\",\\\"status_code\\\":1000,\\\"data\\\":{\\\"id\\\":\\\"1447247968\\\",\\\"name\\\":\\\"\\\\u6d4b\\\\u8bd5\\\\u516c\\\\u53f8\\\",\\\"phone\\\":\\\"13161934946\\\",\\\"email\\\":\\\"123456789@qq.com\\\",\\\"logo\\\":null,\\\"status\\\":\\\"10\\\",\\\"verify_status\\\":\\\"30\\\",\\\"create_time\\\":\\\"1527487964\\\",\\\"update_time\\\":\\\"1527487964\\\",\\\"create_user\\\":\\\"1447247968\\\",\\\"update_user\\\":\\\"1447247968\\\",\\\"del_flg\\\":\\\"0\\\",\\\"verify_status_str\\\":\\\"\\\\u5ba1\\\\u6838\\\\u901a\\\\u8fc7\\\"}}\",\"response_errorMessage\":null}","topic":""}
[2018-06-25 17:37:45,371] [31552] RunTime: 2.1103 s
 - INFO 
 - RestClient.doGet(D:\wamp\www\wscloud\backoffice\ThinkPHP\Library\Vendor\ApiGateway\RestClient.php:49)
 - {"message":"rest client","data":"{\"request_host\":\"http:\\\/\\\/localhost:133\\\/Home\",\"request_path\":\"\\\/DrivingMonitor\\\/statBehavior\\\/companyId\\\/1447247968\\\/startTime\\\/1527327464\\\/endTime\\\/1529919464\\\/token\\\/2c8749a84718d7bb947ca20bb37bcc76\",\"request_method\":\"GET\",\"request_bodys\":[],\"response_code\":200,\"response_body\":\"{\\\"code\\\":1,\\\"msg\\\":\\\"\\\\u67e5\\\\u8be2\\\\u6210\\\\u529f\\\",\\\"status_code\\\":4025,\\\"data\\\":[{\\\"count\\\":\\\"5\\\",\\\"code\\\":\\\"14\\\",\\\"code_text\\\":\\\"\\\\u4f4e\\\\u5934\\\"},{\\\"count\\\":\\\"4\\\",\\\"code\\\":\\\"13\\\",\\\"code_text\\\":\\\"\\\\u5de6\\\\u53f3\\\\u5f20\\\\u671b\\\"},{\\\"count\\\":\\\"2\\\",\\\"code\\\":\\\"12\\\",\\\"code_text\\\":\\\"\\\\u6253\\\\u54c8\\\\u6b20\\\"},{\\\"count\\\":\\\"1\\\",\\\"code\\\":\\\"17\\\",\\\"code_text\\\":\\\"\\\\u6b63\\\\u5e38\\\"},{\\\"count\\\":\\\"1\\\",\\\"code\\\":\\\"15\\\",\\\"code_text\\\":\\\"\\\\u95ed\\\\u773c\\\\u775b\\\"},{\\\"count\\\":\\\"1\\\",\\\"code\\\":\\\"11\\\",\\\"code_text\\\":\\\"\\\\u62bd\\\\u70df\\\"}]}\",\"response_errorMessage\":null}","topic":""}
[2018-06-25 17:37:46,162] [31552] RunTime: 2.9013 s
 - INFO 
 - RestClient.doGet(D:\wamp\www\wscloud\backoffice\ThinkPHP\Library\Vendor\ApiGateway\RestClient.php:49)
 - {"message":"rest client","data":"{\"request_host\":\"http:\\\/\\\/localhost:133\\\/Home\",\"request_path\":\"\\\/Admin\\\/getAdminMsgCount\\\/status\\\/10\\\/token\\\/2c8749a84718d7bb947ca20bb37bcc76\",\"request_method\":\"GET\",\"request_bodys\":[],\"response_code\":200,\"response_body\":\"{\\\"code\\\":1,\\\"msg\\\":\\\"\\\\u67e5\\\\u8be2\\\\u6210\\\\u529f\\\",\\\"status_code\\\":4025,\\\"data\\\":\\\"0\\\"}\",\"response_errorMessage\":null}","topic":""}
[2018-06-25 17:37:47,072] [31552] RunTime: 0.0000 s
 - INFO 
 - RestClient.doGet(D:\wamp\www\wscloud\backoffice\ThinkPHP\Library\Vendor\ApiGateway\RestClient.php:49)
 - {"message":"rest client","data":"{\"request_host\":\"http:\\\/\\\/localhost:133\\\/Home\",\"request_path\":\"\\\/DrivingMonitor\\\/statByTimeGroup\\\/companyId\\\/1447247968\\\/startTime\\\/1529596800\\\/endTime\\\/1529942400\\\/token\\\/2c8749a84718d7bb947ca20bb37bcc76\",\"request_method\":\"GET\",\"request_bodys\":[],\"response_code\":200,\"response_body\":\"{\\\"code\\\":1,\\\"msg\\\":\\\"\\\\u67e5\\\\u8be2\\\\u6210\\\\u529f\\\",\\\"status_code\\\":4025,\\\"data\\\":[{\\\"name\\\":\\\"\\\\u5de6\\\\u53f3\\\\u5f20\\\\u671b\\\",\\\"type\\\":\\\"line\\\",\\\"smooth\\\":true,\\\"data\\\":[0,0,0,0,0,0,0,0,0,0,0,0,0,0,0,0,0,\\\"1\\\",0,0,0,0,0,0]}]}\",\"response_errorMessage\":null}","topic":""}
[2018-06-25 17:37:48,942] [31552] RunTime: 0.0000 s
 - INFO 
 - RestClient.doGet(D:\wamp\www\wscloud\backoffice\ThinkPHP\Library\Vendor\ApiGateway\RestClient.php:49)
 - {"message":"rest client","data":"{\"request_host\":\"http:\\\/\\\/localhost:133\\\/Home\",\"request_path\":\"\\\/Company\\\/checkStatus\\\/companyId\\\/1447247968\\\/token\\\/2c8749a84718d7bb947ca20bb37bcc76\",\"request_method\":\"GET\",\"request_bodys\":[],\"response_code\":200,\"response_body\":\"{\\\"code\\\":1,\\\"msg\\\":\\\"\\\\u67e5\\\\u8be2\\\\u6b63\\\\u5e38\\\",\\\"status_code\\\":1000,\\\"data\\\":{\\\"id\\\":\\\"1447247968\\\",\\\"name\\\":\\\"\\\\u6d4b\\\\u8bd5\\\\u516c\\\\u53f8\\\",\\\"phone\\\":\\\"13161934946\\\",\\\"email\\\":\\\"123456789@qq.com\\\",\\\"logo\\\":null,\\\"status\\\":\\\"10\\\",\\\"verify_status\\\":\\\"30\\\",\\\"create_time\\\":\\\"1527487964\\\",\\\"update_time\\\":\\\"1527487964\\\",\\\"create_user\\\":\\\"1447247968\\\",\\\"update_user\\\":\\\"1447247968\\\",\\\"del_flg\\\":\\\"0\\\",\\\"verify_status_str\\\":\\\"\\\\u5ba1\\\\u6838\\\\u901a\\\\u8fc7\\\"}}\",\"response_errorMessage\":null}","topic":""}
[2018-06-25 17:37:49,008] [31552] RunTime: 0.0655 s
 - INFO 
 - RestClient.doGet(D:\wamp\www\wscloud\backoffice\ThinkPHP\Library\Vendor\ApiGateway\RestClient.php:49)
 - {"message":"rest client","data":"{\"request_host\":\"http:\\\/\\\/localhost:133\\\/Home\",\"request_path\":\"\\\/DrivingMonitor\\\/statBehavior\\\/companyId\\\/1447247968\\\/startTime\\\/1527327468\\\/endTime\\\/1529919468\\\/token\\\/2c8749a84718d7bb947ca20bb37bcc76\",\"request_method\":\"GET\",\"request_bodys\":[],\"response_code\":200,\"response_body\":\"{\\\"code\\\":1,\\\"msg\\\":\\\"\\\\u67e5\\\\u8be2\\\\u6210\\\\u529f\\\",\\\"status_code\\\":4025,\\\"data\\\":[{\\\"count\\\":\\\"5\\\",\\\"code\\\":\\\"14\\\",\\\"code_text\\\":\\\"\\\\u4f4e\\\\u5934\\\"},{\\\"count\\\":\\\"4\\\",\\\"code\\\":\\\"13\\\",\\\"code_text\\\":\\\"\\\\u5de6\\\\u53f3\\\\u5f20\\\\u671b\\\"},{\\\"count\\\":\\\"2\\\",\\\"code\\\":\\\"12\\\",\\\"code_text\\\":\\\"\\\\u6253\\\\u54c8\\\\u6b20\\\"},{\\\"count\\\":\\\"1\\\",\\\"code\\\":\\\"17\\\",\\\"code_text\\\":\\\"\\\\u6b63\\\\u5e38\\\"},{\\\"count\\\":\\\"1\\\",\\\"code\\\":\\\"15\\\",\\\"code_text\\\":\\\"\\\\u95ed\\\\u773c\\\\u775b\\\"},{\\\"count\\\":\\\"1\\\",\\\"code\\\":\\\"11\\\",\\\"code_text\\\":\\\"\\\\u62bd\\\\u70df\\\"}]}\",\"response_errorMessage\":null}","topic":""}
[2018-06-25 17:37:49,090] [31552] RunTime: 0.1479 s
 - INFO 
 - RestClient.doGet(D:\wamp\www\wscloud\backoffice\ThinkPHP\Library\Vendor\ApiGateway\RestClient.php:49)
 - {"message":"rest client","data":"{\"request_host\":\"http:\\\/\\\/localhost:133\\\/Home\",\"request_path\":\"\\\/Admin\\\/getAdminMsgCount\\\/status\\\/10\\\/token\\\/2c8749a84718d7bb947ca20bb37bcc76\",\"request_method\":\"GET\",\"request_bodys\":[],\"response_code\":200,\"response_body\":\"{\\\"code\\\":1,\\\"msg\\\":\\\"\\\\u67e5\\\\u8be2\\\\u6210\\\\u529f\\\",\\\"status_code\\\":4025,\\\"data\\\":\\\"0\\\"}\",\"response_errorMessage\":null}","topic":""}
[2018-06-25 17:37:49,545] [31552] RunTime: 0.0000 s
 - INFO 
 - RestClient.doGet(D:\wamp\www\wscloud\backoffice\ThinkPHP\Library\Vendor\ApiGateway\RestClient.php:49)
 - {"message":"rest client","data":"{\"request_host\":\"http:\\\/\\\/localhost:133\\\/Home\",\"request_path\":\"\\\/DrivingMonitor\\\/statByTimeGroup\\\/companyId\\\/1447247968\\\/startTime\\\/1529596800\\\/endTime\\\/1529942400\\\/token\\\/2c8749a84718d7bb947ca20bb37bcc76\",\"request_method\":\"GET\",\"request_bodys\":[],\"response_code\":200,\"response_body\":\"{\\\"code\\\":1,\\\"msg\\\":\\\"\\\\u67e5\\\\u8be2\\\\u6210\\\\u529f\\\",\\\"status_code\\\":4025,\\\"data\\\":[{\\\"name\\\":\\\"\\\\u5de6\\\\u53f3\\\\u5f20\\\\u671b\\\",\\\"type\\\":\\\"line\\\",\\\"smooth\\\":true,\\\"data\\\":[0,0,0,0,0,0,0,0,0,0,0,0,0,0,0,0,0,\\\"1\\\",0,0,0,0,0,0]}]}\",\"response_errorMessage\":null}","topic":""}
[2018-06-25 17:37:52,016] [31552] RunTime: 0.0000 s
 - INFO 
 - RestClient.doGet(D:\wamp\www\wscloud\backoffice\ThinkPHP\Library\Vendor\ApiGateway\RestClient.php:49)
 - {"message":"rest client","data":"{\"request_host\":\"http:\\\/\\\/localhost:133\\\/Home\",\"request_path\":\"\\\/Company\\\/checkStatus\\\/companyId\\\/1447247968\\\/token\\\/2c8749a84718d7bb947ca20bb37bcc76\",\"request_method\":\"GET\",\"request_bodys\":[],\"response_code\":200,\"response_body\":\"{\\\"code\\\":1,\\\"msg\\\":\\\"\\\\u67e5\\\\u8be2\\\\u6b63\\\\u5e38\\\",\\\"status_code\\\":1000,\\\"data\\\":{\\\"id\\\":\\\"1447247968\\\",\\\"name\\\":\\\"\\\\u6d4b\\\\u8bd5\\\\u516c\\\\u53f8\\\",\\\"phone\\\":\\\"13161934946\\\",\\\"email\\\":\\\"123456789@qq.com\\\",\\\"logo\\\":null,\\\"status\\\":\\\"10\\\",\\\"verify_status\\\":\\\"30\\\",\\\"create_time\\\":\\\"1527487964\\\",\\\"update_time\\\":\\\"1527487964\\\",\\\"create_user\\\":\\\"1447247968\\\",\\\"update_user\\\":\\\"1447247968\\\",\\\"del_flg\\\":\\\"0\\\",\\\"verify_status_str\\\":\\\"\\\\u5ba1\\\\u6838\\\\u901a\\\\u8fc7\\\"}}\",\"response_errorMessage\":null}","topic":""}
[2018-06-25 17:37:52,253] [31552] RunTime: 0.2369 s
 - INFO 
 - RestClient.doGet(D:\wamp\www\wscloud\backoffice\ThinkPHP\Library\Vendor\ApiGateway\RestClient.php:49)
 - {"message":"rest client","data":"{\"request_host\":\"http:\\\/\\\/localhost:133\\\/Home\",\"request_path\":\"\\\/DrivingMonitor\\\/statBehavior\\\/companyId\\\/1447247968\\\/startTime\\\/1527327472\\\/endTime\\\/1529919472\\\/token\\\/2c8749a84718d7bb947ca20bb37bcc76\",\"request_method\":\"GET\",\"request_bodys\":[],\"response_code\":200,\"response_body\":\"{\\\"code\\\":1,\\\"msg\\\":\\\"\\\\u67e5\\\\u8be2\\\\u6210\\\\u529f\\\",\\\"status_code\\\":4025,\\\"data\\\":[{\\\"count\\\":\\\"5\\\",\\\"code\\\":\\\"14\\\",\\\"code_text\\\":\\\"\\\\u4f4e\\\\u5934\\\"},{\\\"count\\\":\\\"4\\\",\\\"code\\\":\\\"13\\\",\\\"code_text\\\":\\\"\\\\u5de6\\\\u53f3\\\\u5f20\\\\u671b\\\"},{\\\"count\\\":\\\"2\\\",\\\"code\\\":\\\"12\\\",\\\"code_text\\\":\\\"\\\\u6253\\\\u54c8\\\\u6b20\\\"},{\\\"count\\\":\\\"1\\\",\\\"code\\\":\\\"17\\\",\\\"code_text\\\":\\\"\\\\u6b63\\\\u5e38\\\"},{\\\"count\\\":\\\"1\\\",\\\"code\\\":\\\"15\\\",\\\"code_text\\\":\\\"\\\\u95ed\\\\u773c\\\\u775b\\\"},{\\\"count\\\":\\\"1\\\",\\\"code\\\":\\\"11\\\",\\\"code_text\\\":\\\"\\\\u62bd\\\\u70df\\\"}]}\",\"response_errorMessage\":null}","topic":""}
[2018-06-25 17:37:52,448] [31552] RunTime: 0.4313 s
 - INFO 
 - RestClient.doGet(D:\wamp\www\wscloud\backoffice\ThinkPHP\Library\Vendor\ApiGateway\RestClient.php:49)
 - {"message":"rest client","data":"{\"request_host\":\"http:\\\/\\\/localhost:133\\\/Home\",\"request_path\":\"\\\/Admin\\\/getAdminMsgCount\\\/status\\\/10\\\/token\\\/2c8749a84718d7bb947ca20bb37bcc76\",\"request_method\":\"GET\",\"request_bodys\":[],\"response_code\":200,\"response_body\":\"{\\\"code\\\":1,\\\"msg\\\":\\\"\\\\u67e5\\\\u8be2\\\\u6210\\\\u529f\\\",\\\"status_code\\\":4025,\\\"data\\\":\\\"0\\\"}\",\"response_errorMessage\":null}","topic":""}
[2018-06-25 17:37:53,364] [31552] RunTime: 0.0000 s
 - INFO 
 - RestClient.doGet(D:\wamp\www\wscloud\backoffice\ThinkPHP\Library\Vendor\ApiGateway\RestClient.php:49)
 - {"message":"rest client","data":"{\"request_host\":\"http:\\\/\\\/localhost:133\\\/Home\",\"request_path\":\"\\\/DrivingMonitor\\\/statByTimeGroup\\\/companyId\\\/1447247968\\\/startTime\\\/1529596800\\\/endTime\\\/1529942400\\\/token\\\/2c8749a84718d7bb947ca20bb37bcc76\",\"request_method\":\"GET\",\"request_bodys\":[],\"response_code\":200,\"response_body\":\"{\\\"code\\\":1,\\\"msg\\\":\\\"\\\\u67e5\\\\u8be2\\\\u6210\\\\u529f\\\",\\\"status_code\\\":4025,\\\"data\\\":[{\\\"name\\\":\\\"\\\\u5de6\\\\u53f3\\\\u5f20\\\\u671b\\\",\\\"type\\\":\\\"line\\\",\\\"smooth\\\":true,\\\"data\\\":[0,0,0,0,0,0,0,0,0,0,0,0,0,0,0,0,0,\\\"1\\\",0,0,0,0,0,0]}]}\",\"response_errorMessage\":null}","topic":""}
[2018-06-25 17:37:55,894] [31552] RunTime: 0.0000 s
 - INFO 
 - RestClient.doGet(D:\wamp\www\wscloud\backoffice\ThinkPHP\Library\Vendor\ApiGateway\RestClient.php:49)
 - {"message":"rest client","data":"{\"request_host\":\"http:\\\/\\\/localhost:133\\\/Home\",\"request_path\":\"\\\/Login\\\/logOut\\\/type\\\/10\\\/token\\\/null\",\"request_method\":\"GET\",\"request_bodys\":[],\"response_code\":200,\"response_body\":\"{\\\"code\\\":0,\\\"msg\\\":\\\"token\\\\u8fc7\\\\u671f\\\",\\\"status_code\\\":2001}\",\"response_errorMessage\":null}","topic":""}
[2018-06-25 17:37:55,999] [31552] RunTime: 0.0000 s
 - INFO 
 - RestClient.doGet(D:\wamp\www\wscloud\backoffice\ThinkPHP\Library\Vendor\ApiGateway\RestClient.php:49)
 - {"message":"rest client","data":"{\"request_host\":\"http:\\\/\\\/localhost:133\\\/Home\",\"request_path\":\"\\\/Admin\\\/getAdminMsgCount\\\/status\\\/10\\\/token\\\/null\",\"request_method\":\"GET\",\"request_bodys\":[],\"response_code\":200,\"response_body\":\"{\\\"code\\\":0,\\\"msg\\\":\\\"token\\\\u8fc7\\\\u671f\\\",\\\"status_code\\\":2001}\",\"response_errorMessage\":null}","topic":""}
[2018-06-25 17:38:25,373] [31552] RunTime: 0.0000 s
 - INFO 
 - RestClient.doGet(D:\wamp\www\wscloud\backoffice\ThinkPHP\Library\Vendor\ApiGateway\RestClient.php:49)
 - {"message":"rest client","data":"{\"request_host\":\"http:\\\/\\\/localhost:133\\\/Home\",\"request_path\":\"\\\/System\\\/getSystemSetting\\\/companyId\\\/\\\/type\\\/20\\\/token\\\/null\",\"request_method\":\"GET\",\"request_bodys\":[],\"response_code\":200,\"response_body\":\"{\\\"code\\\":0,\\\"msg\\\":\\\"token\\\\u8fc7\\\\u671f\\\",\\\"status_code\\\":2001}\",\"response_errorMessage\":null}","topic":""}
[2018-06-25 17:38:25,474] [31552] RunTime: 0.1008 s
 - INFO 
 - RestClient.doGet(D:\wamp\www\wscloud\backoffice\ThinkPHP\Library\Vendor\ApiGateway\RestClient.php:49)
 - {"message":"rest client","data":"{\"request_host\":\"http:\\\/\\\/localhost:133\\\/Home\",\"request_path\":\"\\\/Admin\\\/getAdminMsgCount\\\/status\\\/10\\\/token\\\/null\",\"request_method\":\"GET\",\"request_bodys\":[],\"response_code\":200,\"response_body\":\"{\\\"code\\\":0,\\\"msg\\\":\\\"token\\\\u8fc7\\\\u671f\\\",\\\"status_code\\\":2001}\",\"response_errorMessage\":null}","topic":""}
[2018-06-25 17:40:17,980] [31552] RunTime: 0.0000 s
 - INFO 
 - RestClient.doGet(D:\wamp\www\wscloud\backoffice\ThinkPHP\Library\Vendor\ApiGateway\RestClient.php:49)
 - {"message":"rest client","data":"{\"request_host\":\"http:\\\/\\\/localhost:133\\\/Home\",\"request_path\":\"\\\/login\\\/login\\\/account\\\/subin\\\/password\\\/12456\\\/type\\\/30\\\/token\\\/null\",\"request_method\":\"GET\",\"request_bodys\":[],\"response_code\":200,\"response_body\":\"{\\\"code\\\":0,\\\"msg\\\":\\\"\\\\u7528\\\\u6237\\\\u540d\\\\u6216\\\\u5bc6\\\\u7801\\\\u9519\\\\u8bef\\\",\\\"status_code\\\":3001}\",\"response_errorMessage\":null}","topic":""}
[2018-06-25 17:40:21,898] [31552] RunTime: 0.0000 s
 - INFO 
 - RestClient.doGet(D:\wamp\www\wscloud\backoffice\ThinkPHP\Library\Vendor\ApiGateway\RestClient.php:49)
 - {"message":"rest client","data":"{\"request_host\":\"http:\\\/\\\/localhost:133\\\/Home\",\"request_path\":\"\\\/login\\\/login\\\/account\\\/subin\\\/password\\\/123456\\\/type\\\/30\\\/token\\\/null\",\"request_method\":\"GET\",\"request_bodys\":[],\"response_code\":200,\"response_body\":\"{\\\"code\\\":1,\\\"msg\\\":\\\"\\\\u767b\\\\u5f55\\\\u6210\\\\u529f\\\",\\\"status_code\\\":3000,\\\"data\\\":{\\\"name\\\":\\\"\\\\u82cf\\\\u5f6c\\\",\\\"account\\\":\\\"subin\\\",\\\"phone\\\":\\\"13161934946\\\",\\\"email\\\":\\\"13161934946@qq.com\\\",\\\"password\\\":\\\"e10adc3949ba59abbe56e057f20f883e\\\",\\\"right\\\":\\\"1,100,110,120,200,210,220,300,310,320,400,410,420,430,500,510,520,600,610,620,2,1000,1010\\\",\\\"status\\\":\\\"10\\\",\\\"create_time\\\":\\\"\\\",\\\"create_user\\\":\\\"0\\\",\\\"update_time\\\":\\\"\\\",\\\"update_user\\\":\\\"0\\\",\\\"del_flg\\\":\\\"0\\\",\\\"token\\\":\\\"312cbac04ab38668ff1559fbe78ffbe7\\\",\\\"refresh_token\\\":\\\"312cbac04ab38668ff1559fbe78ffbe7\\\"}}\",\"response_errorMessage\":null}","topic":""}
[2018-06-25 17:40:49,240] [31552] RunTime: 0.0000 s
 - INFO 
 - RestClient.doGet(D:\wamp\www\wscloud\backoffice\ThinkPHP\Library\Vendor\ApiGateway\RestClient.php:49)
 - {"message":"rest client","data":"{\"request_host\":\"http:\\\/\\\/localhost:133\\\/Home\",\"request_path\":\"\\\/System\\\/getSystemSetting\\\/companyId\\\/\\\/type\\\/20\\\/token\\\/312cbac04ab38668ff1559fbe78ffbe7\",\"request_method\":\"GET\",\"request_bodys\":[],\"response_code\":200,\"response_body\":\"{\\\"code\\\":0,\\\"msg\\\":\\\"token\\\\u8fc7\\\\u671f\\\",\\\"status_code\\\":2001}\",\"response_errorMessage\":null}","topic":""}
[2018-06-25 17:40:49,298] [31552] RunTime: 0.0578 s
 - INFO 
 - RestClient.doGet(D:\wamp\www\wscloud\backoffice\ThinkPHP\Library\Vendor\ApiGateway\RestClient.php:49)
 - {"message":"rest client","data":"{\"request_host\":\"http:\\\/\\\/localhost:133\\\/Home\",\"request_path\":\"\\\/Login\\\/refreshToken\\\/refreshToken\\\/312cbac04ab38668ff1559fbe78ffbe7\\\/token\\\/312cbac04ab38668ff1559fbe78ffbe7\\\/type\\\/10\",\"request_method\":\"GET\",\"request_bodys\":[],\"response_code\":200,\"response_body\":\"{\\\"code\\\":0,\\\"msg\\\":\\\"token\\\\u5237\\\\u65b0\\\\u5931\\\\u8d25\\\",\\\"status_code\\\":2003}\",\"response_errorMessage\":null}","topic":""}
[2018-06-25 17:40:49,356] [31552] RunTime: 0.1153 s
 - INFO 
 - RestClient.doGet(D:\wamp\www\wscloud\backoffice\ThinkPHP\Library\Vendor\ApiGateway\RestClient.php:49)
 - {"message":"rest client","data":"{\"request_host\":\"http:\\\/\\\/localhost:133\\\/Home\",\"request_path\":\"\\\/Login\\\/refreshToken\\\/refreshToken\\\/312cbac04ab38668ff1559fbe78ffbe7\\\/token\\\/312cbac04ab38668ff1559fbe78ffbe7\\\/type\\\/10\",\"request_method\":\"GET\",\"request_bodys\":[],\"response_code\":200,\"response_body\":\"{\\\"code\\\":0,\\\"msg\\\":\\\"token\\\\u5237\\\\u65b0\\\\u5931\\\\u8d25\\\",\\\"status_code\\\":2003}\",\"response_errorMessage\":null}","topic":""}
[2018-06-25 17:40:49,441] [31552] RunTime: 0.2008 s
 - INFO 
 - RestClient.doGet(D:\wamp\www\wscloud\backoffice\ThinkPHP\Library\Vendor\ApiGateway\RestClient.php:49)
 - {"message":"rest client","data":"{\"request_host\":\"http:\\\/\\\/localhost:133\\\/Home\",\"request_path\":\"\\\/Admin\\\/getAdminMsgCount\\\/status\\\/10\\\/token\\\/312cbac04ab38668ff1559fbe78ffbe7\",\"request_method\":\"GET\",\"request_bodys\":[],\"response_code\":200,\"response_body\":\"{\\\"code\\\":1,\\\"msg\\\":\\\"\\\\u67e5\\\\u8be2\\\\u6210\\\\u529f\\\",\\\"status_code\\\":4025,\\\"data\\\":\\\"0\\\"}\",\"response_errorMessage\":null}","topic":""}
[2018-06-25 17:43:54,951] [31552] RunTime: 0.0000 s
 - INFO 
 - RestClient.doGet(D:\wamp\www\wscloud\backoffice\ThinkPHP\Library\Vendor\ApiGateway\RestClient.php:49)
 - {"message":"rest client","data":"{\"request_host\":\"http:\\\/\\\/localhost:133\\\/Home\",\"request_path\":\"\\\/login\\\/login\\\/account\\\/subin\\\/password\\\/12456\\\/type\\\/30\\\/token\\\/null\",\"request_method\":\"GET\",\"request_bodys\":[],\"response_code\":200,\"response_body\":\"{\\\"code\\\":0,\\\"msg\\\":\\\"\\\\u7528\\\\u6237\\\\u540d\\\\u6216\\\\u5bc6\\\\u7801\\\\u9519\\\\u8bef\\\",\\\"status_code\\\":3001}\",\"response_errorMessage\":null}","topic":""}
[2018-06-25 17:43:59,162] [31552] RunTime: 0.0000 s
 - INFO 
 - RestClient.doGet(D:\wamp\www\wscloud\backoffice\ThinkPHP\Library\Vendor\ApiGateway\RestClient.php:49)
 - {"message":"rest client","data":"{\"request_host\":\"http:\\\/\\\/localhost:133\\\/Home\",\"request_path\":\"\\\/login\\\/login\\\/account\\\/subin\\\/password\\\/123456\\\/type\\\/30\\\/token\\\/null\",\"request_method\":\"GET\",\"request_bodys\":[],\"response_code\":200,\"response_body\":\"{\\\"code\\\":1,\\\"msg\\\":\\\"\\\\u767b\\\\u5f55\\\\u6210\\\\u529f\\\",\\\"status_code\\\":3000,\\\"data\\\":{\\\"name\\\":\\\"\\\\u82cf\\\\u5f6c\\\",\\\"account\\\":\\\"subin\\\",\\\"phone\\\":\\\"13161934946\\\",\\\"email\\\":\\\"13161934946@qq.com\\\",\\\"password\\\":\\\"e10adc3949ba59abbe56e057f20f883e\\\",\\\"right\\\":\\\"1,100,110,120,200,210,220,300,310,320,400,410,420,430,500,510,520,600,610,620,2,1000,1010\\\",\\\"status\\\":\\\"10\\\",\\\"create_time\\\":\\\"\\\",\\\"create_user\\\":\\\"0\\\",\\\"update_time\\\":\\\"\\\",\\\"update_user\\\":\\\"0\\\",\\\"del_flg\\\":\\\"0\\\",\\\"token\\\":\\\"c2b80e520f2ff8247c7b0859ad40aa73\\\",\\\"refresh_token\\\":\\\"c2b80e520f2ff8247c7b0859ad40aa73\\\"}}\",\"response_errorMessage\":null}","topic":""}
[2018-06-25 18:15:07,663] [31552] RunTime: 0.0000 s
 - INFO 
 - RestClient.doGet(D:\wamp\www\wscloud\backoffice\ThinkPHP\Library\Vendor\ApiGateway\RestClient.php:49)
 - {"message":"rest client","data":"{\"request_host\":\"http:\\\/\\\/localhost:133\\\/Home\",\"request_path\":\"\\\/Company\\\/lists\\\/name\\\/null\\\/pageSize\\\/10\\\/pageNo\\\/1\\\/company_id\\\/\\\/adminId\\\/\\\/exchangePointId\\\/0\\\/token\\\/c2b80e520f2ff8247c7b0859ad40aa73\",\"request_method\":\"GET\",\"request_bodys\":[],\"response_code\":200,\"response_body\":\"{\\\"code\\\":1,\\\"msg\\\":\\\"\\\\u67e5\\\\u8be2\\\\u6b63\\\\u5e38\\\",\\\"status_code\\\":1000,\\\"data\\\":{\\\"dataList\\\":[{\\\"id\\\":\\\"5027398538\\\",\\\"name\\\":\\\"\\\\u674e\\\\u6587\\\\u8d77\\\",\\\"phone\\\":\\\"13373944332\\\",\\\"email\\\":\\\"524256@qq.com\\\",\\\"logo\\\":null,\\\"status\\\":\\\"10\\\",\\\"verify_status\\\":\\\"30\\\",\\\"create_time\\\":\\\"2018-06-04 11:45:08\\\",\\\"update_time\\\":\\\"1528083908\\\",\\\"create_user\\\":\\\"5027398538\\\",\\\"update_user\\\":\\\"5027398538\\\",\\\"del_flg\\\":\\\"0\\\"},{\\\"id\\\":\\\"1447247968\\\",\\\"name\\\":\\\"\\\\u6d4b\\\\u8bd5\\\\u516c\\\\u53f8\\\",\\\"phone\\\":\\\"13161934946\\\",\\\"email\\\":\\\"123456789@qq.com\\\",\\\"logo\\\":null,\\\"status\\\":\\\"10\\\",\\\"verify_status\\\":\\\"30\\\",\\\"create_time\\\":\\\"2018-05-28 14:12:44\\\",\\\"update_time\\\":\\\"1527487964\\\",\\\"create_user\\\":\\\"1447247968\\\",\\\"update_user\\\":\\\"1447247968\\\",\\\"del_flg\\\":\\\"0\\\"}],\\\"totalRecord\\\":\\\"2\\\"}}\",\"response_errorMessage\":null}","topic":""}
[2018-06-25 18:20:10,161] [31552] RunTime: 0.0000 s
 - INFO 
 - RestClient.doGet(D:\wamp\www\wscloud\backoffice\ThinkPHP\Library\Vendor\ApiGateway\RestClient.php:49)
 - {"message":"rest client","data":"{\"request_host\":\"http:\\\/\\\/localhost:133\\\/Home\",\"request_path\":\"\\\/Company\\\/lists\\\/name\\\/null\\\/pageSize\\\/10\\\/pageNo\\\/1\\\/company_id\\\/\\\/adminId\\\/\\\/exchangePointId\\\/0\\\/token\\\/c2b80e520f2ff8247c7b0859ad40aa73\",\"request_method\":\"GET\",\"request_bodys\":[],\"response_code\":200,\"response_body\":\"{\\\"code\\\":1,\\\"msg\\\":\\\"\\\\u67e5\\\\u8be2\\\\u6b63\\\\u5e38\\\",\\\"status_code\\\":1000,\\\"data\\\":{\\\"dataList\\\":[{\\\"id\\\":\\\"5027398538\\\",\\\"name\\\":\\\"\\\\u674e\\\\u6587\\\\u8d77\\\",\\\"phone\\\":\\\"13373944332\\\",\\\"email\\\":\\\"524256@qq.com\\\",\\\"logo\\\":null,\\\"status\\\":\\\"10\\\",\\\"verify_status\\\":\\\"30\\\",\\\"create_time\\\":\\\"2018-06-04 11:45:08\\\",\\\"update_time\\\":\\\"1528083908\\\",\\\"create_user\\\":\\\"5027398538\\\",\\\"update_user\\\":\\\"5027398538\\\",\\\"del_flg\\\":\\\"0\\\"},{\\\"id\\\":\\\"1447247968\\\",\\\"name\\\":\\\"\\\\u6d4b\\\\u8bd5\\\\u516c\\\\u53f8\\\",\\\"phone\\\":\\\"13161934946\\\",\\\"email\\\":\\\"123456789@qq.com\\\",\\\"logo\\\":null,\\\"status\\\":\\\"10\\\",\\\"verify_status\\\":\\\"30\\\",\\\"create_time\\\":\\\"2018-05-28 14:12:44\\\",\\\"update_time\\\":\\\"1527487964\\\",\\\"create_user\\\":\\\"1447247968\\\",\\\"update_user\\\":\\\"1447247968\\\",\\\"del_flg\\\":\\\"0\\\"}],\\\"totalRecord\\\":\\\"2\\\"}}\",\"response_errorMessage\":null}","topic":""}
[2018-06-25 18:20:12,214] [31552] RunTime: 0.0000 s
 - INFO 
 - RestClient.doGet(D:\wamp\www\wscloud\backoffice\ThinkPHP\Library\Vendor\ApiGateway\RestClient.php:49)
 - {"message":"rest client","data":"{\"request_host\":\"http:\\\/\\\/localhost:133\\\/Home\",\"request_path\":\"\\\/Company\\\/lists\\\/name\\\/null\\\/pageSize\\\/10\\\/pageNo\\\/1\\\/company_id\\\/\\\/adminId\\\/\\\/exchangePointId\\\/0\\\/token\\\/c2b80e520f2ff8247c7b0859ad40aa73\",\"request_method\":\"GET\",\"request_bodys\":[],\"response_code\":200,\"response_body\":\"{\\\"code\\\":1,\\\"msg\\\":\\\"\\\\u67e5\\\\u8be2\\\\u6b63\\\\u5e38\\\",\\\"status_code\\\":1000,\\\"data\\\":{\\\"dataList\\\":[{\\\"id\\\":\\\"5027398538\\\",\\\"name\\\":\\\"\\\\u674e\\\\u6587\\\\u8d77\\\",\\\"phone\\\":\\\"13373944332\\\",\\\"email\\\":\\\"524256@qq.com\\\",\\\"logo\\\":null,\\\"status\\\":\\\"10\\\",\\\"verify_status\\\":\\\"30\\\",\\\"create_time\\\":\\\"2018-06-04 11:45:08\\\",\\\"update_time\\\":\\\"1528083908\\\",\\\"create_user\\\":\\\"5027398538\\\",\\\"update_user\\\":\\\"5027398538\\\",\\\"del_flg\\\":\\\"0\\\"},{\\\"id\\\":\\\"1447247968\\\",\\\"name\\\":\\\"\\\\u6d4b\\\\u8bd5\\\\u516c\\\\u53f8\\\",\\\"phone\\\":\\\"13161934946\\\",\\\"email\\\":\\\"123456789@qq.com\\\",\\\"logo\\\":null,\\\"status\\\":\\\"10\\\",\\\"verify_status\\\":\\\"30\\\",\\\"create_time\\\":\\\"2018-05-28 14:12:44\\\",\\\"update_time\\\":\\\"1527487964\\\",\\\"create_user\\\":\\\"1447247968\\\",\\\"update_user\\\":\\\"1447247968\\\",\\\"del_flg\\\":\\\"0\\\"}],\\\"totalRecord\\\":\\\"2\\\"}}\",\"response_errorMessage\":null}","topic":""}
[2018-06-25 18:26:29,038] [31552] RunTime: 0.0000 s
 - INFO 
 - RestClient.doGet(D:\wamp\www\wscloud\backoffice\ThinkPHP\Library\Vendor\ApiGateway\RestClient.php:49)
 - {"message":"rest client","data":"{\"request_host\":\"http:\\\/\\\/localhost:133\\\/Home\",\"request_path\":\"\\\/Company\\\/lists\\\/name\\\/null\\\/pageSize\\\/10\\\/pageNo\\\/1\\\/company_id\\\/\\\/adminId\\\/\\\/exchangePointId\\\/0\\\/token\\\/c2b80e520f2ff8247c7b0859ad40aa73\",\"request_method\":\"GET\",\"request_bodys\":[],\"response_code\":200,\"response_body\":\"{\\\"code\\\":1,\\\"msg\\\":\\\"\\\\u67e5\\\\u8be2\\\\u6b63\\\\u5e38\\\",\\\"status_code\\\":1000,\\\"data\\\":{\\\"dataList\\\":[{\\\"id\\\":\\\"5027398538\\\",\\\"name\\\":\\\"\\\\u674e\\\\u6587\\\\u8d77\\\",\\\"phone\\\":\\\"13373944332\\\",\\\"email\\\":\\\"524256@qq.com\\\",\\\"logo\\\":null,\\\"status\\\":\\\"10\\\",\\\"verify_status\\\":\\\"30\\\",\\\"create_time\\\":\\\"2018-06-04 11:45:08\\\",\\\"update_time\\\":\\\"1528083908\\\",\\\"create_user\\\":\\\"5027398538\\\",\\\"update_user\\\":\\\"5027398538\\\",\\\"del_flg\\\":\\\"0\\\"},{\\\"id\\\":\\\"1447247968\\\",\\\"name\\\":\\\"\\\\u6d4b\\\\u8bd5\\\\u516c\\\\u53f8\\\",\\\"phone\\\":\\\"13161934946\\\",\\\"email\\\":\\\"123456789@qq.com\\\",\\\"logo\\\":null,\\\"status\\\":\\\"10\\\",\\\"verify_status\\\":\\\"30\\\",\\\"create_time\\\":\\\"2018-05-28 14:12:44\\\",\\\"update_time\\\":\\\"1527487964\\\",\\\"create_user\\\":\\\"1447247968\\\",\\\"update_user\\\":\\\"1447247968\\\",\\\"del_flg\\\":\\\"0\\\"}],\\\"totalRecord\\\":\\\"2\\\"}}\",\"response_errorMessage\":null}","topic":""}
[2018-06-25 18:30:40,593] [31552] RunTime: 0.0000 s
 - INFO 
 - RestClient.doGet(D:\wamp\www\wscloud\backoffice\ThinkPHP\Library\Vendor\ApiGateway\RestClient.php:49)
 - {"message":"rest client","data":"{\"request_host\":\"http:\\\/\\\/localhost:133\\\/Home\",\"request_path\":\"\\\/Company\\\/lists\\\/name\\\/null\\\/pageSize\\\/10\\\/pageNo\\\/1\\\/company_id\\\/\\\/adminId\\\/\\\/exchangePointId\\\/0\\\/token\\\/c2b80e520f2ff8247c7b0859ad40aa73\",\"request_method\":\"GET\",\"request_bodys\":[],\"response_code\":200,\"response_body\":\"{\\\"code\\\":1,\\\"msg\\\":\\\"\\\\u67e5\\\\u8be2\\\\u6b63\\\\u5e38\\\",\\\"status_code\\\":1000,\\\"data\\\":{\\\"dataList\\\":[{\\\"id\\\":\\\"5027398538\\\",\\\"name\\\":\\\"\\\\u674e\\\\u6587\\\\u8d77\\\",\\\"phone\\\":\\\"13373944332\\\",\\\"email\\\":\\\"524256@qq.com\\\",\\\"logo\\\":null,\\\"status\\\":\\\"10\\\",\\\"verify_status\\\":\\\"30\\\",\\\"create_time\\\":\\\"2018-06-04 11:45:08\\\",\\\"update_time\\\":\\\"1528083908\\\",\\\"create_user\\\":\\\"5027398538\\\",\\\"update_user\\\":\\\"5027398538\\\",\\\"del_flg\\\":\\\"0\\\"},{\\\"id\\\":\\\"1447247968\\\",\\\"name\\\":\\\"\\\\u6d4b\\\\u8bd5\\\\u516c\\\\u53f8\\\",\\\"phone\\\":\\\"13161934946\\\",\\\"email\\\":\\\"123456789@qq.com\\\",\\\"logo\\\":null,\\\"status\\\":\\\"10\\\",\\\"verify_status\\\":\\\"30\\\",\\\"create_time\\\":\\\"2018-05-28 14:12:44\\\",\\\"update_time\\\":\\\"1527487964\\\",\\\"create_user\\\":\\\"1447247968\\\",\\\"update_user\\\":\\\"1447247968\\\",\\\"del_flg\\\":\\\"0\\\"}],\\\"totalRecord\\\":\\\"2\\\"}}\",\"response_errorMessage\":null}","topic":""}
[2018-06-25 18:31:18,474] [31552] RunTime: 0.0000 s
 - INFO 
 - RestClient.doGet(D:\wamp\www\wscloud\backoffice\ThinkPHP\Library\Vendor\ApiGateway\RestClient.php:49)
 - {"message":"rest client","data":"{\"request_host\":\"http:\\\/\\\/localhost:133\\\/Home\",\"request_path\":\"\\\/Company\\\/lists\\\/name\\\/null\\\/pageSize\\\/10\\\/pageNo\\\/1\\\/company_id\\\/\\\/adminId\\\/\\\/exchangePointId\\\/0\\\/token\\\/c2b80e520f2ff8247c7b0859ad40aa73\",\"request_method\":\"GET\",\"request_bodys\":[],\"response_code\":200,\"response_body\":\"{\\\"code\\\":1,\\\"msg\\\":\\\"\\\\u67e5\\\\u8be2\\\\u6b63\\\\u5e38\\\",\\\"status_code\\\":1000,\\\"data\\\":{\\\"dataList\\\":[{\\\"id\\\":\\\"5027398538\\\",\\\"name\\\":\\\"\\\\u674e\\\\u6587\\\\u8d77\\\",\\\"phone\\\":\\\"13373944332\\\",\\\"email\\\":\\\"524256@qq.com\\\",\\\"logo\\\":null,\\\"status\\\":\\\"10\\\",\\\"verify_status\\\":\\\"30\\\",\\\"create_time\\\":\\\"2018-06-04 11:45:08\\\",\\\"update_time\\\":\\\"1528083908\\\",\\\"create_user\\\":\\\"5027398538\\\",\\\"update_user\\\":\\\"5027398538\\\",\\\"del_flg\\\":\\\"0\\\"},{\\\"id\\\":\\\"1447247968\\\",\\\"name\\\":\\\"\\\\u6d4b\\\\u8bd5\\\\u516c\\\\u53f8\\\",\\\"phone\\\":\\\"13161934946\\\",\\\"email\\\":\\\"123456789@qq.com\\\",\\\"logo\\\":null,\\\"status\\\":\\\"10\\\",\\\"verify_status\\\":\\\"30\\\",\\\"create_time\\\":\\\"2018-05-28 14:12:44\\\",\\\"update_time\\\":\\\"1527487964\\\",\\\"create_user\\\":\\\"1447247968\\\",\\\"update_user\\\":\\\"1447247968\\\",\\\"del_flg\\\":\\\"0\\\"}],\\\"totalRecord\\\":\\\"2\\\"}}\",\"response_errorMessage\":null}","topic":""}
[2018-06-25 18:35:44,983] [31552] RunTime: 0.0000 s
 - INFO 
 - RestClient.doGet(D:\wamp\www\wscloud\backoffice\ThinkPHP\Library\Vendor\ApiGateway\RestClient.php:49)
 - {"message":"rest client","data":"{\"request_host\":\"http:\\\/\\\/localhost:133\\\/Home\",\"request_path\":\"\\\/Company\\\/checkStatus\\\/companyId\\\/token\\\/c2b80e520f2ff8247c7b0859ad40aa73\",\"request_method\":\"GET\",\"request_bodys\":[],\"response_code\":200,\"response_body\":\"{\\\"code\\\":0,\\\"msg\\\":\\\"token\\\\u8fc7\\\\u671f\\\",\\\"status_code\\\":2001}\",\"response_errorMessage\":null}","topic":""}
[2018-06-25 18:35:45,055] [31552] RunTime: 0.0725 s
 - INFO 
 - RestClient.doGet(D:\wamp\www\wscloud\backoffice\ThinkPHP\Library\Vendor\ApiGateway\RestClient.php:49)
 - {"message":"rest client","data":"{\"request_host\":\"http:\\\/\\\/localhost:133\\\/Home\",\"request_path\":\"\\\/Login\\\/refreshToken\\\/refreshToken\\\/c2b80e520f2ff8247c7b0859ad40aa73\\\/token\\\/c2b80e520f2ff8247c7b0859ad40aa73\\\/type\\\/10\",\"request_method\":\"GET\",\"request_bodys\":[],\"response_code\":200,\"response_body\":\"{\\\"code\\\":0,\\\"msg\\\":\\\"token\\\\u5237\\\\u65b0\\\\u5931\\\\u8d25\\\",\\\"status_code\\\":2003}\",\"response_errorMessage\":null}","topic":""}
[2018-06-25 18:35:45,103] [31552] RunTime: 0.1201 s
 - INFO 
 - RestClient.doGet(D:\wamp\www\wscloud\backoffice\ThinkPHP\Library\Vendor\ApiGateway\RestClient.php:49)
 - {"message":"rest client","data":"{\"request_host\":\"http:\\\/\\\/localhost:133\\\/Home\",\"request_path\":\"\\\/Login\\\/refreshToken\\\/refreshToken\\\/c2b80e520f2ff8247c7b0859ad40aa73\\\/token\\\/c2b80e520f2ff8247c7b0859ad40aa73\\\/type\\\/10\",\"request_method\":\"GET\",\"request_bodys\":[],\"response_code\":200,\"response_body\":\"{\\\"code\\\":0,\\\"msg\\\":\\\"token\\\\u5237\\\\u65b0\\\\u5931\\\\u8d25\\\",\\\"status_code\\\":2003}\",\"response_errorMessage\":null}","topic":""}
[2018-06-25 18:35:45,157] [31552] RunTime: 0.1740 s
 - INFO 
 - RestClient.doGet(D:\wamp\www\wscloud\backoffice\ThinkPHP\Library\Vendor\ApiGateway\RestClient.php:49)
 - {"message":"rest client","data":"{\"request_host\":\"http:\\\/\\\/localhost:133\\\/Home\",\"request_path\":\"\\\/DrivingMonitor\\\/statBehavior\\\/companyId\\\/\\\/startTime\\\/1527330945\\\/endTime\\\/1529922945\\\/token\\\/c2b80e520f2ff8247c7b0859ad40aa73\",\"request_method\":\"GET\",\"request_bodys\":[],\"response_code\":200,\"response_body\":\"{\\\"code\\\":0,\\\"msg\\\":\\\"token\\\\u8fc7\\\\u671f\\\",\\\"status_code\\\":2001}\",\"response_errorMessage\":null}","topic":""}
[2018-06-25 18:35:45,282] [31552] RunTime: 0.2989 s
 - INFO 
 - RestClient.doGet(D:\wamp\www\wscloud\backoffice\ThinkPHP\Library\Vendor\ApiGateway\RestClient.php:49)
 - {"message":"rest client","data":"{\"request_host\":\"http:\\\/\\\/localhost:133\\\/Home\",\"request_path\":\"\\\/System\\\/getSystemSetting\\\/companyId\\\/\\\/type\\\/20\\\/token\\\/c2b80e520f2ff8247c7b0859ad40aa73\",\"request_method\":\"GET\",\"request_bodys\":[],\"response_code\":200,\"response_body\":\"{\\\"code\\\":0,\\\"msg\\\":\\\"token\\\\u8fc7\\\\u671f\\\",\\\"status_code\\\":2001}\",\"response_errorMessage\":null}","topic":""}
[2018-06-25 18:35:45,476] [31552] RunTime: 0.4930 s
 - INFO 
 - RestClient.doGet(D:\wamp\www\wscloud\backoffice\ThinkPHP\Library\Vendor\ApiGateway\RestClient.php:49)
 - {"message":"rest client","data":"{\"request_host\":\"http:\\\/\\\/localhost:133\\\/Home\",\"request_path\":\"\\\/Admin\\\/getAdminMsgCount\\\/status\\\/10\\\/token\\\/c2b80e520f2ff8247c7b0859ad40aa73\",\"request_method\":\"GET\",\"request_bodys\":[],\"response_code\":200,\"response_body\":\"{\\\"code\\\":1,\\\"msg\\\":\\\"\\\\u67e5\\\\u8be2\\\\u6210\\\\u529f\\\",\\\"status_code\\\":4025,\\\"data\\\":\\\"0\\\"}\",\"response_errorMessage\":null}","topic":""}
[2018-06-25 18:35:51,775] [31552] RunTime: 0.0000 s
 - INFO 
 - RestClient.doGet(D:\wamp\www\wscloud\backoffice\ThinkPHP\Library\Vendor\ApiGateway\RestClient.php:49)
 - {"message":"rest client","data":"{\"request_host\":\"http:\\\/\\\/localhost:133\\\/Home\",\"request_path\":\"\\\/System\\\/getSystemSetting\\\/companyId\\\/\\\/type\\\/20\\\/token\\\/null\",\"request_method\":\"GET\",\"request_bodys\":[],\"response_code\":200,\"response_body\":\"{\\\"code\\\":0,\\\"msg\\\":\\\"token\\\\u8fc7\\\\u671f\\\",\\\"status_code\\\":2001}\",\"response_errorMessage\":null}","topic":""}
[2018-06-25 18:35:51,834] [31552] RunTime: 0.0591 s
 - INFO 
 - RestClient.doGet(D:\wamp\www\wscloud\backoffice\ThinkPHP\Library\Vendor\ApiGateway\RestClient.php:49)
 - {"message":"rest client","data":"{\"request_host\":\"http:\\\/\\\/localhost:133\\\/Home\",\"request_path\":\"\\\/Admin\\\/getAdminMsgCount\\\/status\\\/10\\\/token\\\/null\",\"request_method\":\"GET\",\"request_bodys\":[],\"response_code\":200,\"response_body\":\"{\\\"code\\\":0,\\\"msg\\\":\\\"token\\\\u8fc7\\\\u671f\\\",\\\"status_code\\\":2001}\",\"response_errorMessage\":null}","topic":""}
[2018-06-25 18:36:01,022] [31552] RunTime: 0.0000 s
 - INFO 
 - RestClient.doGet(D:\wamp\www\wscloud\backoffice\ThinkPHP\Library\Vendor\ApiGateway\RestClient.php:49)
 - {"message":"rest client","data":"{\"request_host\":\"http:\\\/\\\/localhost:133\\\/Home\",\"request_path\":\"\\\/login\\\/login\\\/account\\\/13161934946\\\/password\\\/123456\\\/type\\\/10\\\/token\\\/null\",\"request_method\":\"GET\",\"request_bodys\":[],\"response_code\":200,\"response_body\":\"{\\\"code\\\":1,\\\"msg\\\":\\\"\\\\u767b\\\\u5f55\\\\u6210\\\\u529f\\\",\\\"status_code\\\":3000,\\\"data\\\":{\\\"company_id\\\":\\\"1447247968\\\",\\\"name\\\":\\\"\\\\u6d4b\\\\u8bd5\\\\u516c\\\\u53f8\\\",\\\"account\\\":\\\"13161934946\\\",\\\"phone\\\":\\\"13161934946\\\",\\\"email\\\":\\\"123456789@qq.com\\\",\\\"password\\\":\\\"e10adc3949ba59abbe56e057f20f883e\\\",\\\"right\\\":\\\"1,100,110,120,200,210,220,300,310,320,400,410,420,430,500,510,520,600,610,620,2,1000,1010\\\",\\\"status\\\":\\\"10\\\",\\\"type\\\":\\\"20\\\",\\\"create_time\\\":\\\"1527487964\\\",\\\"create_user\\\":\\\"2517844598\\\",\\\"update_time\\\":\\\"1528868703\\\",\\\"update_user\\\":\\\"2517844598\\\",\\\"del_flg\\\":\\\"0\\\",\\\"token\\\":\\\"b28c1d1af046be541b82865c019bc35d\\\",\\\"refresh_token\\\":\\\"b28c1d1af046be541b82865c019bc35d\\\"}}\",\"response_errorMessage\":null}","topic":""}
[2018-06-25 18:36:01,178] [31552] RunTime: 0.0000 s
 - INFO 
 - RestClient.doGet(D:\wamp\www\wscloud\backoffice\ThinkPHP\Library\Vendor\ApiGateway\RestClient.php:49)
 - {"message":"rest client","data":"{\"request_host\":\"http:\\\/\\\/localhost:133\\\/Home\",\"request_path\":\"\\\/Company\\\/checkStatus\\\/companyId\\\/1447247968\\\/token\\\/b28c1d1af046be541b82865c019bc35d\",\"request_method\":\"GET\",\"request_bodys\":[],\"response_code\":200,\"response_body\":\"{\\\"code\\\":1,\\\"msg\\\":\\\"\\\\u67e5\\\\u8be2\\\\u6b63\\\\u5e38\\\",\\\"status_code\\\":1000,\\\"data\\\":{\\\"id\\\":\\\"1447247968\\\",\\\"name\\\":\\\"\\\\u6d4b\\\\u8bd5\\\\u516c\\\\u53f8\\\",\\\"phone\\\":\\\"13161934946\\\",\\\"email\\\":\\\"123456789@qq.com\\\",\\\"logo\\\":null,\\\"status\\\":\\\"10\\\",\\\"verify_status\\\":\\\"30\\\",\\\"create_time\\\":\\\"1527487964\\\",\\\"update_time\\\":\\\"1527487964\\\",\\\"create_user\\\":\\\"1447247968\\\",\\\"update_user\\\":\\\"1447247968\\\",\\\"del_flg\\\":\\\"0\\\",\\\"verify_status_str\\\":\\\"\\\\u5ba1\\\\u6838\\\\u901a\\\\u8fc7\\\"}}\",\"response_errorMessage\":null}","topic":""}
[2018-06-25 18:36:01,268] [31552] RunTime: 0.0898 s
 - INFO 
 - RestClient.doGet(D:\wamp\www\wscloud\backoffice\ThinkPHP\Library\Vendor\ApiGateway\RestClient.php:49)
 - {"message":"rest client","data":"{\"request_host\":\"http:\\\/\\\/localhost:133\\\/Home\",\"request_path\":\"\\\/DrivingMonitor\\\/statBehavior\\\/companyId\\\/1447247968\\\/startTime\\\/1527330961\\\/endTime\\\/1529922961\\\/token\\\/b28c1d1af046be541b82865c019bc35d\",\"request_method\":\"GET\",\"request_bodys\":[],\"response_code\":200,\"response_body\":\"{\\\"code\\\":1,\\\"msg\\\":\\\"\\\\u67e5\\\\u8be2\\\\u6210\\\\u529f\\\",\\\"status_code\\\":4025,\\\"data\\\":[{\\\"count\\\":\\\"5\\\",\\\"code\\\":\\\"14\\\",\\\"code_text\\\":\\\"\\\\u4f4e\\\\u5934\\\"},{\\\"count\\\":\\\"4\\\",\\\"code\\\":\\\"13\\\",\\\"code_text\\\":\\\"\\\\u5de6\\\\u53f3\\\\u5f20\\\\u671b\\\"},{\\\"count\\\":\\\"2\\\",\\\"code\\\":\\\"12\\\",\\\"code_text\\\":\\\"\\\\u6253\\\\u54c8\\\\u6b20\\\"},{\\\"count\\\":\\\"1\\\",\\\"code\\\":\\\"17\\\",\\\"code_text\\\":\\\"\\\\u6b63\\\\u5e38\\\"},{\\\"count\\\":\\\"1\\\",\\\"code\\\":\\\"15\\\",\\\"code_text\\\":\\\"\\\\u95ed\\\\u773c\\\\u775b\\\"},{\\\"count\\\":\\\"1\\\",\\\"code\\\":\\\"11\\\",\\\"code_text\\\":\\\"\\\\u62bd\\\\u70df\\\"}]}\",\"response_errorMessage\":null}","topic":""}
[2018-06-25 18:36:01,399] [31552] RunTime: 0.2214 s
 - INFO 
 - RestClient.doGet(D:\wamp\www\wscloud\backoffice\ThinkPHP\Library\Vendor\ApiGateway\RestClient.php:49)
 - {"message":"rest client","data":"{\"request_host\":\"http:\\\/\\\/localhost:133\\\/Home\",\"request_path\":\"\\\/System\\\/getSystemSetting\\\/companyId\\\/1447247968\\\/type\\\/20\\\/token\\\/b28c1d1af046be541b82865c019bc35d\",\"request_method\":\"GET\",\"request_bodys\":[],\"response_code\":200,\"response_body\":\"{\\\"code\\\":1,\\\"msg\\\":\\\"\\\\u67e5\\\\u8be2\\\\u6210\\\\u529f\\\",\\\"status_code\\\":4025,\\\"data\\\":{\\\"value\\\":\\\"0\\\"}}\",\"response_errorMessage\":null}","topic":""}
[2018-06-25 18:36:01,640] [31552] RunTime: 0.4619 s
 - INFO 
 - RestClient.doGet(D:\wamp\www\wscloud\backoffice\ThinkPHP\Library\Vendor\ApiGateway\RestClient.php:49)
 - {"message":"rest client","data":"{\"request_host\":\"http:\\\/\\\/localhost:133\\\/Home\",\"request_path\":\"\\\/Admin\\\/getAdminMsgCount\\\/status\\\/10\\\/token\\\/b28c1d1af046be541b82865c019bc35d\",\"request_method\":\"GET\",\"request_bodys\":[],\"response_code\":200,\"response_body\":\"{\\\"code\\\":1,\\\"msg\\\":\\\"\\\\u67e5\\\\u8be2\\\\u6210\\\\u529f\\\",\\\"status_code\\\":4025,\\\"data\\\":\\\"0\\\"}\",\"response_errorMessage\":null}","topic":""}
[2018-06-25 18:36:03,235] [31552] RunTime: 0.0000 s
 - INFO 
 - RestClient.doGet(D:\wamp\www\wscloud\backoffice\ThinkPHP\Library\Vendor\ApiGateway\RestClient.php:49)
 - {"message":"rest client","data":"{\"request_host\":\"http:\\\/\\\/localhost:133\\\/Home\",\"request_path\":\"\\\/DrivingMonitor\\\/statByTimeGroup\\\/companyId\\\/1447247968\\\/startTime\\\/1529596800\\\/endTime\\\/1529942400\\\/token\\\/b28c1d1af046be541b82865c019bc35d\",\"request_method\":\"GET\",\"request_bodys\":[],\"response_code\":200,\"response_body\":\"{\\\"code\\\":1,\\\"msg\\\":\\\"\\\\u67e5\\\\u8be2\\\\u6210\\\\u529f\\\",\\\"status_code\\\":4025,\\\"data\\\":[{\\\"name\\\":\\\"\\\\u5de6\\\\u53f3\\\\u5f20\\\\u671b\\\",\\\"type\\\":\\\"line\\\",\\\"smooth\\\":true,\\\"data\\\":[0,0,0,0,0,0,0,0,0,0,0,0,0,0,0,0,0,\\\"1\\\",0,0,0,0,0,0]}]}\",\"response_errorMessage\":null}","topic":""}
[2018-06-25 18:36:04,244] [31552] RunTime: 0.0000 s
 - INFO 
 - RestClient.doGet(D:\wamp\www\wscloud\backoffice\ThinkPHP\Library\Vendor\ApiGateway\RestClient.php:49)
 - {"message":"rest client","data":"{\"request_host\":\"http:\\\/\\\/localhost:133\\\/Home\",\"request_path\":\"\\\/System\\\/getSystemSetting\\\/companyId\\\/1447247968\\\/type\\\/20\\\/token\\\/b28c1d1af046be541b82865c019bc35d\",\"request_method\":\"GET\",\"request_bodys\":[],\"response_code\":200,\"response_body\":\"{\\\"code\\\":1,\\\"msg\\\":\\\"\\\\u67e5\\\\u8be2\\\\u6210\\\\u529f\\\",\\\"status_code\\\":4025,\\\"data\\\":{\\\"value\\\":\\\"0\\\"}}\",\"response_errorMessage\":null}","topic":""}
[2018-06-25 18:36:04,332] [31552] RunTime: 0.0887 s
 - INFO 
 - RestClient.doGet(D:\wamp\www\wscloud\backoffice\ThinkPHP\Library\Vendor\ApiGateway\RestClient.php:49)
 - {"message":"rest client","data":"{\"request_host\":\"http:\\\/\\\/localhost:133\\\/Home\",\"request_path\":\"\\\/Admin\\\/getAdminMsgCount\\\/status\\\/10\\\/token\\\/b28c1d1af046be541b82865c019bc35d\",\"request_method\":\"GET\",\"request_bodys\":[],\"response_code\":200,\"response_body\":\"{\\\"code\\\":1,\\\"msg\\\":\\\"\\\\u67e5\\\\u8be2\\\\u6210\\\\u529f\\\",\\\"status_code\\\":4025,\\\"data\\\":\\\"0\\\"}\",\"response_errorMessage\":null}","topic":""}
[2018-06-25 18:36:04,676] [31552] RunTime: 0.0000 s
 - INFO 
 - RestClient.doGet(D:\wamp\www\wscloud\backoffice\ThinkPHP\Library\Vendor\ApiGateway\RestClient.php:49)
 - {"message":"rest client","data":"{\"request_host\":\"http:\\\/\\\/localhost:133\\\/Home\",\"request_path\":\"\\\/Device\\\/deviceLists\\\/name\\\/null\\\/serialNo\\\/null\\\/companyId\\\/1447247968\\\/pageSize\\\/10\\\/pageNo\\\/1\\\/token\\\/b28c1d1af046be541b82865c019bc35d\",\"request_method\":\"GET\",\"request_bodys\":[],\"response_code\":200,\"response_body\":\"{\\\"code\\\":1,\\\"msg\\\":\\\"\\\\u67e5\\\\u8be2\\\\u6b63\\\\u5e38\\\",\\\"status_code\\\":1000,\\\"data\\\":{\\\"dataList\\\":[{\\\"id\\\":\\\"8606702515\\\",\\\"company_id\\\":\\\"1447247968\\\",\\\"serial_no\\\":\\\"12535\\\",\\\"name\\\":\\\"\\\\u6444\\\\u50cf\\\\u59342\\\",\\\"type\\\":\\\"10\\\",\\\"model\\\":\\\"2018\\\",\\\"status\\\":\\\"10\\\",\\\"create_time\\\":\\\"2018-05-30 16:39:33\\\",\\\"update_time\\\":\\\"1527669573\\\",\\\"create_user\\\":\\\"1518614752\\\",\\\"update_user\\\":\\\"1518614752\\\",\\\"del_flg\\\":\\\"0\\\",\\\"status_str\\\":\\\"\\\\u6b63\\\\u5e38\\\",\\\"type_str\\\":\\\"\\\\u5fae\\\\u89c6\\\\u6444\\\\u50cf\\\\u5934\\\",\\\"active_str\\\":null},{\\\"id\\\":\\\"8647758673\\\",\\\"company_id\\\":\\\"1447247968\\\",\\\"serial_no\\\":\\\"12345\\\",\\\"name\\\":\\\"\\\\u8bbe\\\\u5907\\\\u4e8c\\\",\\\"type\\\":\\\"10\\\",\\\"model\\\":\\\"x2018\\\",\\\"status\\\":\\\"10\\\",\\\"create_time\\\":\\\"2018-05-29 14:52:29\\\",\\\"update_time\\\":\\\"1527576749\\\",\\\"create_user\\\":\\\"2517844598\\\",\\\"update_user\\\":\\\"2517844598\\\",\\\"del_flg\\\":\\\"0\\\",\\\"status_str\\\":\\\"\\\\u6b63\\\\u5e38\\\",\\\"type_str\\\":\\\"\\\\u5fae\\\\u89c6\\\\u6444\\\\u50cf\\\\u5934\\\",\\\"active_str\\\":null},{\\\"id\\\":\\\"7882128443\\\",\\\"company_id\\\":\\\"1447247968\\\",\\\"serial_no\\\":\\\"12456\\\",\\\"name\\\":\\\"\\\\u536b\\\\u89c6\\\\u5c0f\\\\u79d8\\\",\\\"type\\\":\\\"10\\\",\\\"model\\\":\\\"2018\\\",\\\"status\\\":\\\"10\\\",\\\"create_time\\\":\\\"2018-05-28 14:20:43\\\",\\\"update_time\\\":\\\"1527488443\\\",\\\"create_user\\\":\\\"2517844598\\\",\\\"update_user\\\":\\\"2517844598\\\",\\\"del_flg\\\":\\\"0\\\",\\\"status_str\\\":\\\"\\\\u6b63\\\\u5e38\\\",\\\"type_str\\\":\\\"\\\\u5fae\\\\u89c6\\\\u6444\\\\u50cf\\\\u5934\\\",\\\"active_str\\\":null}],\\\"totalRecord\\\":\\\"3\\\"}}\",\"response_errorMessage\":null}","topic":""}
[2018-06-25 18:36:16,379] [31552] RunTime: 0.0000 s
 - INFO 
 - RestClient.doGet(D:\wamp\www\wscloud\backoffice\ThinkPHP\Library\Vendor\ApiGateway\RestClient.php:49)
 - {"message":"rest client","data":"{\"request_host\":\"http:\\\/\\\/localhost:133\\\/Home\",\"request_path\":\"\\\/System\\\/getSystemSetting\\\/companyId\\\/1447247968\\\/type\\\/20\\\/token\\\/b28c1d1af046be541b82865c019bc35d\",\"request_method\":\"GET\",\"request_bodys\":[],\"response_code\":200,\"response_body\":\"{\\\"code\\\":1,\\\"msg\\\":\\\"\\\\u67e5\\\\u8be2\\\\u6210\\\\u529f\\\",\\\"status_code\\\":4025,\\\"data\\\":{\\\"value\\\":\\\"0\\\"}}\",\"response_errorMessage\":null}","topic":""}
[2018-06-25 18:36:16,479] [31552] RunTime: 0.1000 s
 - INFO 
 - RestClient.doGet(D:\wamp\www\wscloud\backoffice\ThinkPHP\Library\Vendor\ApiGateway\RestClient.php:49)
 - {"message":"rest client","data":"{\"request_host\":\"http:\\\/\\\/localhost:133\\\/Home\",\"request_path\":\"\\\/Admin\\\/getAdminMsgCount\\\/status\\\/10\\\/token\\\/b28c1d1af046be541b82865c019bc35d\",\"request_method\":\"GET\",\"request_bodys\":[],\"response_code\":200,\"response_body\":\"{\\\"code\\\":1,\\\"msg\\\":\\\"\\\\u67e5\\\\u8be2\\\\u6210\\\\u529f\\\",\\\"status_code\\\":4025,\\\"data\\\":\\\"0\\\"}\",\"response_errorMessage\":null}","topic":""}
[2018-06-25 18:36:16,879] [31552] RunTime: 0.0000 s
 - INFO 
 - RestClient.doGet(D:\wamp\www\wscloud\backoffice\ThinkPHP\Library\Vendor\ApiGateway\RestClient.php:49)
 - {"message":"rest client","data":"{\"request_host\":\"http:\\\/\\\/localhost:133\\\/Home\",\"request_path\":\"\\\/GroupsService\\\/groupsLists\\\/name\\\/null\\\/companyId\\\/1447247968\\\/pageSize\\\/10\\\/pageNo\\\/1\\\/token\\\/b28c1d1af046be541b82865c019bc35d\",\"request_method\":\"GET\",\"request_bodys\":[],\"response_code\":200,\"response_body\":\"{\\\"code\\\":1,\\\"msg\\\":\\\"\\\\u67e5\\\\u8be2\\\\u6b63\\\\u5e38\\\",\\\"status_code\\\":1000,\\\"data\\\":{\\\"dataList\\\":[{\\\"id\\\":\\\"1326183120\\\",\\\"company_id\\\":\\\"1447247968\\\",\\\"name\\\":\\\"\\\\u5206\\\\u7ec4\\\",\\\"type\\\":\\\"10\\\",\\\"create_time\\\":\\\"1527671028\\\",\\\"update_time\\\":\\\"1527671028\\\",\\\"del_flg\\\":\\\"0\\\",\\\"type_name\\\":\\\"\\\\u8f66\\\\u8f86\\\\u5206\\\\u7ec4\\\"},{\\\"id\\\":\\\"5353621456\\\",\\\"company_id\\\":\\\"1447247968\\\",\\\"name\\\":\\\"\\\\u8f66\\\\u961f\\\\u4e00\\\",\\\"type\\\":\\\"10\\\",\\\"create_time\\\":\\\"1527564231\\\",\\\"update_time\\\":\\\"1527564231\\\",\\\"del_flg\\\":\\\"0\\\",\\\"type_name\\\":\\\"\\\\u8f66\\\\u8f86\\\\u5206\\\\u7ec4\\\"},{\\\"id\\\":\\\"9582847534\\\",\\\"company_id\\\":\\\"1447247968\\\",\\\"name\\\":\\\"\\\\u8f66\\\\u961f\\\\u4e00\\\",\\\"type\\\":\\\"10\\\",\\\"create_time\\\":\\\"1527488642\\\",\\\"update_time\\\":\\\"1527488642\\\",\\\"del_flg\\\":\\\"0\\\",\\\"type_name\\\":\\\"\\\\u8f66\\\\u8f86\\\\u5206\\\\u7ec4\\\"}],\\\"totalRecord\\\":\\\"3\\\"}}\",\"response_errorMessage\":null}","topic":""}
[2018-06-25 18:37:01,935] [31552] RunTime: 0.0000 s
 - INFO 
 - RestClient.doGet(D:\wamp\www\wscloud\backoffice\ThinkPHP\Library\Vendor\ApiGateway\RestClient.php:49)
 - {"message":"rest client","data":"{\"request_host\":\"http:\\\/\\\/localhost:133\\\/Home\",\"request_path\":\"\\\/Company\\\/lists\\\/name\\\/null\\\/pageSize\\\/10\\\/pageNo\\\/1\\\/company_id\\\/1447247968\\\/adminId\\\/1447247968\\\/exchangePointId\\\/0\\\/token\\\/b28c1d1af046be541b82865c019bc35d\",\"request_method\":\"GET\",\"request_bodys\":[],\"response_code\":200,\"response_body\":\"{\\\"code\\\":1,\\\"msg\\\":\\\"\\\\u67e5\\\\u8be2\\\\u6b63\\\\u5e38\\\",\\\"status_code\\\":1000,\\\"data\\\":{\\\"dataList\\\":[{\\\"id\\\":\\\"5027398538\\\",\\\"name\\\":\\\"\\\\u674e\\\\u6587\\\\u8d77\\\",\\\"phone\\\":\\\"13373944332\\\",\\\"email\\\":\\\"524256@qq.com\\\",\\\"logo\\\":null,\\\"status\\\":\\\"10\\\",\\\"verify_status\\\":\\\"30\\\",\\\"create_time\\\":\\\"2018-06-04 11:45:08\\\",\\\"update_time\\\":\\\"1528083908\\\",\\\"create_user\\\":\\\"5027398538\\\",\\\"update_user\\\":\\\"5027398538\\\",\\\"del_flg\\\":\\\"0\\\"},{\\\"id\\\":\\\"1447247968\\\",\\\"name\\\":\\\"\\\\u6d4b\\\\u8bd5\\\\u516c\\\\u53f8\\\",\\\"phone\\\":\\\"13161934946\\\",\\\"email\\\":\\\"123456789@qq.com\\\",\\\"logo\\\":null,\\\"status\\\":\\\"10\\\",\\\"verify_status\\\":\\\"30\\\",\\\"create_time\\\":\\\"2018-05-28 14:12:44\\\",\\\"update_time\\\":\\\"1527487964\\\",\\\"create_user\\\":\\\"1447247968\\\",\\\"update_user\\\":\\\"1447247968\\\",\\\"del_flg\\\":\\\"0\\\"}],\\\"totalRecord\\\":\\\"2\\\"}}\",\"response_errorMessage\":null}","topic":""}
[2018-06-25 18:37:03,094] [31552] RunTime: 0.0000 s
 - INFO 
 - RestClient.doGet(D:\wamp\www\wscloud\backoffice\ThinkPHP\Library\Vendor\ApiGateway\RestClient.php:49)
 - {"message":"rest client","data":"{\"request_host\":\"http:\\\/\\\/localhost:133\\\/Home\",\"request_path\":\"\\\/Company\\\/lists\\\/name\\\/null\\\/pageSize\\\/10\\\/pageNo\\\/1\\\/company_id\\\/1447247968\\\/adminId\\\/1447247968\\\/exchangePointId\\\/0\\\/token\\\/b28c1d1af046be541b82865c019bc35d\",\"request_method\":\"GET\",\"request_bodys\":[],\"response_code\":200,\"response_body\":\"{\\\"code\\\":1,\\\"msg\\\":\\\"\\\\u67e5\\\\u8be2\\\\u6b63\\\\u5e38\\\",\\\"status_code\\\":1000,\\\"data\\\":{\\\"dataList\\\":[{\\\"id\\\":\\\"5027398538\\\",\\\"name\\\":\\\"\\\\u674e\\\\u6587\\\\u8d77\\\",\\\"phone\\\":\\\"13373944332\\\",\\\"email\\\":\\\"524256@qq.com\\\",\\\"logo\\\":null,\\\"status\\\":\\\"10\\\",\\\"verify_status\\\":\\\"30\\\",\\\"create_time\\\":\\\"2018-06-04 11:45:08\\\",\\\"update_time\\\":\\\"1528083908\\\",\\\"create_user\\\":\\\"5027398538\\\",\\\"update_user\\\":\\\"5027398538\\\",\\\"del_flg\\\":\\\"0\\\"},{\\\"id\\\":\\\"1447247968\\\",\\\"name\\\":\\\"\\\\u6d4b\\\\u8bd5\\\\u516c\\\\u53f8\\\",\\\"phone\\\":\\\"13161934946\\\",\\\"email\\\":\\\"123456789@qq.com\\\",\\\"logo\\\":null,\\\"status\\\":\\\"10\\\",\\\"verify_status\\\":\\\"30\\\",\\\"create_time\\\":\\\"2018-05-28 14:12:44\\\",\\\"update_time\\\":\\\"1527487964\\\",\\\"create_user\\\":\\\"1447247968\\\",\\\"update_user\\\":\\\"1447247968\\\",\\\"del_flg\\\":\\\"0\\\"}],\\\"totalRecord\\\":\\\"2\\\"}}\",\"response_errorMessage\":null}","topic":""}
[2018-06-25 18:39:00,349] [31552] RunTime: 0.0000 s
 - INFO 
 - RestClient.doGet(D:\wamp\www\wscloud\backoffice\ThinkPHP\Library\Vendor\ApiGateway\RestClient.php:49)
 - {"message":"rest client","data":"{\"request_host\":\"http:\\\/\\\/localhost:133\\\/Home\",\"request_path\":\"\\\/System\\\/getSystemSetting\\\/companyId\\\/1447247968\\\/type\\\/20\\\/token\\\/b28c1d1af046be541b82865c019bc35d\",\"request_method\":\"GET\",\"request_bodys\":[],\"response_code\":200,\"response_body\":\"{\\\"code\\\":1,\\\"msg\\\":\\\"\\\\u67e5\\\\u8be2\\\\u6210\\\\u529f\\\",\\\"status_code\\\":4025,\\\"data\\\":{\\\"value\\\":\\\"0\\\"}}\",\"response_errorMessage\":null}","topic":""}
[2018-06-25 18:39:00,407] [31552] RunTime: 0.0582 s
 - INFO 
 - RestClient.doGet(D:\wamp\www\wscloud\backoffice\ThinkPHP\Library\Vendor\ApiGateway\RestClient.php:49)
 - {"message":"rest client","data":"{\"request_host\":\"http:\\\/\\\/localhost:133\\\/Home\",\"request_path\":\"\\\/Admin\\\/getAdminMsgCount\\\/status\\\/10\\\/token\\\/b28c1d1af046be541b82865c019bc35d\",\"request_method\":\"GET\",\"request_bodys\":[],\"response_code\":200,\"response_body\":\"{\\\"code\\\":1,\\\"msg\\\":\\\"\\\\u67e5\\\\u8be2\\\\u6210\\\\u529f\\\",\\\"status_code\\\":4025,\\\"data\\\":\\\"0\\\"}\",\"response_errorMessage\":null}","topic":""}
[2018-06-25 18:39:00,749] [31552] RunTime: 0.0000 s
 - INFO 
 - RestClient.doGet(D:\wamp\www\wscloud\backoffice\ThinkPHP\Library\Vendor\ApiGateway\RestClient.php:49)
 - {"message":"rest client","data":"{\"request_host\":\"http:\\\/\\\/localhost:133\\\/Home\",\"request_path\":\"\\\/GroupsService\\\/groupsLists\\\/name\\\/null\\\/companyId\\\/1447247968\\\/pageSize\\\/10\\\/pageNo\\\/1\\\/token\\\/b28c1d1af046be541b82865c019bc35d\",\"request_method\":\"GET\",\"request_bodys\":[],\"response_code\":200,\"response_body\":\"{\\\"code\\\":1,\\\"msg\\\":\\\"\\\\u67e5\\\\u8be2\\\\u6b63\\\\u5e38\\\",\\\"status_code\\\":1000,\\\"data\\\":{\\\"dataList\\\":[{\\\"id\\\":\\\"1326183120\\\",\\\"company_id\\\":\\\"1447247968\\\",\\\"name\\\":\\\"\\\\u5206\\\\u7ec4\\\",\\\"type\\\":\\\"10\\\",\\\"create_time\\\":\\\"1527671028\\\",\\\"update_time\\\":\\\"1527671028\\\",\\\"del_flg\\\":\\\"0\\\",\\\"type_name\\\":\\\"\\\\u8f66\\\\u8f86\\\\u5206\\\\u7ec4\\\"},{\\\"id\\\":\\\"5353621456\\\",\\\"company_id\\\":\\\"1447247968\\\",\\\"name\\\":\\\"\\\\u8f66\\\\u961f\\\\u4e00\\\",\\\"type\\\":\\\"10\\\",\\\"create_time\\\":\\\"1527564231\\\",\\\"update_time\\\":\\\"1527564231\\\",\\\"del_flg\\\":\\\"0\\\",\\\"type_name\\\":\\\"\\\\u8f66\\\\u8f86\\\\u5206\\\\u7ec4\\\"},{\\\"id\\\":\\\"9582847534\\\",\\\"company_id\\\":\\\"1447247968\\\",\\\"name\\\":\\\"\\\\u8f66\\\\u961f\\\\u4e00\\\",\\\"type\\\":\\\"10\\\",\\\"create_time\\\":\\\"1527488642\\\",\\\"update_time\\\":\\\"1527488642\\\",\\\"del_flg\\\":\\\"0\\\",\\\"type_name\\\":\\\"\\\\u8f66\\\\u8f86\\\\u5206\\\\u7ec4\\\"}],\\\"totalRecord\\\":\\\"3\\\"}}\",\"response_errorMessage\":null}","topic":""}
[2018-06-25 18:40:58,338] [31552] RunTime: 0.0000 s
 - INFO 
 - RestClient.doGet(D:\wamp\www\wscloud\backoffice\ThinkPHP\Library\Vendor\ApiGateway\RestClient.php:49)
 - {"message":"rest client","data":"{\"request_host\":\"http:\\\/\\\/localhost:133\\\/Home\",\"request_path\":\"\\\/Company\\\/lists\\\/name\\\/null\\\/pageSize\\\/10\\\/pageNo\\\/1\\\/company_id\\\/1447247968\\\/adminId\\\/1447247968\\\/exchangePointId\\\/0\\\/token\\\/b28c1d1af046be541b82865c019bc35d\",\"request_method\":\"GET\",\"request_bodys\":[],\"response_code\":200,\"response_body\":\"{\\\"code\\\":1,\\\"msg\\\":\\\"\\\\u67e5\\\\u8be2\\\\u6b63\\\\u5e38\\\",\\\"status_code\\\":1000,\\\"data\\\":{\\\"dataList\\\":[{\\\"id\\\":\\\"5027398538\\\",\\\"name\\\":\\\"\\\\u674e\\\\u6587\\\\u8d77\\\",\\\"phone\\\":\\\"13373944332\\\",\\\"email\\\":\\\"524256@qq.com\\\",\\\"logo\\\":null,\\\"status\\\":\\\"10\\\",\\\"verify_status\\\":\\\"30\\\",\\\"create_time\\\":\\\"2018-06-04 11:45:08\\\",\\\"update_time\\\":\\\"1528083908\\\",\\\"create_user\\\":\\\"5027398538\\\",\\\"update_user\\\":\\\"5027398538\\\",\\\"del_flg\\\":\\\"0\\\"},{\\\"id\\\":\\\"1447247968\\\",\\\"name\\\":\\\"\\\\u6d4b\\\\u8bd5\\\\u516c\\\\u53f8\\\",\\\"phone\\\":\\\"13161934946\\\",\\\"email\\\":\\\"123456789@qq.com\\\",\\\"logo\\\":null,\\\"status\\\":\\\"10\\\",\\\"verify_status\\\":\\\"30\\\",\\\"create_time\\\":\\\"2018-05-28 14:12:44\\\",\\\"update_time\\\":\\\"1527487964\\\",\\\"create_user\\\":\\\"1447247968\\\",\\\"update_user\\\":\\\"1447247968\\\",\\\"del_flg\\\":\\\"0\\\"}],\\\"totalRecord\\\":\\\"2\\\"}}\",\"response_errorMessage\":null}","topic":""}
[2018-06-25 18:41:14,496] [31552] RunTime: 0.0000 s
 - INFO 
 - RestClient.doGet(D:\wamp\www\wscloud\backoffice\ThinkPHP\Library\Vendor\ApiGateway\RestClient.php:49)
 - {"message":"rest client","data":"{\"request_host\":\"http:\\\/\\\/localhost:133\\\/Home\",\"request_path\":\"\\\/Company\\\/lists\\\/name\\\/null\\\/pageSize\\\/10\\\/pageNo\\\/1\\\/company_id\\\/1447247968\\\/adminId\\\/1447247968\\\/exchangePointId\\\/0\\\/token\\\/b28c1d1af046be541b82865c019bc35d\",\"request_method\":\"GET\",\"request_bodys\":[],\"response_code\":200,\"response_body\":\"{\\\"code\\\":1,\\\"msg\\\":\\\"\\\\u67e5\\\\u8be2\\\\u6b63\\\\u5e38\\\",\\\"status_code\\\":1000,\\\"data\\\":{\\\"dataList\\\":[{\\\"id\\\":\\\"5027398538\\\",\\\"name\\\":\\\"\\\\u674e\\\\u6587\\\\u8d77\\\",\\\"phone\\\":\\\"13373944332\\\",\\\"email\\\":\\\"524256@qq.com\\\",\\\"logo\\\":null,\\\"status\\\":\\\"10\\\",\\\"verify_status\\\":\\\"30\\\",\\\"create_time\\\":\\\"2018-06-04 11:45:08\\\",\\\"update_time\\\":\\\"1528083908\\\",\\\"create_user\\\":\\\"5027398538\\\",\\\"update_user\\\":\\\"5027398538\\\",\\\"del_flg\\\":\\\"0\\\"},{\\\"id\\\":\\\"1447247968\\\",\\\"name\\\":\\\"\\\\u6d4b\\\\u8bd5\\\\u516c\\\\u53f8\\\",\\\"phone\\\":\\\"13161934946\\\",\\\"email\\\":\\\"123456789@qq.com\\\",\\\"logo\\\":null,\\\"status\\\":\\\"10\\\",\\\"verify_status\\\":\\\"30\\\",\\\"create_time\\\":\\\"2018-05-28 14:12:44\\\",\\\"update_time\\\":\\\"1527487964\\\",\\\"create_user\\\":\\\"1447247968\\\",\\\"update_user\\\":\\\"1447247968\\\",\\\"del_flg\\\":\\\"0\\\"}],\\\"totalRecord\\\":\\\"2\\\"}}\",\"response_errorMessage\":null}","topic":""}
[2018-06-25 18:42:03,823] [31552] RunTime: 0.0000 s
 - INFO 
 - RestClient.doGet(D:\wamp\www\wscloud\backoffice\ThinkPHP\Library\Vendor\ApiGateway\RestClient.php:49)
 - {"message":"rest client","data":"{\"request_host\":\"http:\\\/\\\/localhost:133\\\/Home\",\"request_path\":\"\\\/Company\\\/lists\\\/name\\\/null\\\/pageSize\\\/10\\\/pageNo\\\/1\\\/company_id\\\/1447247968\\\/adminId\\\/1447247968\\\/exchangePointId\\\/0\\\/token\\\/b28c1d1af046be541b82865c019bc35d\",\"request_method\":\"GET\",\"request_bodys\":[],\"response_code\":200,\"response_body\":\"{\\\"code\\\":1,\\\"msg\\\":\\\"\\\\u67e5\\\\u8be2\\\\u6b63\\\\u5e38\\\",\\\"status_code\\\":1000,\\\"data\\\":{\\\"dataList\\\":[{\\\"id\\\":\\\"5027398538\\\",\\\"name\\\":\\\"\\\\u674e\\\\u6587\\\\u8d77\\\",\\\"phone\\\":\\\"13373944332\\\",\\\"email\\\":\\\"524256@qq.com\\\",\\\"logo\\\":null,\\\"status\\\":\\\"10\\\",\\\"verify_status\\\":\\\"30\\\",\\\"create_time\\\":\\\"2018-06-04 11:45:08\\\",\\\"update_time\\\":\\\"1528083908\\\",\\\"create_user\\\":\\\"5027398538\\\",\\\"update_user\\\":\\\"5027398538\\\",\\\"del_flg\\\":\\\"0\\\"},{\\\"id\\\":\\\"1447247968\\\",\\\"name\\\":\\\"\\\\u6d4b\\\\u8bd5\\\\u516c\\\\u53f8\\\",\\\"phone\\\":\\\"13161934946\\\",\\\"email\\\":\\\"123456789@qq.com\\\",\\\"logo\\\":null,\\\"status\\\":\\\"10\\\",\\\"verify_status\\\":\\\"30\\\",\\\"create_time\\\":\\\"2018-05-28 14:12:44\\\",\\\"update_time\\\":\\\"1527487964\\\",\\\"create_user\\\":\\\"1447247968\\\",\\\"update_user\\\":\\\"1447247968\\\",\\\"del_flg\\\":\\\"0\\\"}],\\\"totalRecord\\\":\\\"2\\\"}}\",\"response_errorMessage\":null}","topic":""}
[2018-06-25 18:42:04,929] [31552] RunTime: 0.0000 s
 - INFO 
 - RestClient.doGet(D:\wamp\www\wscloud\backoffice\ThinkPHP\Library\Vendor\ApiGateway\RestClient.php:49)
 - {"message":"rest client","data":"{\"request_host\":\"http:\\\/\\\/localhost:133\\\/Home\",\"request_path\":\"\\\/Company\\\/lists\\\/name\\\/null\\\/pageSize\\\/10\\\/pageNo\\\/1\\\/company_id\\\/1447247968\\\/adminId\\\/1447247968\\\/exchangePointId\\\/0\\\/token\\\/b28c1d1af046be541b82865c019bc35d\",\"request_method\":\"GET\",\"request_bodys\":[],\"response_code\":200,\"response_body\":\"{\\\"code\\\":1,\\\"msg\\\":\\\"\\\\u67e5\\\\u8be2\\\\u6b63\\\\u5e38\\\",\\\"status_code\\\":1000,\\\"data\\\":{\\\"dataList\\\":[{\\\"id\\\":\\\"5027398538\\\",\\\"name\\\":\\\"\\\\u674e\\\\u6587\\\\u8d77\\\",\\\"phone\\\":\\\"13373944332\\\",\\\"email\\\":\\\"524256@qq.com\\\",\\\"logo\\\":null,\\\"status\\\":\\\"10\\\",\\\"verify_status\\\":\\\"30\\\",\\\"create_time\\\":\\\"2018-06-04 11:45:08\\\",\\\"update_time\\\":\\\"1528083908\\\",\\\"create_user\\\":\\\"5027398538\\\",\\\"update_user\\\":\\\"5027398538\\\",\\\"del_flg\\\":\\\"0\\\"},{\\\"id\\\":\\\"1447247968\\\",\\\"name\\\":\\\"\\\\u6d4b\\\\u8bd5\\\\u516c\\\\u53f8\\\",\\\"phone\\\":\\\"13161934946\\\",\\\"email\\\":\\\"123456789@qq.com\\\",\\\"logo\\\":null,\\\"status\\\":\\\"10\\\",\\\"verify_status\\\":\\\"30\\\",\\\"create_time\\\":\\\"2018-05-28 14:12:44\\\",\\\"update_time\\\":\\\"1527487964\\\",\\\"create_user\\\":\\\"1447247968\\\",\\\"update_user\\\":\\\"1447247968\\\",\\\"del_flg\\\":\\\"0\\\"}],\\\"totalRecord\\\":\\\"2\\\"}}\",\"response_errorMessage\":null}","topic":""}
[2018-06-25 18:42:24,928] [31552] RunTime: 0.0000 s
 - INFO 
 - RestClient.doGet(D:\wamp\www\wscloud\backoffice\ThinkPHP\Library\Vendor\ApiGateway\RestClient.php:49)
 - {"message":"rest client","data":"{\"request_host\":\"http:\\\/\\\/localhost:133\\\/Home\",\"request_path\":\"\\\/System\\\/getSystemSetting\\\/companyId\\\/1447247968\\\/type\\\/20\\\/token\\\/b28c1d1af046be541b82865c019bc35d\",\"request_method\":\"GET\",\"request_bodys\":[],\"response_code\":200,\"response_body\":\"{\\\"code\\\":1,\\\"msg\\\":\\\"\\\\u67e5\\\\u8be2\\\\u6210\\\\u529f\\\",\\\"status_code\\\":4025,\\\"data\\\":{\\\"value\\\":\\\"0\\\"}}\",\"response_errorMessage\":null}","topic":""}
[2018-06-25 18:42:25,000] [31552] RunTime: 0.0722 s
 - INFO 
 - RestClient.doGet(D:\wamp\www\wscloud\backoffice\ThinkPHP\Library\Vendor\ApiGateway\RestClient.php:49)
 - {"message":"rest client","data":"{\"request_host\":\"http:\\\/\\\/localhost:133\\\/Home\",\"request_path\":\"\\\/Admin\\\/getAdminMsgCount\\\/status\\\/10\\\/token\\\/b28c1d1af046be541b82865c019bc35d\",\"request_method\":\"GET\",\"request_bodys\":[],\"response_code\":200,\"response_body\":\"{\\\"code\\\":1,\\\"msg\\\":\\\"\\\\u67e5\\\\u8be2\\\\u6210\\\\u529f\\\",\\\"status_code\\\":4025,\\\"data\\\":\\\"0\\\"}\",\"response_errorMessage\":null}","topic":""}
[2018-06-25 18:42:26,337] [31552] RunTime: 0.0000 s
 - INFO 
 - RestClient.doGet(D:\wamp\www\wscloud\backoffice\ThinkPHP\Library\Vendor\ApiGateway\RestClient.php:49)
 - {"message":"rest client","data":"{\"request_host\":\"http:\\\/\\\/localhost:133\\\/Home\",\"request_path\":\"\\\/GroupsService\\\/groupsLists\\\/name\\\/null\\\/companyId\\\/1447247968\\\/pageSize\\\/10\\\/pageNo\\\/1\\\/token\\\/b28c1d1af046be541b82865c019bc35d\",\"request_method\":\"GET\",\"request_bodys\":[],\"response_code\":200,\"response_body\":\"{\\\"code\\\":1,\\\"msg\\\":\\\"\\\\u67e5\\\\u8be2\\\\u6b63\\\\u5e38\\\",\\\"status_code\\\":1000,\\\"data\\\":{\\\"dataList\\\":[{\\\"id\\\":\\\"1326183120\\\",\\\"company_id\\\":\\\"1447247968\\\",\\\"name\\\":\\\"\\\\u5206\\\\u7ec4\\\",\\\"type\\\":\\\"10\\\",\\\"create_time\\\":\\\"1527671028\\\",\\\"update_time\\\":\\\"1527671028\\\",\\\"del_flg\\\":\\\"0\\\",\\\"type_name\\\":\\\"\\\\u8f66\\\\u8f86\\\\u5206\\\\u7ec4\\\"},{\\\"id\\\":\\\"5353621456\\\",\\\"company_id\\\":\\\"1447247968\\\",\\\"name\\\":\\\"\\\\u8f66\\\\u961f\\\\u4e00\\\",\\\"type\\\":\\\"10\\\",\\\"create_time\\\":\\\"1527564231\\\",\\\"update_time\\\":\\\"1527564231\\\",\\\"del_flg\\\":\\\"0\\\",\\\"type_name\\\":\\\"\\\\u8f66\\\\u8f86\\\\u5206\\\\u7ec4\\\"},{\\\"id\\\":\\\"9582847534\\\",\\\"company_id\\\":\\\"1447247968\\\",\\\"name\\\":\\\"\\\\u8f66\\\\u961f\\\\u4e00\\\",\\\"type\\\":\\\"10\\\",\\\"create_time\\\":\\\"1527488642\\\",\\\"update_time\\\":\\\"1527488642\\\",\\\"del_flg\\\":\\\"0\\\",\\\"type_name\\\":\\\"\\\\u8f66\\\\u8f86\\\\u5206\\\\u7ec4\\\"}],\\\"totalRecord\\\":\\\"3\\\"}}\",\"response_errorMessage\":null}","topic":""}
[2018-06-25 18:42:28,014] [31552] RunTime: 0.0000 s
 - INFO 
 - RestClient.doGet(D:\wamp\www\wscloud\backoffice\ThinkPHP\Library\Vendor\ApiGateway\RestClient.php:49)
 - {"message":"rest client","data":"{\"request_host\":\"http:\\\/\\\/localhost:133\\\/Home\",\"request_path\":\"\\\/System\\\/getSystemSetting\\\/companyId\\\/1447247968\\\/type\\\/20\\\/token\\\/b28c1d1af046be541b82865c019bc35d\",\"request_method\":\"GET\",\"request_bodys\":[],\"response_code\":200,\"response_body\":\"{\\\"code\\\":1,\\\"msg\\\":\\\"\\\\u67e5\\\\u8be2\\\\u6210\\\\u529f\\\",\\\"status_code\\\":4025,\\\"data\\\":{\\\"value\\\":\\\"0\\\"}}\",\"response_errorMessage\":null}","topic":""}
[2018-06-25 18:42:28,085] [31552] RunTime: 0.0716 s
 - INFO 
 - RestClient.doGet(D:\wamp\www\wscloud\backoffice\ThinkPHP\Library\Vendor\ApiGateway\RestClient.php:49)
 - {"message":"rest client","data":"{\"request_host\":\"http:\\\/\\\/localhost:133\\\/Home\",\"request_path\":\"\\\/Admin\\\/getAdminMsgCount\\\/status\\\/10\\\/token\\\/b28c1d1af046be541b82865c019bc35d\",\"request_method\":\"GET\",\"request_bodys\":[],\"response_code\":200,\"response_body\":\"{\\\"code\\\":1,\\\"msg\\\":\\\"\\\\u67e5\\\\u8be2\\\\u6210\\\\u529f\\\",\\\"status_code\\\":4025,\\\"data\\\":\\\"0\\\"}\",\"response_errorMessage\":null}","topic":""}
[2018-06-25 18:42:28,523] [31552] RunTime: 0.0000 s
 - INFO 
 - RestClient.doGet(D:\wamp\www\wscloud\backoffice\ThinkPHP\Library\Vendor\ApiGateway\RestClient.php:49)
 - {"message":"rest client","data":"{\"request_host\":\"http:\\\/\\\/localhost:133\\\/Home\",\"request_path\":\"\\\/DriverService\\\/driverLists\\\/name\\\/null\\\/status\\\/null\\\/phone\\\/null\\\/companyId\\\/1447247968\\\/account\\\/null\\\/pageSize\\\/10\\\/pageNo\\\/1\\\/token\\\/b28c1d1af046be541b82865c019bc35d\",\"request_method\":\"GET\",\"request_bodys\":[],\"response_code\":200,\"response_body\":\"{\\\"code\\\":1,\\\"msg\\\":\\\"\\\\u67e5\\\\u8be2\\\\u6b63\\\\u5e38\\\",\\\"status_code\\\":1000,\\\"data\\\":{\\\"dataList\\\":[{\\\"id\\\":\\\"3630441951\\\",\\\"company_id\\\":\\\"1447247968\\\",\\\"name\\\":\\\"\\\\u82cf\\\\u658c\\\",\\\"sex\\\":\\\"1\\\",\\\"phone\\\":\\\"13161934946\\\",\\\"account\\\":\\\"account\\\",\\\"password\\\":\\\"e10adc3949ba59abbe56e057f20f883e\\\",\\\"ws_open_id\\\":\\\"\\\\\\\/4kuEdp3errRSrfkM3HiKf17NgRVpwliTpbwFge6WM2HBWKM7DzrvYaKKWMlUuCB\\\",\\\"certification_code\\\":\\\"412722198901207377\\\",\\\"certification_expire_time\\\":\\\"2018-06-12\\\",\\\"driving_age\\\":\\\"2\\\",\\\"status\\\":\\\"10\\\",\\\"create_time\\\":\\\"2018-06-11 13:25:40\\\",\\\"update_time\\\":\\\"1528694740\\\",\\\"create_user\\\":\\\"1518614752\\\",\\\"update_user\\\":\\\"1518614752\\\",\\\"del_flg\\\":\\\"0\\\",\\\"status_name\\\":\\\"\\\\u6b63\\\\u5e38\\\",\\\"sex_name\\\":\\\"\\\\u7537\\\"},{\\\"id\\\":\\\"4981385218\\\",\\\"company_id\\\":\\\"1447247968\\\",\\\"name\\\":\\\"\\\\u674e\\\\u6587\\\",\\\"sex\\\":\\\"1\\\",\\\"phone\\\":\\\"13373944333\\\",\\\"account\\\":\\\"lwq1\\\",\\\"password\\\":\\\"e10adc3949ba59abbe56e057f20f883e\\\",\\\"ws_open_id\\\":\\\"TofEMkxYZHuA3TPq7ovRwiKD0RIxaaGrtOEE9emYfFAP6+vMpPCyv77UlzAzkrxI\\\",\\\"certification_code\\\":\\\"412722198901203737\\\",\\\"certification_expire_time\\\":\\\"2018-05-29\\\",\\\"driving_age\\\":\\\"2\\\",\\\"status\\\":\\\"10\\\",\\\"create_time\\\":\\\"2018-05-29 16:26:23\\\",\\\"update_time\\\":\\\"1527582383\\\",\\\"create_user\\\":\\\"1518614752\\\",\\\"update_user\\\":\\\"1518614752\\\",\\\"del_flg\\\":\\\"0\\\",\\\"status_name\\\":\\\"\\\\u6b63\\\\u5e38\\\",\\\"sex_name\\\":\\\"\\\\u7537\\\"},{\\\"id\\\":\\\"3615201082\\\",\\\"company_id\\\":\\\"1447247968\\\",\\\"name\\\":\\\"\\\\u674e\\\\u6587\\\\u7426\\\",\\\"sex\\\":\\\"1\\\",\\\"phone\\\":\\\"13373944332\\\",\\\"account\\\":\\\"lwq\\\",\\\"password\\\":\\\"e10adc3949ba59abbe56e057f20f883e\\\",\\\"ws_open_id\\\":\\\"TN\\\\\\\/8RsJq6LDOpUUeomFJFvkatoq+dNeo97G0XmV5ucU3foyb+x4\\\\\\\/1cF8CR99NZYl\\\",\\\"certification_code\\\":\\\"412722198901203737\\\",\\\"certification_expire_time\\\":\\\"2018-05-28\\\",\\\"driving_age\\\":\\\"2\\\",\\\"status\\\":\\\"10\\\",\\\"create_time\\\":\\\"2018-05-28 18:26:23\\\",\\\"update_time\\\":\\\"1527503183\\\",\\\"create_user\\\":\\\"1518614752\\\",\\\"update_user\\\":\\\"1518614752\\\",\\\"del_flg\\\":\\\"0\\\",\\\"status_name\\\":\\\"\\\\u6b63\\\\u5e38\\\",\\\"sex_name\\\":\\\"\\\\u7537\\\"},{\\\"id\\\":\\\"5184275209\\\",\\\"company_id\\\":\\\"1447247968\\\",\\\"name\\\":\\\"\\\\u82cf\\\\u5f6c\\\",\\\"sex\\\":\\\"1\\\",\\\"phone\\\":\\\"13161934946\\\",\\\"account\\\":\\\"subin\\\",\\\"password\\\":\\\"e10adc3949ba59abbe56e057f20f883e\\\",\\\"ws_open_id\\\":\\\"e169P6OYJz4R79Okc9QEaURvkp50qCSjvo2GQ3MXZaO\\\\\\\/Ee+TNH1x5IatGs7wlocH\\\",\\\"certification_code\\\":\\\"130625199205153458\\\",\\\"certification_expire_time\\\":\\\"2018-05-28\\\",\\\"driving_age\\\":\\\"2\\\",\\\"status\\\":\\\"10\\\",\\\"create_time\\\":\\\"2018-05-28 14:23:12\\\",\\\"update_time\\\":\\\"1527488592\\\",\\\"create_user\\\":\\\"2517844598\\\",\\\"update_user\\\":\\\"2517844598\\\",\\\"del_flg\\\":\\\"0\\\",\\\"status_name\\\":\\\"\\\\u6b63\\\\u5e38\\\",\\\"sex_name\\\":\\\"\\\\u7537\\\"}],\\\"totalRecord\\\":\\\"4\\\"}}\",\"response_errorMessage\":null}","topic":""}
