[2018-12-05 16:29:22,389] [9248] RunTime: 0.0000 s
 - INFO 
 - RestClient.doGet(D:\wamp\www\wscloud\backoffice\ThinkPHP\Library\Vendor\ApiGateway\RestClient.php:49)
 - {"message":"rest client","data":"{\"request_host\":\"http:\\\/\\\/localhost:133\\\/Home\",\"request_path\":\"\\\/System\\\/getSystemSetting\\\/companyId\\\/\\\/type\\\/20\\\/token\\\/null\",\"request_method\":\"GET\",\"request_bodys\":[],\"response_code\":200,\"response_body\":\"{\\\"code\\\":0,\\\"msg\\\":\\\"token\\\\u8fc7\\\\u671f\\\",\\\"status_code\\\":2001}\",\"response_errorMessage\":null}","topic":""}
[2018-12-05 16:29:22,486] [9248] RunTime: 0.0970 s
 - INFO 
 - RestClient.doGet(D:\wamp\www\wscloud\backoffice\ThinkPHP\Library\Vendor\ApiGateway\RestClient.php:49)
 - {"message":"rest client","data":"{\"request_host\":\"http:\\\/\\\/localhost:133\\\/Home\",\"request_path\":\"\\\/Admin\\\/getAdminMsgCount\\\/status\\\/10\\\/token\\\/null\",\"request_method\":\"GET\",\"request_bodys\":[],\"response_code\":200,\"response_body\":\"{\\\"code\\\":0,\\\"msg\\\":\\\"token\\\\u8fc7\\\\u671f\\\",\\\"status_code\\\":2001}\",\"response_errorMessage\":null}","topic":""}
[2018-12-05 16:29:30,653] [9248] RunTime: 0.0000 s
 - INFO 
 - RestClient.doGet(D:\wamp\www\wscloud\backoffice\ThinkPHP\Library\Vendor\ApiGateway\RestClient.php:49)
 - {"message":"rest client","data":"{\"request_host\":\"http:\\\/\\\/localhost:133\\\/Home\",\"request_path\":\"\\\/login\\\/login\\\/account\\\/13161934946\\\/password\\\/123456\\\/type\\\/10\\\/token\\\/null\",\"request_method\":\"GET\",\"request_bodys\":[],\"response_code\":200,\"response_body\":\"{\\\"code\\\":1,\\\"msg\\\":\\\"\\\\u767b\\\\u5f55\\\\u6210\\\\u529f\\\",\\\"status_code\\\":3000,\\\"data\\\":{\\\"company_id\\\":\\\"1447247968\\\",\\\"name\\\":\\\"\\\\u6d4b\\\\u8bd5\\\\u516c\\\\u53f8\\\",\\\"account\\\":\\\"13161934946\\\",\\\"phone\\\":\\\"13161934946\\\",\\\"email\\\":\\\"123456789@qq.com\\\",\\\"password\\\":\\\"e10adc3949ba59abbe56e057f20f883e\\\",\\\"right\\\":\\\"1,100,110,120,200,210,220,230,300,310,320,400,410,420,430,500,510,520,600,610,620,700,710,720,730,2,1000,1010,1100,1110\\\",\\\"status\\\":\\\"10\\\",\\\"type\\\":\\\"20\\\",\\\"create_time\\\":\\\"1527487964\\\",\\\"create_user\\\":\\\"2517844598\\\",\\\"update_time\\\":\\\"1528868703\\\",\\\"update_user\\\":\\\"2517844598\\\",\\\"del_flg\\\":\\\"0\\\",\\\"company_name\\\":\\\"\\\\u6d4b\\\\u8bd5\\\\u516c\\\\u53f8\\\",\\\"token\\\":\\\"70665cc7e4b47a01671d20c4131fd653\\\",\\\"refresh_token\\\":\\\"70665cc7e4b47a01671d20c4131fd653\\\"}}\",\"response_errorMessage\":null}","topic":""}
[2018-12-05 16:29:30,832] [9248] RunTime: 0.0000 s
 - INFO 
 - RestClient.doGet(D:\wamp\www\wscloud\backoffice\ThinkPHP\Library\Vendor\ApiGateway\RestClient.php:49)
 - {"message":"rest client","data":"{\"request_host\":\"http:\\\/\\\/localhost:133\\\/Home\",\"request_path\":\"\\\/Company\\\/checkStatus\\\/companyId\\\/1447247968\\\/token\\\/70665cc7e4b47a01671d20c4131fd653\",\"request_method\":\"GET\",\"request_bodys\":[],\"response_code\":200,\"response_body\":\"{\\\"code\\\":1,\\\"msg\\\":\\\"\\\\u67e5\\\\u8be2\\\\u6b63\\\\u5e38\\\",\\\"status_code\\\":1000,\\\"data\\\":{\\\"id\\\":\\\"1447247968\\\",\\\"name\\\":\\\"\\\\u6d4b\\\\u8bd5\\\\u516c\\\\u53f8\\\",\\\"phone\\\":\\\"13161934946\\\",\\\"email\\\":\\\"123456789@qq.com\\\",\\\"logo\\\":null,\\\"status\\\":\\\"10\\\",\\\"verify_status\\\":\\\"30\\\",\\\"create_time\\\":\\\"1527487964\\\",\\\"update_time\\\":\\\"1529992663\\\",\\\"create_user\\\":\\\"1447247968\\\",\\\"update_user\\\":\\\"1447247968\\\",\\\"del_flg\\\":\\\"0\\\",\\\"verify_status_str\\\":\\\"\\\\u5ba1\\\\u6838\\\\u901a\\\\u8fc7\\\"}}\",\"response_errorMessage\":null}","topic":""}
[2018-12-05 16:29:30,959] [9248] RunTime: 0.1273 s
 - INFO 
 - RestClient.doGet(D:\wamp\www\wscloud\backoffice\ThinkPHP\Library\Vendor\ApiGateway\RestClient.php:49)
 - {"message":"rest client","data":"{\"request_host\":\"http:\\\/\\\/localhost:133\\\/Home\",\"request_path\":\"\\\/DrivingMonitor\\\/statBehavior\\\/companyId\\\/1447247968\\\/startTime\\\/1541406570\\\/endTime\\\/1543998570\\\/token\\\/70665cc7e4b47a01671d20c4131fd653\",\"request_method\":\"GET\",\"request_bodys\":[],\"response_code\":200,\"response_body\":\"{\\\"code\\\":1,\\\"msg\\\":\\\"\\\\u67e5\\\\u8be2\\\\u6210\\\\u529f\\\",\\\"status_code\\\":4025,\\\"data\\\":[]}\",\"response_errorMessage\":null}","topic":""}
[2018-12-05 16:29:31,056] [9248] RunTime: 0.2240 s
 - INFO 
 - RestClient.doGet(D:\wamp\www\wscloud\backoffice\ThinkPHP\Library\Vendor\ApiGateway\RestClient.php:49)
 - {"message":"rest client","data":"{\"request_host\":\"http:\\\/\\\/localhost:133\\\/Home\",\"request_path\":\"\\\/System\\\/getSystemSetting\\\/companyId\\\/1447247968\\\/type\\\/20\\\/token\\\/70665cc7e4b47a01671d20c4131fd653\",\"request_method\":\"GET\",\"request_bodys\":[],\"response_code\":200,\"response_body\":\"{\\\"code\\\":1,\\\"msg\\\":\\\"\\\\u67e5\\\\u8be2\\\\u6210\\\\u529f\\\",\\\"status_code\\\":4025,\\\"data\\\":{\\\"value\\\":\\\"1\\\"}}\",\"response_errorMessage\":null}","topic":""}
[2018-12-05 16:29:31,120] [9248] RunTime: 0.2876 s
 - INFO 
 - RestClient.doGet(D:\wamp\www\wscloud\backoffice\ThinkPHP\Library\Vendor\ApiGateway\RestClient.php:49)
 - {"message":"rest client","data":"{\"request_host\":\"http:\\\/\\\/localhost:133\\\/Home\",\"request_path\":\"\\\/Admin\\\/getAdminMsgCount\\\/status\\\/10\\\/token\\\/70665cc7e4b47a01671d20c4131fd653\",\"request_method\":\"GET\",\"request_bodys\":[],\"response_code\":200,\"response_body\":\"{\\\"code\\\":1,\\\"msg\\\":\\\"\\\\u67e5\\\\u8be2\\\\u6210\\\\u529f\\\",\\\"status_code\\\":4025,\\\"data\\\":\\\"0\\\"}\",\"response_errorMessage\":null}","topic":""}
[2018-12-05 16:29:31,664] [9248] RunTime: 0.0000 s
 - INFO 
 - RestClient.doGet(D:\wamp\www\wscloud\backoffice\ThinkPHP\Library\Vendor\ApiGateway\RestClient.php:49)
 - {"message":"rest client","data":"{\"request_host\":\"http:\\\/\\\/localhost:133\\\/Home\",\"request_path\":\"\\\/DrivingMonitor\\\/statByTimeGroup\\\/companyId\\\/1447247968\\\/startTime\\\/1543680000\\\/endTime\\\/1544025600\\\/token\\\/70665cc7e4b47a01671d20c4131fd653\",\"request_method\":\"GET\",\"request_bodys\":[],\"response_code\":200,\"response_body\":\"{\\\"code\\\":1,\\\"msg\\\":\\\"\\\\u67e5\\\\u8be2\\\\u6210\\\\u529f\\\",\\\"status_code\\\":4025,\\\"data\\\":[]}\",\"response_errorMessage\":null}","topic":""}
[2018-12-05 16:29:34,611] [9248] RunTime: 0.0000 s
 - INFO 
 - RestClient.doGet(D:\wamp\www\wscloud\backoffice\ThinkPHP\Library\Vendor\ApiGateway\RestClient.php:49)
 - {"message":"rest client","data":"{\"request_host\":\"http:\\\/\\\/localhost:133\\\/Home\",\"request_path\":\"\\\/System\\\/getSystemSetting\\\/companyId\\\/1447247968\\\/type\\\/20\\\/token\\\/70665cc7e4b47a01671d20c4131fd653\",\"request_method\":\"GET\",\"request_bodys\":[],\"response_code\":200,\"response_body\":\"{\\\"code\\\":1,\\\"msg\\\":\\\"\\\\u67e5\\\\u8be2\\\\u6210\\\\u529f\\\",\\\"status_code\\\":4025,\\\"data\\\":{\\\"value\\\":\\\"1\\\"}}\",\"response_errorMessage\":null}","topic":""}
[2018-12-05 16:29:34,712] [9248] RunTime: 0.1012 s
 - INFO 
 - RestClient.doGet(D:\wamp\www\wscloud\backoffice\ThinkPHP\Library\Vendor\ApiGateway\RestClient.php:49)
 - {"message":"rest client","data":"{\"request_host\":\"http:\\\/\\\/localhost:133\\\/Home\",\"request_path\":\"\\\/Admin\\\/getAdminMsgCount\\\/status\\\/10\\\/token\\\/70665cc7e4b47a01671d20c4131fd653\",\"request_method\":\"GET\",\"request_bodys\":[],\"response_code\":200,\"response_body\":\"{\\\"code\\\":1,\\\"msg\\\":\\\"\\\\u67e5\\\\u8be2\\\\u6210\\\\u529f\\\",\\\"status_code\\\":4025,\\\"data\\\":\\\"0\\\"}\",\"response_errorMessage\":null}","topic":""}
[2018-12-05 16:29:35,159] [9248] RunTime: 0.0000 s
 - INFO 
 - RestClient.doGet(D:\wamp\www\wscloud\backoffice\ThinkPHP\Library\Vendor\ApiGateway\RestClient.php:49)
 - {"message":"rest client","data":"{\"request_host\":\"http:\\\/\\\/localhost:133\\\/Home\",\"request_path\":\"\\\/Device\\\/deviceLists\\\/name\\\/null\\\/serialNo\\\/null\\\/companyId\\\/1447247968\\\/pageSize\\\/10\\\/pageNo\\\/1\\\/token\\\/70665cc7e4b47a01671d20c4131fd653\",\"request_method\":\"GET\",\"request_bodys\":[],\"response_code\":200,\"response_body\":\"{\\\"code\\\":1,\\\"msg\\\":\\\"\\\\u67e5\\\\u8be2\\\\u6b63\\\\u5e38\\\",\\\"status_code\\\":1000,\\\"data\\\":{\\\"dataList\\\":[{\\\"id\\\":\\\"6966521341\\\",\\\"company_id\\\":\\\"1447247968\\\",\\\"serial_no\\\":\\\"869455045023047\\\",\\\"name\\\":\\\"\\\\u5fae\\\\u89c6\\\\u5c0f\\\\u79d8\\\",\\\"type\\\":\\\"10\\\",\\\"model\\\":\\\"\\\\u5ba2\\\\u8f66\\\\u4e13\\\\u7528\\\",\\\"status\\\":\\\"10\\\",\\\"create_time\\\":\\\"2018-10-09 13:24:29\\\",\\\"update_time\\\":\\\"1539062669\\\",\\\"create_user\\\":\\\"1518614752\\\",\\\"update_user\\\":\\\"1518614752\\\",\\\"del_flg\\\":\\\"0\\\",\\\"company_name\\\":\\\"\\\\u6d4b\\\\u8bd5\\\\u516c\\\\u53f8\\\",\\\"status_str\\\":\\\"\\\\u6b63\\\\u5e38\\\",\\\"type_str\\\":\\\"\\\\u5fae\\\\u89c6\\\\u6444\\\\u50cf\\\\u5934\\\",\\\"active_str\\\":null,\\\"position_info\\\":false,\\\"device_line_status\\\":20,\\\"device_line_status_str\\\":\\\"\\\\u79bb\\\\u7ebf\\\"},{\\\"id\\\":\\\"6170405839\\\",\\\"company_id\\\":\\\"1447247968\\\",\\\"serial_no\\\":\\\"11212\\\",\\\"name\\\":\\\"\\\\u4f1a\\\\u66f4\\\\u597d\\\",\\\"type\\\":\\\"10\\\",\\\"model\\\":\\\"\\\\u54c8\\\\u54c8\\\",\\\"status\\\":\\\"10\\\",\\\"create_time\\\":\\\"2018-08-01 11:26:50\\\",\\\"update_time\\\":\\\"1533094010\\\",\\\"create_user\\\":\\\"2517844598\\\",\\\"update_user\\\":\\\"2517844598\\\",\\\"del_flg\\\":\\\"0\\\",\\\"company_name\\\":\\\"\\\\u6d4b\\\\u8bd5\\\\u516c\\\\u53f8\\\",\\\"status_str\\\":\\\"\\\\u6b63\\\\u5e38\\\",\\\"type_str\\\":\\\"\\\\u5fae\\\\u89c6\\\\u6444\\\\u50cf\\\\u5934\\\",\\\"active_str\\\":null,\\\"position_info\\\":false,\\\"device_line_status\\\":20,\\\"device_line_status_str\\\":\\\"\\\\u79bb\\\\u7ebf\\\"},{\\\"id\\\":\\\"8606702515\\\",\\\"company_id\\\":\\\"1447247968\\\",\\\"serial_no\\\":\\\"12535\\\",\\\"name\\\":\\\"\\\\u6444\\\\u50cf\\\\u59342\\\",\\\"type\\\":\\\"10\\\",\\\"model\\\":\\\"2018\\\",\\\"status\\\":\\\"10\\\",\\\"create_time\\\":\\\"2018-05-30 16:39:33\\\",\\\"update_time\\\":\\\"1527669573\\\",\\\"create_user\\\":\\\"1518614752\\\",\\\"update_user\\\":\\\"1518614752\\\",\\\"del_flg\\\":\\\"0\\\",\\\"company_name\\\":\\\"\\\\u6d4b\\\\u8bd5\\\\u516c\\\\u53f8\\\",\\\"status_str\\\":\\\"\\\\u6b63\\\\u5e38\\\",\\\"type_str\\\":\\\"\\\\u5fae\\\\u89c6\\\\u6444\\\\u50cf\\\\u5934\\\",\\\"active_str\\\":null,\\\"position_info\\\":false,\\\"device_line_status\\\":20,\\\"device_line_status_str\\\":\\\"\\\\u79bb\\\\u7ebf\\\"},{\\\"id\\\":\\\"8647758673\\\",\\\"company_id\\\":\\\"1447247968\\\",\\\"serial_no\\\":\\\"12345\\\",\\\"name\\\":\\\"\\\\u8bbe\\\\u5907\\\\u4e8c\\\",\\\"type\\\":\\\"10\\\",\\\"model\\\":\\\"x2018\\\",\\\"status\\\":\\\"10\\\",\\\"create_time\\\":\\\"2018-05-29 14:52:29\\\",\\\"update_time\\\":\\\"1527576749\\\",\\\"create_user\\\":\\\"2517844598\\\",\\\"update_user\\\":\\\"2517844598\\\",\\\"del_flg\\\":\\\"0\\\",\\\"company_name\\\":\\\"\\\\u6d4b\\\\u8bd5\\\\u516c\\\\u53f8\\\",\\\"status_str\\\":\\\"\\\\u6b63\\\\u5e38\\\",\\\"type_str\\\":\\\"\\\\u5fae\\\\u89c6\\\\u6444\\\\u50cf\\\\u5934\\\",\\\"active_str\\\":null,\\\"position_info\\\":false,\\\"device_line_status\\\":20,\\\"device_line_status_str\\\":\\\"\\\\u79bb\\\\u7ebf\\\"},{\\\"id\\\":\\\"8647758674\\\",\\\"company_id\\\":\\\"1447247968\\\",\\\"serial_no\\\":\\\"1234567\\\",\\\"name\\\":\\\"\\\\u8bbe\\\\u5907\\\\u4e09\\\",\\\"type\\\":\\\"10\\\",\\\"model\\\":\\\"x2018\\\",\\\"status\\\":\\\"10\\\",\\\"create_time\\\":\\\"2018-05-29 14:52:29\\\",\\\"update_time\\\":\\\"1527576749\\\",\\\"create_user\\\":\\\"2517844598\\\",\\\"update_user\\\":\\\"2517844598\\\",\\\"del_flg\\\":\\\"0\\\",\\\"company_name\\\":\\\"\\\\u6d4b\\\\u8bd5\\\\u516c\\\\u53f8\\\",\\\"status_str\\\":\\\"\\\\u6b63\\\\u5e38\\\",\\\"type_str\\\":\\\"\\\\u5fae\\\\u89c6\\\\u6444\\\\u50cf\\\\u5934\\\",\\\"active_str\\\":null,\\\"position_info\\\":false,\\\"device_line_status\\\":20,\\\"device_line_status_str\\\":\\\"\\\\u79bb\\\\u7ebf\\\"},{\\\"id\\\":\\\"7882128443\\\",\\\"company_id\\\":\\\"1447247968\\\",\\\"serial_no\\\":\\\"12456\\\",\\\"name\\\":\\\"\\\\u536b\\\\u89c6\\\\u5c0f\\\\u79d8\\\",\\\"type\\\":\\\"10\\\",\\\"model\\\":\\\"2018\\\",\\\"status\\\":\\\"10\\\",\\\"create_time\\\":\\\"2018-05-28 14:20:43\\\",\\\"update_time\\\":\\\"1527488443\\\",\\\"create_user\\\":\\\"2517844598\\\",\\\"update_user\\\":\\\"2517844598\\\",\\\"del_flg\\\":\\\"0\\\",\\\"company_name\\\":\\\"\\\\u6d4b\\\\u8bd5\\\\u516c\\\\u53f8\\\",\\\"status_str\\\":\\\"\\\\u6b63\\\\u5e38\\\",\\\"type_str\\\":\\\"\\\\u5fae\\\\u89c6\\\\u6444\\\\u50cf\\\\u5934\\\",\\\"active_str\\\":null,\\\"position_info\\\":false,\\\"device_line_status\\\":20,\\\"device_line_status_str\\\":\\\"\\\\u79bb\\\\u7ebf\\\"}],\\\"totalRecord\\\":\\\"6\\\"}}\",\"response_errorMessage\":null}","topic":""}
[2018-12-05 16:29:38,732] [9248] RunTime: 0.0000 s
 - INFO 
 - RestClient.doGet(D:\wamp\www\wscloud\backoffice\ThinkPHP\Library\Vendor\ApiGateway\RestClient.php:49)
 - {"message":"rest client","data":"{\"request_host\":\"http:\\\/\\\/localhost:133\\\/Home\",\"request_path\":\"\\\/System\\\/getSystemSetting\\\/companyId\\\/1447247968\\\/type\\\/20\\\/token\\\/70665cc7e4b47a01671d20c4131fd653\",\"request_method\":\"GET\",\"request_bodys\":[],\"response_code\":200,\"response_body\":\"{\\\"code\\\":1,\\\"msg\\\":\\\"\\\\u67e5\\\\u8be2\\\\u6210\\\\u529f\\\",\\\"status_code\\\":4025,\\\"data\\\":{\\\"value\\\":\\\"1\\\"}}\",\"response_errorMessage\":null}","topic":""}
[2018-12-05 16:29:38,809] [9248] RunTime: 0.0770 s
 - INFO 
 - RestClient.doGet(D:\wamp\www\wscloud\backoffice\ThinkPHP\Library\Vendor\ApiGateway\RestClient.php:49)
 - {"message":"rest client","data":"{\"request_host\":\"http:\\\/\\\/localhost:133\\\/Home\",\"request_path\":\"\\\/Admin\\\/getAdminMsgCount\\\/status\\\/10\\\/token\\\/70665cc7e4b47a01671d20c4131fd653\",\"request_method\":\"GET\",\"request_bodys\":[],\"response_code\":200,\"response_body\":\"{\\\"code\\\":1,\\\"msg\\\":\\\"\\\\u67e5\\\\u8be2\\\\u6210\\\\u529f\\\",\\\"status_code\\\":4025,\\\"data\\\":\\\"0\\\"}\",\"response_errorMessage\":null}","topic":""}
[2018-12-05 16:29:39,361] [9248] RunTime: 0.0000 s
 - INFO 
 - RestClient.doGet(D:\wamp\www\wscloud\backoffice\ThinkPHP\Library\Vendor\ApiGateway\RestClient.php:49)
 - {"message":"rest client","data":"{\"request_host\":\"http:\\\/\\\/localhost:133\\\/Home\",\"request_path\":\"\\\/Device\\\/deviceLists\\\/name\\\/null\\\/serialNo\\\/null\\\/companyId\\\/1447247968\\\/pageSize\\\/10\\\/pageNo\\\/1\\\/token\\\/70665cc7e4b47a01671d20c4131fd653\",\"request_method\":\"GET\",\"request_bodys\":[],\"response_code\":200,\"response_body\":\"{\\\"code\\\":1,\\\"msg\\\":\\\"\\\\u67e5\\\\u8be2\\\\u6b63\\\\u5e38\\\",\\\"status_code\\\":1000,\\\"data\\\":{\\\"dataList\\\":[{\\\"id\\\":\\\"6966521341\\\",\\\"company_id\\\":\\\"1447247968\\\",\\\"serial_no\\\":\\\"869455045023047\\\",\\\"name\\\":\\\"\\\\u5fae\\\\u89c6\\\\u5c0f\\\\u79d8\\\",\\\"type\\\":\\\"10\\\",\\\"model\\\":\\\"\\\\u5ba2\\\\u8f66\\\\u4e13\\\\u7528\\\",\\\"status\\\":\\\"10\\\",\\\"create_time\\\":\\\"2018-10-09 13:24:29\\\",\\\"update_time\\\":\\\"1539062669\\\",\\\"create_user\\\":\\\"1518614752\\\",\\\"update_user\\\":\\\"1518614752\\\",\\\"del_flg\\\":\\\"0\\\",\\\"company_name\\\":\\\"\\\\u6d4b\\\\u8bd5\\\\u516c\\\\u53f8\\\",\\\"status_str\\\":\\\"\\\\u6b63\\\\u5e38\\\",\\\"type_str\\\":\\\"\\\\u5fae\\\\u89c6\\\\u6444\\\\u50cf\\\\u5934\\\",\\\"active_str\\\":null,\\\"position_info\\\":false,\\\"device_line_status\\\":20,\\\"device_line_status_str\\\":\\\"\\\\u79bb\\\\u7ebf\\\"},{\\\"id\\\":\\\"6170405839\\\",\\\"company_id\\\":\\\"1447247968\\\",\\\"serial_no\\\":\\\"11212\\\",\\\"name\\\":\\\"\\\\u4f1a\\\\u66f4\\\\u597d\\\",\\\"type\\\":\\\"10\\\",\\\"model\\\":\\\"\\\\u54c8\\\\u54c8\\\",\\\"status\\\":\\\"10\\\",\\\"create_time\\\":\\\"2018-08-01 11:26:50\\\",\\\"update_time\\\":\\\"1533094010\\\",\\\"create_user\\\":\\\"2517844598\\\",\\\"update_user\\\":\\\"2517844598\\\",\\\"del_flg\\\":\\\"0\\\",\\\"company_name\\\":\\\"\\\\u6d4b\\\\u8bd5\\\\u516c\\\\u53f8\\\",\\\"status_str\\\":\\\"\\\\u6b63\\\\u5e38\\\",\\\"type_str\\\":\\\"\\\\u5fae\\\\u89c6\\\\u6444\\\\u50cf\\\\u5934\\\",\\\"active_str\\\":null,\\\"position_info\\\":false,\\\"device_line_status\\\":20,\\\"device_line_status_str\\\":\\\"\\\\u79bb\\\\u7ebf\\\"},{\\\"id\\\":\\\"8606702515\\\",\\\"company_id\\\":\\\"1447247968\\\",\\\"serial_no\\\":\\\"12535\\\",\\\"name\\\":\\\"\\\\u6444\\\\u50cf\\\\u59342\\\",\\\"type\\\":\\\"10\\\",\\\"model\\\":\\\"2018\\\",\\\"status\\\":\\\"10\\\",\\\"create_time\\\":\\\"2018-05-30 16:39:33\\\",\\\"update_time\\\":\\\"1527669573\\\",\\\"create_user\\\":\\\"1518614752\\\",\\\"update_user\\\":\\\"1518614752\\\",\\\"del_flg\\\":\\\"0\\\",\\\"company_name\\\":\\\"\\\\u6d4b\\\\u8bd5\\\\u516c\\\\u53f8\\\",\\\"status_str\\\":\\\"\\\\u6b63\\\\u5e38\\\",\\\"type_str\\\":\\\"\\\\u5fae\\\\u89c6\\\\u6444\\\\u50cf\\\\u5934\\\",\\\"active_str\\\":null,\\\"position_info\\\":false,\\\"device_line_status\\\":20,\\\"device_line_status_str\\\":\\\"\\\\u79bb\\\\u7ebf\\\"},{\\\"id\\\":\\\"8647758673\\\",\\\"company_id\\\":\\\"1447247968\\\",\\\"serial_no\\\":\\\"12345\\\",\\\"name\\\":\\\"\\\\u8bbe\\\\u5907\\\\u4e8c\\\",\\\"type\\\":\\\"10\\\",\\\"model\\\":\\\"x2018\\\",\\\"status\\\":\\\"10\\\",\\\"create_time\\\":\\\"2018-05-29 14:52:29\\\",\\\"update_time\\\":\\\"1527576749\\\",\\\"create_user\\\":\\\"2517844598\\\",\\\"update_user\\\":\\\"2517844598\\\",\\\"del_flg\\\":\\\"0\\\",\\\"company_name\\\":\\\"\\\\u6d4b\\\\u8bd5\\\\u516c\\\\u53f8\\\",\\\"status_str\\\":\\\"\\\\u6b63\\\\u5e38\\\",\\\"type_str\\\":\\\"\\\\u5fae\\\\u89c6\\\\u6444\\\\u50cf\\\\u5934\\\",\\\"active_str\\\":null,\\\"position_info\\\":false,\\\"device_line_status\\\":20,\\\"device_line_status_str\\\":\\\"\\\\u79bb\\\\u7ebf\\\"},{\\\"id\\\":\\\"8647758674\\\",\\\"company_id\\\":\\\"1447247968\\\",\\\"serial_no\\\":\\\"1234567\\\",\\\"name\\\":\\\"\\\\u8bbe\\\\u5907\\\\u4e09\\\",\\\"type\\\":\\\"10\\\",\\\"model\\\":\\\"x2018\\\",\\\"status\\\":\\\"10\\\",\\\"create_time\\\":\\\"2018-05-29 14:52:29\\\",\\\"update_time\\\":\\\"1527576749\\\",\\\"create_user\\\":\\\"2517844598\\\",\\\"update_user\\\":\\\"2517844598\\\",\\\"del_flg\\\":\\\"0\\\",\\\"company_name\\\":\\\"\\\\u6d4b\\\\u8bd5\\\\u516c\\\\u53f8\\\",\\\"status_str\\\":\\\"\\\\u6b63\\\\u5e38\\\",\\\"type_str\\\":\\\"\\\\u5fae\\\\u89c6\\\\u6444\\\\u50cf\\\\u5934\\\",\\\"active_str\\\":null,\\\"position_info\\\":false,\\\"device_line_status\\\":20,\\\"device_line_status_str\\\":\\\"\\\\u79bb\\\\u7ebf\\\"},{\\\"id\\\":\\\"7882128443\\\",\\\"company_id\\\":\\\"1447247968\\\",\\\"serial_no\\\":\\\"12456\\\",\\\"name\\\":\\\"\\\\u536b\\\\u89c6\\\\u5c0f\\\\u79d8\\\",\\\"type\\\":\\\"10\\\",\\\"model\\\":\\\"2018\\\",\\\"status\\\":\\\"10\\\",\\\"create_time\\\":\\\"2018-05-28 14:20:43\\\",\\\"update_time\\\":\\\"1527488443\\\",\\\"create_user\\\":\\\"2517844598\\\",\\\"update_user\\\":\\\"2517844598\\\",\\\"del_flg\\\":\\\"0\\\",\\\"company_name\\\":\\\"\\\\u6d4b\\\\u8bd5\\\\u516c\\\\u53f8\\\",\\\"status_str\\\":\\\"\\\\u6b63\\\\u5e38\\\",\\\"type_str\\\":\\\"\\\\u5fae\\\\u89c6\\\\u6444\\\\u50cf\\\\u5934\\\",\\\"active_str\\\":null,\\\"position_info\\\":false,\\\"device_line_status\\\":20,\\\"device_line_status_str\\\":\\\"\\\\u79bb\\\\u7ebf\\\"}],\\\"totalRecord\\\":\\\"6\\\"}}\",\"response_errorMessage\":null}","topic":""}
[2018-12-05 16:30:02,558] [9248] RunTime: 0.0000 s
 - INFO 
 - RestClient.doGet(D:\wamp\www\wscloud\backoffice\ThinkPHP\Library\Vendor\ApiGateway\RestClient.php:49)
 - {"message":"rest client","data":"{\"request_host\":\"http:\\\/\\\/localhost:133\\\/Home\",\"request_path\":\"\\\/System\\\/getSystemSetting\\\/companyId\\\/1447247968\\\/type\\\/20\\\/token\\\/70665cc7e4b47a01671d20c4131fd653\",\"request_method\":\"GET\",\"request_bodys\":[],\"response_code\":200,\"response_body\":\"{\\\"code\\\":1,\\\"msg\\\":\\\"\\\\u67e5\\\\u8be2\\\\u6210\\\\u529f\\\",\\\"status_code\\\":4025,\\\"data\\\":{\\\"value\\\":\\\"1\\\"}}\",\"response_errorMessage\":null}","topic":""}
[2018-12-05 16:30:02,702] [9248] RunTime: 0.1435 s
 - INFO 
 - RestClient.doGet(D:\wamp\www\wscloud\backoffice\ThinkPHP\Library\Vendor\ApiGateway\RestClient.php:49)
 - {"message":"rest client","data":"{\"request_host\":\"http:\\\/\\\/localhost:133\\\/Home\",\"request_path\":\"\\\/Admin\\\/getAdminMsgCount\\\/status\\\/10\\\/token\\\/70665cc7e4b47a01671d20c4131fd653\",\"request_method\":\"GET\",\"request_bodys\":[],\"response_code\":200,\"response_body\":\"{\\\"code\\\":1,\\\"msg\\\":\\\"\\\\u67e5\\\\u8be2\\\\u6210\\\\u529f\\\",\\\"status_code\\\":4025,\\\"data\\\":\\\"0\\\"}\",\"response_errorMessage\":null}","topic":""}
[2018-12-05 16:30:03,164] [9248] RunTime: 0.0000 s
 - INFO 
 - RestClient.doGet(D:\wamp\www\wscloud\backoffice\ThinkPHP\Library\Vendor\ApiGateway\RestClient.php:49)
 - {"message":"rest client","data":"{\"request_host\":\"http:\\\/\\\/localhost:133\\\/Home\",\"request_path\":\"\\\/Device\\\/deviceLists\\\/name\\\/null\\\/serialNo\\\/null\\\/companyId\\\/1447247968\\\/pageSize\\\/10\\\/pageNo\\\/1\\\/token\\\/70665cc7e4b47a01671d20c4131fd653\",\"request_method\":\"GET\",\"request_bodys\":[],\"response_code\":200,\"response_body\":\"{\\\"code\\\":1,\\\"msg\\\":\\\"\\\\u67e5\\\\u8be2\\\\u6b63\\\\u5e38\\\",\\\"status_code\\\":1000,\\\"data\\\":{\\\"dataList\\\":[{\\\"id\\\":\\\"6966521341\\\",\\\"company_id\\\":\\\"1447247968\\\",\\\"serial_no\\\":\\\"869455045023047\\\",\\\"name\\\":\\\"\\\\u5fae\\\\u89c6\\\\u5c0f\\\\u79d8\\\",\\\"type\\\":\\\"10\\\",\\\"model\\\":\\\"\\\\u5ba2\\\\u8f66\\\\u4e13\\\\u7528\\\",\\\"status\\\":\\\"10\\\",\\\"create_time\\\":\\\"2018-10-09 13:24:29\\\",\\\"update_time\\\":\\\"1539062669\\\",\\\"create_user\\\":\\\"1518614752\\\",\\\"update_user\\\":\\\"1518614752\\\",\\\"del_flg\\\":\\\"0\\\",\\\"company_name\\\":\\\"\\\\u6d4b\\\\u8bd5\\\\u516c\\\\u53f8\\\",\\\"status_str\\\":\\\"\\\\u6b63\\\\u5e38\\\",\\\"type_str\\\":\\\"\\\\u5fae\\\\u89c6\\\\u6444\\\\u50cf\\\\u5934\\\",\\\"active_str\\\":null,\\\"position_info\\\":false,\\\"device_line_status\\\":20,\\\"device_line_status_str\\\":\\\"\\\\u79bb\\\\u7ebf\\\"},{\\\"id\\\":\\\"6170405839\\\",\\\"company_id\\\":\\\"1447247968\\\",\\\"serial_no\\\":\\\"11212\\\",\\\"name\\\":\\\"\\\\u4f1a\\\\u66f4\\\\u597d\\\",\\\"type\\\":\\\"10\\\",\\\"model\\\":\\\"\\\\u54c8\\\\u54c8\\\",\\\"status\\\":\\\"10\\\",\\\"create_time\\\":\\\"2018-08-01 11:26:50\\\",\\\"update_time\\\":\\\"1533094010\\\",\\\"create_user\\\":\\\"2517844598\\\",\\\"update_user\\\":\\\"2517844598\\\",\\\"del_flg\\\":\\\"0\\\",\\\"company_name\\\":\\\"\\\\u6d4b\\\\u8bd5\\\\u516c\\\\u53f8\\\",\\\"status_str\\\":\\\"\\\\u6b63\\\\u5e38\\\",\\\"type_str\\\":\\\"\\\\u5fae\\\\u89c6\\\\u6444\\\\u50cf\\\\u5934\\\",\\\"active_str\\\":null,\\\"position_info\\\":false,\\\"device_line_status\\\":20,\\\"device_line_status_str\\\":\\\"\\\\u79bb\\\\u7ebf\\\"},{\\\"id\\\":\\\"8606702515\\\",\\\"company_id\\\":\\\"1447247968\\\",\\\"serial_no\\\":\\\"12535\\\",\\\"name\\\":\\\"\\\\u6444\\\\u50cf\\\\u59342\\\",\\\"type\\\":\\\"10\\\",\\\"model\\\":\\\"2018\\\",\\\"status\\\":\\\"10\\\",\\\"create_time\\\":\\\"2018-05-30 16:39:33\\\",\\\"update_time\\\":\\\"1527669573\\\",\\\"create_user\\\":\\\"1518614752\\\",\\\"update_user\\\":\\\"1518614752\\\",\\\"del_flg\\\":\\\"0\\\",\\\"company_name\\\":\\\"\\\\u6d4b\\\\u8bd5\\\\u516c\\\\u53f8\\\",\\\"status_str\\\":\\\"\\\\u6b63\\\\u5e38\\\",\\\"type_str\\\":\\\"\\\\u5fae\\\\u89c6\\\\u6444\\\\u50cf\\\\u5934\\\",\\\"active_str\\\":null,\\\"position_info\\\":false,\\\"device_line_status\\\":20,\\\"device_line_status_str\\\":\\\"\\\\u79bb\\\\u7ebf\\\"},{\\\"id\\\":\\\"8647758673\\\",\\\"company_id\\\":\\\"1447247968\\\",\\\"serial_no\\\":\\\"12345\\\",\\\"name\\\":\\\"\\\\u8bbe\\\\u5907\\\\u4e8c\\\",\\\"type\\\":\\\"10\\\",\\\"model\\\":\\\"x2018\\\",\\\"status\\\":\\\"10\\\",\\\"create_time\\\":\\\"2018-05-29 14:52:29\\\",\\\"update_time\\\":\\\"1527576749\\\",\\\"create_user\\\":\\\"2517844598\\\",\\\"update_user\\\":\\\"2517844598\\\",\\\"del_flg\\\":\\\"0\\\",\\\"company_name\\\":\\\"\\\\u6d4b\\\\u8bd5\\\\u516c\\\\u53f8\\\",\\\"status_str\\\":\\\"\\\\u6b63\\\\u5e38\\\",\\\"type_str\\\":\\\"\\\\u5fae\\\\u89c6\\\\u6444\\\\u50cf\\\\u5934\\\",\\\"active_str\\\":null,\\\"position_info\\\":false,\\\"device_line_status\\\":20,\\\"device_line_status_str\\\":\\\"\\\\u79bb\\\\u7ebf\\\"},{\\\"id\\\":\\\"8647758674\\\",\\\"company_id\\\":\\\"1447247968\\\",\\\"serial_no\\\":\\\"1234567\\\",\\\"name\\\":\\\"\\\\u8bbe\\\\u5907\\\\u4e09\\\",\\\"type\\\":\\\"10\\\",\\\"model\\\":\\\"x2018\\\",\\\"status\\\":\\\"10\\\",\\\"create_time\\\":\\\"2018-05-29 14:52:29\\\",\\\"update_time\\\":\\\"1527576749\\\",\\\"create_user\\\":\\\"2517844598\\\",\\\"update_user\\\":\\\"2517844598\\\",\\\"del_flg\\\":\\\"0\\\",\\\"company_name\\\":\\\"\\\\u6d4b\\\\u8bd5\\\\u516c\\\\u53f8\\\",\\\"status_str\\\":\\\"\\\\u6b63\\\\u5e38\\\",\\\"type_str\\\":\\\"\\\\u5fae\\\\u89c6\\\\u6444\\\\u50cf\\\\u5934\\\",\\\"active_str\\\":null,\\\"position_info\\\":false,\\\"device_line_status\\\":20,\\\"device_line_status_str\\\":\\\"\\\\u79bb\\\\u7ebf\\\"},{\\\"id\\\":\\\"7882128443\\\",\\\"company_id\\\":\\\"1447247968\\\",\\\"serial_no\\\":\\\"12456\\\",\\\"name\\\":\\\"\\\\u536b\\\\u89c6\\\\u5c0f\\\\u79d8\\\",\\\"type\\\":\\\"10\\\",\\\"model\\\":\\\"2018\\\",\\\"status\\\":\\\"10\\\",\\\"create_time\\\":\\\"2018-05-28 14:20:43\\\",\\\"update_time\\\":\\\"1527488443\\\",\\\"create_user\\\":\\\"2517844598\\\",\\\"update_user\\\":\\\"2517844598\\\",\\\"del_flg\\\":\\\"0\\\",\\\"company_name\\\":\\\"\\\\u6d4b\\\\u8bd5\\\\u516c\\\\u53f8\\\",\\\"status_str\\\":\\\"\\\\u6b63\\\\u5e38\\\",\\\"type_str\\\":\\\"\\\\u5fae\\\\u89c6\\\\u6444\\\\u50cf\\\\u5934\\\",\\\"active_str\\\":null,\\\"position_info\\\":false,\\\"device_line_status\\\":20,\\\"device_line_status_str\\\":\\\"\\\\u79bb\\\\u7ebf\\\"}],\\\"totalRecord\\\":\\\"6\\\"}}\",\"response_errorMessage\":null}","topic":""}
[2018-12-05 16:30:06,843] [9248] RunTime: 0.0000 s
 - INFO 
 - RestClient.doGet(D:\wamp\www\wscloud\backoffice\ThinkPHP\Library\Vendor\ApiGateway\RestClient.php:49)
 - {"message":"rest client","data":"{\"request_host\":\"http:\\\/\\\/localhost:133\\\/Home\",\"request_path\":\"\\\/System\\\/getSystemSetting\\\/companyId\\\/1447247968\\\/type\\\/20\\\/token\\\/70665cc7e4b47a01671d20c4131fd653\",\"request_method\":\"GET\",\"request_bodys\":[],\"response_code\":200,\"response_body\":\"{\\\"code\\\":1,\\\"msg\\\":\\\"\\\\u67e5\\\\u8be2\\\\u6210\\\\u529f\\\",\\\"status_code\\\":4025,\\\"data\\\":{\\\"value\\\":\\\"1\\\"}}\",\"response_errorMessage\":null}","topic":""}
[2018-12-05 16:30:07,011] [9248] RunTime: 0.1679 s
 - INFO 
 - RestClient.doGet(D:\wamp\www\wscloud\backoffice\ThinkPHP\Library\Vendor\ApiGateway\RestClient.php:49)
 - {"message":"rest client","data":"{\"request_host\":\"http:\\\/\\\/localhost:133\\\/Home\",\"request_path\":\"\\\/Admin\\\/getAdminMsgCount\\\/status\\\/10\\\/token\\\/70665cc7e4b47a01671d20c4131fd653\",\"request_method\":\"GET\",\"request_bodys\":[],\"response_code\":200,\"response_body\":\"{\\\"code\\\":1,\\\"msg\\\":\\\"\\\\u67e5\\\\u8be2\\\\u6210\\\\u529f\\\",\\\"status_code\\\":4025,\\\"data\\\":\\\"0\\\"}\",\"response_errorMessage\":null}","topic":""}
[2018-12-05 16:30:07,466] [9248] RunTime: 0.0000 s
 - INFO 
 - RestClient.doPost(D:\wamp\www\wscloud\backoffice\ThinkPHP\Library\Vendor\ApiGateway\RestClient.php:83)
 - {"message":"rest client","data":"{\"request_host\":\"http:\\\/\\\/localhost:133\\\/Home\",\"request_path\":\"\\\/Device\\\/getDeviceSettingInfo\\\/token\\\/70665cc7e4b47a01671d20c4131fd653\",\"request_method\":\"POST\",\"request_bodys\":{\"\":\"{\\\"serialNo\\\":\\\"12535\\\",\\\"topic\\\":\\\"deviceTopic\\\\\\\/13161934946\\\"}\"},\"response_code\":200,\"response_body\":\"{\\\"code\\\":0,\\\"msg\\\":\\\"\\\\u67e5\\\\u8be2\\\\u6570\\\\u636e\\\\u4e3a\\\\u7a7a\\\",\\\"status_code\\\":1001}\",\"response_errorMessage\":null}","topic":""}
[2018-12-05 16:30:45,568] [9248] RunTime: 0.0000 s
 - INFO 
 - RestClient.doGet(D:\wamp\www\wscloud\backoffice\ThinkPHP\Library\Vendor\ApiGateway\RestClient.php:49)
 - {"message":"rest client","data":"{\"request_host\":\"http:\\\/\\\/localhost:133\\\/Home\",\"request_path\":\"\\\/System\\\/getSystemSetting\\\/companyId\\\/1447247968\\\/type\\\/20\\\/token\\\/70665cc7e4b47a01671d20c4131fd653\",\"request_method\":\"GET\",\"request_bodys\":[],\"response_code\":200,\"response_body\":\"{\\\"code\\\":1,\\\"msg\\\":\\\"\\\\u67e5\\\\u8be2\\\\u6210\\\\u529f\\\",\\\"status_code\\\":4025,\\\"data\\\":{\\\"value\\\":\\\"1\\\"}}\",\"response_errorMessage\":null}","topic":""}
[2018-12-05 16:30:45,650] [9248] RunTime: 0.0820 s
 - INFO 
 - RestClient.doGet(D:\wamp\www\wscloud\backoffice\ThinkPHP\Library\Vendor\ApiGateway\RestClient.php:49)
 - {"message":"rest client","data":"{\"request_host\":\"http:\\\/\\\/localhost:133\\\/Home\",\"request_path\":\"\\\/Admin\\\/getAdminMsgCount\\\/status\\\/10\\\/token\\\/70665cc7e4b47a01671d20c4131fd653\",\"request_method\":\"GET\",\"request_bodys\":[],\"response_code\":200,\"response_body\":\"{\\\"code\\\":1,\\\"msg\\\":\\\"\\\\u67e5\\\\u8be2\\\\u6210\\\\u529f\\\",\\\"status_code\\\":4025,\\\"data\\\":\\\"0\\\"}\",\"response_errorMessage\":null}","topic":""}
[2018-12-05 16:30:46,039] [9248] RunTime: 0.0000 s
 - INFO 
 - RestClient.doPost(D:\wamp\www\wscloud\backoffice\ThinkPHP\Library\Vendor\ApiGateway\RestClient.php:83)
 - {"message":"rest client","data":"{\"request_host\":\"http:\\\/\\\/localhost:133\\\/Home\",\"request_path\":\"\\\/Device\\\/getDeviceSettingInfo\\\/token\\\/70665cc7e4b47a01671d20c4131fd653\",\"request_method\":\"POST\",\"request_bodys\":{\"\":\"{\\\"serialNo\\\":\\\"12535\\\",\\\"topic\\\":\\\"deviceTopic\\\\\\\/13161934946\\\"}\"},\"response_code\":200,\"response_body\":\"{\\\"code\\\":0,\\\"msg\\\":\\\"\\\\u67e5\\\\u8be2\\\\u6570\\\\u636e\\\\u4e3a\\\\u7a7a\\\",\\\"status_code\\\":1001}\",\"response_errorMessage\":null}","topic":""}
[2018-12-05 16:31:25,530] [9248] RunTime: 0.0000 s
 - INFO 
 - RestClient.doGet(D:\wamp\www\wscloud\backoffice\ThinkPHP\Library\Vendor\ApiGateway\RestClient.php:49)
 - {"message":"rest client","data":"{\"request_host\":\"http:\\\/\\\/localhost:133\\\/Home\",\"request_path\":\"\\\/System\\\/getSystemSetting\\\/companyId\\\/1447247968\\\/type\\\/20\\\/token\\\/70665cc7e4b47a01671d20c4131fd653\",\"request_method\":\"GET\",\"request_bodys\":[],\"response_code\":200,\"response_body\":\"{\\\"code\\\":1,\\\"msg\\\":\\\"\\\\u67e5\\\\u8be2\\\\u6210\\\\u529f\\\",\\\"status_code\\\":4025,\\\"data\\\":{\\\"value\\\":\\\"1\\\"}}\",\"response_errorMessage\":null}","topic":""}
[2018-12-05 16:31:25,610] [9248] RunTime: 0.0807 s
 - INFO 
 - RestClient.doGet(D:\wamp\www\wscloud\backoffice\ThinkPHP\Library\Vendor\ApiGateway\RestClient.php:49)
 - {"message":"rest client","data":"{\"request_host\":\"http:\\\/\\\/localhost:133\\\/Home\",\"request_path\":\"\\\/Admin\\\/getAdminMsgCount\\\/status\\\/10\\\/token\\\/70665cc7e4b47a01671d20c4131fd653\",\"request_method\":\"GET\",\"request_bodys\":[],\"response_code\":200,\"response_body\":\"{\\\"code\\\":1,\\\"msg\\\":\\\"\\\\u67e5\\\\u8be2\\\\u6210\\\\u529f\\\",\\\"status_code\\\":4025,\\\"data\\\":\\\"0\\\"}\",\"response_errorMessage\":null}","topic":""}
[2018-12-05 16:31:26,110] [9248] RunTime: 0.0000 s
 - INFO 
 - RestClient.doPost(D:\wamp\www\wscloud\backoffice\ThinkPHP\Library\Vendor\ApiGateway\RestClient.php:83)
 - {"message":"rest client","data":"{\"request_host\":\"http:\\\/\\\/localhost:133\\\/Home\",\"request_path\":\"\\\/Device\\\/getDeviceSettingInfo\\\/token\\\/70665cc7e4b47a01671d20c4131fd653\",\"request_method\":\"POST\",\"request_bodys\":{\"\":\"{\\\"serialNo\\\":\\\"12535\\\",\\\"topic\\\":\\\"deviceTopic\\\\\\\/13161934946\\\"}\"},\"response_code\":200,\"response_body\":\"{\\\"code\\\":0,\\\"msg\\\":\\\"\\\\u67e5\\\\u8be2\\\\u6570\\\\u636e\\\\u4e3a\\\\u7a7a\\\",\\\"status_code\\\":1001}\",\"response_errorMessage\":null}","topic":""}
[2018-12-05 16:32:51,230] [9248] RunTime: 0.0000 s
 - INFO 
 - RestClient.doGet(D:\wamp\www\wscloud\backoffice\ThinkPHP\Library\Vendor\ApiGateway\RestClient.php:49)
 - {"message":"rest client","data":"{\"request_host\":\"http:\\\/\\\/localhost:133\\\/Home\",\"request_path\":\"\\\/System\\\/getSystemSetting\\\/companyId\\\/1447247968\\\/type\\\/20\\\/token\\\/70665cc7e4b47a01671d20c4131fd653\",\"request_method\":\"GET\",\"request_bodys\":[],\"response_code\":200,\"response_body\":\"{\\\"code\\\":1,\\\"msg\\\":\\\"\\\\u67e5\\\\u8be2\\\\u6210\\\\u529f\\\",\\\"status_code\\\":4025,\\\"data\\\":{\\\"value\\\":\\\"1\\\"}}\",\"response_errorMessage\":null}","topic":""}
[2018-12-05 16:32:51,305] [9248] RunTime: 0.0744 s
 - INFO 
 - RestClient.doGet(D:\wamp\www\wscloud\backoffice\ThinkPHP\Library\Vendor\ApiGateway\RestClient.php:49)
 - {"message":"rest client","data":"{\"request_host\":\"http:\\\/\\\/localhost:133\\\/Home\",\"request_path\":\"\\\/Admin\\\/getAdminMsgCount\\\/status\\\/10\\\/token\\\/70665cc7e4b47a01671d20c4131fd653\",\"request_method\":\"GET\",\"request_bodys\":[],\"response_code\":200,\"response_body\":\"{\\\"code\\\":1,\\\"msg\\\":\\\"\\\\u67e5\\\\u8be2\\\\u6210\\\\u529f\\\",\\\"status_code\\\":4025,\\\"data\\\":\\\"0\\\"}\",\"response_errorMessage\":null}","topic":""}
[2018-12-05 16:32:51,700] [9248] RunTime: 0.0000 s
 - INFO 
 - RestClient.doPost(D:\wamp\www\wscloud\backoffice\ThinkPHP\Library\Vendor\ApiGateway\RestClient.php:83)
 - {"message":"rest client","data":"{\"request_host\":\"http:\\\/\\\/localhost:133\\\/Home\",\"request_path\":\"\\\/Device\\\/getDeviceSettingInfo\\\/token\\\/70665cc7e4b47a01671d20c4131fd653\",\"request_method\":\"POST\",\"request_bodys\":{\"\":\"{\\\"serialNo\\\":\\\"12535\\\",\\\"topic\\\":\\\"deviceTopic\\\\\\\/13161934946\\\"}\"},\"response_code\":200,\"response_body\":\"{\\\"code\\\":0,\\\"msg\\\":\\\"\\\\u67e5\\\\u8be2\\\\u6570\\\\u636e\\\\u4e3a\\\\u7a7a\\\",\\\"status_code\\\":1001}\",\"response_errorMessage\":null}","topic":""}
[2018-12-05 16:48:34,306] [9248] RunTime: 0.0000 s
 - INFO 
 - RestClient.doGet(D:\wamp\www\wscloud\backoffice\ThinkPHP\Library\Vendor\ApiGateway\RestClient.php:49)
 - {"message":"rest client","data":"{\"request_host\":\"http:\\\/\\\/localhost:133\\\/Home\",\"request_path\":\"\\\/System\\\/getSystemSetting\\\/companyId\\\/1447247968\\\/type\\\/20\\\/token\\\/70665cc7e4b47a01671d20c4131fd653\",\"request_method\":\"GET\",\"request_bodys\":[],\"response_code\":200,\"response_body\":\"{\\\"code\\\":1,\\\"msg\\\":\\\"\\\\u67e5\\\\u8be2\\\\u6210\\\\u529f\\\",\\\"status_code\\\":4025,\\\"data\\\":{\\\"value\\\":\\\"1\\\"}}\",\"response_errorMessage\":null}","topic":""}
[2018-12-05 16:48:34,413] [9248] RunTime: 0.1079 s
 - INFO 
 - RestClient.doGet(D:\wamp\www\wscloud\backoffice\ThinkPHP\Library\Vendor\ApiGateway\RestClient.php:49)
 - {"message":"rest client","data":"{\"request_host\":\"http:\\\/\\\/localhost:133\\\/Home\",\"request_path\":\"\\\/Admin\\\/getAdminMsgCount\\\/status\\\/10\\\/token\\\/70665cc7e4b47a01671d20c4131fd653\",\"request_method\":\"GET\",\"request_bodys\":[],\"response_code\":200,\"response_body\":\"{\\\"code\\\":1,\\\"msg\\\":\\\"\\\\u67e5\\\\u8be2\\\\u6210\\\\u529f\\\",\\\"status_code\\\":4025,\\\"data\\\":\\\"0\\\"}\",\"response_errorMessage\":null}","topic":""}
[2018-12-05 16:48:35,551] [9248] RunTime: 0.0000 s
 - INFO 
 - RestClient.doPost(D:\wamp\www\wscloud\backoffice\ThinkPHP\Library\Vendor\ApiGateway\RestClient.php:83)
 - {"message":"rest client","data":"{\"request_host\":\"http:\\\/\\\/localhost:133\\\/Home\",\"request_path\":\"\\\/Device\\\/getDeviceSettingInfo\\\/token\\\/70665cc7e4b47a01671d20c4131fd653\",\"request_method\":\"POST\",\"request_bodys\":{\"\":\"{\\\"serialNo\\\":\\\"12535\\\",\\\"topic\\\":\\\"deviceTopic\\\\\\\/13161934946\\\"}\"},\"response_code\":200,\"response_body\":\"{\\\"code\\\":0,\\\"msg\\\":\\\"\\\\u67e5\\\\u8be2\\\\u6570\\\\u636e\\\\u4e3a\\\\u7a7a\\\",\\\"status_code\\\":1001}\",\"response_errorMessage\":null}","topic":""}
[2018-12-05 16:48:51,206] [9248] RunTime: 0.0000 s
 - INFO 
 - RestClient.doGet(D:\wamp\www\wscloud\backoffice\ThinkPHP\Library\Vendor\ApiGateway\RestClient.php:49)
 - {"message":"rest client","data":"{\"request_host\":\"http:\\\/\\\/localhost:133\\\/Home\",\"request_path\":\"\\\/System\\\/getSystemSetting\\\/companyId\\\/1447247968\\\/type\\\/20\\\/token\\\/70665cc7e4b47a01671d20c4131fd653\",\"request_method\":\"GET\",\"request_bodys\":[],\"response_code\":200,\"response_body\":\"{\\\"code\\\":1,\\\"msg\\\":\\\"\\\\u67e5\\\\u8be2\\\\u6210\\\\u529f\\\",\\\"status_code\\\":4025,\\\"data\\\":{\\\"value\\\":\\\"1\\\"}}\",\"response_errorMessage\":null}","topic":""}
[2018-12-05 16:48:51,286] [9248] RunTime: 0.0795 s
 - INFO 
 - RestClient.doGet(D:\wamp\www\wscloud\backoffice\ThinkPHP\Library\Vendor\ApiGateway\RestClient.php:49)
 - {"message":"rest client","data":"{\"request_host\":\"http:\\\/\\\/localhost:133\\\/Home\",\"request_path\":\"\\\/Admin\\\/getAdminMsgCount\\\/status\\\/10\\\/token\\\/70665cc7e4b47a01671d20c4131fd653\",\"request_method\":\"GET\",\"request_bodys\":[],\"response_code\":200,\"response_body\":\"{\\\"code\\\":1,\\\"msg\\\":\\\"\\\\u67e5\\\\u8be2\\\\u6210\\\\u529f\\\",\\\"status_code\\\":4025,\\\"data\\\":\\\"0\\\"}\",\"response_errorMessage\":null}","topic":""}
[2018-12-05 16:48:51,774] [9248] RunTime: 0.0000 s
 - INFO 
 - RestClient.doPost(D:\wamp\www\wscloud\backoffice\ThinkPHP\Library\Vendor\ApiGateway\RestClient.php:83)
 - {"message":"rest client","data":"{\"request_host\":\"http:\\\/\\\/localhost:133\\\/Home\",\"request_path\":\"\\\/Device\\\/getDeviceSettingInfo\\\/token\\\/70665cc7e4b47a01671d20c4131fd653\",\"request_method\":\"POST\",\"request_bodys\":{\"\":\"{\\\"serialNo\\\":\\\"12535\\\",\\\"topic\\\":\\\"deviceTopic\\\\\\\/13161934946\\\"}\"},\"response_code\":200,\"response_body\":\"{\\\"code\\\":0,\\\"msg\\\":\\\"\\\\u67e5\\\\u8be2\\\\u6570\\\\u636e\\\\u4e3a\\\\u7a7a\\\",\\\"status_code\\\":1001}\",\"response_errorMessage\":null}","topic":""}
[2018-12-05 16:49:21,153] [9248] RunTime: 0.0000 s
 - INFO 
 - RestClient.doGet(D:\wamp\www\wscloud\backoffice\ThinkPHP\Library\Vendor\ApiGateway\RestClient.php:49)
 - {"message":"rest client","data":"{\"request_host\":\"http:\\\/\\\/localhost:133\\\/Home\",\"request_path\":\"\\\/System\\\/getSystemSetting\\\/companyId\\\/1447247968\\\/type\\\/20\\\/token\\\/70665cc7e4b47a01671d20c4131fd653\",\"request_method\":\"GET\",\"request_bodys\":[],\"response_code\":200,\"response_body\":\"{\\\"code\\\":1,\\\"msg\\\":\\\"\\\\u67e5\\\\u8be2\\\\u6210\\\\u529f\\\",\\\"status_code\\\":4025,\\\"data\\\":{\\\"value\\\":\\\"1\\\"}}\",\"response_errorMessage\":null}","topic":""}
[2018-12-05 16:49:21,226] [9248] RunTime: 0.0727 s
 - INFO 
 - RestClient.doGet(D:\wamp\www\wscloud\backoffice\ThinkPHP\Library\Vendor\ApiGateway\RestClient.php:49)
 - {"message":"rest client","data":"{\"request_host\":\"http:\\\/\\\/localhost:133\\\/Home\",\"request_path\":\"\\\/Admin\\\/getAdminMsgCount\\\/status\\\/10\\\/token\\\/70665cc7e4b47a01671d20c4131fd653\",\"request_method\":\"GET\",\"request_bodys\":[],\"response_code\":200,\"response_body\":\"{\\\"code\\\":1,\\\"msg\\\":\\\"\\\\u67e5\\\\u8be2\\\\u6210\\\\u529f\\\",\\\"status_code\\\":4025,\\\"data\\\":\\\"0\\\"}\",\"response_errorMessage\":null}","topic":""}
[2018-12-05 16:49:21,631] [9248] RunTime: 0.0000 s
 - INFO 
 - RestClient.doPost(D:\wamp\www\wscloud\backoffice\ThinkPHP\Library\Vendor\ApiGateway\RestClient.php:83)
 - {"message":"rest client","data":"{\"request_host\":\"http:\\\/\\\/localhost:133\\\/Home\",\"request_path\":\"\\\/Device\\\/getDeviceSettingInfo\\\/token\\\/70665cc7e4b47a01671d20c4131fd653\",\"request_method\":\"POST\",\"request_bodys\":{\"\":\"{\\\"serialNo\\\":\\\"12535\\\",\\\"topic\\\":\\\"deviceTopic\\\\\\\/13161934946\\\"}\"},\"response_code\":200,\"response_body\":\"{\\\"code\\\":0,\\\"msg\\\":\\\"\\\\u67e5\\\\u8be2\\\\u6570\\\\u636e\\\\u4e3a\\\\u7a7a\\\",\\\"status_code\\\":1001}\",\"response_errorMessage\":null}","topic":""}
[2018-12-05 16:49:39,151] [9248] RunTime: 0.0000 s
 - INFO 
 - RestClient.doGet(D:\wamp\www\wscloud\backoffice\ThinkPHP\Library\Vendor\ApiGateway\RestClient.php:49)
 - {"message":"rest client","data":"{\"request_host\":\"http:\\\/\\\/localhost:133\\\/Home\",\"request_path\":\"\\\/System\\\/getSystemSetting\\\/companyId\\\/1447247968\\\/type\\\/20\\\/token\\\/70665cc7e4b47a01671d20c4131fd653\",\"request_method\":\"GET\",\"request_bodys\":[],\"response_code\":200,\"response_body\":\"{\\\"code\\\":1,\\\"msg\\\":\\\"\\\\u67e5\\\\u8be2\\\\u6210\\\\u529f\\\",\\\"status_code\\\":4025,\\\"data\\\":{\\\"value\\\":\\\"1\\\"}}\",\"response_errorMessage\":null}","topic":""}
[2018-12-05 16:49:39,270] [9248] RunTime: 0.1197 s
 - INFO 
 - RestClient.doGet(D:\wamp\www\wscloud\backoffice\ThinkPHP\Library\Vendor\ApiGateway\RestClient.php:49)
 - {"message":"rest client","data":"{\"request_host\":\"http:\\\/\\\/localhost:133\\\/Home\",\"request_path\":\"\\\/Admin\\\/getAdminMsgCount\\\/status\\\/10\\\/token\\\/70665cc7e4b47a01671d20c4131fd653\",\"request_method\":\"GET\",\"request_bodys\":[],\"response_code\":200,\"response_body\":\"{\\\"code\\\":1,\\\"msg\\\":\\\"\\\\u67e5\\\\u8be2\\\\u6210\\\\u529f\\\",\\\"status_code\\\":4025,\\\"data\\\":\\\"0\\\"}\",\"response_errorMessage\":null}","topic":""}
[2018-12-05 16:49:39,705] [9248] RunTime: 0.0000 s
 - INFO 
 - RestClient.doPost(D:\wamp\www\wscloud\backoffice\ThinkPHP\Library\Vendor\ApiGateway\RestClient.php:83)
 - {"message":"rest client","data":"{\"request_host\":\"http:\\\/\\\/localhost:133\\\/Home\",\"request_path\":\"\\\/Device\\\/getDeviceSettingInfo\\\/token\\\/70665cc7e4b47a01671d20c4131fd653\",\"request_method\":\"POST\",\"request_bodys\":{\"\":\"{\\\"serialNo\\\":\\\"12535\\\",\\\"topic\\\":\\\"deviceTopic\\\\\\\/13161934946\\\"}\"},\"response_code\":200,\"response_body\":\"{\\\"code\\\":0,\\\"msg\\\":\\\"\\\\u67e5\\\\u8be2\\\\u6570\\\\u636e\\\\u4e3a\\\\u7a7a\\\",\\\"status_code\\\":1001}\",\"response_errorMessage\":null}","topic":""}
[2018-12-05 17:06:58,838] [9248] RunTime: 0.0000 s
 - INFO 
 - RestClient.doGet(D:\wamp\www\wscloud\backoffice\ThinkPHP\Library\Vendor\ApiGateway\RestClient.php:49)
 - {"message":"rest client","data":"{\"request_host\":\"http:\\\/\\\/localhost:133\\\/Home\",\"request_path\":\"\\\/System\\\/getSystemSetting\\\/companyId\\\/1447247968\\\/type\\\/20\\\/token\\\/70665cc7e4b47a01671d20c4131fd653\",\"request_method\":\"GET\",\"request_bodys\":[],\"response_code\":200,\"response_body\":\"{\\\"code\\\":1,\\\"msg\\\":\\\"\\\\u67e5\\\\u8be2\\\\u6210\\\\u529f\\\",\\\"status_code\\\":4025,\\\"data\\\":{\\\"value\\\":\\\"1\\\"}}\",\"response_errorMessage\":null}","topic":""}
[2018-12-05 17:06:58,912] [9248] RunTime: 0.0746 s
 - INFO 
 - RestClient.doGet(D:\wamp\www\wscloud\backoffice\ThinkPHP\Library\Vendor\ApiGateway\RestClient.php:49)
 - {"message":"rest client","data":"{\"request_host\":\"http:\\\/\\\/localhost:133\\\/Home\",\"request_path\":\"\\\/Admin\\\/getAdminMsgCount\\\/status\\\/10\\\/token\\\/70665cc7e4b47a01671d20c4131fd653\",\"request_method\":\"GET\",\"request_bodys\":[],\"response_code\":200,\"response_body\":\"{\\\"code\\\":1,\\\"msg\\\":\\\"\\\\u67e5\\\\u8be2\\\\u6210\\\\u529f\\\",\\\"status_code\\\":4025,\\\"data\\\":\\\"0\\\"}\",\"response_errorMessage\":null}","topic":""}
[2018-12-05 17:06:59,328] [9248] RunTime: 0.0000 s
 - INFO 
 - RestClient.doPost(D:\wamp\www\wscloud\backoffice\ThinkPHP\Library\Vendor\ApiGateway\RestClient.php:83)
 - {"message":"rest client","data":"{\"request_host\":\"http:\\\/\\\/localhost:133\\\/Home\",\"request_path\":\"\\\/Device\\\/getDeviceSettingInfo\\\/token\\\/70665cc7e4b47a01671d20c4131fd653\",\"request_method\":\"POST\",\"request_bodys\":{\"\":\"{\\\"serialNo\\\":\\\"12535\\\",\\\"topic\\\":\\\"deviceTopic\\\\\\\/13161934946\\\"}\"},\"response_code\":200,\"response_body\":\"{\\\"code\\\":0,\\\"msg\\\":\\\"\\\\u67e5\\\\u8be2\\\\u6570\\\\u636e\\\\u4e3a\\\\u7a7a\\\",\\\"status_code\\\":1001}\",\"response_errorMessage\":null}","topic":""}
[2018-12-05 17:07:24,524] [9248] RunTime: 0.0000 s
 - INFO 
 - RestClient.doGet(D:\wamp\www\wscloud\backoffice\ThinkPHP\Library\Vendor\ApiGateway\RestClient.php:49)
 - {"message":"rest client","data":"{\"request_host\":\"http:\\\/\\\/localhost:133\\\/Home\",\"request_path\":\"\\\/System\\\/getSystemSetting\\\/companyId\\\/1447247968\\\/type\\\/20\\\/token\\\/70665cc7e4b47a01671d20c4131fd653\",\"request_method\":\"GET\",\"request_bodys\":[],\"response_code\":200,\"response_body\":\"{\\\"code\\\":1,\\\"msg\\\":\\\"\\\\u67e5\\\\u8be2\\\\u6210\\\\u529f\\\",\\\"status_code\\\":4025,\\\"data\\\":{\\\"value\\\":\\\"1\\\"}}\",\"response_errorMessage\":null}","topic":""}
[2018-12-05 17:07:24,600] [9248] RunTime: 0.0764 s
 - INFO 
 - RestClient.doGet(D:\wamp\www\wscloud\backoffice\ThinkPHP\Library\Vendor\ApiGateway\RestClient.php:49)
 - {"message":"rest client","data":"{\"request_host\":\"http:\\\/\\\/localhost:133\\\/Home\",\"request_path\":\"\\\/Admin\\\/getAdminMsgCount\\\/status\\\/10\\\/token\\\/70665cc7e4b47a01671d20c4131fd653\",\"request_method\":\"GET\",\"request_bodys\":[],\"response_code\":200,\"response_body\":\"{\\\"code\\\":1,\\\"msg\\\":\\\"\\\\u67e5\\\\u8be2\\\\u6210\\\\u529f\\\",\\\"status_code\\\":4025,\\\"data\\\":\\\"0\\\"}\",\"response_errorMessage\":null}","topic":""}
[2018-12-05 17:07:24,989] [9248] RunTime: 0.0000 s
 - INFO 
 - RestClient.doPost(D:\wamp\www\wscloud\backoffice\ThinkPHP\Library\Vendor\ApiGateway\RestClient.php:83)
 - {"message":"rest client","data":"{\"request_host\":\"http:\\\/\\\/localhost:133\\\/Home\",\"request_path\":\"\\\/Device\\\/getDeviceSettingInfo\\\/token\\\/70665cc7e4b47a01671d20c4131fd653\",\"request_method\":\"POST\",\"request_bodys\":{\"\":\"{\\\"serialNo\\\":\\\"12535\\\",\\\"topic\\\":\\\"deviceTopic\\\\\\\/13161934946\\\"}\"},\"response_code\":200,\"response_body\":\"{\\\"code\\\":0,\\\"msg\\\":\\\"\\\\u67e5\\\\u8be2\\\\u6570\\\\u636e\\\\u4e3a\\\\u7a7a\\\",\\\"status_code\\\":1001}\",\"response_errorMessage\":null}","topic":""}
[2018-12-05 17:11:21,091] [9248] RunTime: 0.0000 s
 - INFO 
 - RestClient.doGet(D:\wamp\www\wscloud\backoffice\ThinkPHP\Library\Vendor\ApiGateway\RestClient.php:49)
 - {"message":"rest client","data":"{\"request_host\":\"http:\\\/\\\/localhost:133\\\/Home\",\"request_path\":\"\\\/System\\\/getSystemSetting\\\/companyId\\\/1447247968\\\/type\\\/20\\\/token\\\/70665cc7e4b47a01671d20c4131fd653\",\"request_method\":\"GET\",\"request_bodys\":[],\"response_code\":200,\"response_body\":\"{\\\"code\\\":1,\\\"msg\\\":\\\"\\\\u67e5\\\\u8be2\\\\u6210\\\\u529f\\\",\\\"status_code\\\":4025,\\\"data\\\":{\\\"value\\\":\\\"1\\\"}}\",\"response_errorMessage\":null}","topic":""}
[2018-12-05 17:11:21,163] [9248] RunTime: 0.0725 s
 - INFO 
 - RestClient.doGet(D:\wamp\www\wscloud\backoffice\ThinkPHP\Library\Vendor\ApiGateway\RestClient.php:49)
 - {"message":"rest client","data":"{\"request_host\":\"http:\\\/\\\/localhost:133\\\/Home\",\"request_path\":\"\\\/Admin\\\/getAdminMsgCount\\\/status\\\/10\\\/token\\\/70665cc7e4b47a01671d20c4131fd653\",\"request_method\":\"GET\",\"request_bodys\":[],\"response_code\":200,\"response_body\":\"{\\\"code\\\":1,\\\"msg\\\":\\\"\\\\u67e5\\\\u8be2\\\\u6210\\\\u529f\\\",\\\"status_code\\\":4025,\\\"data\\\":\\\"0\\\"}\",\"response_errorMessage\":null}","topic":""}
[2018-12-05 17:11:21,585] [9248] RunTime: 0.0000 s
 - INFO 
 - RestClient.doPost(D:\wamp\www\wscloud\backoffice\ThinkPHP\Library\Vendor\ApiGateway\RestClient.php:83)
 - {"message":"rest client","data":"{\"request_host\":\"http:\\\/\\\/localhost:133\\\/Home\",\"request_path\":\"\\\/Device\\\/getDeviceSettingInfo\\\/token\\\/70665cc7e4b47a01671d20c4131fd653\",\"request_method\":\"POST\",\"request_bodys\":{\"\":\"{\\\"serialNo\\\":\\\"12535\\\",\\\"topic\\\":\\\"deviceTopic\\\\\\\/13161934946\\\"}\"},\"response_code\":200,\"response_body\":\"{\\\"code\\\":0,\\\"msg\\\":\\\"\\\\u67e5\\\\u8be2\\\\u6570\\\\u636e\\\\u4e3a\\\\u7a7a\\\",\\\"status_code\\\":1001}\",\"response_errorMessage\":null}","topic":""}
[2018-12-05 17:11:39,701] [9248] RunTime: 0.0000 s
 - INFO 
 - RestClient.doGet(D:\wamp\www\wscloud\backoffice\ThinkPHP\Library\Vendor\ApiGateway\RestClient.php:49)
 - {"message":"rest client","data":"{\"request_host\":\"http:\\\/\\\/localhost:133\\\/Home\",\"request_path\":\"\\\/System\\\/getSystemSetting\\\/companyId\\\/1447247968\\\/type\\\/20\\\/token\\\/70665cc7e4b47a01671d20c4131fd653\",\"request_method\":\"GET\",\"request_bodys\":[],\"response_code\":200,\"response_body\":\"{\\\"code\\\":1,\\\"msg\\\":\\\"\\\\u67e5\\\\u8be2\\\\u6210\\\\u529f\\\",\\\"status_code\\\":4025,\\\"data\\\":{\\\"value\\\":\\\"1\\\"}}\",\"response_errorMessage\":null}","topic":""}
[2018-12-05 17:11:39,787] [9248] RunTime: 0.0862 s
 - INFO 
 - RestClient.doGet(D:\wamp\www\wscloud\backoffice\ThinkPHP\Library\Vendor\ApiGateway\RestClient.php:49)
 - {"message":"rest client","data":"{\"request_host\":\"http:\\\/\\\/localhost:133\\\/Home\",\"request_path\":\"\\\/Admin\\\/getAdminMsgCount\\\/status\\\/10\\\/token\\\/70665cc7e4b47a01671d20c4131fd653\",\"request_method\":\"GET\",\"request_bodys\":[],\"response_code\":200,\"response_body\":\"{\\\"code\\\":1,\\\"msg\\\":\\\"\\\\u67e5\\\\u8be2\\\\u6210\\\\u529f\\\",\\\"status_code\\\":4025,\\\"data\\\":\\\"0\\\"}\",\"response_errorMessage\":null}","topic":""}
[2018-12-05 17:11:40,171] [9248] RunTime: 0.0000 s
 - INFO 
 - RestClient.doPost(D:\wamp\www\wscloud\backoffice\ThinkPHP\Library\Vendor\ApiGateway\RestClient.php:83)
 - {"message":"rest client","data":"{\"request_host\":\"http:\\\/\\\/localhost:133\\\/Home\",\"request_path\":\"\\\/Device\\\/getDeviceSettingInfo\\\/token\\\/70665cc7e4b47a01671d20c4131fd653\",\"request_method\":\"POST\",\"request_bodys\":{\"\":\"{\\\"serialNo\\\":\\\"12535\\\",\\\"topic\\\":\\\"deviceTopic\\\\\\\/13161934946\\\"}\"},\"response_code\":200,\"response_body\":\"{\\\"code\\\":0,\\\"msg\\\":\\\"\\\\u67e5\\\\u8be2\\\\u6570\\\\u636e\\\\u4e3a\\\\u7a7a\\\",\\\"status_code\\\":1001}\",\"response_errorMessage\":null}","topic":""}
[2018-12-05 17:12:58,037] [9248] RunTime: 0.0000 s
 - INFO 
 - RestClient.doGet(D:\wamp\www\wscloud\backoffice\ThinkPHP\Library\Vendor\ApiGateway\RestClient.php:49)
 - {"message":"rest client","data":"{\"request_host\":\"http:\\\/\\\/localhost:133\\\/Home\",\"request_path\":\"\\\/System\\\/getSystemSetting\\\/companyId\\\/1447247968\\\/type\\\/20\\\/token\\\/70665cc7e4b47a01671d20c4131fd653\",\"request_method\":\"GET\",\"request_bodys\":[],\"response_code\":200,\"response_body\":\"{\\\"code\\\":1,\\\"msg\\\":\\\"\\\\u67e5\\\\u8be2\\\\u6210\\\\u529f\\\",\\\"status_code\\\":4025,\\\"data\\\":{\\\"value\\\":\\\"1\\\"}}\",\"response_errorMessage\":null}","topic":""}
[2018-12-05 17:12:58,129] [9248] RunTime: 0.0923 s
 - INFO 
 - RestClient.doGet(D:\wamp\www\wscloud\backoffice\ThinkPHP\Library\Vendor\ApiGateway\RestClient.php:49)
 - {"message":"rest client","data":"{\"request_host\":\"http:\\\/\\\/localhost:133\\\/Home\",\"request_path\":\"\\\/Admin\\\/getAdminMsgCount\\\/status\\\/10\\\/token\\\/70665cc7e4b47a01671d20c4131fd653\",\"request_method\":\"GET\",\"request_bodys\":[],\"response_code\":200,\"response_body\":\"{\\\"code\\\":1,\\\"msg\\\":\\\"\\\\u67e5\\\\u8be2\\\\u6210\\\\u529f\\\",\\\"status_code\\\":4025,\\\"data\\\":\\\"0\\\"}\",\"response_errorMessage\":null}","topic":""}
[2018-12-05 17:12:58,498] [9248] RunTime: 0.0000 s
 - INFO 
 - RestClient.doPost(D:\wamp\www\wscloud\backoffice\ThinkPHP\Library\Vendor\ApiGateway\RestClient.php:83)
 - {"message":"rest client","data":"{\"request_host\":\"http:\\\/\\\/localhost:133\\\/Home\",\"request_path\":\"\\\/Device\\\/getDeviceSettingInfo\\\/token\\\/70665cc7e4b47a01671d20c4131fd653\",\"request_method\":\"POST\",\"request_bodys\":{\"\":\"{\\\"serialNo\\\":\\\"12535\\\",\\\"topic\\\":\\\"deviceTopic\\\\\\\/13161934946\\\"}\"},\"response_code\":200,\"response_body\":\"{\\\"code\\\":0,\\\"msg\\\":\\\"\\\\u67e5\\\\u8be2\\\\u6570\\\\u636e\\\\u4e3a\\\\u7a7a\\\",\\\"status_code\\\":1001}\",\"response_errorMessage\":null}","topic":""}
[2018-12-05 17:15:35,388] [9248] RunTime: 0.0000 s
 - INFO 
 - RestClient.doGet(D:\wamp\www\wscloud\backoffice\ThinkPHP\Library\Vendor\ApiGateway\RestClient.php:49)
 - {"message":"rest client","data":"{\"request_host\":\"http:\\\/\\\/localhost:133\\\/Home\",\"request_path\":\"\\\/Login\\\/logOut\\\/type\\\/10\\\/token\\\/70665cc7e4b47a01671d20c4131fd653\",\"request_method\":\"GET\",\"request_bodys\":[],\"response_code\":200,\"response_body\":\"{\\\"code\\\":1,\\\"msg\\\":\\\"\\\\u9000\\\\u51fa\\\\u6210\\\\u529f\\\",\\\"status_code\\\":3003}\",\"response_errorMessage\":null}","topic":""}
[2018-12-05 17:15:35,513] [9248] RunTime: 0.0000 s
 - INFO 
 - RestClient.doGet(D:\wamp\www\wscloud\backoffice\ThinkPHP\Library\Vendor\ApiGateway\RestClient.php:49)
 - {"message":"rest client","data":"{\"request_host\":\"http:\\\/\\\/localhost:133\\\/Home\",\"request_path\":\"\\\/System\\\/getSystemSetting\\\/companyId\\\/\\\/type\\\/20\\\/token\\\/null\",\"request_method\":\"GET\",\"request_bodys\":[],\"response_code\":200,\"response_body\":\"{\\\"code\\\":0,\\\"msg\\\":\\\"token\\\\u8fc7\\\\u671f\\\",\\\"status_code\\\":2001}\",\"response_errorMessage\":null}","topic":""}
[2018-12-05 17:15:35,613] [9248] RunTime: 0.0998 s
 - INFO 
 - RestClient.doGet(D:\wamp\www\wscloud\backoffice\ThinkPHP\Library\Vendor\ApiGateway\RestClient.php:49)
 - {"message":"rest client","data":"{\"request_host\":\"http:\\\/\\\/localhost:133\\\/Home\",\"request_path\":\"\\\/Admin\\\/getAdminMsgCount\\\/status\\\/10\\\/token\\\/null\",\"request_method\":\"GET\",\"request_bodys\":[],\"response_code\":200,\"response_body\":\"{\\\"code\\\":0,\\\"msg\\\":\\\"token\\\\u8fc7\\\\u671f\\\",\\\"status_code\\\":2001}\",\"response_errorMessage\":null}","topic":""}
