[2018-10-11 14:44:53,376] [1912] RunTime: 0.0000 s
 - INFO 
 - RestClient.doGet(D:\wamp\www\wscloud\backoffice\ThinkPHP\Library\Vendor\ApiGateway\RestClient.php:49)
 - {"message":"rest client","data":"{\"request_host\":\"http:\\\/\\\/localhost:133\\\/Home\",\"request_path\":\"\\\/System\\\/getSystemSetting\\\/companyId\\\/\\\/type\\\/20\\\/token\\\/null\",\"request_method\":\"GET\",\"request_bodys\":[],\"response_code\":200,\"response_body\":\"{\\\"code\\\":0,\\\"msg\\\":\\\"token\\\\u8fc7\\\\u671f\\\",\\\"status_code\\\":2001}\",\"response_errorMessage\":null}","topic":""}
[2018-10-11 14:44:53,949] [1912] RunTime: 0.5730 s
 - INFO 
 - RestClient.doGet(D:\wamp\www\wscloud\backoffice\ThinkPHP\Library\Vendor\ApiGateway\RestClient.php:49)
 - {"message":"rest client","data":"{\"request_host\":\"http:\\\/\\\/localhost:133\\\/Home\",\"request_path\":\"\\\/Admin\\\/getAdminMsgCount\\\/status\\\/10\\\/token\\\/null\",\"request_method\":\"GET\",\"request_bodys\":[],\"response_code\":200,\"response_body\":\"{\\\"code\\\":0,\\\"msg\\\":\\\"token\\\\u8fc7\\\\u671f\\\",\\\"status_code\\\":2001}\",\"response_errorMessage\":null}","topic":""}
[2018-10-11 14:45:02,960] [1912] RunTime: 0.0000 s
 - INFO 
 - RestClient.doGet(D:\wamp\www\wscloud\backoffice\ThinkPHP\Library\Vendor\ApiGateway\RestClient.php:49)
 - {"message":"rest client","data":"{\"request_host\":\"http:\\\/\\\/localhost:133\\\/Home\",\"request_path\":\"\\\/login\\\/login\\\/account\\\/shangshan\\\/password\\\/123456\\\/type\\\/10\\\/token\\\/null\",\"request_method\":\"GET\",\"request_bodys\":[],\"response_code\":200,\"response_body\":\"{\\\"code\\\":0,\\\"msg\\\":\\\"\\\\u7528\\\\u6237\\\\u540d\\\\u6216\\\\u5bc6\\\\u7801\\\\u9519\\\\u8bef\\\",\\\"status_code\\\":3001}\",\"response_errorMessage\":null}","topic":""}
[2018-10-11 14:45:53,089] [1912] RunTime: 0.0000 s
 - INFO 
 - RestClient.doGet(D:\wamp\www\wscloud\backoffice\ThinkPHP\Library\Vendor\ApiGateway\RestClient.php:49)
 - {"message":"rest client","data":"{\"request_host\":\"http:\\\/\\\/localhost:133\\\/Home\",\"request_path\":\"\\\/login\\\/login\\\/account\\\/13161934946\\\/password\\\/123456\\\/type\\\/10\\\/token\\\/null\",\"request_method\":\"GET\",\"request_bodys\":[],\"response_code\":200,\"response_body\":\"{\\\"code\\\":1,\\\"msg\\\":\\\"\\\\u767b\\\\u5f55\\\\u6210\\\\u529f\\\",\\\"status_code\\\":3000,\\\"data\\\":{\\\"company_id\\\":\\\"1447247968\\\",\\\"name\\\":\\\"\\\\u6d4b\\\\u8bd5\\\\u516c\\\\u53f8\\\",\\\"account\\\":\\\"13161934946\\\",\\\"phone\\\":\\\"13161934946\\\",\\\"email\\\":\\\"123456789@qq.com\\\",\\\"password\\\":\\\"e10adc3949ba59abbe56e057f20f883e\\\",\\\"right\\\":\\\"1,100,110,120,200,210,220,300,310,320,400,410,420,430,500,510,520,600,610,620,700,710,720,730,2,1000,1010\\\",\\\"status\\\":\\\"10\\\",\\\"type\\\":\\\"20\\\",\\\"create_time\\\":\\\"1527487964\\\",\\\"create_user\\\":\\\"2517844598\\\",\\\"update_time\\\":\\\"1528868703\\\",\\\"update_user\\\":\\\"2517844598\\\",\\\"del_flg\\\":\\\"0\\\",\\\"token\\\":\\\"d25e961861d4646058ca2e1666491d58\\\",\\\"refresh_token\\\":\\\"d25e961861d4646058ca2e1666491d58\\\"}}\",\"response_errorMessage\":null}","topic":""}
[2018-10-11 14:45:53,573] [1912] RunTime: 0.0000 s
 - INFO 
 - RestClient.doGet(D:\wamp\www\wscloud\backoffice\ThinkPHP\Library\Vendor\ApiGateway\RestClient.php:49)
 - {"message":"rest client","data":"{\"request_host\":\"http:\\\/\\\/localhost:133\\\/Home\",\"request_path\":\"\\\/Company\\\/checkStatus\\\/companyId\\\/1447247968\\\/token\\\/d25e961861d4646058ca2e1666491d58\",\"request_method\":\"GET\",\"request_bodys\":[],\"response_code\":200,\"response_body\":\"{\\\"code\\\":1,\\\"msg\\\":\\\"\\\\u67e5\\\\u8be2\\\\u6b63\\\\u5e38\\\",\\\"status_code\\\":1000,\\\"data\\\":{\\\"id\\\":\\\"1447247968\\\",\\\"name\\\":\\\"\\\\u6d4b\\\\u8bd5\\\\u516c\\\\u53f8\\\",\\\"phone\\\":\\\"13161934946\\\",\\\"email\\\":\\\"123456789@qq.com\\\",\\\"logo\\\":null,\\\"status\\\":\\\"10\\\",\\\"verify_status\\\":\\\"30\\\",\\\"create_time\\\":\\\"1527487964\\\",\\\"update_time\\\":\\\"1529992663\\\",\\\"create_user\\\":\\\"1447247968\\\",\\\"update_user\\\":\\\"1447247968\\\",\\\"del_flg\\\":\\\"0\\\",\\\"verify_status_str\\\":\\\"\\\\u5ba1\\\\u6838\\\\u901a\\\\u8fc7\\\"}}\",\"response_errorMessage\":null}","topic":""}
[2018-10-11 14:45:53,890] [1912] RunTime: 0.3170 s
 - INFO 
 - RestClient.doGet(D:\wamp\www\wscloud\backoffice\ThinkPHP\Library\Vendor\ApiGateway\RestClient.php:49)
 - {"message":"rest client","data":"{\"request_host\":\"http:\\\/\\\/localhost:133\\\/Home\",\"request_path\":\"\\\/DrivingMonitor\\\/statBehavior\\\/companyId\\\/1447247968\\\/startTime\\\/1536648353\\\/endTime\\\/1539240353\\\/token\\\/d25e961861d4646058ca2e1666491d58\",\"request_method\":\"GET\",\"request_bodys\":[],\"response_code\":200,\"response_body\":\"{\\\"code\\\":1,\\\"msg\\\":\\\"\\\\u67e5\\\\u8be2\\\\u6210\\\\u529f\\\",\\\"status_code\\\":4025,\\\"data\\\":[{\\\"count\\\":\\\"5\\\",\\\"code\\\":\\\"16\\\",\\\"code_text\\\":\\\"\\\\u906e\\\\u6321\\\\u76f8\\\\u673a\\\"}]}\",\"response_errorMessage\":null}","topic":""}
[2018-10-11 14:45:54,284] [1912] RunTime: 0.7116 s
 - INFO 
 - RestClient.doGet(D:\wamp\www\wscloud\backoffice\ThinkPHP\Library\Vendor\ApiGateway\RestClient.php:49)
 - {"message":"rest client","data":"{\"request_host\":\"http:\\\/\\\/localhost:133\\\/Home\",\"request_path\":\"\\\/System\\\/getSystemSetting\\\/companyId\\\/1447247968\\\/type\\\/20\\\/token\\\/d25e961861d4646058ca2e1666491d58\",\"request_method\":\"GET\",\"request_bodys\":[],\"response_code\":200,\"response_body\":\"{\\\"code\\\":1,\\\"msg\\\":\\\"\\\\u67e5\\\\u8be2\\\\u6210\\\\u529f\\\",\\\"status_code\\\":4025,\\\"data\\\":{\\\"value\\\":\\\"1\\\"}}\",\"response_errorMessage\":null}","topic":""}
[2018-10-11 14:45:54,400] [1912] RunTime: 0.8272 s
 - INFO 
 - RestClient.doGet(D:\wamp\www\wscloud\backoffice\ThinkPHP\Library\Vendor\ApiGateway\RestClient.php:49)
 - {"message":"rest client","data":"{\"request_host\":\"http:\\\/\\\/localhost:133\\\/Home\",\"request_path\":\"\\\/Admin\\\/getAdminMsgCount\\\/status\\\/10\\\/token\\\/d25e961861d4646058ca2e1666491d58\",\"request_method\":\"GET\",\"request_bodys\":[],\"response_code\":200,\"response_body\":\"{\\\"code\\\":1,\\\"msg\\\":\\\"\\\\u67e5\\\\u8be2\\\\u6210\\\\u529f\\\",\\\"status_code\\\":4025,\\\"data\\\":\\\"0\\\"}\",\"response_errorMessage\":null}","topic":""}
[2018-10-11 14:45:55,779] [1912] RunTime: 0.0000 s
 - INFO 
 - RestClient.doGet(D:\wamp\www\wscloud\backoffice\ThinkPHP\Library\Vendor\ApiGateway\RestClient.php:49)
 - {"message":"rest client","data":"{\"request_host\":\"http:\\\/\\\/localhost:133\\\/Home\",\"request_path\":\"\\\/DrivingMonitor\\\/statByTimeGroup\\\/companyId\\\/1447247968\\\/startTime\\\/1538928000\\\/endTime\\\/1539273600\\\/token\\\/d25e961861d4646058ca2e1666491d58\",\"request_method\":\"GET\",\"request_bodys\":[],\"response_code\":200,\"response_body\":\"{\\\"code\\\":1,\\\"msg\\\":\\\"\\\\u67e5\\\\u8be2\\\\u6210\\\\u529f\\\",\\\"status_code\\\":4025,\\\"data\\\":[]}\",\"response_errorMessage\":null}","topic":""}
[2018-10-11 14:45:58,172] [1912] RunTime: 0.0000 s
 - INFO 
 - RestClient.doGet(D:\wamp\www\wscloud\backoffice\ThinkPHP\Library\Vendor\ApiGateway\RestClient.php:49)
 - {"message":"rest client","data":"{\"request_host\":\"http:\\\/\\\/localhost:133\\\/Home\",\"request_path\":\"\\\/System\\\/getSystemSetting\\\/companyId\\\/1447247968\\\/type\\\/20\\\/token\\\/d25e961861d4646058ca2e1666491d58\",\"request_method\":\"GET\",\"request_bodys\":[],\"response_code\":200,\"response_body\":\"{\\\"code\\\":1,\\\"msg\\\":\\\"\\\\u67e5\\\\u8be2\\\\u6210\\\\u529f\\\",\\\"status_code\\\":4025,\\\"data\\\":{\\\"value\\\":\\\"1\\\"}}\",\"response_errorMessage\":null}","topic":""}
[2018-10-11 14:45:58,259] [1912] RunTime: 0.0864 s
 - INFO 
 - RestClient.doGet(D:\wamp\www\wscloud\backoffice\ThinkPHP\Library\Vendor\ApiGateway\RestClient.php:49)
 - {"message":"rest client","data":"{\"request_host\":\"http:\\\/\\\/localhost:133\\\/Home\",\"request_path\":\"\\\/Admin\\\/getAdminMsgCount\\\/status\\\/10\\\/token\\\/d25e961861d4646058ca2e1666491d58\",\"request_method\":\"GET\",\"request_bodys\":[],\"response_code\":200,\"response_body\":\"{\\\"code\\\":1,\\\"msg\\\":\\\"\\\\u67e5\\\\u8be2\\\\u6210\\\\u529f\\\",\\\"status_code\\\":4025,\\\"data\\\":\\\"0\\\"}\",\"response_errorMessage\":null}","topic":""}
[2018-10-11 14:46:03,630] [1912] RunTime: 0.0000 s
 - INFO 
 - RestClient.doGet(D:\wamp\www\wscloud\backoffice\ThinkPHP\Library\Vendor\ApiGateway\RestClient.php:49)
 - {"message":"rest client","data":"{\"request_host\":\"http:\\\/\\\/localhost:133\\\/Home\",\"request_path\":\"\\\/RoadLine\\\/searchVehicle\\\/keywords\\\/j\\\/companyId\\\/1447247968\\\/token\\\/d25e961861d4646058ca2e1666491d58\",\"request_method\":\"GET\",\"request_bodys\":[],\"response_code\":200,\"response_body\":\"{\\\"code\\\":0,\\\"msg\\\":\\\"\\\\u67e5\\\\u8be2\\\\u6570\\\\u636e\\\\u4e3a\\\\u7a7a\\\",\\\"status_code\\\":1001}\",\"response_errorMessage\":null}","topic":""}
[2018-10-11 14:46:03,769] [1912] RunTime: 0.0000 s
 - INFO 
 - RestClient.doGet(D:\wamp\www\wscloud\backoffice\ThinkPHP\Library\Vendor\ApiGateway\RestClient.php:49)
 - {"message":"rest client","data":"{\"request_host\":\"http:\\\/\\\/localhost:133\\\/Home\",\"request_path\":\"\\\/RoadLine\\\/searchVehicle\\\/keywords\\\/ji\\\/companyId\\\/1447247968\\\/token\\\/d25e961861d4646058ca2e1666491d58\",\"request_method\":\"GET\",\"request_bodys\":[],\"response_code\":200,\"response_body\":\"{\\\"code\\\":0,\\\"msg\\\":\\\"\\\\u67e5\\\\u8be2\\\\u6570\\\\u636e\\\\u4e3a\\\\u7a7a\\\",\\\"status_code\\\":1001}\",\"response_errorMessage\":null}","topic":""}
[2018-10-11 14:46:04,272] [1912] RunTime: 0.0000 s
 - INFO 
 - RestClient.doGet(D:\wamp\www\wscloud\backoffice\ThinkPHP\Library\Vendor\ApiGateway\RestClient.php:49)
 - {"message":"rest client","data":"{\"request_host\":\"http:\\\/\\\/localhost:133\\\/Home\",\"request_path\":\"\\\/RoadLine\\\/searchVehicle\\\/keywords\\\/j\\\/companyId\\\/1447247968\\\/token\\\/d25e961861d4646058ca2e1666491d58\",\"request_method\":\"GET\",\"request_bodys\":[],\"response_code\":200,\"response_body\":\"{\\\"code\\\":0,\\\"msg\\\":\\\"\\\\u67e5\\\\u8be2\\\\u6570\\\\u636e\\\\u4e3a\\\\u7a7a\\\",\\\"status_code\\\":1001}\",\"response_errorMessage\":null}","topic":""}
[2018-10-11 14:46:05,289] [1912] RunTime: 0.0000 s
 - INFO 
 - RestClient.doGet(D:\wamp\www\wscloud\backoffice\ThinkPHP\Library\Vendor\ApiGateway\RestClient.php:49)
 - {"message":"rest client","data":"{\"request_host\":\"http:\\\/\\\/localhost:133\\\/Home\",\"request_path\":\"\\\/RoadLine\\\/searchVehicle\\\/keywords\\\/j\\\/companyId\\\/1447247968\\\/token\\\/d25e961861d4646058ca2e1666491d58\",\"request_method\":\"GET\",\"request_bodys\":[],\"response_code\":200,\"response_body\":\"{\\\"code\\\":0,\\\"msg\\\":\\\"\\\\u67e5\\\\u8be2\\\\u6570\\\\u636e\\\\u4e3a\\\\u7a7a\\\",\\\"status_code\\\":1001}\",\"response_errorMessage\":null}","topic":""}
[2018-10-11 14:46:05,542] [1912] RunTime: 0.0000 s
 - INFO 
 - RestClient.doGet(D:\wamp\www\wscloud\backoffice\ThinkPHP\Library\Vendor\ApiGateway\RestClient.php:49)
 - {"message":"rest client","data":"{\"request_host\":\"http:\\\/\\\/localhost:133\\\/Home\",\"request_path\":\"\\\/RoadLine\\\/searchVehicle\\\/keywords\\\/ji\\\/companyId\\\/1447247968\\\/token\\\/d25e961861d4646058ca2e1666491d58\",\"request_method\":\"GET\",\"request_bodys\":[],\"response_code\":200,\"response_body\":\"{\\\"code\\\":0,\\\"msg\\\":\\\"\\\\u67e5\\\\u8be2\\\\u6570\\\\u636e\\\\u4e3a\\\\u7a7a\\\",\\\"status_code\\\":1001}\",\"response_errorMessage\":null}","topic":""}
[2018-10-11 14:46:05,878] [1912] RunTime: 0.0000 s
 - INFO 
 - RestClient.doGet(D:\wamp\www\wscloud\backoffice\ThinkPHP\Library\Vendor\ApiGateway\RestClient.php:49)
 - {"message":"rest client","data":"{\"request_host\":\"http:\\\/\\\/localhost:133\\\/Home\",\"request_path\":\"\\\/RoadLine\\\/searchVehicle\\\/keywords\\\/\\u5180\\\/companyId\\\/1447247968\\\/token\\\/d25e961861d4646058ca2e1666491d58\",\"request_method\":\"GET\",\"request_bodys\":[],\"response_code\":200,\"response_body\":\"{\\\"code\\\":1,\\\"msg\\\":\\\"\\\\u67e5\\\\u8be2\\\\u6b63\\\\u5e38\\\",\\\"status_code\\\":1000,\\\"data\\\":[{\\\"id\\\":\\\"3112315772\\\",\\\"company_id\\\":\\\"1447247968\\\",\\\"device_no\\\":\\\"12535\\\",\\\"device_id\\\":\\\"8606702515\\\",\\\"vehicle_no\\\":\\\"\\\\u5180B0121\\\",\\\"model\\\":\\\"\\\\u706b\\\\u8f66\\\",\\\"status\\\":\\\"10\\\",\\\"create_time\\\":\\\"1528338132\\\",\\\"update_time\\\":\\\"1528338132\\\",\\\"create_user\\\":\\\"2517844598\\\",\\\"update_user\\\":\\\"2517844598\\\",\\\"del_flg\\\":\\\"0\\\"},{\\\"id\\\":\\\"4118020736\\\",\\\"company_id\\\":\\\"1447247968\\\",\\\"device_no\\\":\\\"1234567\\\",\\\"device_id\\\":\\\"8647758674\\\",\\\"vehicle_no\\\":\\\"\\\\u5180F12345\\\",\\\"model\\\":\\\"\\\\u53cd\\\\u5bf9\\\\u6cd5\\\",\\\"status\\\":\\\"10\\\",\\\"create_time\\\":\\\"1532676758\\\",\\\"update_time\\\":\\\"1532676758\\\",\\\"create_user\\\":\\\"2517844598\\\",\\\"update_user\\\":\\\"2517844598\\\",\\\"del_flg\\\":\\\"0\\\"},{\\\"id\\\":\\\"8167932515\\\",\\\"company_id\\\":\\\"1447247968\\\",\\\"device_no\\\":\\\"12456\\\",\\\"device_id\\\":\\\"7882128443\\\",\\\"vehicle_no\\\":\\\"\\\\u5180C1212\\\",\\\"model\\\":\\\"\\\\u6c7d\\\\u8f66\\\",\\\"status\\\":\\\"10\\\",\\\"create_time\\\":\\\"1528339180\\\",\\\"update_time\\\":\\\"1528339180\\\",\\\"create_user\\\":\\\"2517844598\\\",\\\"update_user\\\":\\\"2517844598\\\",\\\"del_flg\\\":\\\"0\\\"},{\\\"id\\\":\\\"8516577529\\\",\\\"company_id\\\":\\\"1447247968\\\",\\\"device_no\\\":\\\"sn-number\\\",\\\"device_id\\\":\\\"7882128443\\\",\\\"vehicle_no\\\":\\\"\\\\u5180F123456\\\",\\\"model\\\":\\\"\\\\u5f00\\\\u8f66\\\",\\\"status\\\":\\\"10\\\",\\\"create_time\\\":\\\"1527488509\\\",\\\"update_time\\\":\\\"1527488509\\\",\\\"create_user\\\":\\\"2517844598\\\",\\\"update_user\\\":\\\"2517844598\\\",\\\"del_flg\\\":\\\"0\\\"},{\\\"id\\\":\\\"9035124788\\\",\\\"company_id\\\":\\\"1447247968\\\",\\\"device_no\\\":\\\"12535\\\",\\\"device_id\\\":\\\"8606702515\\\",\\\"vehicle_no\\\":\\\"\\\\u5180A123456\\\",\\\"model\\\":\\\"\\\\u9a6c\\\\u8f66\\\",\\\"status\\\":\\\"10\\\",\\\"create_time\\\":\\\"1528338069\\\",\\\"update_time\\\":\\\"1528338069\\\",\\\"create_user\\\":\\\"2517844598\\\",\\\"update_user\\\":\\\"2517844598\\\",\\\"del_flg\\\":\\\"0\\\"},{\\\"id\\\":\\\"9382192712\\\",\\\"company_id\\\":\\\"1447247968\\\",\\\"device_no\\\":\\\"12535\\\",\\\"device_id\\\":\\\"8606702515\\\",\\\"vehicle_no\\\":\\\"\\\\u5180B0121\\\",\\\"model\\\":\\\"\\\\u706b\\\\u8f66\\\",\\\"status\\\":\\\"10\\\",\\\"create_time\\\":\\\"1528338145\\\",\\\"update_time\\\":\\\"1528338145\\\",\\\"create_user\\\":\\\"2517844598\\\",\\\"update_user\\\":\\\"2517844598\\\",\\\"del_flg\\\":\\\"0\\\"}]}\",\"response_errorMessage\":null}","topic":""}
[2018-10-11 14:46:06,091] [1912] RunTime: 0.0000 s
 - INFO 
 - RestClient.doGet(D:\wamp\www\wscloud\backoffice\ThinkPHP\Library\Vendor\ApiGateway\RestClient.php:49)
 - {"message":"rest client","data":"{\"request_host\":\"http:\\\/\\\/localhost:133\\\/Home\",\"request_path\":\"\\\/RoadLine\\\/searchVehicle\\\/keywords\\\/\\u5180\\\/companyId\\\/1447247968\\\/token\\\/d25e961861d4646058ca2e1666491d58\",\"request_method\":\"GET\",\"request_bodys\":[],\"response_code\":200,\"response_body\":\"{\\\"code\\\":1,\\\"msg\\\":\\\"\\\\u67e5\\\\u8be2\\\\u6b63\\\\u5e38\\\",\\\"status_code\\\":1000,\\\"data\\\":[{\\\"id\\\":\\\"3112315772\\\",\\\"company_id\\\":\\\"1447247968\\\",\\\"device_no\\\":\\\"12535\\\",\\\"device_id\\\":\\\"8606702515\\\",\\\"vehicle_no\\\":\\\"\\\\u5180B0121\\\",\\\"model\\\":\\\"\\\\u706b\\\\u8f66\\\",\\\"status\\\":\\\"10\\\",\\\"create_time\\\":\\\"1528338132\\\",\\\"update_time\\\":\\\"1528338132\\\",\\\"create_user\\\":\\\"2517844598\\\",\\\"update_user\\\":\\\"2517844598\\\",\\\"del_flg\\\":\\\"0\\\"},{\\\"id\\\":\\\"4118020736\\\",\\\"company_id\\\":\\\"1447247968\\\",\\\"device_no\\\":\\\"1234567\\\",\\\"device_id\\\":\\\"8647758674\\\",\\\"vehicle_no\\\":\\\"\\\\u5180F12345\\\",\\\"model\\\":\\\"\\\\u53cd\\\\u5bf9\\\\u6cd5\\\",\\\"status\\\":\\\"10\\\",\\\"create_time\\\":\\\"1532676758\\\",\\\"update_time\\\":\\\"1532676758\\\",\\\"create_user\\\":\\\"2517844598\\\",\\\"update_user\\\":\\\"2517844598\\\",\\\"del_flg\\\":\\\"0\\\"},{\\\"id\\\":\\\"8167932515\\\",\\\"company_id\\\":\\\"1447247968\\\",\\\"device_no\\\":\\\"12456\\\",\\\"device_id\\\":\\\"7882128443\\\",\\\"vehicle_no\\\":\\\"\\\\u5180C1212\\\",\\\"model\\\":\\\"\\\\u6c7d\\\\u8f66\\\",\\\"status\\\":\\\"10\\\",\\\"create_time\\\":\\\"1528339180\\\",\\\"update_time\\\":\\\"1528339180\\\",\\\"create_user\\\":\\\"2517844598\\\",\\\"update_user\\\":\\\"2517844598\\\",\\\"del_flg\\\":\\\"0\\\"},{\\\"id\\\":\\\"8516577529\\\",\\\"company_id\\\":\\\"1447247968\\\",\\\"device_no\\\":\\\"sn-number\\\",\\\"device_id\\\":\\\"7882128443\\\",\\\"vehicle_no\\\":\\\"\\\\u5180F123456\\\",\\\"model\\\":\\\"\\\\u5f00\\\\u8f66\\\",\\\"status\\\":\\\"10\\\",\\\"create_time\\\":\\\"1527488509\\\",\\\"update_time\\\":\\\"1527488509\\\",\\\"create_user\\\":\\\"2517844598\\\",\\\"update_user\\\":\\\"2517844598\\\",\\\"del_flg\\\":\\\"0\\\"},{\\\"id\\\":\\\"9035124788\\\",\\\"company_id\\\":\\\"1447247968\\\",\\\"device_no\\\":\\\"12535\\\",\\\"device_id\\\":\\\"8606702515\\\",\\\"vehicle_no\\\":\\\"\\\\u5180A123456\\\",\\\"model\\\":\\\"\\\\u9a6c\\\\u8f66\\\",\\\"status\\\":\\\"10\\\",\\\"create_time\\\":\\\"1528338069\\\",\\\"update_time\\\":\\\"1528338069\\\",\\\"create_user\\\":\\\"2517844598\\\",\\\"update_user\\\":\\\"2517844598\\\",\\\"del_flg\\\":\\\"0\\\"},{\\\"id\\\":\\\"9382192712\\\",\\\"company_id\\\":\\\"1447247968\\\",\\\"device_no\\\":\\\"12535\\\",\\\"device_id\\\":\\\"8606702515\\\",\\\"vehicle_no\\\":\\\"\\\\u5180B0121\\\",\\\"model\\\":\\\"\\\\u706b\\\\u8f66\\\",\\\"status\\\":\\\"10\\\",\\\"create_time\\\":\\\"1528338145\\\",\\\"update_time\\\":\\\"1528338145\\\",\\\"create_user\\\":\\\"2517844598\\\",\\\"update_user\\\":\\\"2517844598\\\",\\\"del_flg\\\":\\\"0\\\"}]}\",\"response_errorMessage\":null}","topic":""}
[2018-10-11 14:46:15,462] [1912] RunTime: 0.0000 s
 - INFO 
 - RestClient.doGet(D:\wamp\www\wscloud\backoffice\ThinkPHP\Library\Vendor\ApiGateway\RestClient.php:49)
 - {"message":"rest client","data":"{\"request_host\":\"http:\\\/\\\/localhost:133\\\/Home\",\"request_path\":\"\\\/RoadLine\\\/getVehicleHistoryPoint\\\/startTime\\\/1539100810\\\/endTime\\\/1539240357\\\/deviceNo\\\/true\\\/token\\\/d25e961861d4646058ca2e1666491d58\",\"request_method\":\"GET\",\"request_bodys\":[],\"response_code\":200,\"response_body\":\"{\\\"code\\\":0,\\\"msg\\\":\\\"\\\\u67e5\\\\u8be2\\\\u6570\\\\u636e\\\\u4e3a\\\\u7a7a\\\",\\\"status_code\\\":1001}\",\"response_errorMessage\":null}","topic":""}
