[2018-11-27 08:59:06,100] [9248] RunTime: 0.0000 s
 - INFO 
 - RestClient.doGet(D:\wamp\www\wscloud\backoffice\ThinkPHP\Library\Vendor\ApiGateway\RestClient.php:49)
 - {"message":"rest client","data":"{\"request_host\":\"http:\\\/\\\/localhost:133\\\/Home\",\"request_path\":\"\\\/System\\\/getSystemSetting\\\/companyId\\\/\\\/type\\\/20\\\/token\\\/null\",\"request_method\":\"GET\",\"request_bodys\":[],\"response_code\":200,\"response_body\":\"{\\\"code\\\":0,\\\"msg\\\":\\\"token\\\\u8fc7\\\\u671f\\\",\\\"status_code\\\":2001}\",\"response_errorMessage\":null}","topic":""}
[2018-11-27 08:59:06,192] [9248] RunTime: 0.0918 s
 - INFO 
 - RestClient.doGet(D:\wamp\www\wscloud\backoffice\ThinkPHP\Library\Vendor\ApiGateway\RestClient.php:49)
 - {"message":"rest client","data":"{\"request_host\":\"http:\\\/\\\/localhost:133\\\/Home\",\"request_path\":\"\\\/Admin\\\/getAdminMsgCount\\\/status\\\/10\\\/token\\\/null\",\"request_method\":\"GET\",\"request_bodys\":[],\"response_code\":200,\"response_body\":\"{\\\"code\\\":0,\\\"msg\\\":\\\"token\\\\u8fc7\\\\u671f\\\",\\\"status_code\\\":2001}\",\"response_errorMessage\":null}","topic":""}
[2018-11-27 08:59:17,475] [9248] RunTime: 0.0000 s
 - INFO 
 - RestClient.doGet(D:\wamp\www\wscloud\backoffice\ThinkPHP\Library\Vendor\ApiGateway\RestClient.php:49)
 - {"message":"rest client","data":"{\"request_host\":\"http:\\\/\\\/localhost:133\\\/Home\",\"request_path\":\"\\\/login\\\/login\\\/account\\\/13161934946\\\/password\\\/123456\\\/type\\\/10\\\/token\\\/null\",\"request_method\":\"GET\",\"request_bodys\":[],\"response_code\":200,\"response_body\":\"{\\\"code\\\":1,\\\"msg\\\":\\\"\\\\u767b\\\\u5f55\\\\u6210\\\\u529f\\\",\\\"status_code\\\":3000,\\\"data\\\":{\\\"company_id\\\":\\\"1447247968\\\",\\\"name\\\":\\\"\\\\u6d4b\\\\u8bd5\\\\u516c\\\\u53f8\\\",\\\"account\\\":\\\"13161934946\\\",\\\"phone\\\":\\\"13161934946\\\",\\\"email\\\":\\\"123456789@qq.com\\\",\\\"password\\\":\\\"e10adc3949ba59abbe56e057f20f883e\\\",\\\"right\\\":\\\"1,100,110,120,200,210,220,230,300,310,320,400,410,420,430,500,510,520,600,610,620,700,710,720,730,2,1000,1010,1100,1110\\\",\\\"status\\\":\\\"10\\\",\\\"type\\\":\\\"20\\\",\\\"create_time\\\":\\\"1527487964\\\",\\\"create_user\\\":\\\"2517844598\\\",\\\"update_time\\\":\\\"1528868703\\\",\\\"update_user\\\":\\\"2517844598\\\",\\\"del_flg\\\":\\\"0\\\",\\\"company_name\\\":\\\"\\\\u6d4b\\\\u8bd5\\\\u516c\\\\u53f8\\\",\\\"token\\\":\\\"fd64bbf794d699f601378d2dc350ea4b\\\",\\\"refresh_token\\\":\\\"fd64bbf794d699f601378d2dc350ea4b\\\"}}\",\"response_errorMessage\":null}","topic":""}
[2018-11-27 08:59:17,675] [9248] RunTime: 0.0000 s
 - INFO 
 - RestClient.doGet(D:\wamp\www\wscloud\backoffice\ThinkPHP\Library\Vendor\ApiGateway\RestClient.php:49)
 - {"message":"rest client","data":"{\"request_host\":\"http:\\\/\\\/localhost:133\\\/Home\",\"request_path\":\"\\\/Company\\\/checkStatus\\\/companyId\\\/1447247968\\\/token\\\/fd64bbf794d699f601378d2dc350ea4b\",\"request_method\":\"GET\",\"request_bodys\":[],\"response_code\":200,\"response_body\":\"{\\\"code\\\":1,\\\"msg\\\":\\\"\\\\u67e5\\\\u8be2\\\\u6b63\\\\u5e38\\\",\\\"status_code\\\":1000,\\\"data\\\":{\\\"id\\\":\\\"1447247968\\\",\\\"name\\\":\\\"\\\\u6d4b\\\\u8bd5\\\\u516c\\\\u53f8\\\",\\\"phone\\\":\\\"13161934946\\\",\\\"email\\\":\\\"123456789@qq.com\\\",\\\"logo\\\":null,\\\"status\\\":\\\"10\\\",\\\"verify_status\\\":\\\"30\\\",\\\"create_time\\\":\\\"1527487964\\\",\\\"update_time\\\":\\\"1529992663\\\",\\\"create_user\\\":\\\"1447247968\\\",\\\"update_user\\\":\\\"1447247968\\\",\\\"del_flg\\\":\\\"0\\\",\\\"verify_status_str\\\":\\\"\\\\u5ba1\\\\u6838\\\\u901a\\\\u8fc7\\\"}}\",\"response_errorMessage\":null}","topic":""}
[2018-11-27 08:59:17,772] [9248] RunTime: 0.0968 s
 - INFO 
 - RestClient.doGet(D:\wamp\www\wscloud\backoffice\ThinkPHP\Library\Vendor\ApiGateway\RestClient.php:49)
 - {"message":"rest client","data":"{\"request_host\":\"http:\\\/\\\/localhost:133\\\/Home\",\"request_path\":\"\\\/DrivingMonitor\\\/statBehavior\\\/companyId\\\/1447247968\\\/startTime\\\/1540688357\\\/endTime\\\/1543280357\\\/token\\\/fd64bbf794d699f601378d2dc350ea4b\",\"request_method\":\"GET\",\"request_bodys\":[],\"response_code\":200,\"response_body\":\"{\\\"code\\\":1,\\\"msg\\\":\\\"\\\\u67e5\\\\u8be2\\\\u6210\\\\u529f\\\",\\\"status_code\\\":4025,\\\"data\\\":[]}\",\"response_errorMessage\":null}","topic":""}
[2018-11-27 08:59:17,842] [9248] RunTime: 0.1668 s
 - INFO 
 - RestClient.doGet(D:\wamp\www\wscloud\backoffice\ThinkPHP\Library\Vendor\ApiGateway\RestClient.php:49)
 - {"message":"rest client","data":"{\"request_host\":\"http:\\\/\\\/localhost:133\\\/Home\",\"request_path\":\"\\\/System\\\/getSystemSetting\\\/companyId\\\/1447247968\\\/type\\\/20\\\/token\\\/fd64bbf794d699f601378d2dc350ea4b\",\"request_method\":\"GET\",\"request_bodys\":[],\"response_code\":200,\"response_body\":\"{\\\"code\\\":1,\\\"msg\\\":\\\"\\\\u67e5\\\\u8be2\\\\u6210\\\\u529f\\\",\\\"status_code\\\":4025,\\\"data\\\":{\\\"value\\\":\\\"1\\\"}}\",\"response_errorMessage\":null}","topic":""}
[2018-11-27 08:59:17,917] [9248] RunTime: 0.2416 s
 - INFO 
 - RestClient.doGet(D:\wamp\www\wscloud\backoffice\ThinkPHP\Library\Vendor\ApiGateway\RestClient.php:49)
 - {"message":"rest client","data":"{\"request_host\":\"http:\\\/\\\/localhost:133\\\/Home\",\"request_path\":\"\\\/Admin\\\/getAdminMsgCount\\\/status\\\/10\\\/token\\\/fd64bbf794d699f601378d2dc350ea4b\",\"request_method\":\"GET\",\"request_bodys\":[],\"response_code\":200,\"response_body\":\"{\\\"code\\\":1,\\\"msg\\\":\\\"\\\\u67e5\\\\u8be2\\\\u6210\\\\u529f\\\",\\\"status_code\\\":4025,\\\"data\\\":\\\"0\\\"}\",\"response_errorMessage\":null}","topic":""}
[2018-11-27 08:59:18,419] [9248] RunTime: 0.0000 s
 - INFO 
 - RestClient.doGet(D:\wamp\www\wscloud\backoffice\ThinkPHP\Library\Vendor\ApiGateway\RestClient.php:49)
 - {"message":"rest client","data":"{\"request_host\":\"http:\\\/\\\/localhost:133\\\/Home\",\"request_path\":\"\\\/DrivingMonitor\\\/statByTimeGroup\\\/companyId\\\/1447247968\\\/startTime\\\/1542988800\\\/endTime\\\/1543334400\\\/token\\\/fd64bbf794d699f601378d2dc350ea4b\",\"request_method\":\"GET\",\"request_bodys\":[],\"response_code\":200,\"response_body\":\"{\\\"code\\\":1,\\\"msg\\\":\\\"\\\\u67e5\\\\u8be2\\\\u6210\\\\u529f\\\",\\\"status_code\\\":4025,\\\"data\\\":[]}\",\"response_errorMessage\":null}","topic":""}
[2018-11-27 08:59:28,002] [9248] RunTime: 0.0000 s
 - INFO 
 - RestClient.doGet(D:\wamp\www\wscloud\backoffice\ThinkPHP\Library\Vendor\ApiGateway\RestClient.php:49)
 - {"message":"rest client","data":"{\"request_host\":\"http:\\\/\\\/localhost:133\\\/Home\",\"request_path\":\"\\\/Company\\\/checkStatus\\\/companyId\\\/1447247968\\\/token\\\/fd64bbf794d699f601378d2dc350ea4b\",\"request_method\":\"GET\",\"request_bodys\":[],\"response_code\":200,\"response_body\":\"{\\\"code\\\":1,\\\"msg\\\":\\\"\\\\u67e5\\\\u8be2\\\\u6b63\\\\u5e38\\\",\\\"status_code\\\":1000,\\\"data\\\":{\\\"id\\\":\\\"1447247968\\\",\\\"name\\\":\\\"\\\\u6d4b\\\\u8bd5\\\\u516c\\\\u53f8\\\",\\\"phone\\\":\\\"13161934946\\\",\\\"email\\\":\\\"123456789@qq.com\\\",\\\"logo\\\":null,\\\"status\\\":\\\"10\\\",\\\"verify_status\\\":\\\"30\\\",\\\"create_time\\\":\\\"1527487964\\\",\\\"update_time\\\":\\\"1529992663\\\",\\\"create_user\\\":\\\"1447247968\\\",\\\"update_user\\\":\\\"1447247968\\\",\\\"del_flg\\\":\\\"0\\\",\\\"verify_status_str\\\":\\\"\\\\u5ba1\\\\u6838\\\\u901a\\\\u8fc7\\\"}}\",\"response_errorMessage\":null}","topic":""}
[2018-11-27 08:59:28,078] [9248] RunTime: 0.0760 s
 - INFO 
 - RestClient.doGet(D:\wamp\www\wscloud\backoffice\ThinkPHP\Library\Vendor\ApiGateway\RestClient.php:49)
 - {"message":"rest client","data":"{\"request_host\":\"http:\\\/\\\/localhost:133\\\/Home\",\"request_path\":\"\\\/DrivingMonitor\\\/statBehavior\\\/companyId\\\/1447247968\\\/startTime\\\/1540688368\\\/endTime\\\/1543280368\\\/token\\\/fd64bbf794d699f601378d2dc350ea4b\",\"request_method\":\"GET\",\"request_bodys\":[],\"response_code\":200,\"response_body\":\"{\\\"code\\\":1,\\\"msg\\\":\\\"\\\\u67e5\\\\u8be2\\\\u6210\\\\u529f\\\",\\\"status_code\\\":4025,\\\"data\\\":[]}\",\"response_errorMessage\":null}","topic":""}
[2018-11-27 08:59:28,493] [9248] RunTime: 0.4915 s
 - INFO 
 - RestClient.doGet(D:\wamp\www\wscloud\backoffice\ThinkPHP\Library\Vendor\ApiGateway\RestClient.php:49)
 - {"message":"rest client","data":"{\"request_host\":\"http:\\\/\\\/localhost:133\\\/Home\",\"request_path\":\"\\\/System\\\/getSystemSetting\\\/companyId\\\/1447247968\\\/type\\\/20\\\/token\\\/fd64bbf794d699f601378d2dc350ea4b\",\"request_method\":\"GET\",\"request_bodys\":[],\"response_code\":200,\"response_body\":\"{\\\"code\\\":1,\\\"msg\\\":\\\"\\\\u67e5\\\\u8be2\\\\u6210\\\\u529f\\\",\\\"status_code\\\":4025,\\\"data\\\":{\\\"value\\\":\\\"1\\\"}}\",\"response_errorMessage\":null}","topic":""}
[2018-11-27 08:59:28,568] [9248] RunTime: 0.5665 s
 - INFO 
 - RestClient.doGet(D:\wamp\www\wscloud\backoffice\ThinkPHP\Library\Vendor\ApiGateway\RestClient.php:49)
 - {"message":"rest client","data":"{\"request_host\":\"http:\\\/\\\/localhost:133\\\/Home\",\"request_path\":\"\\\/Admin\\\/getAdminMsgCount\\\/status\\\/10\\\/token\\\/fd64bbf794d699f601378d2dc350ea4b\",\"request_method\":\"GET\",\"request_bodys\":[],\"response_code\":200,\"response_body\":\"{\\\"code\\\":1,\\\"msg\\\":\\\"\\\\u67e5\\\\u8be2\\\\u6210\\\\u529f\\\",\\\"status_code\\\":4025,\\\"data\\\":\\\"0\\\"}\",\"response_errorMessage\":null}","topic":""}
[2018-11-27 08:59:28,958] [9248] RunTime: 0.0000 s
 - INFO 
 - RestClient.doGet(D:\wamp\www\wscloud\backoffice\ThinkPHP\Library\Vendor\ApiGateway\RestClient.php:49)
 - {"message":"rest client","data":"{\"request_host\":\"http:\\\/\\\/localhost:133\\\/Home\",\"request_path\":\"\\\/DrivingMonitor\\\/statByTimeGroup\\\/companyId\\\/1447247968\\\/startTime\\\/1542988800\\\/endTime\\\/1543334400\\\/token\\\/fd64bbf794d699f601378d2dc350ea4b\",\"request_method\":\"GET\",\"request_bodys\":[],\"response_code\":200,\"response_body\":\"{\\\"code\\\":1,\\\"msg\\\":\\\"\\\\u67e5\\\\u8be2\\\\u6210\\\\u529f\\\",\\\"status_code\\\":4025,\\\"data\\\":[]}\",\"response_errorMessage\":null}","topic":""}
[2018-11-27 09:03:51,895] [9248] RunTime: 0.0000 s
 - INFO 
 - RestClient.doGet(D:\wamp\www\wscloud\backoffice\ThinkPHP\Library\Vendor\ApiGateway\RestClient.php:49)
 - {"message":"rest client","data":"{\"request_host\":\"http:\\\/\\\/localhost:133\\\/Home\",\"request_path\":\"\\\/Company\\\/checkStatus\\\/companyId\\\/1447247968\\\/token\\\/fd64bbf794d699f601378d2dc350ea4b\",\"request_method\":\"GET\",\"request_bodys\":[],\"response_code\":200,\"response_body\":\"{\\\"code\\\":1,\\\"msg\\\":\\\"\\\\u67e5\\\\u8be2\\\\u6b63\\\\u5e38\\\",\\\"status_code\\\":1000,\\\"data\\\":{\\\"id\\\":\\\"1447247968\\\",\\\"name\\\":\\\"\\\\u6d4b\\\\u8bd5\\\\u516c\\\\u53f8\\\",\\\"phone\\\":\\\"13161934946\\\",\\\"email\\\":\\\"123456789@qq.com\\\",\\\"logo\\\":null,\\\"status\\\":\\\"10\\\",\\\"verify_status\\\":\\\"30\\\",\\\"create_time\\\":\\\"1527487964\\\",\\\"update_time\\\":\\\"1529992663\\\",\\\"create_user\\\":\\\"1447247968\\\",\\\"update_user\\\":\\\"1447247968\\\",\\\"del_flg\\\":\\\"0\\\",\\\"verify_status_str\\\":\\\"\\\\u5ba1\\\\u6838\\\\u901a\\\\u8fc7\\\"}}\",\"response_errorMessage\":null}","topic":""}
[2018-11-27 09:03:51,995] [9248] RunTime: 0.1007 s
 - INFO 
 - RestClient.doGet(D:\wamp\www\wscloud\backoffice\ThinkPHP\Library\Vendor\ApiGateway\RestClient.php:49)
 - {"message":"rest client","data":"{\"request_host\":\"http:\\\/\\\/localhost:133\\\/Home\",\"request_path\":\"\\\/DrivingMonitor\\\/statBehavior\\\/companyId\\\/1447247968\\\/startTime\\\/1540688631\\\/endTime\\\/1543280631\\\/token\\\/fd64bbf794d699f601378d2dc350ea4b\",\"request_method\":\"GET\",\"request_bodys\":[],\"response_code\":200,\"response_body\":\"{\\\"code\\\":1,\\\"msg\\\":\\\"\\\\u67e5\\\\u8be2\\\\u6210\\\\u529f\\\",\\\"status_code\\\":4025,\\\"data\\\":[]}\",\"response_errorMessage\":null}","topic":""}
[2018-11-27 09:03:52,113] [9248] RunTime: 0.2187 s
 - INFO 
 - RestClient.doGet(D:\wamp\www\wscloud\backoffice\ThinkPHP\Library\Vendor\ApiGateway\RestClient.php:49)
 - {"message":"rest client","data":"{\"request_host\":\"http:\\\/\\\/localhost:133\\\/Home\",\"request_path\":\"\\\/System\\\/getSystemSetting\\\/companyId\\\/1447247968\\\/type\\\/20\\\/token\\\/fd64bbf794d699f601378d2dc350ea4b\",\"request_method\":\"GET\",\"request_bodys\":[],\"response_code\":200,\"response_body\":\"{\\\"code\\\":1,\\\"msg\\\":\\\"\\\\u67e5\\\\u8be2\\\\u6210\\\\u529f\\\",\\\"status_code\\\":4025,\\\"data\\\":{\\\"value\\\":\\\"1\\\"}}\",\"response_errorMessage\":null}","topic":""}
[2018-11-27 09:03:52,213] [9248] RunTime: 0.3182 s
 - INFO 
 - RestClient.doGet(D:\wamp\www\wscloud\backoffice\ThinkPHP\Library\Vendor\ApiGateway\RestClient.php:49)
 - {"message":"rest client","data":"{\"request_host\":\"http:\\\/\\\/localhost:133\\\/Home\",\"request_path\":\"\\\/Admin\\\/getAdminMsgCount\\\/status\\\/10\\\/token\\\/fd64bbf794d699f601378d2dc350ea4b\",\"request_method\":\"GET\",\"request_bodys\":[],\"response_code\":200,\"response_body\":\"{\\\"code\\\":1,\\\"msg\\\":\\\"\\\\u67e5\\\\u8be2\\\\u6210\\\\u529f\\\",\\\"status_code\\\":4025,\\\"data\\\":\\\"0\\\"}\",\"response_errorMessage\":null}","topic":""}
[2018-11-27 09:03:52,608] [9248] RunTime: 0.0000 s
 - INFO 
 - RestClient.doGet(D:\wamp\www\wscloud\backoffice\ThinkPHP\Library\Vendor\ApiGateway\RestClient.php:49)
 - {"message":"rest client","data":"{\"request_host\":\"http:\\\/\\\/localhost:133\\\/Home\",\"request_path\":\"\\\/DrivingMonitor\\\/statByTimeGroup\\\/companyId\\\/1447247968\\\/startTime\\\/1542988800\\\/endTime\\\/1543334400\\\/token\\\/fd64bbf794d699f601378d2dc350ea4b\",\"request_method\":\"GET\",\"request_bodys\":[],\"response_code\":200,\"response_body\":\"{\\\"code\\\":1,\\\"msg\\\":\\\"\\\\u67e5\\\\u8be2\\\\u6210\\\\u529f\\\",\\\"status_code\\\":4025,\\\"data\\\":[]}\",\"response_errorMessage\":null}","topic":""}
[2018-11-27 09:06:49,390] [9248] RunTime: 0.0000 s
 - INFO 
 - RestClient.doGet(D:\wamp\www\wscloud\backoffice\ThinkPHP\Library\Vendor\ApiGateway\RestClient.php:49)
 - {"message":"rest client","data":"{\"request_host\":\"http:\\\/\\\/localhost:133\\\/Home\",\"request_path\":\"\\\/System\\\/getSystemSetting\\\/companyId\\\/1447247968\\\/type\\\/20\\\/token\\\/fd64bbf794d699f601378d2dc350ea4b\",\"request_method\":\"GET\",\"request_bodys\":[],\"response_code\":200,\"response_body\":\"{\\\"code\\\":1,\\\"msg\\\":\\\"\\\\u67e5\\\\u8be2\\\\u6210\\\\u529f\\\",\\\"status_code\\\":4025,\\\"data\\\":{\\\"value\\\":\\\"1\\\"}}\",\"response_errorMessage\":null}","topic":""}
[2018-11-27 09:06:49,465] [9248] RunTime: 0.0747 s
 - INFO 
 - RestClient.doGet(D:\wamp\www\wscloud\backoffice\ThinkPHP\Library\Vendor\ApiGateway\RestClient.php:49)
 - {"message":"rest client","data":"{\"request_host\":\"http:\\\/\\\/localhost:133\\\/Home\",\"request_path\":\"\\\/Admin\\\/getAdminMsgCount\\\/status\\\/10\\\/token\\\/fd64bbf794d699f601378d2dc350ea4b\",\"request_method\":\"GET\",\"request_bodys\":[],\"response_code\":200,\"response_body\":\"{\\\"code\\\":1,\\\"msg\\\":\\\"\\\\u67e5\\\\u8be2\\\\u6210\\\\u529f\\\",\\\"status_code\\\":4025,\\\"data\\\":\\\"0\\\"}\",\"response_errorMessage\":null}","topic":""}
[2018-11-27 09:06:49,800] [9248] RunTime: 0.0000 s
 - INFO 
 - RestClient.doGet(D:\wamp\www\wscloud\backoffice\ThinkPHP\Library\Vendor\ApiGateway\RestClient.php:49)
 - {"message":"rest client","data":"{\"request_host\":\"http:\\\/\\\/localhost:133\\\/Home\",\"request_path\":\"\\\/Device\\\/deviceLists\\\/name\\\/null\\\/serialNo\\\/null\\\/companyId\\\/1447247968\\\/pageSize\\\/10\\\/pageNo\\\/1\\\/token\\\/fd64bbf794d699f601378d2dc350ea4b\",\"request_method\":\"GET\",\"request_bodys\":[],\"response_code\":200,\"response_body\":\"{\\\"code\\\":1,\\\"msg\\\":\\\"\\\\u67e5\\\\u8be2\\\\u6b63\\\\u5e38\\\",\\\"status_code\\\":1000,\\\"data\\\":{\\\"dataList\\\":[{\\\"id\\\":\\\"6966521341\\\",\\\"company_id\\\":\\\"1447247968\\\",\\\"serial_no\\\":\\\"869455045023047\\\",\\\"name\\\":\\\"\\\\u5fae\\\\u89c6\\\\u5c0f\\\\u79d8\\\",\\\"type\\\":\\\"10\\\",\\\"model\\\":\\\"\\\\u5ba2\\\\u8f66\\\\u4e13\\\\u7528\\\",\\\"status\\\":\\\"10\\\",\\\"create_time\\\":\\\"2018-10-09 13:24:29\\\",\\\"update_time\\\":\\\"1539062669\\\",\\\"create_user\\\":\\\"1518614752\\\",\\\"update_user\\\":\\\"1518614752\\\",\\\"del_flg\\\":\\\"0\\\",\\\"company_name\\\":\\\"\\\\u6d4b\\\\u8bd5\\\\u516c\\\\u53f8\\\",\\\"status_str\\\":\\\"\\\\u6b63\\\\u5e38\\\",\\\"type_str\\\":\\\"\\\\u5fae\\\\u89c6\\\\u6444\\\\u50cf\\\\u5934\\\",\\\"active_str\\\":null,\\\"position_info\\\":false,\\\"device_line_status\\\":20,\\\"device_line_status_str\\\":\\\"\\\\u79bb\\\\u7ebf\\\"},{\\\"id\\\":\\\"6170405839\\\",\\\"company_id\\\":\\\"1447247968\\\",\\\"serial_no\\\":\\\"11212\\\",\\\"name\\\":\\\"\\\\u4f1a\\\\u66f4\\\\u597d\\\",\\\"type\\\":\\\"10\\\",\\\"model\\\":\\\"\\\\u54c8\\\\u54c8\\\",\\\"status\\\":\\\"10\\\",\\\"create_time\\\":\\\"2018-08-01 11:26:50\\\",\\\"update_time\\\":\\\"1533094010\\\",\\\"create_user\\\":\\\"2517844598\\\",\\\"update_user\\\":\\\"2517844598\\\",\\\"del_flg\\\":\\\"0\\\",\\\"company_name\\\":\\\"\\\\u6d4b\\\\u8bd5\\\\u516c\\\\u53f8\\\",\\\"status_str\\\":\\\"\\\\u6b63\\\\u5e38\\\",\\\"type_str\\\":\\\"\\\\u5fae\\\\u89c6\\\\u6444\\\\u50cf\\\\u5934\\\",\\\"active_str\\\":null,\\\"position_info\\\":false,\\\"device_line_status\\\":20,\\\"device_line_status_str\\\":\\\"\\\\u79bb\\\\u7ebf\\\"},{\\\"id\\\":\\\"8606702515\\\",\\\"company_id\\\":\\\"1447247968\\\",\\\"serial_no\\\":\\\"12535\\\",\\\"name\\\":\\\"\\\\u6444\\\\u50cf\\\\u59342\\\",\\\"type\\\":\\\"10\\\",\\\"model\\\":\\\"2018\\\",\\\"status\\\":\\\"10\\\",\\\"create_time\\\":\\\"2018-05-30 16:39:33\\\",\\\"update_time\\\":\\\"1527669573\\\",\\\"create_user\\\":\\\"1518614752\\\",\\\"update_user\\\":\\\"1518614752\\\",\\\"del_flg\\\":\\\"0\\\",\\\"company_name\\\":\\\"\\\\u6d4b\\\\u8bd5\\\\u516c\\\\u53f8\\\",\\\"status_str\\\":\\\"\\\\u6b63\\\\u5e38\\\",\\\"type_str\\\":\\\"\\\\u5fae\\\\u89c6\\\\u6444\\\\u50cf\\\\u5934\\\",\\\"active_str\\\":null,\\\"position_info\\\":false,\\\"device_line_status\\\":20,\\\"device_line_status_str\\\":\\\"\\\\u79bb\\\\u7ebf\\\"},{\\\"id\\\":\\\"8647758673\\\",\\\"company_id\\\":\\\"1447247968\\\",\\\"serial_no\\\":\\\"12345\\\",\\\"name\\\":\\\"\\\\u8bbe\\\\u5907\\\\u4e8c\\\",\\\"type\\\":\\\"10\\\",\\\"model\\\":\\\"x2018\\\",\\\"status\\\":\\\"10\\\",\\\"create_time\\\":\\\"2018-05-29 14:52:29\\\",\\\"update_time\\\":\\\"1527576749\\\",\\\"create_user\\\":\\\"2517844598\\\",\\\"update_user\\\":\\\"2517844598\\\",\\\"del_flg\\\":\\\"0\\\",\\\"company_name\\\":\\\"\\\\u6d4b\\\\u8bd5\\\\u516c\\\\u53f8\\\",\\\"status_str\\\":\\\"\\\\u6b63\\\\u5e38\\\",\\\"type_str\\\":\\\"\\\\u5fae\\\\u89c6\\\\u6444\\\\u50cf\\\\u5934\\\",\\\"active_str\\\":null,\\\"position_info\\\":false,\\\"device_line_status\\\":20,\\\"device_line_status_str\\\":\\\"\\\\u79bb\\\\u7ebf\\\"},{\\\"id\\\":\\\"8647758674\\\",\\\"company_id\\\":\\\"1447247968\\\",\\\"serial_no\\\":\\\"1234567\\\",\\\"name\\\":\\\"\\\\u8bbe\\\\u5907\\\\u4e09\\\",\\\"type\\\":\\\"10\\\",\\\"model\\\":\\\"x2018\\\",\\\"status\\\":\\\"10\\\",\\\"create_time\\\":\\\"2018-05-29 14:52:29\\\",\\\"update_time\\\":\\\"1527576749\\\",\\\"create_user\\\":\\\"2517844598\\\",\\\"update_user\\\":\\\"2517844598\\\",\\\"del_flg\\\":\\\"0\\\",\\\"company_name\\\":\\\"\\\\u6d4b\\\\u8bd5\\\\u516c\\\\u53f8\\\",\\\"status_str\\\":\\\"\\\\u6b63\\\\u5e38\\\",\\\"type_str\\\":\\\"\\\\u5fae\\\\u89c6\\\\u6444\\\\u50cf\\\\u5934\\\",\\\"active_str\\\":null,\\\"position_info\\\":false,\\\"device_line_status\\\":20,\\\"device_line_status_str\\\":\\\"\\\\u79bb\\\\u7ebf\\\"},{\\\"id\\\":\\\"7882128443\\\",\\\"company_id\\\":\\\"1447247968\\\",\\\"serial_no\\\":\\\"12456\\\",\\\"name\\\":\\\"\\\\u536b\\\\u89c6\\\\u5c0f\\\\u79d8\\\",\\\"type\\\":\\\"10\\\",\\\"model\\\":\\\"2018\\\",\\\"status\\\":\\\"10\\\",\\\"create_time\\\":\\\"2018-05-28 14:20:43\\\",\\\"update_time\\\":\\\"1527488443\\\",\\\"create_user\\\":\\\"2517844598\\\",\\\"update_user\\\":\\\"2517844598\\\",\\\"del_flg\\\":\\\"0\\\",\\\"company_name\\\":\\\"\\\\u6d4b\\\\u8bd5\\\\u516c\\\\u53f8\\\",\\\"status_str\\\":\\\"\\\\u6b63\\\\u5e38\\\",\\\"type_str\\\":\\\"\\\\u5fae\\\\u89c6\\\\u6444\\\\u50cf\\\\u5934\\\",\\\"active_str\\\":null,\\\"position_info\\\":false,\\\"device_line_status\\\":20,\\\"device_line_status_str\\\":\\\"\\\\u79bb\\\\u7ebf\\\"}],\\\"totalRecord\\\":\\\"6\\\"}}\",\"response_errorMessage\":null}","topic":""}
[2018-11-27 09:14:46,295] [9248] RunTime: 0.0000 s
 - INFO 
 - RestClient.doGet(D:\wamp\www\wscloud\backoffice\ThinkPHP\Library\Vendor\ApiGateway\RestClient.php:49)
 - {"message":"rest client","data":"{\"request_host\":\"http:\\\/\\\/localhost:133\\\/Home\",\"request_path\":\"\\\/DrivingMonitor\\\/statTiredNo\\\/companyId\\\/1447247968\\\/startTime\\\/1543248000\\\/token\\\/fd64bbf794d699f601378d2dc350ea4b\",\"request_method\":\"GET\",\"request_bodys\":[],\"response_code\":200,\"response_body\":\"{\\\"code\\\":1,\\\"msg\\\":\\\"\\\\u67e5\\\\u8be2\\\\u6210\\\\u529f\\\",\\\"status_code\\\":4025,\\\"data\\\":{\\\"x\\\":[],\\\"y\\\":[],\\\"sum\\\":\\\"0000000\\\"}}\",\"response_errorMessage\":null}","topic":""}
[2018-11-27 09:14:46,382] [9248] RunTime: 0.0872 s
 - INFO 
 - RestClient.doGet(D:\wamp\www\wscloud\backoffice\ThinkPHP\Library\Vendor\ApiGateway\RestClient.php:49)
 - {"message":"rest client","data":"{\"request_host\":\"http:\\\/\\\/localhost:133\\\/Home\",\"request_path\":\"\\\/System\\\/getSystemSetting\\\/companyId\\\/1447247968\\\/type\\\/20\\\/token\\\/fd64bbf794d699f601378d2dc350ea4b\",\"request_method\":\"GET\",\"request_bodys\":[],\"response_code\":200,\"response_body\":\"{\\\"code\\\":1,\\\"msg\\\":\\\"\\\\u67e5\\\\u8be2\\\\u6210\\\\u529f\\\",\\\"status_code\\\":4025,\\\"data\\\":{\\\"value\\\":\\\"1\\\"}}\",\"response_errorMessage\":null}","topic":""}
[2018-11-27 09:14:46,457] [9248] RunTime: 0.1619 s
 - INFO 
 - RestClient.doGet(D:\wamp\www\wscloud\backoffice\ThinkPHP\Library\Vendor\ApiGateway\RestClient.php:49)
 - {"message":"rest client","data":"{\"request_host\":\"http:\\\/\\\/localhost:133\\\/Home\",\"request_path\":\"\\\/Admin\\\/getAdminMsgCount\\\/status\\\/10\\\/token\\\/fd64bbf794d699f601378d2dc350ea4b\",\"request_method\":\"GET\",\"request_bodys\":[],\"response_code\":200,\"response_body\":\"{\\\"code\\\":1,\\\"msg\\\":\\\"\\\\u67e5\\\\u8be2\\\\u6210\\\\u529f\\\",\\\"status_code\\\":4025,\\\"data\\\":\\\"0\\\"}\",\"response_errorMessage\":null}","topic":""}
[2018-11-27 09:14:46,970] [9248] RunTime: 0.0000 s
 - INFO 
 - RestClient.doGet(D:\wamp\www\wscloud\backoffice\ThinkPHP\Library\Vendor\ApiGateway\RestClient.php:49)
 - {"message":"rest client","data":"{\"request_host\":\"http:\\\/\\\/localhost:133\\\/Home\",\"request_path\":\"\\\/DrivingMonitor\\\/statTiredNo\\\/companyId\\\/1447247968\\\/startTime\\\/1543248000\\\/token\\\/fd64bbf794d699f601378d2dc350ea4b\",\"request_method\":\"GET\",\"request_bodys\":[],\"response_code\":200,\"response_body\":\"{\\\"code\\\":1,\\\"msg\\\":\\\"\\\\u67e5\\\\u8be2\\\\u6210\\\\u529f\\\",\\\"status_code\\\":4025,\\\"data\\\":{\\\"x\\\":[],\\\"y\\\":[],\\\"sum\\\":\\\"0000000\\\"}}\",\"response_errorMessage\":null}","topic":""}
[2018-11-27 09:14:47,106] [9248] RunTime: 0.0000 s
 - INFO 
 - RestClient.doGet(D:\wamp\www\wscloud\backoffice\ThinkPHP\Library\Vendor\ApiGateway\RestClient.php:49)
 - {"message":"rest client","data":"{\"request_host\":\"http:\\\/\\\/localhost:133\\\/Home\",\"request_path\":\"\\\/DrivingMonitor\\\/showTiredType\\\/startTime\\\/1543248000\\\/endTime\\\/1543281286\\\/companyId\\\/1447247968\\\/token\\\/fd64bbf794d699f601378d2dc350ea4b\",\"request_method\":\"GET\",\"request_bodys\":[],\"response_code\":200,\"response_body\":\"{\\\"code\\\":0,\\\"msg\\\":\\\"\\\\u67e5\\\\u8be2\\\\u6570\\\\u636e\\\\u4e3a\\\\u7a7a\\\",\\\"status_code\\\":1001}\",\"response_errorMessage\":null}","topic":""}
[2018-11-27 09:14:47,288] [9248] RunTime: 0.0000 s
 - INFO 
 - RestClient.doGet(D:\wamp\www\wscloud\backoffice\ThinkPHP\Library\Vendor\ApiGateway\RestClient.php:49)
 - {"message":"rest client","data":"{\"request_host\":\"http:\\\/\\\/localhost:133\\\/Home\",\"request_path\":\"\\\/GroupsService\\\/typeGroupsLists\\\/companyId\\\/1447247968\\\/type\\\/10\\\/token\\\/fd64bbf794d699f601378d2dc350ea4b\",\"request_method\":\"GET\",\"request_bodys\":[],\"response_code\":200,\"response_body\":\"{\\\"code\\\":1,\\\"msg\\\":\\\"\\\\u67e5\\\\u8be2\\\\u6210\\\\u529f\\\",\\\"status_code\\\":4025,\\\"data\\\":{\\\"0\\\":{\\\"name\\\":\\\"\\\\u5168\\\\u90e8\\\\u8f66\\\\u8f86\\\",\\\"id\\\":\\\"null\\\",\\\"children\\\":[{\\\"id\\\":\\\"4118020736\\\",\\\"company_id\\\":\\\"1447247968\\\",\\\"device_no\\\":\\\"1234567\\\",\\\"device_id\\\":\\\"8647758674\\\",\\\"vehicle_no\\\":\\\"\\\\u5180F12346\\\",\\\"model\\\":\\\"\\\\u53cd\\\\u5bf9\\\\u6cd5\\\",\\\"status\\\":\\\"10\\\",\\\"create_time\\\":\\\"1532676758\\\",\\\"update_time\\\":\\\"1542354172\\\",\\\"create_user\\\":\\\"2517844598\\\",\\\"update_user\\\":\\\"1518614752\\\",\\\"del_flg\\\":\\\"0\\\",\\\"group_id\\\":\\\"null\\\",\\\"name\\\":\\\"<input id=\\\\\\\"input_null_4118020736\\\\\\\" data=\\\\\\\"1234567_\\\\u5180F12346\\\\\\\"  class=\\\\\\\"input_device\\\\\\\" type=\\\\\\\"checkbox\\\\\\\" style=\\\\\\\"vertical-align: middle; margin-top: 0px;margin-bottom: 1px;\\\\\\\"\\\\\\\/>\\\\u5180F12346\\\",\\\"position_info\\\":false},{\\\"id\\\":\\\"8167932515\\\",\\\"company_id\\\":\\\"1447247968\\\",\\\"device_no\\\":\\\"12456\\\",\\\"device_id\\\":\\\"7882128443\\\",\\\"vehicle_no\\\":\\\"\\\\u5180C1212\\\",\\\"model\\\":\\\"\\\\u6c7d\\\\u8f66\\\",\\\"status\\\":\\\"10\\\",\\\"create_time\\\":\\\"1528339180\\\",\\\"update_time\\\":\\\"1528339180\\\",\\\"create_user\\\":\\\"2517844598\\\",\\\"update_user\\\":\\\"2517844598\\\",\\\"del_flg\\\":\\\"0\\\",\\\"group_id\\\":\\\"null\\\",\\\"name\\\":\\\"<input id=\\\\\\\"input_null_8167932515\\\\\\\" data=\\\\\\\"12456_\\\\u5180C1212\\\\\\\"  class=\\\\\\\"input_device\\\\\\\" type=\\\\\\\"checkbox\\\\\\\" style=\\\\\\\"vertical-align: middle; margin-top: 0px;margin-bottom: 1px;\\\\\\\"\\\\\\\/>\\\\u5180C1212\\\",\\\"position_info\\\":false},{\\\"id\\\":\\\"9382192712\\\",\\\"company_id\\\":\\\"1447247968\\\",\\\"device_no\\\":\\\"12535\\\",\\\"device_id\\\":\\\"8606702515\\\",\\\"vehicle_no\\\":\\\"\\\\u5180B0121\\\",\\\"model\\\":\\\"\\\\u706b\\\\u8f66\\\",\\\"status\\\":\\\"10\\\",\\\"create_time\\\":\\\"1528338145\\\",\\\"update_time\\\":\\\"1528338145\\\",\\\"create_user\\\":\\\"2517844598\\\",\\\"update_user\\\":\\\"2517844598\\\",\\\"del_flg\\\":\\\"0\\\",\\\"group_id\\\":\\\"null\\\",\\\"name\\\":\\\"<input id=\\\\\\\"input_null_9382192712\\\\\\\" data=\\\\\\\"12535_\\\\u5180B0121\\\\\\\"  class=\\\\\\\"input_device\\\\\\\" type=\\\\\\\"checkbox\\\\\\\" style=\\\\\\\"vertical-align: middle; margin-top: 0px;margin-bottom: 1px;\\\\\\\"\\\\\\\/>\\\\u5180B0121\\\",\\\"position_info\\\":false},{\\\"id\\\":\\\"3112315772\\\",\\\"company_id\\\":\\\"1447247968\\\",\\\"device_no\\\":\\\"12535\\\",\\\"device_id\\\":\\\"8606702515\\\",\\\"vehicle_no\\\":\\\"\\\\u5180B0121\\\",\\\"model\\\":\\\"\\\\u706b\\\\u8f66\\\",\\\"status\\\":\\\"10\\\",\\\"create_time\\\":\\\"1528338132\\\",\\\"update_time\\\":\\\"1528338132\\\",\\\"create_user\\\":\\\"2517844598\\\",\\\"update_user\\\":\\\"2517844598\\\",\\\"del_flg\\\":\\\"0\\\",\\\"group_id\\\":\\\"null\\\",\\\"name\\\":\\\"<input id=\\\\\\\"input_null_3112315772\\\\\\\" data=\\\\\\\"12535_\\\\u5180B0121\\\\\\\"  class=\\\\\\\"input_device\\\\\\\" type=\\\\\\\"checkbox\\\\\\\" style=\\\\\\\"vertical-align: middle; margin-top: 0px;margin-bottom: 1px;\\\\\\\"\\\\\\\/>\\\\u5180B0121\\\",\\\"position_info\\\":false},{\\\"id\\\":\\\"9035124788\\\",\\\"company_id\\\":\\\"1447247968\\\",\\\"device_no\\\":\\\"12535\\\",\\\"device_id\\\":\\\"8606702515\\\",\\\"vehicle_no\\\":\\\"\\\\u5180A123456\\\",\\\"model\\\":\\\"\\\\u9a6c\\\\u8f66\\\",\\\"status\\\":\\\"10\\\",\\\"create_time\\\":\\\"1528338069\\\",\\\"update_time\\\":\\\"1528338069\\\",\\\"create_user\\\":\\\"2517844598\\\",\\\"update_user\\\":\\\"2517844598\\\",\\\"del_flg\\\":\\\"0\\\",\\\"group_id\\\":\\\"null\\\",\\\"name\\\":\\\"<input id=\\\\\\\"input_null_9035124788\\\\\\\" data=\\\\\\\"12535_\\\\u5180A123456\\\\\\\"  class=\\\\\\\"input_device\\\\\\\" type=\\\\\\\"checkbox\\\\\\\" style=\\\\\\\"vertical-align: middle; margin-top: 0px;margin-bottom: 1px;\\\\\\\"\\\\\\\/>\\\\u5180A123456\\\",\\\"position_info\\\":false},{\\\"id\\\":\\\"8516577529\\\",\\\"company_id\\\":\\\"1447247968\\\",\\\"device_no\\\":\\\"sn-number\\\",\\\"device_id\\\":\\\"7882128443\\\",\\\"vehicle_no\\\":\\\"\\\\u5180F123456\\\",\\\"model\\\":\\\"\\\\u5f00\\\\u8f66\\\",\\\"status\\\":\\\"10\\\",\\\"create_time\\\":\\\"1527488509\\\",\\\"update_time\\\":\\\"1542353183\\\",\\\"create_user\\\":\\\"2517844598\\\",\\\"update_user\\\":\\\"1518614752\\\",\\\"del_flg\\\":\\\"0\\\",\\\"group_id\\\":\\\"null\\\",\\\"name\\\":\\\"<input id=\\\\\\\"input_null_8516577529\\\\\\\" data=\\\\\\\"sn-number_\\\\u5180F123456\\\\\\\"  class=\\\\\\\"input_device\\\\\\\" type=\\\\\\\"checkbox\\\\\\\" style=\\\\\\\"vertical-align: middle; margin-top: 0px;margin-bottom: 1px;\\\\\\\"\\\\\\\/>\\\\u5180F123456\\\",\\\"position_info\\\":false}]},\\\"3\\\":{\\\"id\\\":\\\"9582847534\\\",\\\"name\\\":\\\"\\\\u8f66\\\\u961f\\\\u4e00\\\",\\\"type\\\":\\\"10\\\",\\\"children\\\":[{\\\"id\\\":\\\"8516577529\\\",\\\"company_id\\\":\\\"1447247968\\\",\\\"device_no\\\":\\\"sn-number\\\",\\\"device_id\\\":\\\"7882128443\\\",\\\"vehicle_no\\\":\\\"\\\\u5180F123456\\\",\\\"model\\\":\\\"\\\\u5f00\\\\u8f66\\\",\\\"status\\\":\\\"10\\\",\\\"create_time\\\":\\\"1527488509\\\",\\\"update_time\\\":\\\"1542353183\\\",\\\"create_user\\\":\\\"2517844598\\\",\\\"update_user\\\":\\\"1518614752\\\",\\\"del_flg\\\":\\\"0\\\",\\\"group_id\\\":\\\"9582847534\\\",\\\"name\\\":\\\"<input id=\\\\\\\"input_9582847534_8516577529\\\\\\\" data=\\\\\\\"sn-number_\\\\u5180F123456\\\\\\\"  class=\\\\\\\"input_device\\\\\\\" type=\\\\\\\"checkbox\\\\\\\" style=\\\\\\\"vertical-align: middle; margin-top: 0px;margin-bottom: 1px;\\\\\\\"\\\\\\\/>\\\\u5180F123456\\\",\\\"position_info\\\":false}]}}}\",\"response_errorMessage\":null}","topic":""}
[2018-11-27 18:18:57,200] [9248] RunTime: 0.0000 s
 - INFO 
 - RestClient.doGet(D:\wamp\www\wscloud\backoffice\ThinkPHP\Library\Vendor\ApiGateway\RestClient.php:49)
 - {"message":"rest client","data":"{\"request_host\":\"http:\\\/\\\/localhost:133\\\/Home\",\"request_path\":\"\\\/System\\\/getSystemSetting\\\/companyId\\\/1447247968\\\/type\\\/20\\\/token\\\/fd64bbf794d699f601378d2dc350ea4b\",\"request_method\":\"GET\",\"request_bodys\":[],\"response_code\":200,\"response_body\":\"{\\\"code\\\":0,\\\"msg\\\":\\\"token\\\\u8fc7\\\\u671f\\\",\\\"status_code\\\":2001}\",\"response_errorMessage\":null}","topic":""}
[2018-11-27 18:18:57,386] [9248] RunTime: 0.1856 s
 - INFO 
 - RestClient.doGet(D:\wamp\www\wscloud\backoffice\ThinkPHP\Library\Vendor\ApiGateway\RestClient.php:49)
 - {"message":"rest client","data":"{\"request_host\":\"http:\\\/\\\/localhost:133\\\/Home\",\"request_path\":\"\\\/Login\\\/refreshToken\\\/refreshToken\\\/fd64bbf794d699f601378d2dc350ea4b\\\/token\\\/fd64bbf794d699f601378d2dc350ea4b\\\/type\\\/10\",\"request_method\":\"GET\",\"request_bodys\":[],\"response_code\":200,\"response_body\":\"{\\\"code\\\":1,\\\"msg\\\":\\\"token\\\\u5237\\\\u65b0\\\\u6210\\\\u529f\\\",\\\"status_code\\\":2002,\\\"data\\\":{\\\"token\\\":\\\"26e32ea8d0a2706016b2a36917c32f4b\\\"}}\",\"response_errorMessage\":null}","topic":""}
[2018-11-27 18:18:57,537] [9248] RunTime: 0.3368 s
 - INFO 
 - RestClient.doGet(D:\wamp\www\wscloud\backoffice\ThinkPHP\Library\Vendor\ApiGateway\RestClient.php:49)
 - {"message":"rest client","data":"{\"request_host\":\"http:\\\/\\\/localhost:133\\\/Home\",\"request_path\":\"\\\/System\\\/getSystemSetting\\\/companyId\\\/1447247968\\\/type\\\/20\\\/token\\\/26e32ea8d0a2706016b2a36917c32f4b\",\"request_method\":\"GET\",\"request_bodys\":[],\"response_code\":200,\"response_body\":\"{\\\"code\\\":1,\\\"msg\\\":\\\"\\\\u67e5\\\\u8be2\\\\u6210\\\\u529f\\\",\\\"status_code\\\":4025,\\\"data\\\":{\\\"value\\\":\\\"1\\\"}}\",\"response_errorMessage\":null}","topic":""}
[2018-11-27 18:18:57,620] [9248] RunTime: 0.4197 s
 - INFO 
 - RestClient.doGet(D:\wamp\www\wscloud\backoffice\ThinkPHP\Library\Vendor\ApiGateway\RestClient.php:49)
 - {"message":"rest client","data":"{\"request_host\":\"http:\\\/\\\/localhost:133\\\/Home\",\"request_path\":\"\\\/Admin\\\/getAdminMsgCount\\\/status\\\/10\\\/token\\\/26e32ea8d0a2706016b2a36917c32f4b\",\"request_method\":\"GET\",\"request_bodys\":[],\"response_code\":200,\"response_body\":\"{\\\"code\\\":1,\\\"msg\\\":\\\"\\\\u67e5\\\\u8be2\\\\u6210\\\\u529f\\\",\\\"status_code\\\":4025,\\\"data\\\":\\\"0\\\"}\",\"response_errorMessage\":null}","topic":""}
[2018-11-27 18:18:58,073] [9248] RunTime: 0.0000 s
 - INFO 
 - RestClient.doGet(D:\wamp\www\wscloud\backoffice\ThinkPHP\Library\Vendor\ApiGateway\RestClient.php:49)
 - {"message":"rest client","data":"{\"request_host\":\"http:\\\/\\\/localhost:133\\\/Home\",\"request_path\":\"\\\/Device\\\/deviceLists\\\/name\\\/null\\\/serialNo\\\/null\\\/companyId\\\/1447247968\\\/pageSize\\\/10\\\/pageNo\\\/1\\\/token\\\/26e32ea8d0a2706016b2a36917c32f4b\",\"request_method\":\"GET\",\"request_bodys\":[],\"response_code\":200,\"response_body\":\"{\\\"code\\\":1,\\\"msg\\\":\\\"\\\\u67e5\\\\u8be2\\\\u6b63\\\\u5e38\\\",\\\"status_code\\\":1000,\\\"data\\\":{\\\"dataList\\\":[{\\\"id\\\":\\\"6966521341\\\",\\\"company_id\\\":\\\"1447247968\\\",\\\"serial_no\\\":\\\"869455045023047\\\",\\\"name\\\":\\\"\\\\u5fae\\\\u89c6\\\\u5c0f\\\\u79d8\\\",\\\"type\\\":\\\"10\\\",\\\"model\\\":\\\"\\\\u5ba2\\\\u8f66\\\\u4e13\\\\u7528\\\",\\\"status\\\":\\\"10\\\",\\\"create_time\\\":\\\"2018-10-09 13:24:29\\\",\\\"update_time\\\":\\\"1539062669\\\",\\\"create_user\\\":\\\"1518614752\\\",\\\"update_user\\\":\\\"1518614752\\\",\\\"del_flg\\\":\\\"0\\\",\\\"company_name\\\":\\\"\\\\u6d4b\\\\u8bd5\\\\u516c\\\\u53f8\\\",\\\"status_str\\\":\\\"\\\\u6b63\\\\u5e38\\\",\\\"type_str\\\":\\\"\\\\u5fae\\\\u89c6\\\\u6444\\\\u50cf\\\\u5934\\\",\\\"active_str\\\":null,\\\"position_info\\\":false,\\\"device_line_status\\\":20,\\\"device_line_status_str\\\":\\\"\\\\u79bb\\\\u7ebf\\\"},{\\\"id\\\":\\\"6170405839\\\",\\\"company_id\\\":\\\"1447247968\\\",\\\"serial_no\\\":\\\"11212\\\",\\\"name\\\":\\\"\\\\u4f1a\\\\u66f4\\\\u597d\\\",\\\"type\\\":\\\"10\\\",\\\"model\\\":\\\"\\\\u54c8\\\\u54c8\\\",\\\"status\\\":\\\"10\\\",\\\"create_time\\\":\\\"2018-08-01 11:26:50\\\",\\\"update_time\\\":\\\"1533094010\\\",\\\"create_user\\\":\\\"2517844598\\\",\\\"update_user\\\":\\\"2517844598\\\",\\\"del_flg\\\":\\\"0\\\",\\\"company_name\\\":\\\"\\\\u6d4b\\\\u8bd5\\\\u516c\\\\u53f8\\\",\\\"status_str\\\":\\\"\\\\u6b63\\\\u5e38\\\",\\\"type_str\\\":\\\"\\\\u5fae\\\\u89c6\\\\u6444\\\\u50cf\\\\u5934\\\",\\\"active_str\\\":null,\\\"position_info\\\":false,\\\"device_line_status\\\":20,\\\"device_line_status_str\\\":\\\"\\\\u79bb\\\\u7ebf\\\"},{\\\"id\\\":\\\"8606702515\\\",\\\"company_id\\\":\\\"1447247968\\\",\\\"serial_no\\\":\\\"12535\\\",\\\"name\\\":\\\"\\\\u6444\\\\u50cf\\\\u59342\\\",\\\"type\\\":\\\"10\\\",\\\"model\\\":\\\"2018\\\",\\\"status\\\":\\\"10\\\",\\\"create_time\\\":\\\"2018-05-30 16:39:33\\\",\\\"update_time\\\":\\\"1527669573\\\",\\\"create_user\\\":\\\"1518614752\\\",\\\"update_user\\\":\\\"1518614752\\\",\\\"del_flg\\\":\\\"0\\\",\\\"company_name\\\":\\\"\\\\u6d4b\\\\u8bd5\\\\u516c\\\\u53f8\\\",\\\"status_str\\\":\\\"\\\\u6b63\\\\u5e38\\\",\\\"type_str\\\":\\\"\\\\u5fae\\\\u89c6\\\\u6444\\\\u50cf\\\\u5934\\\",\\\"active_str\\\":null,\\\"position_info\\\":false,\\\"device_line_status\\\":20,\\\"device_line_status_str\\\":\\\"\\\\u79bb\\\\u7ebf\\\"},{\\\"id\\\":\\\"8647758673\\\",\\\"company_id\\\":\\\"1447247968\\\",\\\"serial_no\\\":\\\"12345\\\",\\\"name\\\":\\\"\\\\u8bbe\\\\u5907\\\\u4e8c\\\",\\\"type\\\":\\\"10\\\",\\\"model\\\":\\\"x2018\\\",\\\"status\\\":\\\"10\\\",\\\"create_time\\\":\\\"2018-05-29 14:52:29\\\",\\\"update_time\\\":\\\"1527576749\\\",\\\"create_user\\\":\\\"2517844598\\\",\\\"update_user\\\":\\\"2517844598\\\",\\\"del_flg\\\":\\\"0\\\",\\\"company_name\\\":\\\"\\\\u6d4b\\\\u8bd5\\\\u516c\\\\u53f8\\\",\\\"status_str\\\":\\\"\\\\u6b63\\\\u5e38\\\",\\\"type_str\\\":\\\"\\\\u5fae\\\\u89c6\\\\u6444\\\\u50cf\\\\u5934\\\",\\\"active_str\\\":null,\\\"position_info\\\":false,\\\"device_line_status\\\":20,\\\"device_line_status_str\\\":\\\"\\\\u79bb\\\\u7ebf\\\"},{\\\"id\\\":\\\"8647758674\\\",\\\"company_id\\\":\\\"1447247968\\\",\\\"serial_no\\\":\\\"1234567\\\",\\\"name\\\":\\\"\\\\u8bbe\\\\u5907\\\\u4e09\\\",\\\"type\\\":\\\"10\\\",\\\"model\\\":\\\"x2018\\\",\\\"status\\\":\\\"10\\\",\\\"create_time\\\":\\\"2018-05-29 14:52:29\\\",\\\"update_time\\\":\\\"1527576749\\\",\\\"create_user\\\":\\\"2517844598\\\",\\\"update_user\\\":\\\"2517844598\\\",\\\"del_flg\\\":\\\"0\\\",\\\"company_name\\\":\\\"\\\\u6d4b\\\\u8bd5\\\\u516c\\\\u53f8\\\",\\\"status_str\\\":\\\"\\\\u6b63\\\\u5e38\\\",\\\"type_str\\\":\\\"\\\\u5fae\\\\u89c6\\\\u6444\\\\u50cf\\\\u5934\\\",\\\"active_str\\\":null,\\\"position_info\\\":false,\\\"device_line_status\\\":20,\\\"device_line_status_str\\\":\\\"\\\\u79bb\\\\u7ebf\\\"},{\\\"id\\\":\\\"7882128443\\\",\\\"company_id\\\":\\\"1447247968\\\",\\\"serial_no\\\":\\\"12456\\\",\\\"name\\\":\\\"\\\\u536b\\\\u89c6\\\\u5c0f\\\\u79d8\\\",\\\"type\\\":\\\"10\\\",\\\"model\\\":\\\"2018\\\",\\\"status\\\":\\\"10\\\",\\\"create_time\\\":\\\"2018-05-28 14:20:43\\\",\\\"update_time\\\":\\\"1527488443\\\",\\\"create_user\\\":\\\"2517844598\\\",\\\"update_user\\\":\\\"2517844598\\\",\\\"del_flg\\\":\\\"0\\\",\\\"company_name\\\":\\\"\\\\u6d4b\\\\u8bd5\\\\u516c\\\\u53f8\\\",\\\"status_str\\\":\\\"\\\\u6b63\\\\u5e38\\\",\\\"type_str\\\":\\\"\\\\u5fae\\\\u89c6\\\\u6444\\\\u50cf\\\\u5934\\\",\\\"active_str\\\":null,\\\"position_info\\\":false,\\\"device_line_status\\\":20,\\\"device_line_status_str\\\":\\\"\\\\u79bb\\\\u7ebf\\\"}],\\\"totalRecord\\\":\\\"6\\\"}}\",\"response_errorMessage\":null}","topic":""}
[2018-11-27 18:19:52,460] [9248] RunTime: 0.0000 s
 - INFO 
 - RestClient.doGet(D:\wamp\www\wscloud\backoffice\ThinkPHP\Library\Vendor\ApiGateway\RestClient.php:49)
 - {"message":"rest client","data":"{\"request_host\":\"http:\\\/\\\/localhost:133\\\/Home\",\"request_path\":\"\\\/System\\\/getSystemSetting\\\/companyId\\\/1447247968\\\/type\\\/20\\\/token\\\/26e32ea8d0a2706016b2a36917c32f4b\",\"request_method\":\"GET\",\"request_bodys\":[],\"response_code\":200,\"response_body\":\"{\\\"code\\\":1,\\\"msg\\\":\\\"\\\\u67e5\\\\u8be2\\\\u6210\\\\u529f\\\",\\\"status_code\\\":4025,\\\"data\\\":{\\\"value\\\":\\\"1\\\"}}\",\"response_errorMessage\":null}","topic":""}
[2018-11-27 18:19:52,552] [9248] RunTime: 0.0914 s
 - INFO 
 - RestClient.doGet(D:\wamp\www\wscloud\backoffice\ThinkPHP\Library\Vendor\ApiGateway\RestClient.php:49)
 - {"message":"rest client","data":"{\"request_host\":\"http:\\\/\\\/localhost:133\\\/Home\",\"request_path\":\"\\\/Admin\\\/getAdminMsgCount\\\/status\\\/10\\\/token\\\/26e32ea8d0a2706016b2a36917c32f4b\",\"request_method\":\"GET\",\"request_bodys\":[],\"response_code\":200,\"response_body\":\"{\\\"code\\\":1,\\\"msg\\\":\\\"\\\\u67e5\\\\u8be2\\\\u6210\\\\u529f\\\",\\\"status_code\\\":4025,\\\"data\\\":\\\"0\\\"}\",\"response_errorMessage\":null}","topic":""}
[2018-11-27 18:19:52,872] [9248] RunTime: 0.0000 s
 - INFO 
 - RestClient.doGet(D:\wamp\www\wscloud\backoffice\ThinkPHP\Library\Vendor\ApiGateway\RestClient.php:49)
 - {"message":"rest client","data":"{\"request_host\":\"http:\\\/\\\/localhost:133\\\/Home\",\"request_path\":\"\\\/Device\\\/deviceLists\\\/name\\\/null\\\/serialNo\\\/null\\\/companyId\\\/1447247968\\\/pageSize\\\/10\\\/pageNo\\\/1\\\/token\\\/26e32ea8d0a2706016b2a36917c32f4b\",\"request_method\":\"GET\",\"request_bodys\":[],\"response_code\":200,\"response_body\":\"{\\\"code\\\":1,\\\"msg\\\":\\\"\\\\u67e5\\\\u8be2\\\\u6b63\\\\u5e38\\\",\\\"status_code\\\":1000,\\\"data\\\":{\\\"dataList\\\":[{\\\"id\\\":\\\"6966521341\\\",\\\"company_id\\\":\\\"1447247968\\\",\\\"serial_no\\\":\\\"869455045023047\\\",\\\"name\\\":\\\"\\\\u5fae\\\\u89c6\\\\u5c0f\\\\u79d8\\\",\\\"type\\\":\\\"10\\\",\\\"model\\\":\\\"\\\\u5ba2\\\\u8f66\\\\u4e13\\\\u7528\\\",\\\"status\\\":\\\"10\\\",\\\"create_time\\\":\\\"2018-10-09 13:24:29\\\",\\\"update_time\\\":\\\"1539062669\\\",\\\"create_user\\\":\\\"1518614752\\\",\\\"update_user\\\":\\\"1518614752\\\",\\\"del_flg\\\":\\\"0\\\",\\\"company_name\\\":\\\"\\\\u6d4b\\\\u8bd5\\\\u516c\\\\u53f8\\\",\\\"status_str\\\":\\\"\\\\u6b63\\\\u5e38\\\",\\\"type_str\\\":\\\"\\\\u5fae\\\\u89c6\\\\u6444\\\\u50cf\\\\u5934\\\",\\\"active_str\\\":null,\\\"position_info\\\":false,\\\"device_line_status\\\":20,\\\"device_line_status_str\\\":\\\"\\\\u79bb\\\\u7ebf\\\"},{\\\"id\\\":\\\"6170405839\\\",\\\"company_id\\\":\\\"1447247968\\\",\\\"serial_no\\\":\\\"11212\\\",\\\"name\\\":\\\"\\\\u4f1a\\\\u66f4\\\\u597d\\\",\\\"type\\\":\\\"10\\\",\\\"model\\\":\\\"\\\\u54c8\\\\u54c8\\\",\\\"status\\\":\\\"10\\\",\\\"create_time\\\":\\\"2018-08-01 11:26:50\\\",\\\"update_time\\\":\\\"1533094010\\\",\\\"create_user\\\":\\\"2517844598\\\",\\\"update_user\\\":\\\"2517844598\\\",\\\"del_flg\\\":\\\"0\\\",\\\"company_name\\\":\\\"\\\\u6d4b\\\\u8bd5\\\\u516c\\\\u53f8\\\",\\\"status_str\\\":\\\"\\\\u6b63\\\\u5e38\\\",\\\"type_str\\\":\\\"\\\\u5fae\\\\u89c6\\\\u6444\\\\u50cf\\\\u5934\\\",\\\"active_str\\\":null,\\\"position_info\\\":false,\\\"device_line_status\\\":20,\\\"device_line_status_str\\\":\\\"\\\\u79bb\\\\u7ebf\\\"},{\\\"id\\\":\\\"8606702515\\\",\\\"company_id\\\":\\\"1447247968\\\",\\\"serial_no\\\":\\\"12535\\\",\\\"name\\\":\\\"\\\\u6444\\\\u50cf\\\\u59342\\\",\\\"type\\\":\\\"10\\\",\\\"model\\\":\\\"2018\\\",\\\"status\\\":\\\"10\\\",\\\"create_time\\\":\\\"2018-05-30 16:39:33\\\",\\\"update_time\\\":\\\"1527669573\\\",\\\"create_user\\\":\\\"1518614752\\\",\\\"update_user\\\":\\\"1518614752\\\",\\\"del_flg\\\":\\\"0\\\",\\\"company_name\\\":\\\"\\\\u6d4b\\\\u8bd5\\\\u516c\\\\u53f8\\\",\\\"status_str\\\":\\\"\\\\u6b63\\\\u5e38\\\",\\\"type_str\\\":\\\"\\\\u5fae\\\\u89c6\\\\u6444\\\\u50cf\\\\u5934\\\",\\\"active_str\\\":null,\\\"position_info\\\":false,\\\"device_line_status\\\":20,\\\"device_line_status_str\\\":\\\"\\\\u79bb\\\\u7ebf\\\"},{\\\"id\\\":\\\"8647758673\\\",\\\"company_id\\\":\\\"1447247968\\\",\\\"serial_no\\\":\\\"12345\\\",\\\"name\\\":\\\"\\\\u8bbe\\\\u5907\\\\u4e8c\\\",\\\"type\\\":\\\"10\\\",\\\"model\\\":\\\"x2018\\\",\\\"status\\\":\\\"10\\\",\\\"create_time\\\":\\\"2018-05-29 14:52:29\\\",\\\"update_time\\\":\\\"1527576749\\\",\\\"create_user\\\":\\\"2517844598\\\",\\\"update_user\\\":\\\"2517844598\\\",\\\"del_flg\\\":\\\"0\\\",\\\"company_name\\\":\\\"\\\\u6d4b\\\\u8bd5\\\\u516c\\\\u53f8\\\",\\\"status_str\\\":\\\"\\\\u6b63\\\\u5e38\\\",\\\"type_str\\\":\\\"\\\\u5fae\\\\u89c6\\\\u6444\\\\u50cf\\\\u5934\\\",\\\"active_str\\\":null,\\\"position_info\\\":false,\\\"device_line_status\\\":20,\\\"device_line_status_str\\\":\\\"\\\\u79bb\\\\u7ebf\\\"},{\\\"id\\\":\\\"8647758674\\\",\\\"company_id\\\":\\\"1447247968\\\",\\\"serial_no\\\":\\\"1234567\\\",\\\"name\\\":\\\"\\\\u8bbe\\\\u5907\\\\u4e09\\\",\\\"type\\\":\\\"10\\\",\\\"model\\\":\\\"x2018\\\",\\\"status\\\":\\\"10\\\",\\\"create_time\\\":\\\"2018-05-29 14:52:29\\\",\\\"update_time\\\":\\\"1527576749\\\",\\\"create_user\\\":\\\"2517844598\\\",\\\"update_user\\\":\\\"2517844598\\\",\\\"del_flg\\\":\\\"0\\\",\\\"company_name\\\":\\\"\\\\u6d4b\\\\u8bd5\\\\u516c\\\\u53f8\\\",\\\"status_str\\\":\\\"\\\\u6b63\\\\u5e38\\\",\\\"type_str\\\":\\\"\\\\u5fae\\\\u89c6\\\\u6444\\\\u50cf\\\\u5934\\\",\\\"active_str\\\":null,\\\"position_info\\\":false,\\\"device_line_status\\\":20,\\\"device_line_status_str\\\":\\\"\\\\u79bb\\\\u7ebf\\\"},{\\\"id\\\":\\\"7882128443\\\",\\\"company_id\\\":\\\"1447247968\\\",\\\"serial_no\\\":\\\"12456\\\",\\\"name\\\":\\\"\\\\u536b\\\\u89c6\\\\u5c0f\\\\u79d8\\\",\\\"type\\\":\\\"10\\\",\\\"model\\\":\\\"2018\\\",\\\"status\\\":\\\"10\\\",\\\"create_time\\\":\\\"2018-05-28 14:20:43\\\",\\\"update_time\\\":\\\"1527488443\\\",\\\"create_user\\\":\\\"2517844598\\\",\\\"update_user\\\":\\\"2517844598\\\",\\\"del_flg\\\":\\\"0\\\",\\\"company_name\\\":\\\"\\\\u6d4b\\\\u8bd5\\\\u516c\\\\u53f8\\\",\\\"status_str\\\":\\\"\\\\u6b63\\\\u5e38\\\",\\\"type_str\\\":\\\"\\\\u5fae\\\\u89c6\\\\u6444\\\\u50cf\\\\u5934\\\",\\\"active_str\\\":null,\\\"position_info\\\":false,\\\"device_line_status\\\":20,\\\"device_line_status_str\\\":\\\"\\\\u79bb\\\\u7ebf\\\"}],\\\"totalRecord\\\":\\\"6\\\"}}\",\"response_errorMessage\":null}","topic":""}
[2018-11-27 18:19:55,441] [9248] RunTime: 0.0000 s
 - INFO 
 - RestClient.doPost(D:\wamp\www\wscloud\backoffice\ThinkPHP\Library\Vendor\ApiGateway\RestClient.php:83)
 - {"message":"rest client","data":"{\"request_host\":\"http:\\\/\\\/localhost:133\\\/Home\",\"request_path\":\"\\\/Device\\\/getDeviceSettingInfo\\\/token\\\/26e32ea8d0a2706016b2a36917c32f4b\",\"request_method\":\"POST\",\"request_bodys\":{\"\":\"{\\\"serialNo\\\":\\\"869455045023047\\\",\\\"topic\\\":\\\"deviceTopic\\\\\\\/13161934946\\\"}\"},\"response_code\":200,\"response_body\":\"{\\\"code\\\":1,\\\"msg\\\":\\\"\\\\u67e5\\\\u8be2\\\\u6b63\\\\u5e38\\\",\\\"status_code\\\":1000}\",\"response_errorMessage\":null}","topic":""}
[2018-11-27 18:20:00,072] [9248] RunTime: 0.0000 s
 - INFO 
 - RestClient.doGet(D:\wamp\www\wscloud\backoffice\ThinkPHP\Library\Vendor\ApiGateway\RestClient.php:49)
 - {"message":"rest client","data":"{\"request_host\":\"http:\\\/\\\/localhost:133\\\/Home\",\"request_path\":\"\\\/System\\\/getSystemSetting\\\/companyId\\\/1447247968\\\/type\\\/20\\\/token\\\/26e32ea8d0a2706016b2a36917c32f4b\",\"request_method\":\"GET\",\"request_bodys\":[],\"response_code\":200,\"response_body\":\"{\\\"code\\\":1,\\\"msg\\\":\\\"\\\\u67e5\\\\u8be2\\\\u6210\\\\u529f\\\",\\\"status_code\\\":4025,\\\"data\\\":{\\\"value\\\":\\\"1\\\"}}\",\"response_errorMessage\":null}","topic":""}
[2018-11-27 18:20:00,457] [9248] RunTime: 0.3858 s
 - INFO 
 - RestClient.doGet(D:\wamp\www\wscloud\backoffice\ThinkPHP\Library\Vendor\ApiGateway\RestClient.php:49)
 - {"message":"rest client","data":"{\"request_host\":\"http:\\\/\\\/localhost:133\\\/Home\",\"request_path\":\"\\\/Admin\\\/getAdminMsgCount\\\/status\\\/10\\\/token\\\/26e32ea8d0a2706016b2a36917c32f4b\",\"request_method\":\"GET\",\"request_bodys\":[],\"response_code\":200,\"response_body\":\"{\\\"code\\\":1,\\\"msg\\\":\\\"\\\\u67e5\\\\u8be2\\\\u6210\\\\u529f\\\",\\\"status_code\\\":4025,\\\"data\\\":\\\"0\\\"}\",\"response_errorMessage\":null}","topic":""}
[2018-11-27 18:20:00,771] [9248] RunTime: 0.0000 s
 - INFO 
 - RestClient.doGet(D:\wamp\www\wscloud\backoffice\ThinkPHP\Library\Vendor\ApiGateway\RestClient.php:49)
 - {"message":"rest client","data":"{\"request_host\":\"http:\\\/\\\/localhost:133\\\/Home\",\"request_path\":\"\\\/Device\\\/deviceLists\\\/name\\\/null\\\/serialNo\\\/null\\\/companyId\\\/1447247968\\\/pageSize\\\/10\\\/pageNo\\\/1\\\/token\\\/26e32ea8d0a2706016b2a36917c32f4b\",\"request_method\":\"GET\",\"request_bodys\":[],\"response_code\":200,\"response_body\":\"{\\\"code\\\":1,\\\"msg\\\":\\\"\\\\u67e5\\\\u8be2\\\\u6b63\\\\u5e38\\\",\\\"status_code\\\":1000,\\\"data\\\":{\\\"dataList\\\":[{\\\"id\\\":\\\"6966521341\\\",\\\"company_id\\\":\\\"1447247968\\\",\\\"serial_no\\\":\\\"869455045023047\\\",\\\"name\\\":\\\"\\\\u5fae\\\\u89c6\\\\u5c0f\\\\u79d8\\\",\\\"type\\\":\\\"10\\\",\\\"model\\\":\\\"\\\\u5ba2\\\\u8f66\\\\u4e13\\\\u7528\\\",\\\"status\\\":\\\"10\\\",\\\"create_time\\\":\\\"2018-10-09 13:24:29\\\",\\\"update_time\\\":\\\"1539062669\\\",\\\"create_user\\\":\\\"1518614752\\\",\\\"update_user\\\":\\\"1518614752\\\",\\\"del_flg\\\":\\\"0\\\",\\\"company_name\\\":\\\"\\\\u6d4b\\\\u8bd5\\\\u516c\\\\u53f8\\\",\\\"status_str\\\":\\\"\\\\u6b63\\\\u5e38\\\",\\\"type_str\\\":\\\"\\\\u5fae\\\\u89c6\\\\u6444\\\\u50cf\\\\u5934\\\",\\\"active_str\\\":null,\\\"position_info\\\":false,\\\"device_line_status\\\":20,\\\"device_line_status_str\\\":\\\"\\\\u79bb\\\\u7ebf\\\"},{\\\"id\\\":\\\"6170405839\\\",\\\"company_id\\\":\\\"1447247968\\\",\\\"serial_no\\\":\\\"11212\\\",\\\"name\\\":\\\"\\\\u4f1a\\\\u66f4\\\\u597d\\\",\\\"type\\\":\\\"10\\\",\\\"model\\\":\\\"\\\\u54c8\\\\u54c8\\\",\\\"status\\\":\\\"10\\\",\\\"create_time\\\":\\\"2018-08-01 11:26:50\\\",\\\"update_time\\\":\\\"1533094010\\\",\\\"create_user\\\":\\\"2517844598\\\",\\\"update_user\\\":\\\"2517844598\\\",\\\"del_flg\\\":\\\"0\\\",\\\"company_name\\\":\\\"\\\\u6d4b\\\\u8bd5\\\\u516c\\\\u53f8\\\",\\\"status_str\\\":\\\"\\\\u6b63\\\\u5e38\\\",\\\"type_str\\\":\\\"\\\\u5fae\\\\u89c6\\\\u6444\\\\u50cf\\\\u5934\\\",\\\"active_str\\\":null,\\\"position_info\\\":false,\\\"device_line_status\\\":20,\\\"device_line_status_str\\\":\\\"\\\\u79bb\\\\u7ebf\\\"},{\\\"id\\\":\\\"8606702515\\\",\\\"company_id\\\":\\\"1447247968\\\",\\\"serial_no\\\":\\\"12535\\\",\\\"name\\\":\\\"\\\\u6444\\\\u50cf\\\\u59342\\\",\\\"type\\\":\\\"10\\\",\\\"model\\\":\\\"2018\\\",\\\"status\\\":\\\"10\\\",\\\"create_time\\\":\\\"2018-05-30 16:39:33\\\",\\\"update_time\\\":\\\"1527669573\\\",\\\"create_user\\\":\\\"1518614752\\\",\\\"update_user\\\":\\\"1518614752\\\",\\\"del_flg\\\":\\\"0\\\",\\\"company_name\\\":\\\"\\\\u6d4b\\\\u8bd5\\\\u516c\\\\u53f8\\\",\\\"status_str\\\":\\\"\\\\u6b63\\\\u5e38\\\",\\\"type_str\\\":\\\"\\\\u5fae\\\\u89c6\\\\u6444\\\\u50cf\\\\u5934\\\",\\\"active_str\\\":null,\\\"position_info\\\":false,\\\"device_line_status\\\":20,\\\"device_line_status_str\\\":\\\"\\\\u79bb\\\\u7ebf\\\"},{\\\"id\\\":\\\"8647758673\\\",\\\"company_id\\\":\\\"1447247968\\\",\\\"serial_no\\\":\\\"12345\\\",\\\"name\\\":\\\"\\\\u8bbe\\\\u5907\\\\u4e8c\\\",\\\"type\\\":\\\"10\\\",\\\"model\\\":\\\"x2018\\\",\\\"status\\\":\\\"10\\\",\\\"create_time\\\":\\\"2018-05-29 14:52:29\\\",\\\"update_time\\\":\\\"1527576749\\\",\\\"create_user\\\":\\\"2517844598\\\",\\\"update_user\\\":\\\"2517844598\\\",\\\"del_flg\\\":\\\"0\\\",\\\"company_name\\\":\\\"\\\\u6d4b\\\\u8bd5\\\\u516c\\\\u53f8\\\",\\\"status_str\\\":\\\"\\\\u6b63\\\\u5e38\\\",\\\"type_str\\\":\\\"\\\\u5fae\\\\u89c6\\\\u6444\\\\u50cf\\\\u5934\\\",\\\"active_str\\\":null,\\\"position_info\\\":false,\\\"device_line_status\\\":20,\\\"device_line_status_str\\\":\\\"\\\\u79bb\\\\u7ebf\\\"},{\\\"id\\\":\\\"8647758674\\\",\\\"company_id\\\":\\\"1447247968\\\",\\\"serial_no\\\":\\\"1234567\\\",\\\"name\\\":\\\"\\\\u8bbe\\\\u5907\\\\u4e09\\\",\\\"type\\\":\\\"10\\\",\\\"model\\\":\\\"x2018\\\",\\\"status\\\":\\\"10\\\",\\\"create_time\\\":\\\"2018-05-29 14:52:29\\\",\\\"update_time\\\":\\\"1527576749\\\",\\\"create_user\\\":\\\"2517844598\\\",\\\"update_user\\\":\\\"2517844598\\\",\\\"del_flg\\\":\\\"0\\\",\\\"company_name\\\":\\\"\\\\u6d4b\\\\u8bd5\\\\u516c\\\\u53f8\\\",\\\"status_str\\\":\\\"\\\\u6b63\\\\u5e38\\\",\\\"type_str\\\":\\\"\\\\u5fae\\\\u89c6\\\\u6444\\\\u50cf\\\\u5934\\\",\\\"active_str\\\":null,\\\"position_info\\\":false,\\\"device_line_status\\\":20,\\\"device_line_status_str\\\":\\\"\\\\u79bb\\\\u7ebf\\\"},{\\\"id\\\":\\\"7882128443\\\",\\\"company_id\\\":\\\"1447247968\\\",\\\"serial_no\\\":\\\"12456\\\",\\\"name\\\":\\\"\\\\u536b\\\\u89c6\\\\u5c0f\\\\u79d8\\\",\\\"type\\\":\\\"10\\\",\\\"model\\\":\\\"2018\\\",\\\"status\\\":\\\"10\\\",\\\"create_time\\\":\\\"2018-05-28 14:20:43\\\",\\\"update_time\\\":\\\"1527488443\\\",\\\"create_user\\\":\\\"2517844598\\\",\\\"update_user\\\":\\\"2517844598\\\",\\\"del_flg\\\":\\\"0\\\",\\\"company_name\\\":\\\"\\\\u6d4b\\\\u8bd5\\\\u516c\\\\u53f8\\\",\\\"status_str\\\":\\\"\\\\u6b63\\\\u5e38\\\",\\\"type_str\\\":\\\"\\\\u5fae\\\\u89c6\\\\u6444\\\\u50cf\\\\u5934\\\",\\\"active_str\\\":null,\\\"position_info\\\":false,\\\"device_line_status\\\":20,\\\"device_line_status_str\\\":\\\"\\\\u79bb\\\\u7ebf\\\"}],\\\"totalRecord\\\":\\\"6\\\"}}\",\"response_errorMessage\":null}","topic":""}
[2018-11-27 18:20:05,909] [9248] RunTime: 0.0000 s
 - INFO 
 - RestClient.doPost(D:\wamp\www\wscloud\backoffice\ThinkPHP\Library\Vendor\ApiGateway\RestClient.php:83)
 - {"message":"rest client","data":"{\"request_host\":\"http:\\\/\\\/localhost:133\\\/Home\",\"request_path\":\"\\\/Device\\\/getDeviceSettingInfo\\\/token\\\/26e32ea8d0a2706016b2a36917c32f4b\",\"request_method\":\"POST\",\"request_bodys\":{\"\":\"{\\\"serialNo\\\":\\\"869455045023047\\\",\\\"topic\\\":\\\"deviceTopic\\\\\\\/13161934946\\\"}\"},\"response_code\":200,\"response_body\":\"{\\\"code\\\":1,\\\"msg\\\":\\\"\\\\u67e5\\\\u8be2\\\\u6b63\\\\u5e38\\\",\\\"status_code\\\":1000}\",\"response_errorMessage\":null}","topic":""}
[2018-11-27 18:20:16,934] [9248] RunTime: 0.0000 s
 - INFO 
 - RestClient.doGet(D:\wamp\www\wscloud\backoffice\ThinkPHP\Library\Vendor\ApiGateway\RestClient.php:49)
 - {"message":"rest client","data":"{\"request_host\":\"http:\\\/\\\/localhost:133\\\/Home\",\"request_path\":\"\\\/System\\\/getSystemSetting\\\/companyId\\\/1447247968\\\/type\\\/20\\\/token\\\/26e32ea8d0a2706016b2a36917c32f4b\",\"request_method\":\"GET\",\"request_bodys\":[],\"response_code\":200,\"response_body\":\"{\\\"code\\\":1,\\\"msg\\\":\\\"\\\\u67e5\\\\u8be2\\\\u6210\\\\u529f\\\",\\\"status_code\\\":4025,\\\"data\\\":{\\\"value\\\":\\\"1\\\"}}\",\"response_errorMessage\":null}","topic":""}
[2018-11-27 18:20:17,164] [9248] RunTime: 0.2296 s
 - INFO 
 - RestClient.doGet(D:\wamp\www\wscloud\backoffice\ThinkPHP\Library\Vendor\ApiGateway\RestClient.php:49)
 - {"message":"rest client","data":"{\"request_host\":\"http:\\\/\\\/localhost:133\\\/Home\",\"request_path\":\"\\\/Admin\\\/getAdminMsgCount\\\/status\\\/10\\\/token\\\/26e32ea8d0a2706016b2a36917c32f4b\",\"request_method\":\"GET\",\"request_bodys\":[],\"response_code\":200,\"response_body\":\"{\\\"code\\\":1,\\\"msg\\\":\\\"\\\\u67e5\\\\u8be2\\\\u6210\\\\u529f\\\",\\\"status_code\\\":4025,\\\"data\\\":\\\"0\\\"}\",\"response_errorMessage\":null}","topic":""}
[2018-11-27 18:20:17,544] [9248] RunTime: 0.0000 s
 - INFO 
 - RestClient.doGet(D:\wamp\www\wscloud\backoffice\ThinkPHP\Library\Vendor\ApiGateway\RestClient.php:49)
 - {"message":"rest client","data":"{\"request_host\":\"http:\\\/\\\/localhost:133\\\/Home\",\"request_path\":\"\\\/Device\\\/deviceLists\\\/name\\\/null\\\/serialNo\\\/null\\\/companyId\\\/1447247968\\\/pageSize\\\/10\\\/pageNo\\\/1\\\/token\\\/26e32ea8d0a2706016b2a36917c32f4b\",\"request_method\":\"GET\",\"request_bodys\":[],\"response_code\":200,\"response_body\":\"{\\\"code\\\":1,\\\"msg\\\":\\\"\\\\u67e5\\\\u8be2\\\\u6b63\\\\u5e38\\\",\\\"status_code\\\":1000,\\\"data\\\":{\\\"dataList\\\":[{\\\"id\\\":\\\"6966521341\\\",\\\"company_id\\\":\\\"1447247968\\\",\\\"serial_no\\\":\\\"869455045023047\\\",\\\"name\\\":\\\"\\\\u5fae\\\\u89c6\\\\u5c0f\\\\u79d8\\\",\\\"type\\\":\\\"10\\\",\\\"model\\\":\\\"\\\\u5ba2\\\\u8f66\\\\u4e13\\\\u7528\\\",\\\"status\\\":\\\"10\\\",\\\"create_time\\\":\\\"2018-10-09 13:24:29\\\",\\\"update_time\\\":\\\"1539062669\\\",\\\"create_user\\\":\\\"1518614752\\\",\\\"update_user\\\":\\\"1518614752\\\",\\\"del_flg\\\":\\\"0\\\",\\\"company_name\\\":\\\"\\\\u6d4b\\\\u8bd5\\\\u516c\\\\u53f8\\\",\\\"status_str\\\":\\\"\\\\u6b63\\\\u5e38\\\",\\\"type_str\\\":\\\"\\\\u5fae\\\\u89c6\\\\u6444\\\\u50cf\\\\u5934\\\",\\\"active_str\\\":null,\\\"position_info\\\":false,\\\"device_line_status\\\":20,\\\"device_line_status_str\\\":\\\"\\\\u79bb\\\\u7ebf\\\"},{\\\"id\\\":\\\"6170405839\\\",\\\"company_id\\\":\\\"1447247968\\\",\\\"serial_no\\\":\\\"11212\\\",\\\"name\\\":\\\"\\\\u4f1a\\\\u66f4\\\\u597d\\\",\\\"type\\\":\\\"10\\\",\\\"model\\\":\\\"\\\\u54c8\\\\u54c8\\\",\\\"status\\\":\\\"10\\\",\\\"create_time\\\":\\\"2018-08-01 11:26:50\\\",\\\"update_time\\\":\\\"1533094010\\\",\\\"create_user\\\":\\\"2517844598\\\",\\\"update_user\\\":\\\"2517844598\\\",\\\"del_flg\\\":\\\"0\\\",\\\"company_name\\\":\\\"\\\\u6d4b\\\\u8bd5\\\\u516c\\\\u53f8\\\",\\\"status_str\\\":\\\"\\\\u6b63\\\\u5e38\\\",\\\"type_str\\\":\\\"\\\\u5fae\\\\u89c6\\\\u6444\\\\u50cf\\\\u5934\\\",\\\"active_str\\\":null,\\\"position_info\\\":false,\\\"device_line_status\\\":20,\\\"device_line_status_str\\\":\\\"\\\\u79bb\\\\u7ebf\\\"},{\\\"id\\\":\\\"8606702515\\\",\\\"company_id\\\":\\\"1447247968\\\",\\\"serial_no\\\":\\\"12535\\\",\\\"name\\\":\\\"\\\\u6444\\\\u50cf\\\\u59342\\\",\\\"type\\\":\\\"10\\\",\\\"model\\\":\\\"2018\\\",\\\"status\\\":\\\"10\\\",\\\"create_time\\\":\\\"2018-05-30 16:39:33\\\",\\\"update_time\\\":\\\"1527669573\\\",\\\"create_user\\\":\\\"1518614752\\\",\\\"update_user\\\":\\\"1518614752\\\",\\\"del_flg\\\":\\\"0\\\",\\\"company_name\\\":\\\"\\\\u6d4b\\\\u8bd5\\\\u516c\\\\u53f8\\\",\\\"status_str\\\":\\\"\\\\u6b63\\\\u5e38\\\",\\\"type_str\\\":\\\"\\\\u5fae\\\\u89c6\\\\u6444\\\\u50cf\\\\u5934\\\",\\\"active_str\\\":null,\\\"position_info\\\":false,\\\"device_line_status\\\":20,\\\"device_line_status_str\\\":\\\"\\\\u79bb\\\\u7ebf\\\"},{\\\"id\\\":\\\"8647758673\\\",\\\"company_id\\\":\\\"1447247968\\\",\\\"serial_no\\\":\\\"12345\\\",\\\"name\\\":\\\"\\\\u8bbe\\\\u5907\\\\u4e8c\\\",\\\"type\\\":\\\"10\\\",\\\"model\\\":\\\"x2018\\\",\\\"status\\\":\\\"10\\\",\\\"create_time\\\":\\\"2018-05-29 14:52:29\\\",\\\"update_time\\\":\\\"1527576749\\\",\\\"create_user\\\":\\\"2517844598\\\",\\\"update_user\\\":\\\"2517844598\\\",\\\"del_flg\\\":\\\"0\\\",\\\"company_name\\\":\\\"\\\\u6d4b\\\\u8bd5\\\\u516c\\\\u53f8\\\",\\\"status_str\\\":\\\"\\\\u6b63\\\\u5e38\\\",\\\"type_str\\\":\\\"\\\\u5fae\\\\u89c6\\\\u6444\\\\u50cf\\\\u5934\\\",\\\"active_str\\\":null,\\\"position_info\\\":false,\\\"device_line_status\\\":20,\\\"device_line_status_str\\\":\\\"\\\\u79bb\\\\u7ebf\\\"},{\\\"id\\\":\\\"8647758674\\\",\\\"company_id\\\":\\\"1447247968\\\",\\\"serial_no\\\":\\\"1234567\\\",\\\"name\\\":\\\"\\\\u8bbe\\\\u5907\\\\u4e09\\\",\\\"type\\\":\\\"10\\\",\\\"model\\\":\\\"x2018\\\",\\\"status\\\":\\\"10\\\",\\\"create_time\\\":\\\"2018-05-29 14:52:29\\\",\\\"update_time\\\":\\\"1527576749\\\",\\\"create_user\\\":\\\"2517844598\\\",\\\"update_user\\\":\\\"2517844598\\\",\\\"del_flg\\\":\\\"0\\\",\\\"company_name\\\":\\\"\\\\u6d4b\\\\u8bd5\\\\u516c\\\\u53f8\\\",\\\"status_str\\\":\\\"\\\\u6b63\\\\u5e38\\\",\\\"type_str\\\":\\\"\\\\u5fae\\\\u89c6\\\\u6444\\\\u50cf\\\\u5934\\\",\\\"active_str\\\":null,\\\"position_info\\\":false,\\\"device_line_status\\\":20,\\\"device_line_status_str\\\":\\\"\\\\u79bb\\\\u7ebf\\\"},{\\\"id\\\":\\\"7882128443\\\",\\\"company_id\\\":\\\"1447247968\\\",\\\"serial_no\\\":\\\"12456\\\",\\\"name\\\":\\\"\\\\u536b\\\\u89c6\\\\u5c0f\\\\u79d8\\\",\\\"type\\\":\\\"10\\\",\\\"model\\\":\\\"2018\\\",\\\"status\\\":\\\"10\\\",\\\"create_time\\\":\\\"2018-05-28 14:20:43\\\",\\\"update_time\\\":\\\"1527488443\\\",\\\"create_user\\\":\\\"2517844598\\\",\\\"update_user\\\":\\\"2517844598\\\",\\\"del_flg\\\":\\\"0\\\",\\\"company_name\\\":\\\"\\\\u6d4b\\\\u8bd5\\\\u516c\\\\u53f8\\\",\\\"status_str\\\":\\\"\\\\u6b63\\\\u5e38\\\",\\\"type_str\\\":\\\"\\\\u5fae\\\\u89c6\\\\u6444\\\\u50cf\\\\u5934\\\",\\\"active_str\\\":null,\\\"position_info\\\":false,\\\"device_line_status\\\":20,\\\"device_line_status_str\\\":\\\"\\\\u79bb\\\\u7ebf\\\"}],\\\"totalRecord\\\":\\\"6\\\"}}\",\"response_errorMessage\":null}","topic":""}
[2018-11-27 18:20:19,843] [9248] RunTime: 0.0000 s
 - INFO 
 - RestClient.doGet(D:\wamp\www\wscloud\backoffice\ThinkPHP\Library\Vendor\ApiGateway\RestClient.php:49)
 - {"message":"rest client","data":"{\"request_host\":\"http:\\\/\\\/localhost:133\\\/Home\",\"request_path\":\"\\\/System\\\/getSystemSetting\\\/companyId\\\/1447247968\\\/type\\\/20\\\/token\\\/26e32ea8d0a2706016b2a36917c32f4b\",\"request_method\":\"GET\",\"request_bodys\":[],\"response_code\":200,\"response_body\":\"{\\\"code\\\":1,\\\"msg\\\":\\\"\\\\u67e5\\\\u8be2\\\\u6210\\\\u529f\\\",\\\"status_code\\\":4025,\\\"data\\\":{\\\"value\\\":\\\"1\\\"}}\",\"response_errorMessage\":null}","topic":""}
[2018-11-27 18:20:19,931] [9248] RunTime: 0.0875 s
 - INFO 
 - RestClient.doGet(D:\wamp\www\wscloud\backoffice\ThinkPHP\Library\Vendor\ApiGateway\RestClient.php:49)
 - {"message":"rest client","data":"{\"request_host\":\"http:\\\/\\\/localhost:133\\\/Home\",\"request_path\":\"\\\/Admin\\\/getAdminMsgCount\\\/status\\\/10\\\/token\\\/26e32ea8d0a2706016b2a36917c32f4b\",\"request_method\":\"GET\",\"request_bodys\":[],\"response_code\":200,\"response_body\":\"{\\\"code\\\":1,\\\"msg\\\":\\\"\\\\u67e5\\\\u8be2\\\\u6210\\\\u529f\\\",\\\"status_code\\\":4025,\\\"data\\\":\\\"0\\\"}\",\"response_errorMessage\":null}","topic":""}
[2018-11-27 18:20:27,030] [9248] RunTime: 0.0000 s
 - INFO 
 - RestClient.doPost(D:\wamp\www\wscloud\backoffice\ThinkPHP\Library\Vendor\ApiGateway\RestClient.php:83)
 - {"message":"rest client","data":"{\"request_host\":\"http:\\\/\\\/localhost:133\\\/Home\",\"request_path\":\"\\\/Device\\\/ajaxSaveDeviceSetting\\\/token\\\/26e32ea8d0a2706016b2a36917c32f4b\",\"request_method\":\"POST\",\"request_bodys\":{\"\":\"{\\\"serialNo\\\":\\\"869455045023047\\\",\\\"data\\\":{\\\"60\\\":\\\"20\\\",\\\"80\\\":\\\"20\\\",\\\"90\\\":\\\"20\\\",\\\"type\\\":\\\"20\\\"}}\"},\"response_code\":200,\"response_body\":\"{\\\"code\\\":1,\\\"msg\\\":\\\"\\\\u8bbe\\\\u7f6e\\\\u6210\\\\u529f\\\",\\\"status_code\\\":4021}\",\"response_errorMessage\":null}","topic":""}
[2018-11-27 18:20:34,635] [9248] RunTime: 0.0000 s
 - INFO 
 - RestClient.doGet(D:\wamp\www\wscloud\backoffice\ThinkPHP\Library\Vendor\ApiGateway\RestClient.php:49)
 - {"message":"rest client","data":"{\"request_host\":\"http:\\\/\\\/localhost:133\\\/Home\",\"request_path\":\"\\\/System\\\/getSystemSetting\\\/companyId\\\/1447247968\\\/type\\\/20\\\/token\\\/26e32ea8d0a2706016b2a36917c32f4b\",\"request_method\":\"GET\",\"request_bodys\":[],\"response_code\":200,\"response_body\":\"{\\\"code\\\":1,\\\"msg\\\":\\\"\\\\u67e5\\\\u8be2\\\\u6210\\\\u529f\\\",\\\"status_code\\\":4025,\\\"data\\\":{\\\"value\\\":\\\"1\\\"}}\",\"response_errorMessage\":null}","topic":""}
[2018-11-27 18:20:34,719] [9248] RunTime: 0.0837 s
 - INFO 
 - RestClient.doGet(D:\wamp\www\wscloud\backoffice\ThinkPHP\Library\Vendor\ApiGateway\RestClient.php:49)
 - {"message":"rest client","data":"{\"request_host\":\"http:\\\/\\\/localhost:133\\\/Home\",\"request_path\":\"\\\/Admin\\\/getAdminMsgCount\\\/status\\\/10\\\/token\\\/26e32ea8d0a2706016b2a36917c32f4b\",\"request_method\":\"GET\",\"request_bodys\":[],\"response_code\":200,\"response_body\":\"{\\\"code\\\":1,\\\"msg\\\":\\\"\\\\u67e5\\\\u8be2\\\\u6210\\\\u529f\\\",\\\"status_code\\\":4025,\\\"data\\\":\\\"0\\\"}\",\"response_errorMessage\":null}","topic":""}
