[2018-12-28 10:56:51,065] [9880] RunTime: 0.0000 s
 - INFO 
 - RestClient.doGet(D:\wamp\www\wscloud\backoffice\ThinkPHP\Library\Vendor\ApiGateway\RestClient.php:49)
 - {"message":"rest client","data":"{\"request_host\":\"http:\\\/\\\/localhost:133\\\/Home\",\"request_path\":\"\\\/System\\\/getSystemSetting\\\/companyId\\\/\\\/type\\\/20\\\/token\\\/null\",\"request_method\":\"GET\",\"request_bodys\":[],\"response_code\":200,\"response_body\":\"{\\\"code\\\":0,\\\"msg\\\":\\\"token\\\\u8fc7\\\\u671f\\\",\\\"status_code\\\":2001}\",\"response_errorMessage\":null}","topic":""}
[2018-12-28 10:56:54,225] [9880] RunTime: 3.1599 s
 - INFO 
 - RestClient.doGet(D:\wamp\www\wscloud\backoffice\ThinkPHP\Library\Vendor\ApiGateway\RestClient.php:49)
 - {"message":"rest client","data":"{\"request_host\":\"http:\\\/\\\/localhost:133\\\/Home\",\"request_path\":\"\\\/Admin\\\/getAdminMsgCount\\\/status\\\/10\\\/token\\\/null\",\"request_method\":\"GET\",\"request_bodys\":[],\"response_code\":200,\"response_body\":\"{\\\"code\\\":0,\\\"msg\\\":\\\"token\\\\u8fc7\\\\u671f\\\",\\\"status_code\\\":2001}\",\"response_errorMessage\":null}","topic":""}
[2018-12-28 10:58:32,160] [9880] RunTime: 0.0000 s
 - INFO 
 - RestClient.doGet(D:\wamp\www\wscloud\backoffice\ThinkPHP\Library\Vendor\ApiGateway\RestClient.php:49)
 - {"message":"rest client","data":"{\"request_host\":\"http:\\\/\\\/localhost:133\\\/Home\",\"request_path\":\"\\\/login\\\/login\\\/account\\\/13161934946\\\/password\\\/123456\\\/type\\\/10\\\/token\\\/null\",\"request_method\":\"GET\",\"request_bodys\":[],\"response_code\":200,\"response_body\":\"{\\\"code\\\":1,\\\"msg\\\":\\\"\\\\u767b\\\\u5f55\\\\u6210\\\\u529f\\\",\\\"status_code\\\":3000,\\\"data\\\":{\\\"company_id\\\":\\\"1447247968\\\",\\\"name\\\":\\\"\\\\u6d4b\\\\u8bd5\\\\u516c\\\\u53f8\\\",\\\"account\\\":\\\"13161934946\\\",\\\"phone\\\":\\\"13161934946\\\",\\\"email\\\":\\\"123456789@qq.com\\\",\\\"password\\\":\\\"e10adc3949ba59abbe56e057f20f883e\\\",\\\"right\\\":\\\"1,100,110,120,200,210,220,300,310,320,400,410,420,430,500,510,520,600,610,620,700,710,720,730,2,1000,1010\\\",\\\"status\\\":\\\"10\\\",\\\"type\\\":\\\"20\\\",\\\"create_time\\\":\\\"1527487964\\\",\\\"create_user\\\":\\\"2517844598\\\",\\\"update_time\\\":\\\"1528868703\\\",\\\"update_user\\\":\\\"2517844598\\\",\\\"del_flg\\\":\\\"0\\\",\\\"company_name\\\":\\\"\\\\u6d4b\\\\u8bd5\\\\u516c\\\\u53f8\\\",\\\"token\\\":\\\"b2c26002e5b51441d08ade89e4f3e3ae\\\",\\\"refresh_token\\\":\\\"b2c26002e5b51441d08ade89e4f3e3ae\\\"}}\",\"response_errorMessage\":null}","topic":""}
[2018-12-28 10:58:32,406] [9880] RunTime: 0.0000 s
 - INFO 
 - RestClient.doGet(D:\wamp\www\wscloud\backoffice\ThinkPHP\Library\Vendor\ApiGateway\RestClient.php:49)
 - {"message":"rest client","data":"{\"request_host\":\"http:\\\/\\\/localhost:133\\\/Home\",\"request_path\":\"\\\/Company\\\/checkStatus\\\/companyId\\\/1447247968\\\/token\\\/b2c26002e5b51441d08ade89e4f3e3ae\",\"request_method\":\"GET\",\"request_bodys\":[],\"response_code\":200,\"response_body\":\"{\\\"code\\\":1,\\\"msg\\\":\\\"\\\\u67e5\\\\u8be2\\\\u6b63\\\\u5e38\\\",\\\"status_code\\\":1000,\\\"data\\\":{\\\"id\\\":\\\"1447247968\\\",\\\"name\\\":\\\"\\\\u6d4b\\\\u8bd5\\\\u516c\\\\u53f8\\\",\\\"phone\\\":\\\"13161934946\\\",\\\"email\\\":\\\"123456789@qq.com\\\",\\\"logo\\\":null,\\\"status\\\":\\\"10\\\",\\\"verify_status\\\":\\\"30\\\",\\\"create_time\\\":\\\"1527487964\\\",\\\"update_time\\\":\\\"1529992663\\\",\\\"create_user\\\":\\\"1447247968\\\",\\\"update_user\\\":\\\"1447247968\\\",\\\"del_flg\\\":\\\"0\\\",\\\"verify_status_str\\\":\\\"\\\\u5ba1\\\\u6838\\\\u901a\\\\u8fc7\\\"}}\",\"response_errorMessage\":null}","topic":""}
[2018-12-28 10:58:32,553] [9880] RunTime: 0.1470 s
 - INFO 
 - RestClient.doGet(D:\wamp\www\wscloud\backoffice\ThinkPHP\Library\Vendor\ApiGateway\RestClient.php:49)
 - {"message":"rest client","data":"{\"request_host\":\"http:\\\/\\\/localhost:133\\\/Home\",\"request_path\":\"\\\/DrivingMonitor\\\/statBehavior\\\/companyId\\\/1447247968\\\/startTime\\\/1543373912\\\/endTime\\\/1545965912\\\/token\\\/b2c26002e5b51441d08ade89e4f3e3ae\",\"request_method\":\"GET\",\"request_bodys\":[],\"response_code\":200,\"response_body\":\"{\\\"code\\\":1,\\\"msg\\\":\\\"\\\\u67e5\\\\u8be2\\\\u6210\\\\u529f\\\",\\\"status_code\\\":4025,\\\"data\\\":[]}\",\"response_errorMessage\":null}","topic":""}
[2018-12-28 10:58:32,754] [9880] RunTime: 0.3484 s
 - INFO 
 - RestClient.doGet(D:\wamp\www\wscloud\backoffice\ThinkPHP\Library\Vendor\ApiGateway\RestClient.php:49)
 - {"message":"rest client","data":"{\"request_host\":\"http:\\\/\\\/localhost:133\\\/Home\",\"request_path\":\"\\\/System\\\/getSystemSetting\\\/companyId\\\/1447247968\\\/type\\\/20\\\/token\\\/b2c26002e5b51441d08ade89e4f3e3ae\",\"request_method\":\"GET\",\"request_bodys\":[],\"response_code\":200,\"response_body\":\"{\\\"code\\\":1,\\\"msg\\\":\\\"\\\\u67e5\\\\u8be2\\\\u6210\\\\u529f\\\",\\\"status_code\\\":4025,\\\"data\\\":{\\\"value\\\":\\\"1\\\"}}\",\"response_errorMessage\":null}","topic":""}
[2018-12-28 10:58:32,887] [9880] RunTime: 0.4813 s
 - INFO 
 - RestClient.doGet(D:\wamp\www\wscloud\backoffice\ThinkPHP\Library\Vendor\ApiGateway\RestClient.php:49)
 - {"message":"rest client","data":"{\"request_host\":\"http:\\\/\\\/localhost:133\\\/Home\",\"request_path\":\"\\\/Admin\\\/getAdminMsgCount\\\/status\\\/10\\\/token\\\/b2c26002e5b51441d08ade89e4f3e3ae\",\"request_method\":\"GET\",\"request_bodys\":[],\"response_code\":200,\"response_body\":\"{\\\"code\\\":1,\\\"msg\\\":\\\"\\\\u67e5\\\\u8be2\\\\u6210\\\\u529f\\\",\\\"status_code\\\":4025,\\\"data\\\":\\\"0\\\"}\",\"response_errorMessage\":null}","topic":""}
[2018-12-28 10:58:33,780] [9880] RunTime: 0.0000 s
 - INFO 
 - RestClient.doGet(D:\wamp\www\wscloud\backoffice\ThinkPHP\Library\Vendor\ApiGateway\RestClient.php:49)
 - {"message":"rest client","data":"{\"request_host\":\"http:\\\/\\\/localhost:133\\\/Home\",\"request_path\":\"\\\/DrivingMonitor\\\/statByTimeGroup\\\/companyId\\\/1447247968\\\/startTime\\\/1543334400\\\/endTime\\\/1546012800\\\/token\\\/b2c26002e5b51441d08ade89e4f3e3ae\",\"request_method\":\"GET\",\"request_bodys\":[],\"response_code\":200,\"response_body\":\"{\\\"code\\\":1,\\\"msg\\\":\\\"\\\\u67e5\\\\u8be2\\\\u6210\\\\u529f\\\",\\\"status_code\\\":4025,\\\"data\\\":[]}\",\"response_errorMessage\":null}","topic":""}
[2018-12-28 10:58:47,634] [9880] RunTime: 0.0000 s
 - INFO 
 - RestClient.doGet(D:\wamp\www\wscloud\backoffice\ThinkPHP\Library\Vendor\ApiGateway\RestClient.php:49)
 - {"message":"rest client","data":"{\"request_host\":\"http:\\\/\\\/localhost:133\\\/Home\",\"request_path\":\"\\\/Company\\\/checkStatus\\\/companyId\\\/1447247968\\\/token\\\/b2c26002e5b51441d08ade89e4f3e3ae\",\"request_method\":\"GET\",\"request_bodys\":[],\"response_code\":200,\"response_body\":\"{\\\"code\\\":1,\\\"msg\\\":\\\"\\\\u67e5\\\\u8be2\\\\u6b63\\\\u5e38\\\",\\\"status_code\\\":1000,\\\"data\\\":{\\\"id\\\":\\\"1447247968\\\",\\\"name\\\":\\\"\\\\u6d4b\\\\u8bd5\\\\u516c\\\\u53f8\\\",\\\"phone\\\":\\\"13161934946\\\",\\\"email\\\":\\\"123456789@qq.com\\\",\\\"logo\\\":null,\\\"status\\\":\\\"10\\\",\\\"verify_status\\\":\\\"30\\\",\\\"create_time\\\":\\\"1527487964\\\",\\\"update_time\\\":\\\"1529992663\\\",\\\"create_user\\\":\\\"1447247968\\\",\\\"update_user\\\":\\\"1447247968\\\",\\\"del_flg\\\":\\\"0\\\",\\\"verify_status_str\\\":\\\"\\\\u5ba1\\\\u6838\\\\u901a\\\\u8fc7\\\"}}\",\"response_errorMessage\":null}","topic":""}
[2018-12-28 10:58:47,823] [9880] RunTime: 0.1890 s
 - INFO 
 - RestClient.doGet(D:\wamp\www\wscloud\backoffice\ThinkPHP\Library\Vendor\ApiGateway\RestClient.php:49)
 - {"message":"rest client","data":"{\"request_host\":\"http:\\\/\\\/localhost:133\\\/Home\",\"request_path\":\"\\\/DrivingMonitor\\\/statBehavior\\\/companyId\\\/1447247968\\\/startTime\\\/1543373927\\\/endTime\\\/1545965927\\\/token\\\/b2c26002e5b51441d08ade89e4f3e3ae\",\"request_method\":\"GET\",\"request_bodys\":[],\"response_code\":200,\"response_body\":\"{\\\"code\\\":1,\\\"msg\\\":\\\"\\\\u67e5\\\\u8be2\\\\u6210\\\\u529f\\\",\\\"status_code\\\":4025,\\\"data\\\":[]}\",\"response_errorMessage\":null}","topic":""}
[2018-12-28 10:58:48,189] [9880] RunTime: 0.5554 s
 - INFO 
 - RestClient.doGet(D:\wamp\www\wscloud\backoffice\ThinkPHP\Library\Vendor\ApiGateway\RestClient.php:49)
 - {"message":"rest client","data":"{\"request_host\":\"http:\\\/\\\/localhost:133\\\/Home\",\"request_path\":\"\\\/System\\\/getSystemSetting\\\/companyId\\\/1447247968\\\/type\\\/20\\\/token\\\/b2c26002e5b51441d08ade89e4f3e3ae\",\"request_method\":\"GET\",\"request_bodys\":[],\"response_code\":200,\"response_body\":\"{\\\"code\\\":1,\\\"msg\\\":\\\"\\\\u67e5\\\\u8be2\\\\u6210\\\\u529f\\\",\\\"status_code\\\":4025,\\\"data\\\":{\\\"value\\\":\\\"1\\\"}}\",\"response_errorMessage\":null}","topic":""}
[2018-12-28 10:58:48,343] [9880] RunTime: 0.7091 s
 - INFO 
 - RestClient.doGet(D:\wamp\www\wscloud\backoffice\ThinkPHP\Library\Vendor\ApiGateway\RestClient.php:49)
 - {"message":"rest client","data":"{\"request_host\":\"http:\\\/\\\/localhost:133\\\/Home\",\"request_path\":\"\\\/Admin\\\/getAdminMsgCount\\\/status\\\/10\\\/token\\\/b2c26002e5b51441d08ade89e4f3e3ae\",\"request_method\":\"GET\",\"request_bodys\":[],\"response_code\":200,\"response_body\":\"{\\\"code\\\":1,\\\"msg\\\":\\\"\\\\u67e5\\\\u8be2\\\\u6210\\\\u529f\\\",\\\"status_code\\\":4025,\\\"data\\\":\\\"0\\\"}\",\"response_errorMessage\":null}","topic":""}
[2018-12-28 10:58:49,045] [9880] RunTime: 0.0000 s
 - INFO 
 - RestClient.doGet(D:\wamp\www\wscloud\backoffice\ThinkPHP\Library\Vendor\ApiGateway\RestClient.php:49)
 - {"message":"rest client","data":"{\"request_host\":\"http:\\\/\\\/localhost:133\\\/Home\",\"request_path\":\"\\\/DrivingMonitor\\\/statByTimeGroup\\\/companyId\\\/1447247968\\\/startTime\\\/1543334400\\\/endTime\\\/1546012800\\\/token\\\/b2c26002e5b51441d08ade89e4f3e3ae\",\"request_method\":\"GET\",\"request_bodys\":[],\"response_code\":200,\"response_body\":\"{\\\"code\\\":1,\\\"msg\\\":\\\"\\\\u67e5\\\\u8be2\\\\u6210\\\\u529f\\\",\\\"status_code\\\":4025,\\\"data\\\":[]}\",\"response_errorMessage\":null}","topic":""}
[2018-12-28 10:58:56,106] [9880] RunTime: 0.0000 s
 - INFO 
 - RestClient.doGet(D:\wamp\www\wscloud\backoffice\ThinkPHP\Library\Vendor\ApiGateway\RestClient.php:49)
 - {"message":"rest client","data":"{\"request_host\":\"http:\\\/\\\/localhost:133\\\/Home\",\"request_path\":\"\\\/System\\\/getSystemSetting\\\/companyId\\\/1447247968\\\/type\\\/20\\\/token\\\/b2c26002e5b51441d08ade89e4f3e3ae\",\"request_method\":\"GET\",\"request_bodys\":[],\"response_code\":200,\"response_body\":\"{\\\"code\\\":1,\\\"msg\\\":\\\"\\\\u67e5\\\\u8be2\\\\u6210\\\\u529f\\\",\\\"status_code\\\":4025,\\\"data\\\":{\\\"value\\\":\\\"1\\\"}}\",\"response_errorMessage\":null}","topic":""}
[2018-12-28 10:58:56,235] [9880] RunTime: 0.1292 s
 - INFO 
 - RestClient.doGet(D:\wamp\www\wscloud\backoffice\ThinkPHP\Library\Vendor\ApiGateway\RestClient.php:49)
 - {"message":"rest client","data":"{\"request_host\":\"http:\\\/\\\/localhost:133\\\/Home\",\"request_path\":\"\\\/Admin\\\/getAdminMsgCount\\\/status\\\/10\\\/token\\\/b2c26002e5b51441d08ade89e4f3e3ae\",\"request_method\":\"GET\",\"request_bodys\":[],\"response_code\":200,\"response_body\":\"{\\\"code\\\":1,\\\"msg\\\":\\\"\\\\u67e5\\\\u8be2\\\\u6210\\\\u529f\\\",\\\"status_code\\\":4025,\\\"data\\\":\\\"0\\\"}\",\"response_errorMessage\":null}","topic":""}
[2018-12-28 10:58:56,798] [9880] RunTime: 0.0000 s
 - INFO 
 - RestClient.doGet(D:\wamp\www\wscloud\backoffice\ThinkPHP\Library\Vendor\ApiGateway\RestClient.php:49)
 - {"message":"rest client","data":"{\"request_host\":\"http:\\\/\\\/localhost:133\\\/Home\",\"request_path\":\"\\\/Admin\\\/adminLists\\\/name\\\/null\\\/phone\\\/null\\\/status\\\/null\\\/companyId\\\/1447247968\\\/pageSize\\\/10\\\/pageNo\\\/1\\\/token\\\/b2c26002e5b51441d08ade89e4f3e3ae\",\"request_method\":\"GET\",\"request_bodys\":[],\"response_code\":200,\"response_body\":\"{\\\"code\\\":1,\\\"msg\\\":\\\"\\\\u67e5\\\\u8be2\\\\u6b63\\\\u5e38\\\",\\\"status_code\\\":1000,\\\"data\\\":{\\\"dataList\\\":[{\\\"id\\\":\\\"7721619557\\\",\\\"company_id\\\":\\\"1447247968\\\",\\\"name\\\":\\\"\\\\u7ba1\\\\u7406\\\\u5458\\\\u4e8c\\\",\\\"account\\\":\\\"lwq1\\\",\\\"phone\\\":\\\"13300000000\\\",\\\"email\\\":\\\"123131@qq.com\\\",\\\"password\\\":\\\"e10adc3949ba59abbe56e057f20f883e\\\",\\\"right\\\":\\\"1,100,110,120,200,210,220,300,310,320,400,410,420,430,500,510,520,600,610,620\\\",\\\"status\\\":\\\"10\\\",\\\"type\\\":\\\"10\\\",\\\"create_time\\\":\\\"2018-05-29 14:50:22\\\",\\\"create_user\\\":\\\"2517844598\\\",\\\"update_time\\\":\\\"1527576622\\\",\\\"update_user\\\":\\\"2517844598\\\",\\\"del_flg\\\":\\\"0\\\",\\\"status_name\\\":\\\"\\\\u6b63\\\\u5e38\\\"},{\\\"id\\\":\\\"1518614752\\\",\\\"company_id\\\":\\\"1447247968\\\",\\\"name\\\":\\\"\\\\u674e\\\\u6587\\\\u8d77\\\",\\\"account\\\":\\\"lwq\\\",\\\"phone\\\":\\\"13373944335\\\",\\\"email\\\":\\\"123459@qq.com\\\",\\\"password\\\":\\\"e10adc3949ba59abbe56e057f20f883e\\\",\\\"right\\\":\\\"1,100,110,120,200,210,220,300,310,320,400,410,420,430,500,510,520,600,610,620,2,1000,1010\\\",\\\"status\\\":\\\"10\\\",\\\"type\\\":\\\"20\\\",\\\"create_time\\\":\\\"2018-05-28 14:19:35\\\",\\\"create_user\\\":\\\"2517844598\\\",\\\"update_time\\\":\\\"1528788788\\\",\\\"update_user\\\":\\\"2517844598\\\",\\\"del_flg\\\":\\\"0\\\",\\\"status_name\\\":\\\"\\\\u6b63\\\\u5e38\\\"},{\\\"id\\\":\\\"2517844598\\\",\\\"company_id\\\":\\\"1447247968\\\",\\\"name\\\":\\\"\\\\u6d4b\\\\u8bd5\\\\u516c\\\\u53f8\\\",\\\"account\\\":\\\"13161934946\\\",\\\"phone\\\":\\\"13161934946\\\",\\\"email\\\":\\\"123456789@qq.com\\\",\\\"password\\\":\\\"e10adc3949ba59abbe56e057f20f883e\\\",\\\"right\\\":\\\"1,100,110,120,200,210,220,300,310,320,400,410,420,430,500,510,520,600,610,620,700,710,720,730,2,1000,1010\\\",\\\"status\\\":\\\"10\\\",\\\"type\\\":\\\"20\\\",\\\"create_time\\\":\\\"2018-05-28 14:12:44\\\",\\\"create_user\\\":\\\"2517844598\\\",\\\"update_time\\\":\\\"1528868703\\\",\\\"update_user\\\":\\\"2517844598\\\",\\\"del_flg\\\":\\\"0\\\",\\\"status_name\\\":\\\"\\\\u6b63\\\\u5e38\\\"}],\\\"totalRecord\\\":\\\"3\\\"}}\",\"response_errorMessage\":null}","topic":""}
[2018-12-28 10:59:01,409] [9880] RunTime: 0.0000 s
 - INFO 
 - RestClient.doGet(D:\wamp\www\wscloud\backoffice\ThinkPHP\Library\Vendor\ApiGateway\RestClient.php:49)
 - {"message":"rest client","data":"{\"request_host\":\"http:\\\/\\\/localhost:133\\\/Home\",\"request_path\":\"\\\/System\\\/getSystemSetting\\\/companyId\\\/1447247968\\\/type\\\/20\\\/token\\\/b2c26002e5b51441d08ade89e4f3e3ae\",\"request_method\":\"GET\",\"request_bodys\":[],\"response_code\":200,\"response_body\":\"{\\\"code\\\":1,\\\"msg\\\":\\\"\\\\u67e5\\\\u8be2\\\\u6210\\\\u529f\\\",\\\"status_code\\\":4025,\\\"data\\\":{\\\"value\\\":\\\"1\\\"}}\",\"response_errorMessage\":null}","topic":""}
[2018-12-28 10:59:02,103] [9880] RunTime: 0.6945 s
 - INFO 
 - RestClient.doGet(D:\wamp\www\wscloud\backoffice\ThinkPHP\Library\Vendor\ApiGateway\RestClient.php:49)
 - {"message":"rest client","data":"{\"request_host\":\"http:\\\/\\\/localhost:133\\\/Home\",\"request_path\":\"\\\/Admin\\\/getAdminMsgCount\\\/status\\\/10\\\/token\\\/b2c26002e5b51441d08ade89e4f3e3ae\",\"request_method\":\"GET\",\"request_bodys\":[],\"response_code\":200,\"response_body\":\"{\\\"code\\\":1,\\\"msg\\\":\\\"\\\\u67e5\\\\u8be2\\\\u6210\\\\u529f\\\",\\\"status_code\\\":4025,\\\"data\\\":\\\"0\\\"}\",\"response_errorMessage\":null}","topic":""}
[2018-12-28 10:59:03,093] [9880] RunTime: 0.0001 s
 - INFO 
 - RestClient.doGet(D:\wamp\www\wscloud\backoffice\ThinkPHP\Library\Vendor\ApiGateway\RestClient.php:49)
 - {"message":"rest client","data":"{\"request_host\":\"http:\\\/\\\/localhost:133\\\/Home\",\"request_path\":\"\\\/Admin\\\/adminDetail\\\/admin_id\\\/2517844598\\\/token\\\/b2c26002e5b51441d08ade89e4f3e3ae\",\"request_method\":\"GET\",\"request_bodys\":[],\"response_code\":200,\"response_body\":\"{\\\"code\\\":1,\\\"msg\\\":\\\"\\\\u67e5\\\\u8be2\\\\u6b63\\\\u5e38\\\",\\\"status_code\\\":1000,\\\"data\\\":{\\\"id\\\":\\\"2517844598\\\",\\\"company_id\\\":\\\"1447247968\\\",\\\"name\\\":\\\"\\\\u6d4b\\\\u8bd5\\\\u516c\\\\u53f8\\\",\\\"account\\\":\\\"13161934946\\\",\\\"phone\\\":\\\"13161934946\\\",\\\"email\\\":\\\"123456789@qq.com\\\",\\\"password\\\":\\\"e10adc3949ba59abbe56e057f20f883e\\\",\\\"right\\\":[\\\"1\\\",\\\"100\\\",\\\"110\\\",\\\"120\\\",\\\"200\\\",\\\"210\\\",\\\"220\\\",\\\"300\\\",\\\"310\\\",\\\"320\\\",\\\"400\\\",\\\"410\\\",\\\"420\\\",\\\"430\\\",\\\"500\\\",\\\"510\\\",\\\"520\\\",\\\"600\\\",\\\"610\\\",\\\"620\\\",\\\"700\\\",\\\"710\\\",\\\"720\\\",\\\"730\\\",\\\"2\\\",\\\"1000\\\",\\\"1010\\\"],\\\"status\\\":\\\"10\\\",\\\"type\\\":\\\"20\\\",\\\"create_time\\\":\\\"1527487964\\\",\\\"create_user\\\":\\\"2517844598\\\",\\\"update_time\\\":\\\"1528868703\\\",\\\"update_user\\\":\\\"2517844598\\\",\\\"del_flg\\\":\\\"0\\\"}}\",\"response_errorMessage\":null}","topic":""}
[2018-12-28 10:59:13,879] [9880] RunTime: 0.0000 s
 - INFO 
 - RestClient.doPost(D:\wamp\www\wscloud\backoffice\ThinkPHP\Library\Vendor\ApiGateway\RestClient.php:83)
 - {"message":"rest client","data":"{\"request_host\":\"http:\\\/\\\/localhost:133\\\/Home\",\"request_path\":\"\\\/Admin\\\/ajaxEditAdmin\\\/token\\\/b2c26002e5b51441d08ade89e4f3e3ae\",\"request_method\":\"POST\",\"request_bodys\":{\"\":\"{\\\"id\\\":\\\"2517844598\\\",\\\"name\\\":\\\"\\\\u6d4b\\\\u8bd5\\\\u516c\\\\u53f8\\\",\\\"account\\\":\\\"13161934946\\\",\\\"phone\\\":\\\"13161934946\\\",\\\"email\\\":\\\"123456789@qq.com\\\",\\\"company_id\\\":\\\"1447247968\\\",\\\"right\\\":\\\"1,100,110,120,200,210,220,230,300,310,320,400,410,420,430,500,510,520,600,610,620,700,710,720,730,2,1000,1010\\\"}\"},\"response_code\":200,\"response_body\":\"{\\\"code\\\":1,\\\"msg\\\":\\\"\\\\u66f4\\\\u65b0\\\\u6210\\\\u529f\\\",\\\"status_code\\\":4017,\\\"data\\\":1}\",\"response_errorMessage\":null}","topic":""}
[2018-12-28 10:59:16,388] [9880] RunTime: 0.0000 s
 - INFO 
 - RestClient.doGet(D:\wamp\www\wscloud\backoffice\ThinkPHP\Library\Vendor\ApiGateway\RestClient.php:49)
 - {"message":"rest client","data":"{\"request_host\":\"http:\\\/\\\/localhost:133\\\/Home\",\"request_path\":\"\\\/Login\\\/logOut\\\/type\\\/10\\\/token\\\/b2c26002e5b51441d08ade89e4f3e3ae\",\"request_method\":\"GET\",\"request_bodys\":[],\"response_code\":200,\"response_body\":\"{\\\"code\\\":1,\\\"msg\\\":\\\"\\\\u9000\\\\u51fa\\\\u6210\\\\u529f\\\",\\\"status_code\\\":3003}\",\"response_errorMessage\":null}","topic":""}
[2018-12-28 10:59:16,586] [9880] RunTime: 0.0000 s
 - INFO 
 - RestClient.doGet(D:\wamp\www\wscloud\backoffice\ThinkPHP\Library\Vendor\ApiGateway\RestClient.php:49)
 - {"message":"rest client","data":"{\"request_host\":\"http:\\\/\\\/localhost:133\\\/Home\",\"request_path\":\"\\\/System\\\/getSystemSetting\\\/companyId\\\/\\\/type\\\/20\\\/token\\\/null\",\"request_method\":\"GET\",\"request_bodys\":[],\"response_code\":200,\"response_body\":\"{\\\"code\\\":0,\\\"msg\\\":\\\"token\\\\u8fc7\\\\u671f\\\",\\\"status_code\\\":2001}\",\"response_errorMessage\":null}","topic":""}
[2018-12-28 10:59:16,661] [9880] RunTime: 0.0751 s
 - INFO 
 - RestClient.doGet(D:\wamp\www\wscloud\backoffice\ThinkPHP\Library\Vendor\ApiGateway\RestClient.php:49)
 - {"message":"rest client","data":"{\"request_host\":\"http:\\\/\\\/localhost:133\\\/Home\",\"request_path\":\"\\\/Admin\\\/getAdminMsgCount\\\/status\\\/10\\\/token\\\/null\",\"request_method\":\"GET\",\"request_bodys\":[],\"response_code\":200,\"response_body\":\"{\\\"code\\\":0,\\\"msg\\\":\\\"token\\\\u8fc7\\\\u671f\\\",\\\"status_code\\\":2001}\",\"response_errorMessage\":null}","topic":""}
[2018-12-28 10:59:28,193] [9880] RunTime: 0.0000 s
 - INFO 
 - RestClient.doGet(D:\wamp\www\wscloud\backoffice\ThinkPHP\Library\Vendor\ApiGateway\RestClient.php:49)
 - {"message":"rest client","data":"{\"request_host\":\"http:\\\/\\\/localhost:133\\\/Home\",\"request_path\":\"\\\/login\\\/login\\\/account\\\/13161934946\\\/password\\\/123456\\\/type\\\/10\\\/token\\\/null\",\"request_method\":\"GET\",\"request_bodys\":[],\"response_code\":200,\"response_body\":\"{\\\"code\\\":1,\\\"msg\\\":\\\"\\\\u767b\\\\u5f55\\\\u6210\\\\u529f\\\",\\\"status_code\\\":3000,\\\"data\\\":{\\\"company_id\\\":\\\"1447247968\\\",\\\"name\\\":\\\"\\\\u6d4b\\\\u8bd5\\\\u516c\\\\u53f8\\\",\\\"account\\\":\\\"13161934946\\\",\\\"phone\\\":\\\"13161934946\\\",\\\"email\\\":\\\"123456789@qq.com\\\",\\\"password\\\":\\\"e10adc3949ba59abbe56e057f20f883e\\\",\\\"right\\\":\\\"1,100,110,120,200,210,220,230,300,310,320,400,410,420,430,500,510,520,600,610,620,700,710,720,730,2,1000,1010\\\",\\\"status\\\":\\\"10\\\",\\\"type\\\":\\\"20\\\",\\\"create_time\\\":\\\"1527487964\\\",\\\"create_user\\\":\\\"2517844598\\\",\\\"update_time\\\":\\\"1545965953\\\",\\\"update_user\\\":\\\"2517844598\\\",\\\"del_flg\\\":\\\"0\\\",\\\"company_name\\\":\\\"\\\\u6d4b\\\\u8bd5\\\\u516c\\\\u53f8\\\",\\\"token\\\":\\\"bcc5d4e088655330af9f306790626cbd\\\",\\\"refresh_token\\\":\\\"bcc5d4e088655330af9f306790626cbd\\\"}}\",\"response_errorMessage\":null}","topic":""}
[2018-12-28 10:59:28,571] [9880] RunTime: 0.0000 s
 - INFO 
 - RestClient.doGet(D:\wamp\www\wscloud\backoffice\ThinkPHP\Library\Vendor\ApiGateway\RestClient.php:49)
 - {"message":"rest client","data":"{\"request_host\":\"http:\\\/\\\/localhost:133\\\/Home\",\"request_path\":\"\\\/Company\\\/checkStatus\\\/companyId\\\/1447247968\\\/token\\\/bcc5d4e088655330af9f306790626cbd\",\"request_method\":\"GET\",\"request_bodys\":[],\"response_code\":200,\"response_body\":\"{\\\"code\\\":1,\\\"msg\\\":\\\"\\\\u67e5\\\\u8be2\\\\u6b63\\\\u5e38\\\",\\\"status_code\\\":1000,\\\"data\\\":{\\\"id\\\":\\\"1447247968\\\",\\\"name\\\":\\\"\\\\u6d4b\\\\u8bd5\\\\u516c\\\\u53f8\\\",\\\"phone\\\":\\\"13161934946\\\",\\\"email\\\":\\\"123456789@qq.com\\\",\\\"logo\\\":null,\\\"status\\\":\\\"10\\\",\\\"verify_status\\\":\\\"30\\\",\\\"create_time\\\":\\\"1527487964\\\",\\\"update_time\\\":\\\"1529992663\\\",\\\"create_user\\\":\\\"1447247968\\\",\\\"update_user\\\":\\\"1447247968\\\",\\\"del_flg\\\":\\\"0\\\",\\\"verify_status_str\\\":\\\"\\\\u5ba1\\\\u6838\\\\u901a\\\\u8fc7\\\"}}\",\"response_errorMessage\":null}","topic":""}
[2018-12-28 10:59:28,773] [9880] RunTime: 0.2020 s
 - INFO 
 - RestClient.doGet(D:\wamp\www\wscloud\backoffice\ThinkPHP\Library\Vendor\ApiGateway\RestClient.php:49)
 - {"message":"rest client","data":"{\"request_host\":\"http:\\\/\\\/localhost:133\\\/Home\",\"request_path\":\"\\\/DrivingMonitor\\\/statBehavior\\\/companyId\\\/1447247968\\\/startTime\\\/1543373968\\\/endTime\\\/1545965968\\\/token\\\/bcc5d4e088655330af9f306790626cbd\",\"request_method\":\"GET\",\"request_bodys\":[],\"response_code\":200,\"response_body\":\"{\\\"code\\\":1,\\\"msg\\\":\\\"\\\\u67e5\\\\u8be2\\\\u6210\\\\u529f\\\",\\\"status_code\\\":4025,\\\"data\\\":[]}\",\"response_errorMessage\":null}","topic":""}
[2018-12-28 10:59:28,907] [9880] RunTime: 0.3362 s
 - INFO 
 - RestClient.doGet(D:\wamp\www\wscloud\backoffice\ThinkPHP\Library\Vendor\ApiGateway\RestClient.php:49)
 - {"message":"rest client","data":"{\"request_host\":\"http:\\\/\\\/localhost:133\\\/Home\",\"request_path\":\"\\\/System\\\/getSystemSetting\\\/companyId\\\/1447247968\\\/type\\\/20\\\/token\\\/bcc5d4e088655330af9f306790626cbd\",\"request_method\":\"GET\",\"request_bodys\":[],\"response_code\":200,\"response_body\":\"{\\\"code\\\":1,\\\"msg\\\":\\\"\\\\u67e5\\\\u8be2\\\\u6210\\\\u529f\\\",\\\"status_code\\\":4025,\\\"data\\\":{\\\"value\\\":\\\"1\\\"}}\",\"response_errorMessage\":null}","topic":""}
[2018-12-28 10:59:29,004] [9880] RunTime: 0.4329 s
 - INFO 
 - RestClient.doGet(D:\wamp\www\wscloud\backoffice\ThinkPHP\Library\Vendor\ApiGateway\RestClient.php:49)
 - {"message":"rest client","data":"{\"request_host\":\"http:\\\/\\\/localhost:133\\\/Home\",\"request_path\":\"\\\/Admin\\\/getAdminMsgCount\\\/status\\\/10\\\/token\\\/bcc5d4e088655330af9f306790626cbd\",\"request_method\":\"GET\",\"request_bodys\":[],\"response_code\":200,\"response_body\":\"{\\\"code\\\":1,\\\"msg\\\":\\\"\\\\u67e5\\\\u8be2\\\\u6210\\\\u529f\\\",\\\"status_code\\\":4025,\\\"data\\\":\\\"0\\\"}\",\"response_errorMessage\":null}","topic":""}
[2018-12-28 10:59:31,823] [9880] RunTime: 0.0000 s
 - INFO 
 - RestClient.doGet(D:\wamp\www\wscloud\backoffice\ThinkPHP\Library\Vendor\ApiGateway\RestClient.php:49)
 - {"message":"rest client","data":"{\"request_host\":\"http:\\\/\\\/localhost:133\\\/Home\",\"request_path\":\"\\\/DrivingMonitor\\\/statByTimeGroup\\\/companyId\\\/1447247968\\\/startTime\\\/1543334400\\\/endTime\\\/1546012800\\\/token\\\/bcc5d4e088655330af9f306790626cbd\",\"request_method\":\"GET\",\"request_bodys\":[],\"response_code\":200,\"response_body\":\"{\\\"code\\\":1,\\\"msg\\\":\\\"\\\\u67e5\\\\u8be2\\\\u6210\\\\u529f\\\",\\\"status_code\\\":4025,\\\"data\\\":[]}\",\"response_errorMessage\":null}","topic":""}
[2018-12-28 10:59:32,244] [9880] RunTime: 0.0000 s
 - INFO 
 - RestClient.doGet(D:\wamp\www\wscloud\backoffice\ThinkPHP\Library\Vendor\ApiGateway\RestClient.php:49)
 - {"message":"rest client","data":"{\"request_host\":\"http:\\\/\\\/localhost:133\\\/Home\",\"request_path\":\"\\\/Device\\\/getCompanyDeviceSetting\\\/company_id\\\/1447247968\\\/token\\\/bcc5d4e088655330af9f306790626cbd\",\"request_method\":\"GET\",\"request_bodys\":[],\"response_code\":404,\"response_body\":\"<!DOCTYPE html PUBLIC \\\"-\\\/\\\/W3C\\\/\\\/DTD XHTML 1.0 Transitional\\\/\\\/EN\\\" \\\"http:\\\/\\\/www.w3.org\\\/TR\\\/xhtml1\\\/DTD\\\/xhtml1-transitional.dtd\\\">\\r\\n<html xmlns=\\\"http:\\\/\\\/www.w3.org\\\/1999\\\/xhtml\\\"><head>\\r\\n<meta content=\\\"text\\\/html; charset=utf-8\\\" http-equiv=\\\"Content-Type\\\">\\r\\n<title>\\u7cfb\\u7edf\\u53d1\\u751f\\u9519\\u8bef<\\\/title>\\r\\n<style type=\\\"text\\\/css\\\">\\r\\n*{ padding: 0; margin: 0; }\\r\\nhtml{ overflow-y: scroll; }\\r\\nbody{ background: #fff; font-family: '\\u5fae\\u8f6f\\u96c5\\u9ed1'; color: #333; font-size: 16px; }\\r\\nimg{ border: 0; }\\r\\n.error{ padding: 24px 48px; }\\r\\n.face{ font-size: 100px; font-weight: normal; line-height: 120px; margin-bottom: 12px; }\\r\\nh1{ font-size: 32px; line-height: 48px; }\\r\\n.error .content{ padding-top: 10px}\\r\\n.error .info{ margin-bottom: 12px; }\\r\\n.error .info .title{ margin-bottom: 3px; }\\r\\n.error .info .title h3{ color: #000; font-weight: 700; font-size: 16px; }\\r\\n.error .info .text{ line-height: 24px; }\\r\\n.copyright{ padding: 12px 48px; color: #999; }\\r\\n.copyright a{ color: #000; text-decoration: none; }\\r\\n<\\\/style>\\r\\n<\\\/head>\\r\\n<body>\\r\\n<div class=\\\"error\\\">\\r\\n<p class=\\\"face\\\">:(<\\\/p>\\r\\n<h1>SQLSTATE[42S02]: Base table or view not found: 1146 Table 'wscloud.device_setting' doesn't exist<\\\/h1>\\r\\n<div class=\\\"content\\\">\\r\\n\\t<div class=\\\"info\\\">\\r\\n\\t\\t<div class=\\\"title\\\">\\r\\n\\t\\t\\t<h3>\\u9519\\u8bef\\u4f4d\\u7f6e<\\\/h3>\\r\\n\\t\\t<\\\/div>\\r\\n\\t\\t<div class=\\\"text\\\">\\r\\n\\t\\t\\t<p>FILE: D:\\\\wamp\\\\www\\\\wscloud\\\\api\\\\ThinkPHP\\\\Library\\\\Think\\\\Db\\\\Driver.class.php &#12288;LINE: 169<\\\/p>\\r\\n\\t\\t<\\\/div>\\r\\n\\t<\\\/div>\\r\\n\\t<div class=\\\"info\\\">\\r\\n\\t\\t<div class=\\\"title\\\">\\r\\n\\t\\t\\t<h3>TRACE<\\\/h3>\\r\\n\\t\\t<\\\/div>\\r\\n\\t\\t<div class=\\\"text\\\">\\r\\n\\t\\t\\t<p>#0 D:\\\\wamp\\\\www\\\\wscloud\\\\api\\\\ThinkPHP\\\\Library\\\\Think\\\\Db\\\\Driver.class.php(169): PDOStatement->execute()<br \\\/>\\n#1 D:\\\\wamp\\\\www\\\\wscloud\\\\api\\\\ThinkPHP\\\\Library\\\\Think\\\\Db\\\\Driver\\\\Mysql.class.php(56): Think\\\\Db\\\\Driver->query('SHOW COLUMNS FR...')<br \\\/>\\n#2 D:\\\\wamp\\\\www\\\\wscloud\\\\api\\\\ThinkPHP\\\\Library\\\\Think\\\\Model.class.php(134): Think\\\\Db\\\\Driver\\\\Mysql->getFields('device_setting')<br \\\/>\\n#3 D:\\\\wamp\\\\www\\\\wscloud\\\\api\\\\ThinkPHP\\\\Library\\\\Think\\\\Model.class.php(122): Think\\\\Model->flush()<br \\\/>\\n#4 D:\\\\wamp\\\\www\\\\wscloud\\\\api\\\\ThinkPHP\\\\Library\\\\Think\\\\Model.class.php(1439): Think\\\\Model->_checkTableInfo()<br \\\/>\\n#5 D:\\\\wamp\\\\www\\\\wscloud\\\\api\\\\ThinkPHP\\\\Library\\\\Think\\\\Model.class.php(97): Think\\\\Model->db(0, 'DB_CONFIG1', true)<br \\\/>\\n#6 D:\\\\wamp\\\\www\\\\wscloud\\\\api\\\\ThinkPHP\\\\Common\\\\functions.php(588): Think\\\\Model->__construct('DeviceSetting')<br \\\/>\\n#7 D:\\\\wamp\\\\www\\\\wscloud\\\\api\\\\Application\\\\Home\\\\Controller\\\\DeviceController.class.php(396): D('DeviceSetting')<br \\\/>\\n#8 [internal function]: Home\\\\Controller\\\\DeviceController->getCompanyDeviceSetting('1447247968')<br \\\/>\\n#9 D:\\\\wamp\\\\www\\\\wscloud\\\\api\\\\ThinkPHP\\\\Library\\\\Think\\\\App.class.php(162): ReflectionMethod->invokeArgs(Object(Home\\\\Controller\\\\DeviceController), Array)<br \\\/>\\n#10 D:\\\\wamp\\\\www\\\\wscloud\\\\api\\\\ThinkPHP\\\\Library\\\\Think\\\\App.class.php(202): Think\\\\App::exec()<br \\\/>\\n#11 D:\\\\wamp\\\\www\\\\wscloud\\\\api\\\\ThinkPHP\\\\Library\\\\Think\\\\Think.class.php(120): Think\\\\App::run()<br \\\/>\\n#12 D:\\\\wamp\\\\www\\\\wscloud\\\\api\\\\ThinkPHP\\\\ThinkPHP.php(99): Think\\\\Think::start()<br \\\/>\\n#13 D:\\\\wamp\\\\www\\\\wscloud\\\\api\\\\index.php(26): require('D:\\\\\\\\wamp\\\\\\\\www\\\\\\\\wsc...')<br \\\/>\\n#14 {main}<\\\/p>\\r\\n\\t\\t<\\\/div>\\r\\n\\t<\\\/div>\\r\\n<\\\/div>\\r\\n<\\\/div>\\r\\n<div class=\\\"copyright\\\">\\r\\n<p><a title=\\\"\\u5b98\\u65b9\\u7f51\\u7ad9\\\" href=\\\"http:\\\/\\\/www.thinkphp.cn\\\">ThinkPHP<\\\/a><sup>3.2.3<\\\/sup> { Fast & Simple OOP PHP Framework } -- [ WE CAN DO IT JUST THINK ]<\\\/p>\\r\\n<\\\/div>\\r\\n<\\\/body>\\r\\n<\\\/html>\\r\\n\",\"response_errorMessage\":null}","topic":""}
[2018-12-28 10:59:37,109] [9880] RunTime: 4.8656 s
 - INFO 
 - RestClient.doGet(D:\wamp\www\wscloud\backoffice\ThinkPHP\Library\Vendor\ApiGateway\RestClient.php:49)
 - {"message":"rest client","data":"{\"request_host\":\"http:\\\/\\\/localhost:133\\\/Home\",\"request_path\":\"\\\/System\\\/getSystemSetting\\\/companyId\\\/1447247968\\\/type\\\/20\\\/token\\\/bcc5d4e088655330af9f306790626cbd\",\"request_method\":\"GET\",\"request_bodys\":[],\"response_code\":200,\"response_body\":\"{\\\"code\\\":1,\\\"msg\\\":\\\"\\\\u67e5\\\\u8be2\\\\u6210\\\\u529f\\\",\\\"status_code\\\":4025,\\\"data\\\":{\\\"value\\\":\\\"1\\\"}}\",\"response_errorMessage\":null}","topic":""}
[2018-12-28 10:59:37,311] [9880] RunTime: 5.0674 s
 - INFO 
 - RestClient.doGet(D:\wamp\www\wscloud\backoffice\ThinkPHP\Library\Vendor\ApiGateway\RestClient.php:49)
 - {"message":"rest client","data":"{\"request_host\":\"http:\\\/\\\/localhost:133\\\/Home\",\"request_path\":\"\\\/Admin\\\/getAdminMsgCount\\\/status\\\/10\\\/token\\\/bcc5d4e088655330af9f306790626cbd\",\"request_method\":\"GET\",\"request_bodys\":[],\"response_code\":200,\"response_body\":\"{\\\"code\\\":1,\\\"msg\\\":\\\"\\\\u67e5\\\\u8be2\\\\u6210\\\\u529f\\\",\\\"status_code\\\":4025,\\\"data\\\":\\\"0\\\"}\",\"response_errorMessage\":null}","topic":""}
[2018-12-28 11:00:41,267] [9880] RunTime: 0.0000 s
 - INFO 
 - RestClient.doPost(D:\wamp\www\wscloud\backoffice\ThinkPHP\Library\Vendor\ApiGateway\RestClient.php:83)
 - {"message":"rest client","data":"{\"request_host\":\"http:\\\/\\\/localhost:133\\\/Home\",\"request_path\":\"\\\/Device\\\/ajaxAddDeviceSetting\\\/token\\\/bcc5d4e088655330af9f306790626cbd\",\"request_method\":\"POST\",\"request_bodys\":{\"\":\"{\\\"company_id\\\":\\\"1447247968\\\",\\\"data\\\":{\\\"10\\\":\\\"0\\\",\\\"20\\\":\\\"0\\\",\\\"30\\\":\\\"0\\\",\\\"40\\\":\\\"0\\\",\\\"50\\\":\\\"0\\\",\\\"70\\\":\\\"1\\\",\\\"100\\\":\\\"1\\\",\\\"110\\\":\\\"1\\\",\\\"120\\\":\\\"1\\\",\\\"130\\\":\\\"1\\\",\\\"140\\\":\\\"1\\\",\\\"150\\\":\\\"1\\\",\\\"160\\\":\\\"1\\\"}}\"},\"response_code\":404,\"response_body\":\"<!DOCTYPE html PUBLIC \\\"-\\\/\\\/W3C\\\/\\\/DTD XHTML 1.0 Transitional\\\/\\\/EN\\\" \\\"http:\\\/\\\/www.w3.org\\\/TR\\\/xhtml1\\\/DTD\\\/xhtml1-transitional.dtd\\\">\\r\\n<html xmlns=\\\"http:\\\/\\\/www.w3.org\\\/1999\\\/xhtml\\\"><head>\\r\\n<meta content=\\\"text\\\/html; charset=utf-8\\\" http-equiv=\\\"Content-Type\\\">\\r\\n<title>\\u7cfb\\u7edf\\u53d1\\u751f\\u9519\\u8bef<\\\/title>\\r\\n<style type=\\\"text\\\/css\\\">\\r\\n*{ padding: 0; margin: 0; }\\r\\nhtml{ overflow-y: scroll; }\\r\\nbody{ background: #fff; font-family: '\\u5fae\\u8f6f\\u96c5\\u9ed1'; color: #333; font-size: 16px; }\\r\\nimg{ border: 0; }\\r\\n.error{ padding: 24px 48px; }\\r\\n.face{ font-size: 100px; font-weight: normal; line-height: 120px; margin-bottom: 12px; }\\r\\nh1{ font-size: 32px; line-height: 48px; }\\r\\n.error .content{ padding-top: 10px}\\r\\n.error .info{ margin-bottom: 12px; }\\r\\n.error .info .title{ margin-bottom: 3px; }\\r\\n.error .info .title h3{ color: #000; font-weight: 700; font-size: 16px; }\\r\\n.error .info .text{ line-height: 24px; }\\r\\n.copyright{ padding: 12px 48px; color: #999; }\\r\\n.copyright a{ color: #000; text-decoration: none; }\\r\\n<\\\/style>\\r\\n<\\\/head>\\r\\n<body>\\r\\n<div class=\\\"error\\\">\\r\\n<p class=\\\"face\\\">:(<\\\/p>\\r\\n<h1>SQLSTATE[42S02]: Base table or view not found: 1146 Table 'wscloud.device_setting' doesn't exist<\\\/h1>\\r\\n<div class=\\\"content\\\">\\r\\n\\t<div class=\\\"info\\\">\\r\\n\\t\\t<div class=\\\"title\\\">\\r\\n\\t\\t\\t<h3>\\u9519\\u8bef\\u4f4d\\u7f6e<\\\/h3>\\r\\n\\t\\t<\\\/div>\\r\\n\\t\\t<div class=\\\"text\\\">\\r\\n\\t\\t\\t<p>FILE: D:\\\\wamp\\\\www\\\\wscloud\\\\api\\\\ThinkPHP\\\\Library\\\\Think\\\\Db\\\\Driver.class.php &#12288;LINE: 169<\\\/p>\\r\\n\\t\\t<\\\/div>\\r\\n\\t<\\\/div>\\r\\n\\t<div class=\\\"info\\\">\\r\\n\\t\\t<div class=\\\"title\\\">\\r\\n\\t\\t\\t<h3>TRACE<\\\/h3>\\r\\n\\t\\t<\\\/div>\\r\\n\\t\\t<div class=\\\"text\\\">\\r\\n\\t\\t\\t<p>#0 D:\\\\wamp\\\\www\\\\wscloud\\\\api\\\\ThinkPHP\\\\Library\\\\Think\\\\Db\\\\Driver.class.php(169): PDOStatement->execute()<br \\\/>\\n#1 D:\\\\wamp\\\\www\\\\wscloud\\\\api\\\\ThinkPHP\\\\Library\\\\Think\\\\Db\\\\Driver\\\\Mysql.class.php(56): Think\\\\Db\\\\Driver->query('SHOW COLUMNS FR...')<br \\\/>\\n#2 D:\\\\wamp\\\\www\\\\wscloud\\\\api\\\\ThinkPHP\\\\Library\\\\Think\\\\Model.class.php(134): Think\\\\Db\\\\Driver\\\\Mysql->getFields('device_setting')<br \\\/>\\n#3 D:\\\\wamp\\\\www\\\\wscloud\\\\api\\\\ThinkPHP\\\\Library\\\\Think\\\\Model.class.php(122): Think\\\\Model->flush()<br \\\/>\\n#4 D:\\\\wamp\\\\www\\\\wscloud\\\\api\\\\ThinkPHP\\\\Library\\\\Think\\\\Model.class.php(1439): Think\\\\Model->_checkTableInfo()<br \\\/>\\n#5 D:\\\\wamp\\\\www\\\\wscloud\\\\api\\\\ThinkPHP\\\\Library\\\\Think\\\\Model.class.php(97): Think\\\\Model->db(0, 'DB_CONFIG1', true)<br \\\/>\\n#6 D:\\\\wamp\\\\www\\\\wscloud\\\\api\\\\ThinkPHP\\\\Common\\\\functions.php(588): Think\\\\Model->__construct('DeviceSetting')<br \\\/>\\n#7 D:\\\\wamp\\\\www\\\\wscloud\\\\api\\\\Application\\\\Home\\\\Controller\\\\DeviceController.class.php(335): D('DeviceSetting')<br \\\/>\\n#8 [internal function]: Home\\\\Controller\\\\DeviceController->ajaxAddDeviceSetting('2517844598')<br \\\/>\\n#9 D:\\\\wamp\\\\www\\\\wscloud\\\\api\\\\ThinkPHP\\\\Library\\\\Think\\\\App.class.php(162): ReflectionMethod->invokeArgs(Object(Home\\\\Controller\\\\DeviceController), Array)<br \\\/>\\n#10 D:\\\\wamp\\\\www\\\\wscloud\\\\api\\\\ThinkPHP\\\\Library\\\\Think\\\\App.class.php(202): Think\\\\App::exec()<br \\\/>\\n#11 D:\\\\wamp\\\\www\\\\wscloud\\\\api\\\\ThinkPHP\\\\Library\\\\Think\\\\Think.class.php(120): Think\\\\App::run()<br \\\/>\\n#12 D:\\\\wamp\\\\www\\\\wscloud\\\\api\\\\ThinkPHP\\\\ThinkPHP.php(99): Think\\\\Think::start()<br \\\/>\\n#13 D:\\\\wamp\\\\www\\\\wscloud\\\\api\\\\index.php(26): require('D:\\\\\\\\wamp\\\\\\\\www\\\\\\\\wsc...')<br \\\/>\\n#14 {main}<\\\/p>\\r\\n\\t\\t<\\\/div>\\r\\n\\t<\\\/div>\\r\\n<\\\/div>\\r\\n<\\\/div>\\r\\n<div class=\\\"copyright\\\">\\r\\n<p><a title=\\\"\\u5b98\\u65b9\\u7f51\\u7ad9\\\" href=\\\"http:\\\/\\\/www.thinkphp.cn\\\">ThinkPHP<\\\/a><sup>3.2.3<\\\/sup> { Fast & Simple OOP PHP Framework } -- [ WE CAN DO IT JUST THINK ]<\\\/p>\\r\\n<\\\/div>\\r\\n<\\\/body>\\r\\n<\\\/html>\\r\\n\",\"response_errorMessage\":null}","topic":""}
[2018-12-28 11:11:32,521] [9880] RunTime: 0.0000 s
 - INFO 
 - RestClient.doPost(D:\wamp\www\wscloud\backoffice\ThinkPHP\Library\Vendor\ApiGateway\RestClient.php:83)
 - {"message":"rest client","data":"{\"request_host\":\"http:\\\/\\\/localhost:133\\\/Home\",\"request_path\":\"\\\/Device\\\/ajaxAddDeviceSetting\\\/token\\\/bcc5d4e088655330af9f306790626cbd\",\"request_method\":\"POST\",\"request_bodys\":{\"\":\"{\\\"company_id\\\":\\\"1447247968\\\",\\\"data\\\":{\\\"10\\\":\\\"0\\\",\\\"20\\\":\\\"0\\\",\\\"30\\\":\\\"0\\\",\\\"40\\\":\\\"0\\\",\\\"50\\\":\\\"0\\\",\\\"70\\\":\\\"1\\\",\\\"100\\\":\\\"1\\\",\\\"110\\\":\\\"1\\\",\\\"120\\\":\\\"1\\\",\\\"130\\\":\\\"1\\\",\\\"140\\\":\\\"1\\\",\\\"150\\\":\\\"1\\\",\\\"160\\\":\\\"1\\\"}}\"},\"response_code\":404,\"response_body\":\"<!DOCTYPE html PUBLIC \\\"-\\\/\\\/W3C\\\/\\\/DTD XHTML 1.0 Transitional\\\/\\\/EN\\\" \\\"http:\\\/\\\/www.w3.org\\\/TR\\\/xhtml1\\\/DTD\\\/xhtml1-transitional.dtd\\\">\\r\\n<html xmlns=\\\"http:\\\/\\\/www.w3.org\\\/1999\\\/xhtml\\\"><head>\\r\\n<meta content=\\\"text\\\/html; charset=utf-8\\\" http-equiv=\\\"Content-Type\\\">\\r\\n<title>\\u7cfb\\u7edf\\u53d1\\u751f\\u9519\\u8bef<\\\/title>\\r\\n<style type=\\\"text\\\/css\\\">\\r\\n*{ padding: 0; margin: 0; }\\r\\nhtml{ overflow-y: scroll; }\\r\\nbody{ background: #fff; font-family: '\\u5fae\\u8f6f\\u96c5\\u9ed1'; color: #333; font-size: 16px; }\\r\\nimg{ border: 0; }\\r\\n.error{ padding: 24px 48px; }\\r\\n.face{ font-size: 100px; font-weight: normal; line-height: 120px; margin-bottom: 12px; }\\r\\nh1{ font-size: 32px; line-height: 48px; }\\r\\n.error .content{ padding-top: 10px}\\r\\n.error .info{ margin-bottom: 12px; }\\r\\n.error .info .title{ margin-bottom: 3px; }\\r\\n.error .info .title h3{ color: #000; font-weight: 700; font-size: 16px; }\\r\\n.error .info .text{ line-height: 24px; }\\r\\n.copyright{ padding: 12px 48px; color: #999; }\\r\\n.copyright a{ color: #000; text-decoration: none; }\\r\\n<\\\/style>\\r\\n<\\\/head>\\r\\n<body>\\r\\n<div class=\\\"error\\\">\\r\\n<p class=\\\"face\\\">:(<\\\/p>\\r\\n<h1>SQLSTATE[42S02]: Base table or view not found: 1146 Table 'wscloud.device_setting' doesn't exist<\\\/h1>\\r\\n<div class=\\\"content\\\">\\r\\n\\t<div class=\\\"info\\\">\\r\\n\\t\\t<div class=\\\"title\\\">\\r\\n\\t\\t\\t<h3>\\u9519\\u8bef\\u4f4d\\u7f6e<\\\/h3>\\r\\n\\t\\t<\\\/div>\\r\\n\\t\\t<div class=\\\"text\\\">\\r\\n\\t\\t\\t<p>FILE: D:\\\\wamp\\\\www\\\\wscloud\\\\api\\\\ThinkPHP\\\\Library\\\\Think\\\\Db\\\\Driver.class.php &#12288;LINE: 169<\\\/p>\\r\\n\\t\\t<\\\/div>\\r\\n\\t<\\\/div>\\r\\n\\t<div class=\\\"info\\\">\\r\\n\\t\\t<div class=\\\"title\\\">\\r\\n\\t\\t\\t<h3>TRACE<\\\/h3>\\r\\n\\t\\t<\\\/div>\\r\\n\\t\\t<div class=\\\"text\\\">\\r\\n\\t\\t\\t<p>#0 D:\\\\wamp\\\\www\\\\wscloud\\\\api\\\\ThinkPHP\\\\Library\\\\Think\\\\Db\\\\Driver.class.php(169): PDOStatement->execute()<br \\\/>\\n#1 D:\\\\wamp\\\\www\\\\wscloud\\\\api\\\\ThinkPHP\\\\Library\\\\Think\\\\Db\\\\Driver\\\\Mysql.class.php(56): Think\\\\Db\\\\Driver->query('SHOW COLUMNS FR...')<br \\\/>\\n#2 D:\\\\wamp\\\\www\\\\wscloud\\\\api\\\\ThinkPHP\\\\Library\\\\Think\\\\Model.class.php(134): Think\\\\Db\\\\Driver\\\\Mysql->getFields('device_setting')<br \\\/>\\n#3 D:\\\\wamp\\\\www\\\\wscloud\\\\api\\\\ThinkPHP\\\\Library\\\\Think\\\\Model.class.php(122): Think\\\\Model->flush()<br \\\/>\\n#4 D:\\\\wamp\\\\www\\\\wscloud\\\\api\\\\ThinkPHP\\\\Library\\\\Think\\\\Model.class.php(1439): Think\\\\Model->_checkTableInfo()<br \\\/>\\n#5 D:\\\\wamp\\\\www\\\\wscloud\\\\api\\\\ThinkPHP\\\\Library\\\\Think\\\\Model.class.php(97): Think\\\\Model->db(0, 'DB_CONFIG1', true)<br \\\/>\\n#6 D:\\\\wamp\\\\www\\\\wscloud\\\\api\\\\ThinkPHP\\\\Common\\\\functions.php(588): Think\\\\Model->__construct('DeviceSetting')<br \\\/>\\n#7 D:\\\\wamp\\\\www\\\\wscloud\\\\api\\\\Application\\\\Home\\\\Controller\\\\DeviceController.class.php(335): D('DeviceSetting')<br \\\/>\\n#8 [internal function]: Home\\\\Controller\\\\DeviceController->ajaxAddDeviceSetting('2517844598')<br \\\/>\\n#9 D:\\\\wamp\\\\www\\\\wscloud\\\\api\\\\ThinkPHP\\\\Library\\\\Think\\\\App.class.php(162): ReflectionMethod->invokeArgs(Object(Home\\\\Controller\\\\DeviceController), Array)<br \\\/>\\n#10 D:\\\\wamp\\\\www\\\\wscloud\\\\api\\\\ThinkPHP\\\\Library\\\\Think\\\\App.class.php(202): Think\\\\App::exec()<br \\\/>\\n#11 D:\\\\wamp\\\\www\\\\wscloud\\\\api\\\\ThinkPHP\\\\Library\\\\Think\\\\Think.class.php(120): Think\\\\App::run()<br \\\/>\\n#12 D:\\\\wamp\\\\www\\\\wscloud\\\\api\\\\ThinkPHP\\\\ThinkPHP.php(99): Think\\\\Think::start()<br \\\/>\\n#13 D:\\\\wamp\\\\www\\\\wscloud\\\\api\\\\index.php(26): require('D:\\\\\\\\wamp\\\\\\\\www\\\\\\\\wsc...')<br \\\/>\\n#14 {main}<\\\/p>\\r\\n\\t\\t<\\\/div>\\r\\n\\t<\\\/div>\\r\\n<\\\/div>\\r\\n<\\\/div>\\r\\n<div class=\\\"copyright\\\">\\r\\n<p><a title=\\\"\\u5b98\\u65b9\\u7f51\\u7ad9\\\" href=\\\"http:\\\/\\\/www.thinkphp.cn\\\">ThinkPHP<\\\/a><sup>3.2.3<\\\/sup> { Fast & Simple OOP PHP Framework } -- [ WE CAN DO IT JUST THINK ]<\\\/p>\\r\\n<\\\/div>\\r\\n<\\\/body>\\r\\n<\\\/html>\\r\\n\",\"response_errorMessage\":null}","topic":""}
[2018-12-28 11:13:52,624] [9880] RunTime: 0.0000 s
 - INFO 
 - RestClient.doPost(D:\wamp\www\wscloud\backoffice\ThinkPHP\Library\Vendor\ApiGateway\RestClient.php:83)
 - {"message":"rest client","data":"{\"request_host\":\"http:\\\/\\\/localhost:133\\\/Home\",\"request_path\":\"\\\/Device\\\/ajaxAddDeviceSetting\\\/token\\\/bcc5d4e088655330af9f306790626cbd\",\"request_method\":\"POST\",\"request_bodys\":{\"\":\"{\\\"company_id\\\":\\\"1447247968\\\",\\\"data\\\":{\\\"10\\\":\\\"0\\\",\\\"20\\\":\\\"0\\\",\\\"30\\\":\\\"0\\\",\\\"40\\\":\\\"0\\\",\\\"50\\\":\\\"0\\\",\\\"70\\\":\\\"1\\\",\\\"100\\\":\\\"1\\\",\\\"110\\\":\\\"1\\\",\\\"120\\\":\\\"1\\\",\\\"130\\\":\\\"1\\\",\\\"140\\\":\\\"1\\\",\\\"150\\\":\\\"1\\\",\\\"160\\\":\\\"1\\\"}}\"},\"response_code\":404,\"response_body\":\"<!DOCTYPE html PUBLIC \\\"-\\\/\\\/W3C\\\/\\\/DTD XHTML 1.0 Transitional\\\/\\\/EN\\\" \\\"http:\\\/\\\/www.w3.org\\\/TR\\\/xhtml1\\\/DTD\\\/xhtml1-transitional.dtd\\\">\\r\\n<html xmlns=\\\"http:\\\/\\\/www.w3.org\\\/1999\\\/xhtml\\\"><head>\\r\\n<meta content=\\\"text\\\/html; charset=utf-8\\\" http-equiv=\\\"Content-Type\\\">\\r\\n<title>\\u7cfb\\u7edf\\u53d1\\u751f\\u9519\\u8bef<\\\/title>\\r\\n<style type=\\\"text\\\/css\\\">\\r\\n*{ padding: 0; margin: 0; }\\r\\nhtml{ overflow-y: scroll; }\\r\\nbody{ background: #fff; font-family: '\\u5fae\\u8f6f\\u96c5\\u9ed1'; color: #333; font-size: 16px; }\\r\\nimg{ border: 0; }\\r\\n.error{ padding: 24px 48px; }\\r\\n.face{ font-size: 100px; font-weight: normal; line-height: 120px; margin-bottom: 12px; }\\r\\nh1{ font-size: 32px; line-height: 48px; }\\r\\n.error .content{ padding-top: 10px}\\r\\n.error .info{ margin-bottom: 12px; }\\r\\n.error .info .title{ margin-bottom: 3px; }\\r\\n.error .info .title h3{ color: #000; font-weight: 700; font-size: 16px; }\\r\\n.error .info .text{ line-height: 24px; }\\r\\n.copyright{ padding: 12px 48px; color: #999; }\\r\\n.copyright a{ color: #000; text-decoration: none; }\\r\\n<\\\/style>\\r\\n<\\\/head>\\r\\n<body>\\r\\n<div class=\\\"error\\\">\\r\\n<p class=\\\"face\\\">:(<\\\/p>\\r\\n<h1>SQLSTATE[42S02]: Base table or view not found: 1146 Table 'wscloud.device_setting' doesn't exist<\\\/h1>\\r\\n<div class=\\\"content\\\">\\r\\n\\t<div class=\\\"info\\\">\\r\\n\\t\\t<div class=\\\"title\\\">\\r\\n\\t\\t\\t<h3>\\u9519\\u8bef\\u4f4d\\u7f6e<\\\/h3>\\r\\n\\t\\t<\\\/div>\\r\\n\\t\\t<div class=\\\"text\\\">\\r\\n\\t\\t\\t<p>FILE: D:\\\\wamp\\\\www\\\\wscloud\\\\api\\\\ThinkPHP\\\\Library\\\\Think\\\\Db\\\\Driver.class.php &#12288;LINE: 169<\\\/p>\\r\\n\\t\\t<\\\/div>\\r\\n\\t<\\\/div>\\r\\n\\t<div class=\\\"info\\\">\\r\\n\\t\\t<div class=\\\"title\\\">\\r\\n\\t\\t\\t<h3>TRACE<\\\/h3>\\r\\n\\t\\t<\\\/div>\\r\\n\\t\\t<div class=\\\"text\\\">\\r\\n\\t\\t\\t<p>#0 D:\\\\wamp\\\\www\\\\wscloud\\\\api\\\\ThinkPHP\\\\Library\\\\Think\\\\Db\\\\Driver.class.php(169): PDOStatement->execute()<br \\\/>\\n#1 D:\\\\wamp\\\\www\\\\wscloud\\\\api\\\\ThinkPHP\\\\Library\\\\Think\\\\Db\\\\Driver\\\\Mysql.class.php(56): Think\\\\Db\\\\Driver->query('SHOW COLUMNS FR...')<br \\\/>\\n#2 D:\\\\wamp\\\\www\\\\wscloud\\\\api\\\\ThinkPHP\\\\Library\\\\Think\\\\Model.class.php(134): Think\\\\Db\\\\Driver\\\\Mysql->getFields('device_setting')<br \\\/>\\n#3 D:\\\\wamp\\\\www\\\\wscloud\\\\api\\\\ThinkPHP\\\\Library\\\\Think\\\\Model.class.php(122): Think\\\\Model->flush()<br \\\/>\\n#4 D:\\\\wamp\\\\www\\\\wscloud\\\\api\\\\ThinkPHP\\\\Library\\\\Think\\\\Model.class.php(1439): Think\\\\Model->_checkTableInfo()<br \\\/>\\n#5 D:\\\\wamp\\\\www\\\\wscloud\\\\api\\\\ThinkPHP\\\\Library\\\\Think\\\\Model.class.php(97): Think\\\\Model->db(0, 'DB_CONFIG1', true)<br \\\/>\\n#6 D:\\\\wamp\\\\www\\\\wscloud\\\\api\\\\ThinkPHP\\\\Common\\\\functions.php(588): Think\\\\Model->__construct('DeviceSetting')<br \\\/>\\n#7 D:\\\\wamp\\\\www\\\\wscloud\\\\api\\\\Application\\\\Home\\\\Controller\\\\DeviceController.class.php(335): D('DeviceSetting')<br \\\/>\\n#8 [internal function]: Home\\\\Controller\\\\DeviceController->ajaxAddDeviceSetting('2517844598')<br \\\/>\\n#9 D:\\\\wamp\\\\www\\\\wscloud\\\\api\\\\ThinkPHP\\\\Library\\\\Think\\\\App.class.php(162): ReflectionMethod->invokeArgs(Object(Home\\\\Controller\\\\DeviceController), Array)<br \\\/>\\n#10 D:\\\\wamp\\\\www\\\\wscloud\\\\api\\\\ThinkPHP\\\\Library\\\\Think\\\\App.class.php(202): Think\\\\App::exec()<br \\\/>\\n#11 D:\\\\wamp\\\\www\\\\wscloud\\\\api\\\\ThinkPHP\\\\Library\\\\Think\\\\Think.class.php(120): Think\\\\App::run()<br \\\/>\\n#12 D:\\\\wamp\\\\www\\\\wscloud\\\\api\\\\ThinkPHP\\\\ThinkPHP.php(99): Think\\\\Think::start()<br \\\/>\\n#13 D:\\\\wamp\\\\www\\\\wscloud\\\\api\\\\index.php(26): require('D:\\\\\\\\wamp\\\\\\\\www\\\\\\\\wsc...')<br \\\/>\\n#14 {main}<\\\/p>\\r\\n\\t\\t<\\\/div>\\r\\n\\t<\\\/div>\\r\\n<\\\/div>\\r\\n<\\\/div>\\r\\n<div class=\\\"copyright\\\">\\r\\n<p><a title=\\\"\\u5b98\\u65b9\\u7f51\\u7ad9\\\" href=\\\"http:\\\/\\\/www.thinkphp.cn\\\">ThinkPHP<\\\/a><sup>3.2.3<\\\/sup> { Fast & Simple OOP PHP Framework } -- [ WE CAN DO IT JUST THINK ]<\\\/p>\\r\\n<\\\/div>\\r\\n<\\\/body>\\r\\n<\\\/html>\\r\\n\",\"response_errorMessage\":null}","topic":""}
[2018-12-28 11:14:28,633] [9880] RunTime: 0.0000 s
 - INFO 
 - RestClient.doPost(D:\wamp\www\wscloud\backoffice\ThinkPHP\Library\Vendor\ApiGateway\RestClient.php:83)
 - {"message":"rest client","data":"{\"request_host\":\"http:\\\/\\\/localhost:133\\\/Home\",\"request_path\":\"\\\/Device\\\/ajaxAddDeviceSetting\\\/token\\\/bcc5d4e088655330af9f306790626cbd\",\"request_method\":\"POST\",\"request_bodys\":{\"\":\"{\\\"company_id\\\":\\\"1447247968\\\",\\\"data\\\":{\\\"10\\\":\\\"0\\\",\\\"20\\\":\\\"0\\\",\\\"30\\\":\\\"0\\\",\\\"40\\\":\\\"0\\\",\\\"50\\\":\\\"0\\\",\\\"70\\\":\\\"1\\\",\\\"100\\\":\\\"1\\\",\\\"110\\\":\\\"1\\\",\\\"120\\\":\\\"1\\\",\\\"130\\\":\\\"1\\\",\\\"140\\\":\\\"1\\\",\\\"150\\\":\\\"1\\\",\\\"160\\\":\\\"1\\\"}}\"},\"response_code\":200,\"response_body\":\"{\\\"code\\\":1,\\\"data\\\":\\\"12331\\\"}\",\"response_errorMessage\":null}","topic":""}
[2018-12-28 11:14:37,021] [9880] RunTime: 0.0000 s
 - INFO 
 - RestClient.doGet(D:\wamp\www\wscloud\backoffice\ThinkPHP\Library\Vendor\ApiGateway\RestClient.php:49)
 - {"message":"rest client","data":"{\"request_host\":\"http:\\\/\\\/localhost:133\\\/Home\",\"request_path\":\"\\\/Device\\\/getCompanyDeviceSetting\\\/company_id\\\/1447247968\\\/token\\\/bcc5d4e088655330af9f306790626cbd\",\"request_method\":\"GET\",\"request_bodys\":[],\"response_code\":404,\"response_body\":\"<!DOCTYPE html PUBLIC \\\"-\\\/\\\/W3C\\\/\\\/DTD XHTML 1.0 Transitional\\\/\\\/EN\\\" \\\"http:\\\/\\\/www.w3.org\\\/TR\\\/xhtml1\\\/DTD\\\/xhtml1-transitional.dtd\\\">\\r\\n<html xmlns=\\\"http:\\\/\\\/www.w3.org\\\/1999\\\/xhtml\\\"><head>\\r\\n<meta content=\\\"text\\\/html; charset=utf-8\\\" http-equiv=\\\"Content-Type\\\">\\r\\n<title>\\u7cfb\\u7edf\\u53d1\\u751f\\u9519\\u8bef<\\\/title>\\r\\n<style type=\\\"text\\\/css\\\">\\r\\n*{ padding: 0; margin: 0; }\\r\\nhtml{ overflow-y: scroll; }\\r\\nbody{ background: #fff; font-family: '\\u5fae\\u8f6f\\u96c5\\u9ed1'; color: #333; font-size: 16px; }\\r\\nimg{ border: 0; }\\r\\n.error{ padding: 24px 48px; }\\r\\n.face{ font-size: 100px; font-weight: normal; line-height: 120px; margin-bottom: 12px; }\\r\\nh1{ font-size: 32px; line-height: 48px; }\\r\\n.error .content{ padding-top: 10px}\\r\\n.error .info{ margin-bottom: 12px; }\\r\\n.error .info .title{ margin-bottom: 3px; }\\r\\n.error .info .title h3{ color: #000; font-weight: 700; font-size: 16px; }\\r\\n.error .info .text{ line-height: 24px; }\\r\\n.copyright{ padding: 12px 48px; color: #999; }\\r\\n.copyright a{ color: #000; text-decoration: none; }\\r\\n<\\\/style>\\r\\n<\\\/head>\\r\\n<body>\\r\\n<div class=\\\"error\\\">\\r\\n<p class=\\\"face\\\">:(<\\\/p>\\r\\n<h1>SQLSTATE[42S02]: Base table or view not found: 1146 Table 'wscloud.device_setting' doesn't exist<\\\/h1>\\r\\n<div class=\\\"content\\\">\\r\\n\\t<div class=\\\"info\\\">\\r\\n\\t\\t<div class=\\\"title\\\">\\r\\n\\t\\t\\t<h3>\\u9519\\u8bef\\u4f4d\\u7f6e<\\\/h3>\\r\\n\\t\\t<\\\/div>\\r\\n\\t\\t<div class=\\\"text\\\">\\r\\n\\t\\t\\t<p>FILE: D:\\\\wamp\\\\www\\\\wscloud\\\\api\\\\ThinkPHP\\\\Library\\\\Think\\\\Db\\\\Driver.class.php &#12288;LINE: 169<\\\/p>\\r\\n\\t\\t<\\\/div>\\r\\n\\t<\\\/div>\\r\\n\\t<div class=\\\"info\\\">\\r\\n\\t\\t<div class=\\\"title\\\">\\r\\n\\t\\t\\t<h3>TRACE<\\\/h3>\\r\\n\\t\\t<\\\/div>\\r\\n\\t\\t<div class=\\\"text\\\">\\r\\n\\t\\t\\t<p>#0 D:\\\\wamp\\\\www\\\\wscloud\\\\api\\\\ThinkPHP\\\\Library\\\\Think\\\\Db\\\\Driver.class.php(169): PDOStatement->execute()<br \\\/>\\n#1 D:\\\\wamp\\\\www\\\\wscloud\\\\api\\\\ThinkPHP\\\\Library\\\\Think\\\\Db\\\\Driver\\\\Mysql.class.php(56): Think\\\\Db\\\\Driver->query('SHOW COLUMNS FR...')<br \\\/>\\n#2 D:\\\\wamp\\\\www\\\\wscloud\\\\api\\\\ThinkPHP\\\\Library\\\\Think\\\\Model.class.php(134): Think\\\\Db\\\\Driver\\\\Mysql->getFields('device_setting')<br \\\/>\\n#3 D:\\\\wamp\\\\www\\\\wscloud\\\\api\\\\ThinkPHP\\\\Library\\\\Think\\\\Model.class.php(122): Think\\\\Model->flush()<br \\\/>\\n#4 D:\\\\wamp\\\\www\\\\wscloud\\\\api\\\\ThinkPHP\\\\Library\\\\Think\\\\Model.class.php(1439): Think\\\\Model->_checkTableInfo()<br \\\/>\\n#5 D:\\\\wamp\\\\www\\\\wscloud\\\\api\\\\ThinkPHP\\\\Library\\\\Think\\\\Model.class.php(97): Think\\\\Model->db(0, 'DB_CONFIG1', true)<br \\\/>\\n#6 D:\\\\wamp\\\\www\\\\wscloud\\\\api\\\\ThinkPHP\\\\Common\\\\functions.php(588): Think\\\\Model->__construct('DeviceSetting')<br \\\/>\\n#7 D:\\\\wamp\\\\www\\\\wscloud\\\\api\\\\Application\\\\Home\\\\Controller\\\\DeviceController.class.php(397): D('DeviceSetting')<br \\\/>\\n#8 [internal function]: Home\\\\Controller\\\\DeviceController->getCompanyDeviceSetting('1447247968')<br \\\/>\\n#9 D:\\\\wamp\\\\www\\\\wscloud\\\\api\\\\ThinkPHP\\\\Library\\\\Think\\\\App.class.php(162): ReflectionMethod->invokeArgs(Object(Home\\\\Controller\\\\DeviceController), Array)<br \\\/>\\n#10 D:\\\\wamp\\\\www\\\\wscloud\\\\api\\\\ThinkPHP\\\\Library\\\\Think\\\\App.class.php(202): Think\\\\App::exec()<br \\\/>\\n#11 D:\\\\wamp\\\\www\\\\wscloud\\\\api\\\\ThinkPHP\\\\Library\\\\Think\\\\Think.class.php(120): Think\\\\App::run()<br \\\/>\\n#12 D:\\\\wamp\\\\www\\\\wscloud\\\\api\\\\ThinkPHP\\\\ThinkPHP.php(99): Think\\\\Think::start()<br \\\/>\\n#13 D:\\\\wamp\\\\www\\\\wscloud\\\\api\\\\index.php(26): require('D:\\\\\\\\wamp\\\\\\\\www\\\\\\\\wsc...')<br \\\/>\\n#14 {main}<\\\/p>\\r\\n\\t\\t<\\\/div>\\r\\n\\t<\\\/div>\\r\\n<\\\/div>\\r\\n<\\\/div>\\r\\n<div class=\\\"copyright\\\">\\r\\n<p><a title=\\\"\\u5b98\\u65b9\\u7f51\\u7ad9\\\" href=\\\"http:\\\/\\\/www.thinkphp.cn\\\">ThinkPHP<\\\/a><sup>3.2.3<\\\/sup> { Fast & Simple OOP PHP Framework } -- [ WE CAN DO IT JUST THINK ]<\\\/p>\\r\\n<\\\/div>\\r\\n<\\\/body>\\r\\n<\\\/html>\\r\\n\",\"response_errorMessage\":null}","topic":""}
[2018-12-28 11:14:37,124] [9880] RunTime: 0.1030 s
 - INFO 
 - RestClient.doGet(D:\wamp\www\wscloud\backoffice\ThinkPHP\Library\Vendor\ApiGateway\RestClient.php:49)
 - {"message":"rest client","data":"{\"request_host\":\"http:\\\/\\\/localhost:133\\\/Home\",\"request_path\":\"\\\/System\\\/getSystemSetting\\\/companyId\\\/1447247968\\\/type\\\/20\\\/token\\\/bcc5d4e088655330af9f306790626cbd\",\"request_method\":\"GET\",\"request_bodys\":[],\"response_code\":200,\"response_body\":\"{\\\"code\\\":1,\\\"msg\\\":\\\"\\\\u67e5\\\\u8be2\\\\u6210\\\\u529f\\\",\\\"status_code\\\":4025,\\\"data\\\":{\\\"value\\\":\\\"1\\\"}}\",\"response_errorMessage\":null}","topic":""}
[2018-12-28 11:14:37,218] [9880] RunTime: 0.1969 s
 - INFO 
 - RestClient.doGet(D:\wamp\www\wscloud\backoffice\ThinkPHP\Library\Vendor\ApiGateway\RestClient.php:49)
 - {"message":"rest client","data":"{\"request_host\":\"http:\\\/\\\/localhost:133\\\/Home\",\"request_path\":\"\\\/Admin\\\/getAdminMsgCount\\\/status\\\/10\\\/token\\\/bcc5d4e088655330af9f306790626cbd\",\"request_method\":\"GET\",\"request_bodys\":[],\"response_code\":200,\"response_body\":\"{\\\"code\\\":1,\\\"msg\\\":\\\"\\\\u67e5\\\\u8be2\\\\u6210\\\\u529f\\\",\\\"status_code\\\":4025,\\\"data\\\":\\\"0\\\"}\",\"response_errorMessage\":null}","topic":""}
[2018-12-28 11:14:51,448] [9880] RunTime: 0.0000 s
 - INFO 
 - RestClient.doPost(D:\wamp\www\wscloud\backoffice\ThinkPHP\Library\Vendor\ApiGateway\RestClient.php:83)
 - {"message":"rest client","data":"{\"request_host\":\"http:\\\/\\\/localhost:133\\\/Home\",\"request_path\":\"\\\/Device\\\/ajaxAddDeviceSetting\\\/token\\\/bcc5d4e088655330af9f306790626cbd\",\"request_method\":\"POST\",\"request_bodys\":{\"\":\"{\\\"company_id\\\":\\\"1447247968\\\",\\\"data\\\":{\\\"10\\\":\\\"0\\\",\\\"20\\\":\\\"0\\\",\\\"30\\\":\\\"0\\\",\\\"40\\\":\\\"0\\\",\\\"50\\\":\\\"0\\\",\\\"70\\\":\\\"1\\\",\\\"100\\\":\\\"1\\\",\\\"110\\\":\\\"1\\\",\\\"120\\\":\\\"1\\\",\\\"130\\\":\\\"1\\\",\\\"140\\\":\\\"1\\\",\\\"150\\\":\\\"1\\\",\\\"160\\\":\\\"1\\\",\\\"170\\\":\\\"1\\\",\\\"180\\\":\\\"1\\\",\\\"190\\\":\\\"1\\\"}}\"},\"response_code\":200,\"response_body\":\"{\\\"code\\\":1,\\\"data\\\":\\\"12331\\\"}\",\"response_errorMessage\":null}","topic":""}
[2018-12-28 11:15:05,010] [9880] RunTime: 0.0000 s
 - INFO 
 - RestClient.doPost(D:\wamp\www\wscloud\backoffice\ThinkPHP\Library\Vendor\ApiGateway\RestClient.php:83)
 - {"message":"rest client","data":"{\"request_host\":\"http:\\\/\\\/localhost:133\\\/Home\",\"request_path\":\"\\\/Device\\\/ajaxAddDeviceSetting\\\/token\\\/bcc5d4e088655330af9f306790626cbd\",\"request_method\":\"POST\",\"request_bodys\":{\"\":\"{\\\"company_id\\\":\\\"1447247968\\\",\\\"data\\\":{\\\"10\\\":\\\"0\\\",\\\"20\\\":\\\"0\\\",\\\"30\\\":\\\"0\\\",\\\"40\\\":\\\"0\\\",\\\"50\\\":\\\"0\\\",\\\"70\\\":\\\"1\\\",\\\"100\\\":\\\"1\\\",\\\"110\\\":\\\"1\\\",\\\"120\\\":\\\"1\\\",\\\"130\\\":\\\"1\\\",\\\"140\\\":\\\"1\\\",\\\"150\\\":\\\"1\\\",\\\"160\\\":\\\"1\\\",\\\"170\\\":\\\"1\\\",\\\"180\\\":\\\"1\\\",\\\"190\\\":\\\"1\\\"}}\"},\"response_code\":404,\"response_body\":\"<!DOCTYPE html PUBLIC \\\"-\\\/\\\/W3C\\\/\\\/DTD XHTML 1.0 Transitional\\\/\\\/EN\\\" \\\"http:\\\/\\\/www.w3.org\\\/TR\\\/xhtml1\\\/DTD\\\/xhtml1-transitional.dtd\\\">\\r\\n<html xmlns=\\\"http:\\\/\\\/www.w3.org\\\/1999\\\/xhtml\\\"><head>\\r\\n<meta content=\\\"text\\\/html; charset=utf-8\\\" http-equiv=\\\"Content-Type\\\">\\r\\n<title>\\u7cfb\\u7edf\\u53d1\\u751f\\u9519\\u8bef<\\\/title>\\r\\n<style type=\\\"text\\\/css\\\">\\r\\n*{ padding: 0; margin: 0; }\\r\\nhtml{ overflow-y: scroll; }\\r\\nbody{ background: #fff; font-family: '\\u5fae\\u8f6f\\u96c5\\u9ed1'; color: #333; font-size: 16px; }\\r\\nimg{ border: 0; }\\r\\n.error{ padding: 24px 48px; }\\r\\n.face{ font-size: 100px; font-weight: normal; line-height: 120px; margin-bottom: 12px; }\\r\\nh1{ font-size: 32px; line-height: 48px; }\\r\\n.error .content{ padding-top: 10px}\\r\\n.error .info{ margin-bottom: 12px; }\\r\\n.error .info .title{ margin-bottom: 3px; }\\r\\n.error .info .title h3{ color: #000; font-weight: 700; font-size: 16px; }\\r\\n.error .info .text{ line-height: 24px; }\\r\\n.copyright{ padding: 12px 48px; color: #999; }\\r\\n.copyright a{ color: #000; text-decoration: none; }\\r\\n<\\\/style>\\r\\n<\\\/head>\\r\\n<body>\\r\\n<div class=\\\"error\\\">\\r\\n<p class=\\\"face\\\">:(<\\\/p>\\r\\n<h1>SQLSTATE[42S02]: Base table or view not found: 1146 Table 'wscloud.device_setting' doesn't exist<\\\/h1>\\r\\n<div class=\\\"content\\\">\\r\\n\\t<div class=\\\"info\\\">\\r\\n\\t\\t<div class=\\\"title\\\">\\r\\n\\t\\t\\t<h3>\\u9519\\u8bef\\u4f4d\\u7f6e<\\\/h3>\\r\\n\\t\\t<\\\/div>\\r\\n\\t\\t<div class=\\\"text\\\">\\r\\n\\t\\t\\t<p>FILE: D:\\\\wamp\\\\www\\\\wscloud\\\\api\\\\ThinkPHP\\\\Library\\\\Think\\\\Db\\\\Driver.class.php &#12288;LINE: 169<\\\/p>\\r\\n\\t\\t<\\\/div>\\r\\n\\t<\\\/div>\\r\\n\\t<div class=\\\"info\\\">\\r\\n\\t\\t<div class=\\\"title\\\">\\r\\n\\t\\t\\t<h3>TRACE<\\\/h3>\\r\\n\\t\\t<\\\/div>\\r\\n\\t\\t<div class=\\\"text\\\">\\r\\n\\t\\t\\t<p>#0 D:\\\\wamp\\\\www\\\\wscloud\\\\api\\\\ThinkPHP\\\\Library\\\\Think\\\\Db\\\\Driver.class.php(169): PDOStatement->execute()<br \\\/>\\n#1 D:\\\\wamp\\\\www\\\\wscloud\\\\api\\\\ThinkPHP\\\\Library\\\\Think\\\\Db\\\\Driver\\\\Mysql.class.php(56): Think\\\\Db\\\\Driver->query('SHOW COLUMNS FR...')<br \\\/>\\n#2 D:\\\\wamp\\\\www\\\\wscloud\\\\api\\\\ThinkPHP\\\\Library\\\\Think\\\\Model.class.php(134): Think\\\\Db\\\\Driver\\\\Mysql->getFields('device_setting')<br \\\/>\\n#3 D:\\\\wamp\\\\www\\\\wscloud\\\\api\\\\ThinkPHP\\\\Library\\\\Think\\\\Model.class.php(122): Think\\\\Model->flush()<br \\\/>\\n#4 D:\\\\wamp\\\\www\\\\wscloud\\\\api\\\\ThinkPHP\\\\Library\\\\Think\\\\Model.class.php(1439): Think\\\\Model->_checkTableInfo()<br \\\/>\\n#5 D:\\\\wamp\\\\www\\\\wscloud\\\\api\\\\ThinkPHP\\\\Library\\\\Think\\\\Model.class.php(97): Think\\\\Model->db(0, 'DB_CONFIG1', true)<br \\\/>\\n#6 D:\\\\wamp\\\\www\\\\wscloud\\\\api\\\\ThinkPHP\\\\Common\\\\functions.php(588): Think\\\\Model->__construct('DeviceSetting')<br \\\/>\\n#7 D:\\\\wamp\\\\www\\\\wscloud\\\\api\\\\Application\\\\Home\\\\Controller\\\\DeviceController.class.php(335): D('DeviceSetting')<br \\\/>\\n#8 [internal function]: Home\\\\Controller\\\\DeviceController->ajaxAddDeviceSetting('2517844598')<br \\\/>\\n#9 D:\\\\wamp\\\\www\\\\wscloud\\\\api\\\\ThinkPHP\\\\Library\\\\Think\\\\App.class.php(162): ReflectionMethod->invokeArgs(Object(Home\\\\Controller\\\\DeviceController), Array)<br \\\/>\\n#10 D:\\\\wamp\\\\www\\\\wscloud\\\\api\\\\ThinkPHP\\\\Library\\\\Think\\\\App.class.php(202): Think\\\\App::exec()<br \\\/>\\n#11 D:\\\\wamp\\\\www\\\\wscloud\\\\api\\\\ThinkPHP\\\\Library\\\\Think\\\\Think.class.php(120): Think\\\\App::run()<br \\\/>\\n#12 D:\\\\wamp\\\\www\\\\wscloud\\\\api\\\\ThinkPHP\\\\ThinkPHP.php(99): Think\\\\Think::start()<br \\\/>\\n#13 D:\\\\wamp\\\\www\\\\wscloud\\\\api\\\\index.php(26): require('D:\\\\\\\\wamp\\\\\\\\www\\\\\\\\wsc...')<br \\\/>\\n#14 {main}<\\\/p>\\r\\n\\t\\t<\\\/div>\\r\\n\\t<\\\/div>\\r\\n<\\\/div>\\r\\n<\\\/div>\\r\\n<div class=\\\"copyright\\\">\\r\\n<p><a title=\\\"\\u5b98\\u65b9\\u7f51\\u7ad9\\\" href=\\\"http:\\\/\\\/www.thinkphp.cn\\\">ThinkPHP<\\\/a><sup>3.2.3<\\\/sup> { Fast & Simple OOP PHP Framework } -- [ WE CAN DO IT JUST THINK ]<\\\/p>\\r\\n<\\\/div>\\r\\n<\\\/body>\\r\\n<\\\/html>\\r\\n\",\"response_errorMessage\":null}","topic":""}
[2018-12-28 11:15:33,100] [9880] RunTime: 0.0000 s
 - INFO 
 - RestClient.doPost(D:\wamp\www\wscloud\backoffice\ThinkPHP\Library\Vendor\ApiGateway\RestClient.php:83)
 - {"message":"rest client","data":"{\"request_host\":\"http:\\\/\\\/localhost:133\\\/Home\",\"request_path\":\"\\\/Device\\\/ajaxAddDeviceSetting\\\/token\\\/bcc5d4e088655330af9f306790626cbd\",\"request_method\":\"POST\",\"request_bodys\":{\"\":\"{\\\"company_id\\\":\\\"1447247968\\\",\\\"data\\\":{\\\"10\\\":\\\"0\\\",\\\"20\\\":\\\"0\\\",\\\"30\\\":\\\"0\\\",\\\"40\\\":\\\"0\\\",\\\"50\\\":\\\"0\\\",\\\"70\\\":\\\"1\\\",\\\"100\\\":\\\"1\\\",\\\"110\\\":\\\"1\\\",\\\"120\\\":\\\"1\\\",\\\"130\\\":\\\"1\\\",\\\"140\\\":\\\"1\\\",\\\"150\\\":\\\"1\\\",\\\"160\\\":\\\"1\\\",\\\"170\\\":\\\"1\\\",\\\"180\\\":\\\"1\\\",\\\"190\\\":\\\"1\\\"}}\"},\"response_code\":200,\"response_body\":\"{\\\"code\\\":1,\\\"data\\\":\\\"1213\\\"}\",\"response_errorMessage\":null}","topic":""}
[2018-12-28 11:16:55,479] [9880] RunTime: 0.0000 s
 - INFO 
 - RestClient.doPost(D:\wamp\www\wscloud\backoffice\ThinkPHP\Library\Vendor\ApiGateway\RestClient.php:83)
 - {"message":"rest client","data":"{\"request_host\":\"http:\\\/\\\/localhost:133\\\/Home\",\"request_path\":\"\\\/Device\\\/ajaxAddDeviceSetting\\\/token\\\/bcc5d4e088655330af9f306790626cbd\",\"request_method\":\"POST\",\"request_bodys\":{\"\":\"{\\\"company_id\\\":\\\"1447247968\\\",\\\"data\\\":{\\\"10\\\":\\\"0\\\",\\\"20\\\":\\\"0\\\",\\\"30\\\":\\\"0\\\",\\\"40\\\":\\\"0\\\",\\\"50\\\":\\\"0\\\",\\\"70\\\":\\\"1\\\",\\\"100\\\":\\\"1\\\",\\\"110\\\":\\\"1\\\",\\\"120\\\":\\\"1\\\",\\\"130\\\":\\\"1\\\",\\\"140\\\":\\\"1\\\",\\\"150\\\":\\\"1\\\",\\\"160\\\":\\\"1\\\",\\\"170\\\":\\\"1\\\",\\\"180\\\":\\\"1\\\",\\\"190\\\":\\\"1\\\"}}\"},\"response_code\":200,\"response_body\":\"{\\\"code\\\":1,\\\"data\\\":{\\\"company_id\\\":\\\"1447247968\\\",\\\"data\\\":{\\\"10\\\":\\\"0\\\",\\\"20\\\":\\\"0\\\",\\\"30\\\":\\\"0\\\",\\\"40\\\":\\\"0\\\",\\\"50\\\":\\\"0\\\",\\\"70\\\":\\\"1\\\",\\\"100\\\":\\\"1\\\",\\\"110\\\":\\\"1\\\",\\\"120\\\":\\\"1\\\",\\\"130\\\":\\\"1\\\",\\\"140\\\":\\\"1\\\",\\\"150\\\":\\\"1\\\",\\\"160\\\":\\\"1\\\",\\\"170\\\":\\\"1\\\",\\\"180\\\":\\\"1\\\",\\\"190\\\":\\\"1\\\"}}}\",\"response_errorMessage\":null}","topic":""}
[2018-12-28 11:17:15,336] [9880] RunTime: 0.0000 s
 - INFO 
 - RestClient.doPost(D:\wamp\www\wscloud\backoffice\ThinkPHP\Library\Vendor\ApiGateway\RestClient.php:83)
 - {"message":"rest client","data":"{\"request_host\":\"http:\\\/\\\/localhost:133\\\/Home\",\"request_path\":\"\\\/Device\\\/ajaxAddDeviceSetting\\\/token\\\/bcc5d4e088655330af9f306790626cbd\",\"request_method\":\"POST\",\"request_bodys\":{\"\":\"{\\\"company_id\\\":\\\"1447247968\\\",\\\"data\\\":{\\\"10\\\":\\\"0\\\",\\\"20\\\":\\\"0\\\",\\\"30\\\":\\\"0\\\",\\\"40\\\":\\\"0\\\",\\\"50\\\":\\\"0\\\",\\\"70\\\":\\\"1\\\",\\\"100\\\":\\\"1\\\",\\\"110\\\":\\\"1\\\",\\\"120\\\":\\\"1\\\",\\\"130\\\":\\\"1\\\",\\\"140\\\":\\\"1\\\",\\\"150\\\":\\\"1\\\",\\\"160\\\":\\\"1\\\",\\\"170\\\":\\\"1\\\",\\\"180\\\":\\\"1\\\",\\\"190\\\":\\\"1\\\"}}\"},\"response_code\":200,\"response_body\":\"{\\\"code\\\":1,\\\"data\\\":{\\\"company_id\\\":\\\"1447247968\\\",\\\"data\\\":{\\\"10\\\":\\\"0\\\",\\\"20\\\":\\\"0\\\",\\\"30\\\":\\\"0\\\",\\\"40\\\":\\\"0\\\",\\\"50\\\":\\\"0\\\",\\\"70\\\":\\\"1\\\",\\\"100\\\":\\\"1\\\",\\\"110\\\":\\\"1\\\",\\\"120\\\":\\\"1\\\",\\\"130\\\":\\\"1\\\",\\\"140\\\":\\\"1\\\",\\\"150\\\":\\\"1\\\",\\\"160\\\":\\\"1\\\",\\\"170\\\":\\\"1\\\",\\\"180\\\":\\\"1\\\",\\\"190\\\":\\\"1\\\"}}}\",\"response_errorMessage\":null}","topic":""}
[2018-12-28 11:17:50,670] [9880] RunTime: 0.0000 s
 - INFO 
 - RestClient.doPost(D:\wamp\www\wscloud\backoffice\ThinkPHP\Library\Vendor\ApiGateway\RestClient.php:83)
 - {"message":"rest client","data":"{\"request_host\":\"http:\\\/\\\/localhost:133\\\/Home\",\"request_path\":\"\\\/Device\\\/ajaxAddDeviceSetting\\\/token\\\/bcc5d4e088655330af9f306790626cbd\",\"request_method\":\"POST\",\"request_bodys\":{\"\":\"{\\\"company_id\\\":\\\"1447247968\\\",\\\"data\\\":{\\\"10\\\":\\\"0\\\",\\\"20\\\":\\\"0\\\",\\\"30\\\":\\\"0\\\",\\\"40\\\":\\\"0\\\",\\\"50\\\":\\\"0\\\",\\\"70\\\":\\\"1\\\",\\\"100\\\":\\\"1\\\",\\\"110\\\":\\\"1\\\",\\\"120\\\":\\\"1\\\",\\\"130\\\":\\\"1\\\",\\\"140\\\":\\\"1\\\",\\\"150\\\":\\\"1\\\",\\\"160\\\":\\\"1\\\",\\\"170\\\":\\\"1\\\",\\\"180\\\":\\\"1\\\",\\\"190\\\":\\\"1\\\"}}\"},\"response_code\":200,\"response_body\":\"{\\\"code\\\":1,\\\"data\\\":\\\"123123\\\"}\",\"response_errorMessage\":null}","topic":""}
[2018-12-28 11:17:53,789] [9880] RunTime: 0.0000 s
 - INFO 
 - RestClient.doGet(D:\wamp\www\wscloud\backoffice\ThinkPHP\Library\Vendor\ApiGateway\RestClient.php:49)
 - {"message":"rest client","data":"{\"request_host\":\"http:\\\/\\\/localhost:133\\\/Home\",\"request_path\":\"\\\/Device\\\/getCompanyDeviceSetting\\\/company_id\\\/1447247968\\\/token\\\/bcc5d4e088655330af9f306790626cbd\",\"request_method\":\"GET\",\"request_bodys\":[],\"response_code\":200,\"response_body\":\"{\\\"code\\\":0,\\\"msg\\\":\\\"\\\\u67e5\\\\u8be2\\\\u6570\\\\u636e\\\\u4e3a\\\\u7a7a\\\",\\\"status_code\\\":1001}\",\"response_errorMessage\":null}","topic":""}
[2018-12-28 11:17:53,897] [9880] RunTime: 0.1078 s
 - INFO 
 - RestClient.doGet(D:\wamp\www\wscloud\backoffice\ThinkPHP\Library\Vendor\ApiGateway\RestClient.php:49)
 - {"message":"rest client","data":"{\"request_host\":\"http:\\\/\\\/localhost:133\\\/Home\",\"request_path\":\"\\\/System\\\/getSystemSetting\\\/companyId\\\/1447247968\\\/type\\\/20\\\/token\\\/bcc5d4e088655330af9f306790626cbd\",\"request_method\":\"GET\",\"request_bodys\":[],\"response_code\":200,\"response_body\":\"{\\\"code\\\":1,\\\"msg\\\":\\\"\\\\u67e5\\\\u8be2\\\\u6210\\\\u529f\\\",\\\"status_code\\\":4025,\\\"data\\\":{\\\"value\\\":\\\"1\\\"}}\",\"response_errorMessage\":null}","topic":""}
[2018-12-28 11:17:54,528] [9880] RunTime: 0.7389 s
 - INFO 
 - RestClient.doGet(D:\wamp\www\wscloud\backoffice\ThinkPHP\Library\Vendor\ApiGateway\RestClient.php:49)
 - {"message":"rest client","data":"{\"request_host\":\"http:\\\/\\\/localhost:133\\\/Home\",\"request_path\":\"\\\/Admin\\\/getAdminMsgCount\\\/status\\\/10\\\/token\\\/bcc5d4e088655330af9f306790626cbd\",\"request_method\":\"GET\",\"request_bodys\":[],\"response_code\":200,\"response_body\":\"{\\\"code\\\":1,\\\"msg\\\":\\\"\\\\u67e5\\\\u8be2\\\\u6210\\\\u529f\\\",\\\"status_code\\\":4025,\\\"data\\\":\\\"0\\\"}\",\"response_errorMessage\":null}","topic":""}
[2018-12-28 11:18:15,272] [9880] RunTime: 0.0000 s
 - INFO 
 - RestClient.doPost(D:\wamp\www\wscloud\backoffice\ThinkPHP\Library\Vendor\ApiGateway\RestClient.php:83)
 - {"message":"rest client","data":"{\"request_host\":\"http:\\\/\\\/localhost:133\\\/Home\",\"request_path\":\"\\\/Device\\\/ajaxAddDeviceSetting\\\/token\\\/bcc5d4e088655330af9f306790626cbd\",\"request_method\":\"POST\",\"request_bodys\":{\"\":\"{\\\"company_id\\\":\\\"1447247968\\\",\\\"data\\\":{\\\"10\\\":\\\"0\\\",\\\"20\\\":\\\"0\\\",\\\"30\\\":\\\"0\\\",\\\"40\\\":\\\"0\\\",\\\"50\\\":\\\"0\\\",\\\"70\\\":\\\"1\\\",\\\"100\\\":\\\"1\\\",\\\"110\\\":\\\"1\\\",\\\"120\\\":\\\"1\\\",\\\"130\\\":\\\"1\\\",\\\"140\\\":\\\"1\\\",\\\"150\\\":\\\"1\\\",\\\"160\\\":\\\"1\\\",\\\"170\\\":\\\"1\\\",\\\"180\\\":\\\"1\\\",\\\"190\\\":\\\"1\\\"}}\"},\"response_code\":200,\"response_body\":\"{\\\"code\\\":1,\\\"data\\\":\\\"123123\\\"}\",\"response_errorMessage\":null}","topic":""}
[2018-12-28 11:18:35,078] [9880] RunTime: 0.0000 s
 - INFO 
 - RestClient.doPost(D:\wamp\www\wscloud\backoffice\ThinkPHP\Library\Vendor\ApiGateway\RestClient.php:83)
 - {"message":"rest client","data":"{\"request_host\":\"http:\\\/\\\/localhost:133\\\/Home\",\"request_path\":\"\\\/Device\\\/ajaxAddDeviceSetting\\\/token\\\/bcc5d4e088655330af9f306790626cbd\",\"request_method\":\"POST\",\"request_bodys\":{\"\":\"{\\\"company_id\\\":\\\"1447247968\\\",\\\"data\\\":{\\\"10\\\":\\\"0\\\",\\\"20\\\":\\\"0\\\",\\\"30\\\":\\\"0\\\",\\\"40\\\":\\\"0\\\",\\\"50\\\":\\\"0\\\",\\\"70\\\":\\\"1\\\",\\\"100\\\":\\\"1\\\",\\\"110\\\":\\\"1\\\",\\\"120\\\":\\\"1\\\",\\\"130\\\":\\\"1\\\",\\\"140\\\":\\\"1\\\",\\\"150\\\":\\\"1\\\",\\\"160\\\":\\\"1\\\",\\\"170\\\":\\\"1\\\",\\\"180\\\":\\\"1\\\",\\\"190\\\":\\\"1\\\"}}\"},\"response_code\":200,\"response_body\":\"{\\\"code\\\":1,\\\"data\\\":\\\"123123\\\"}\",\"response_errorMessage\":null}","topic":""}
[2018-12-28 11:20:07,927] [9880] RunTime: 0.0000 s
 - INFO 
 - RestClient.doPost(D:\wamp\www\wscloud\backoffice\ThinkPHP\Library\Vendor\ApiGateway\RestClient.php:83)
 - {"message":"rest client","data":"{\"request_host\":\"http:\\\/\\\/localhost:133\\\/Home\",\"request_path\":\"\\\/Device\\\/ajaxAddDeviceSetting\\\/token\\\/bcc5d4e088655330af9f306790626cbd\",\"request_method\":\"POST\",\"request_bodys\":{\"\":\"{\\\"company_id\\\":\\\"1447247968\\\",\\\"data\\\":{\\\"10\\\":\\\"0\\\",\\\"20\\\":\\\"0\\\",\\\"30\\\":\\\"0\\\",\\\"40\\\":\\\"0\\\",\\\"50\\\":\\\"0\\\",\\\"70\\\":\\\"1\\\",\\\"100\\\":\\\"1\\\",\\\"110\\\":\\\"1\\\",\\\"120\\\":\\\"1\\\",\\\"130\\\":\\\"1\\\",\\\"140\\\":\\\"1\\\",\\\"150\\\":\\\"1\\\",\\\"160\\\":\\\"1\\\",\\\"170\\\":\\\"1\\\",\\\"180\\\":\\\"1\\\",\\\"190\\\":\\\"1\\\"}}\"},\"response_code\":200,\"response_body\":\"{\\\"code\\\":1,\\\"data\\\":\\\"123123\\\"}\",\"response_errorMessage\":null}","topic":""}
[2018-12-28 11:20:38,304] [9880] RunTime: 0.0000 s
 - INFO 
 - RestClient.doPost(D:\wamp\www\wscloud\backoffice\ThinkPHP\Library\Vendor\ApiGateway\RestClient.php:83)
 - {"message":"rest client","data":"{\"request_host\":\"http:\\\/\\\/localhost:133\\\/Home\",\"request_path\":\"\\\/Device\\\/ajaxAddDeviceSetting\\\/token\\\/bcc5d4e088655330af9f306790626cbd\",\"request_method\":\"POST\",\"request_bodys\":{\"\":\"{\\\"company_id\\\":\\\"1447247968\\\",\\\"data\\\":{\\\"10\\\":\\\"0\\\",\\\"20\\\":\\\"0\\\",\\\"30\\\":\\\"0\\\",\\\"40\\\":\\\"0\\\",\\\"50\\\":\\\"0\\\",\\\"70\\\":\\\"1\\\",\\\"100\\\":\\\"1\\\",\\\"110\\\":\\\"1\\\",\\\"120\\\":\\\"1\\\",\\\"130\\\":\\\"1\\\",\\\"140\\\":\\\"1\\\",\\\"150\\\":\\\"1\\\",\\\"160\\\":\\\"1\\\",\\\"170\\\":\\\"1\\\",\\\"180\\\":\\\"1\\\",\\\"190\\\":\\\"1\\\"}}\"},\"response_code\":200,\"response_body\":\"{\\\"code\\\":0,\\\"data\\\":\\\"123123\\\"}\",\"response_errorMessage\":null}","topic":""}
[2018-12-28 11:21:01,573] [9880] RunTime: 0.0000 s
 - INFO 
 - RestClient.doPost(D:\wamp\www\wscloud\backoffice\ThinkPHP\Library\Vendor\ApiGateway\RestClient.php:83)
 - {"message":"rest client","data":"{\"request_host\":\"http:\\\/\\\/localhost:133\\\/Home\",\"request_path\":\"\\\/Device\\\/ajaxAddDeviceSetting\\\/token\\\/bcc5d4e088655330af9f306790626cbd\",\"request_method\":\"POST\",\"request_bodys\":{\"\":\"{\\\"company_id\\\":\\\"1447247968\\\",\\\"data\\\":{\\\"10\\\":\\\"0\\\",\\\"20\\\":\\\"0\\\",\\\"30\\\":\\\"0\\\",\\\"40\\\":\\\"0\\\",\\\"50\\\":\\\"0\\\",\\\"70\\\":\\\"1\\\",\\\"100\\\":\\\"1\\\",\\\"110\\\":\\\"1\\\",\\\"120\\\":\\\"1\\\",\\\"130\\\":\\\"1\\\",\\\"140\\\":\\\"1\\\",\\\"150\\\":\\\"1\\\",\\\"160\\\":\\\"1\\\",\\\"170\\\":\\\"1\\\",\\\"180\\\":\\\"1\\\",\\\"190\\\":\\\"1\\\"}}\"},\"response_code\":200,\"response_body\":\"{\\\"code\\\":0,\\\"msg\\\":\\\"\\\\u8bbe\\\\u7f6e\\\\u5931\\\\u8d25\\\",\\\"status_code\\\":4022}\",\"response_errorMessage\":null}","topic":""}
[2018-12-28 11:37:07,934] [9880] RunTime: 0.0000 s
 - INFO 
 - RestClient.doPost(D:\wamp\www\wscloud\backoffice\ThinkPHP\Library\Vendor\ApiGateway\RestClient.php:83)
 - {"message":"rest client","data":"{\"request_host\":\"http:\\\/\\\/localhost:133\\\/Home\",\"request_path\":\"\\\/Device\\\/ajaxAddDeviceSetting\\\/token\\\/bcc5d4e088655330af9f306790626cbd\",\"request_method\":\"POST\",\"request_bodys\":{\"\":\"{\\\"company_id\\\":\\\"1447247968\\\",\\\"data\\\":{\\\"10\\\":\\\"0\\\",\\\"20\\\":\\\"0\\\",\\\"30\\\":\\\"0\\\",\\\"40\\\":\\\"0\\\",\\\"50\\\":\\\"0\\\",\\\"70\\\":\\\"1\\\",\\\"100\\\":\\\"1\\\",\\\"110\\\":\\\"1\\\",\\\"120\\\":\\\"1\\\",\\\"130\\\":\\\"1\\\",\\\"140\\\":\\\"1\\\",\\\"150\\\":\\\"1\\\",\\\"160\\\":\\\"1\\\",\\\"170\\\":\\\"1\\\",\\\"180\\\":\\\"1\\\",\\\"190\\\":\\\"1\\\"}}\"},\"response_code\":200,\"response_body\":\"{\\\"code\\\":1,\\\"msg\\\":\\\"\\\\u8bbe\\\\u7f6e\\\\u6210\\\\u529f\\\",\\\"status_code\\\":4021}\",\"response_errorMessage\":null}","topic":""}
[2018-12-28 11:38:19,378] [9880] RunTime: 0.0000 s
 - INFO 
 - RestClient.doPost(D:\wamp\www\wscloud\backoffice\ThinkPHP\Library\Vendor\ApiGateway\RestClient.php:83)
 - {"message":"rest client","data":"{\"request_host\":\"http:\\\/\\\/localhost:133\\\/Home\",\"request_path\":\"\\\/Device\\\/ajaxAddDeviceSetting\\\/token\\\/bcc5d4e088655330af9f306790626cbd\",\"request_method\":\"POST\",\"request_bodys\":{\"\":\"{\\\"company_id\\\":\\\"1447247968\\\",\\\"data\\\":{\\\"10\\\":\\\"0\\\",\\\"20\\\":\\\"0\\\",\\\"30\\\":\\\"0\\\",\\\"40\\\":\\\"0\\\",\\\"50\\\":\\\"0\\\",\\\"70\\\":\\\"1\\\",\\\"100\\\":\\\"1\\\",\\\"110\\\":\\\"1\\\",\\\"120\\\":\\\"1\\\",\\\"130\\\":\\\"1\\\",\\\"140\\\":\\\"1\\\",\\\"150\\\":\\\"1\\\",\\\"160\\\":\\\"1\\\",\\\"170\\\":\\\"1\\\",\\\"180\\\":\\\"1\\\",\\\"190\\\":\\\"1\\\"}}\"},\"response_code\":200,\"response_body\":\"{\\\"code\\\":1,\\\"msg\\\":\\\"\\\\u8bbe\\\\u7f6e\\\\u6210\\\\u529f\\\",\\\"status_code\\\":4021}\",\"response_errorMessage\":null}","topic":""}
[2018-12-28 11:54:50,491] [9880] RunTime: 0.0000 s
 - INFO 
 - RestClient.doGet(D:\wamp\www\wscloud\backoffice\ThinkPHP\Library\Vendor\ApiGateway\RestClient.php:49)
 - {"message":"rest client","data":"{\"request_host\":\"http:\\\/\\\/localhost:133\\\/Home\",\"request_path\":\"\\\/Device\\\/getCompanyDeviceSetting\\\/company_id\\\/1447247968\\\/token\\\/bcc5d4e088655330af9f306790626cbd\",\"request_method\":\"GET\",\"request_bodys\":[],\"response_code\":200,\"response_body\":\"{\\\"code\\\":1,\\\"msg\\\":\\\"\\\\u67e5\\\\u8be2\\\\u6b63\\\\u5e38\\\",\\\"status_code\\\":1000,\\\"data\\\":{\\\"180\\\":\\\"1\\\",\\\"50\\\":\\\"0\\\",\\\"130\\\":\\\"1\\\",\\\"30\\\":\\\"0\\\",\\\"40\\\":\\\"0\\\",\\\"20\\\":\\\"0\\\",\\\"160\\\":\\\"1\\\",\\\"170\\\":\\\"1\\\",\\\"10\\\":\\\"0\\\",\\\"190\\\":\\\"1\\\",\\\"100\\\":\\\"1\\\",\\\"150\\\":\\\"1\\\",\\\"110\\\":\\\"1\\\",\\\"140\\\":\\\"1\\\",\\\"120\\\":\\\"1\\\",\\\"70\\\":\\\"1\\\"}}\",\"response_errorMessage\":null}","topic":""}
[2018-12-28 11:54:55,790] [9880] RunTime: 5.2988 s
 - INFO 
 - RestClient.doGet(D:\wamp\www\wscloud\backoffice\ThinkPHP\Library\Vendor\ApiGateway\RestClient.php:49)
 - {"message":"rest client","data":"{\"request_host\":\"http:\\\/\\\/localhost:133\\\/Home\",\"request_path\":\"\\\/System\\\/getSystemSetting\\\/companyId\\\/1447247968\\\/type\\\/20\\\/token\\\/bcc5d4e088655330af9f306790626cbd\",\"request_method\":\"GET\",\"request_bodys\":[],\"response_code\":200,\"response_body\":\"{\\\"code\\\":1,\\\"msg\\\":\\\"\\\\u67e5\\\\u8be2\\\\u6210\\\\u529f\\\",\\\"status_code\\\":4025,\\\"data\\\":{\\\"value\\\":\\\"1\\\"}}\",\"response_errorMessage\":null}","topic":""}
[2018-12-28 11:55:04,968] [9880] RunTime: 14.4771 s
 - INFO 
 - RestClient.doGet(D:\wamp\www\wscloud\backoffice\ThinkPHP\Library\Vendor\ApiGateway\RestClient.php:49)
 - {"message":"rest client","data":"{\"request_host\":\"http:\\\/\\\/localhost:133\\\/Home\",\"request_path\":\"\\\/Admin\\\/getAdminMsgCount\\\/status\\\/10\\\/token\\\/bcc5d4e088655330af9f306790626cbd\",\"request_method\":\"GET\",\"request_bodys\":[],\"response_code\":200,\"response_body\":\"{\\\"code\\\":1,\\\"msg\\\":\\\"\\\\u67e5\\\\u8be2\\\\u6210\\\\u529f\\\",\\\"status_code\\\":4025,\\\"data\\\":\\\"0\\\"}\",\"response_errorMessage\":null}","topic":""}
[2018-12-28 14:54:43,267] [9880] RunTime: 0.0000 s
 - INFO 
 - RestClient.doGet(D:\wamp\www\wscloud\backoffice\ThinkPHP\Library\Vendor\ApiGateway\RestClient.php:49)
 - {"message":"rest client","data":"{\"request_host\":\"http:\\\/\\\/localhost:133\\\/Home\",\"request_path\":\"\\\/System\\\/getSystemSetting\\\/companyId\\\/1447247968\\\/type\\\/20\\\/token\\\/bcc5d4e088655330af9f306790626cbd\",\"request_method\":\"GET\",\"request_bodys\":[],\"response_code\":200,\"response_body\":\"{\\\"code\\\":0,\\\"msg\\\":\\\"token\\\\u8fc7\\\\u671f\\\",\\\"status_code\\\":2001}\",\"response_errorMessage\":null}","topic":""}
[2018-12-28 14:54:43,713] [9880] RunTime: 0.4455 s
 - INFO 
 - RestClient.doGet(D:\wamp\www\wscloud\backoffice\ThinkPHP\Library\Vendor\ApiGateway\RestClient.php:49)
 - {"message":"rest client","data":"{\"request_host\":\"http:\\\/\\\/localhost:133\\\/Home\",\"request_path\":\"\\\/Login\\\/refreshToken\\\/refreshToken\\\/bcc5d4e088655330af9f306790626cbd\\\/token\\\/bcc5d4e088655330af9f306790626cbd\\\/type\\\/10\",\"request_method\":\"GET\",\"request_bodys\":[],\"response_code\":200,\"response_body\":\"{\\\"code\\\":1,\\\"msg\\\":\\\"token\\\\u5237\\\\u65b0\\\\u6210\\\\u529f\\\",\\\"status_code\\\":2002,\\\"data\\\":{\\\"token\\\":\\\"6b9ca1c687a59b4d64a5a093789ce115\\\"}}\",\"response_errorMessage\":null}","topic":""}
[2018-12-28 14:54:44,070] [9880] RunTime: 0.8030 s
 - INFO 
 - RestClient.doGet(D:\wamp\www\wscloud\backoffice\ThinkPHP\Library\Vendor\ApiGateway\RestClient.php:49)
 - {"message":"rest client","data":"{\"request_host\":\"http:\\\/\\\/localhost:133\\\/Home\",\"request_path\":\"\\\/System\\\/getSystemSetting\\\/companyId\\\/1447247968\\\/type\\\/20\\\/token\\\/6b9ca1c687a59b4d64a5a093789ce115\",\"request_method\":\"GET\",\"request_bodys\":[],\"response_code\":200,\"response_body\":\"{\\\"code\\\":1,\\\"msg\\\":\\\"\\\\u67e5\\\\u8be2\\\\u6210\\\\u529f\\\",\\\"status_code\\\":4025,\\\"data\\\":{\\\"value\\\":\\\"1\\\"}}\",\"response_errorMessage\":null}","topic":""}
[2018-12-28 14:54:44,327] [9880] RunTime: 1.0599 s
 - INFO 
 - RestClient.doGet(D:\wamp\www\wscloud\backoffice\ThinkPHP\Library\Vendor\ApiGateway\RestClient.php:49)
 - {"message":"rest client","data":"{\"request_host\":\"http:\\\/\\\/localhost:133\\\/Home\",\"request_path\":\"\\\/Admin\\\/getAdminMsgCount\\\/status\\\/10\\\/token\\\/6b9ca1c687a59b4d64a5a093789ce115\",\"request_method\":\"GET\",\"request_bodys\":[],\"response_code\":200,\"response_body\":\"{\\\"code\\\":1,\\\"msg\\\":\\\"\\\\u67e5\\\\u8be2\\\\u6210\\\\u529f\\\",\\\"status_code\\\":4025,\\\"data\\\":\\\"0\\\"}\",\"response_errorMessage\":null}","topic":""}
[2018-12-28 14:54:45,105] [9880] RunTime: 0.0000 s
 - INFO 
 - RestClient.doGet(D:\wamp\www\wscloud\backoffice\ThinkPHP\Library\Vendor\ApiGateway\RestClient.php:49)
 - {"message":"rest client","data":"{\"request_host\":\"http:\\\/\\\/localhost:133\\\/Home\",\"request_path\":\"\\\/Device\\\/deviceLists\\\/name\\\/null\\\/serialNo\\\/null\\\/companyId\\\/1447247968\\\/pageSize\\\/10\\\/pageNo\\\/1\\\/token\\\/6b9ca1c687a59b4d64a5a093789ce115\",\"request_method\":\"GET\",\"request_bodys\":[],\"response_code\":200,\"response_body\":\"{\\\"code\\\":1,\\\"msg\\\":\\\"\\\\u67e5\\\\u8be2\\\\u6b63\\\\u5e38\\\",\\\"status_code\\\":1000,\\\"data\\\":{\\\"dataList\\\":[{\\\"id\\\":\\\"6170405839\\\",\\\"company_id\\\":\\\"1447247968\\\",\\\"serial_no\\\":\\\"11212\\\",\\\"name\\\":\\\"\\\\u4f1a\\\\u66f4\\\\u597d\\\",\\\"type\\\":\\\"10\\\",\\\"model\\\":\\\"\\\\u54c8\\\\u54c8\\\",\\\"status\\\":\\\"10\\\",\\\"create_time\\\":\\\"2018-08-01 11:26:50\\\",\\\"update_time\\\":\\\"1533094010\\\",\\\"create_user\\\":\\\"2517844598\\\",\\\"update_user\\\":\\\"2517844598\\\",\\\"del_flg\\\":\\\"0\\\",\\\"company_name\\\":\\\"\\\\u6d4b\\\\u8bd5\\\\u516c\\\\u53f8\\\",\\\"status_str\\\":\\\"\\\\u6b63\\\\u5e38\\\",\\\"type_str\\\":\\\"\\\\u5fae\\\\u89c6\\\\u6444\\\\u50cf\\\\u5934\\\",\\\"active_str\\\":null,\\\"position_info\\\":false,\\\"device_line_status\\\":20,\\\"device_line_status_str\\\":\\\"\\\\u79bb\\\\u7ebf\\\"},{\\\"id\\\":\\\"8606702515\\\",\\\"company_id\\\":\\\"1447247968\\\",\\\"serial_no\\\":\\\"12535\\\",\\\"name\\\":\\\"\\\\u6444\\\\u50cf\\\\u59342\\\",\\\"type\\\":\\\"10\\\",\\\"model\\\":\\\"2018\\\",\\\"status\\\":\\\"10\\\",\\\"create_time\\\":\\\"2018-05-30 16:39:33\\\",\\\"update_time\\\":\\\"1527669573\\\",\\\"create_user\\\":\\\"1518614752\\\",\\\"update_user\\\":\\\"1518614752\\\",\\\"del_flg\\\":\\\"0\\\",\\\"company_name\\\":\\\"\\\\u6d4b\\\\u8bd5\\\\u516c\\\\u53f8\\\",\\\"status_str\\\":\\\"\\\\u6b63\\\\u5e38\\\",\\\"type_str\\\":\\\"\\\\u5fae\\\\u89c6\\\\u6444\\\\u50cf\\\\u5934\\\",\\\"active_str\\\":null,\\\"position_info\\\":false,\\\"device_line_status\\\":20,\\\"device_line_status_str\\\":\\\"\\\\u79bb\\\\u7ebf\\\"},{\\\"id\\\":\\\"8647758673\\\",\\\"company_id\\\":\\\"1447247968\\\",\\\"serial_no\\\":\\\"12345\\\",\\\"name\\\":\\\"\\\\u8bbe\\\\u5907\\\\u4e8c\\\",\\\"type\\\":\\\"10\\\",\\\"model\\\":\\\"x2018\\\",\\\"status\\\":\\\"10\\\",\\\"create_time\\\":\\\"2018-05-29 14:52:29\\\",\\\"update_time\\\":\\\"1527576749\\\",\\\"create_user\\\":\\\"2517844598\\\",\\\"update_user\\\":\\\"2517844598\\\",\\\"del_flg\\\":\\\"0\\\",\\\"company_name\\\":\\\"\\\\u6d4b\\\\u8bd5\\\\u516c\\\\u53f8\\\",\\\"status_str\\\":\\\"\\\\u6b63\\\\u5e38\\\",\\\"type_str\\\":\\\"\\\\u5fae\\\\u89c6\\\\u6444\\\\u50cf\\\\u5934\\\",\\\"active_str\\\":null,\\\"position_info\\\":false,\\\"device_line_status\\\":20,\\\"device_line_status_str\\\":\\\"\\\\u79bb\\\\u7ebf\\\"},{\\\"id\\\":\\\"8647758674\\\",\\\"company_id\\\":\\\"1447247968\\\",\\\"serial_no\\\":\\\"1234567\\\",\\\"name\\\":\\\"\\\\u8bbe\\\\u5907\\\\u4e09\\\",\\\"type\\\":\\\"10\\\",\\\"model\\\":\\\"x2018\\\",\\\"status\\\":\\\"10\\\",\\\"create_time\\\":\\\"2018-05-29 14:52:29\\\",\\\"update_time\\\":\\\"1527576749\\\",\\\"create_user\\\":\\\"2517844598\\\",\\\"update_user\\\":\\\"2517844598\\\",\\\"del_flg\\\":\\\"0\\\",\\\"company_name\\\":\\\"\\\\u6d4b\\\\u8bd5\\\\u516c\\\\u53f8\\\",\\\"status_str\\\":\\\"\\\\u6b63\\\\u5e38\\\",\\\"type_str\\\":\\\"\\\\u5fae\\\\u89c6\\\\u6444\\\\u50cf\\\\u5934\\\",\\\"active_str\\\":null,\\\"position_info\\\":false,\\\"device_line_status\\\":20,\\\"device_line_status_str\\\":\\\"\\\\u79bb\\\\u7ebf\\\"},{\\\"id\\\":\\\"7882128443\\\",\\\"company_id\\\":\\\"1447247968\\\",\\\"serial_no\\\":\\\"12456\\\",\\\"name\\\":\\\"\\\\u536b\\\\u89c6\\\\u5c0f\\\\u79d8\\\",\\\"type\\\":\\\"10\\\",\\\"model\\\":\\\"2018\\\",\\\"status\\\":\\\"10\\\",\\\"create_time\\\":\\\"2018-05-28 14:20:43\\\",\\\"update_time\\\":\\\"1527488443\\\",\\\"create_user\\\":\\\"2517844598\\\",\\\"update_user\\\":\\\"2517844598\\\",\\\"del_flg\\\":\\\"0\\\",\\\"company_name\\\":\\\"\\\\u6d4b\\\\u8bd5\\\\u516c\\\\u53f8\\\",\\\"status_str\\\":\\\"\\\\u6b63\\\\u5e38\\\",\\\"type_str\\\":\\\"\\\\u5fae\\\\u89c6\\\\u6444\\\\u50cf\\\\u5934\\\",\\\"active_str\\\":null,\\\"position_info\\\":false,\\\"device_line_status\\\":20,\\\"device_line_status_str\\\":\\\"\\\\u79bb\\\\u7ebf\\\"}],\\\"totalRecord\\\":\\\"5\\\"}}\",\"response_errorMessage\":null}","topic":""}
