[2019-02-19 10:59:07,383] [10788] RunTime: 0.0000 s
 - INFO 
 - RestClient.doGet(D:\wamp\www\wscloud\backoffice\ThinkPHP\Library\Vendor\ApiGateway\RestClient.php:49)
 - {"message":"rest client","data":"{\"request_host\":\"http:\\\/\\\/localhost:133\\\/Home\",\"request_path\":\"\\\/System\\\/getSystemSetting\\\/companyId\\\/\\\/type\\\/20\\\/token\\\/null\",\"request_method\":\"GET\",\"request_bodys\":[],\"response_code\":200,\"response_body\":\"{\\\"code\\\":0,\\\"msg\\\":\\\"token\\\\u8fc7\\\\u671f\\\",\\\"status_code\\\":2001}\",\"response_errorMessage\":null}","topic":""}
[2019-02-19 10:59:07,525] [10788] RunTime: 0.1422 s
 - INFO 
 - RestClient.doGet(D:\wamp\www\wscloud\backoffice\ThinkPHP\Library\Vendor\ApiGateway\RestClient.php:49)
 - {"message":"rest client","data":"{\"request_host\":\"http:\\\/\\\/localhost:133\\\/Home\",\"request_path\":\"\\\/Admin\\\/getAdminMsgCount\\\/status\\\/10\\\/token\\\/null\",\"request_method\":\"GET\",\"request_bodys\":[],\"response_code\":200,\"response_body\":\"{\\\"code\\\":0,\\\"msg\\\":\\\"token\\\\u8fc7\\\\u671f\\\",\\\"status_code\\\":2001}\",\"response_errorMessage\":null}","topic":""}
[2019-02-19 10:59:40,961] [10788] RunTime: 0.0000 s
 - INFO 
 - RestClient.doGet(D:\wamp\www\wscloud\backoffice\ThinkPHP\Library\Vendor\ApiGateway\RestClient.php:49)
 - {"message":"rest client","data":"{\"request_host\":\"http:\\\/\\\/localhost:133\\\/Home\",\"request_path\":\"\\\/login\\\/login\\\/account\\\/13161934946\\\/password\\\/123456\\\/type\\\/10\\\/token\\\/null\",\"request_method\":\"GET\",\"request_bodys\":[],\"response_code\":200,\"response_body\":\"{\\\"code\\\":1,\\\"msg\\\":\\\"\\\\u767b\\\\u5f55\\\\u6210\\\\u529f\\\",\\\"status_code\\\":3000,\\\"data\\\":{\\\"company_id\\\":\\\"1447247968\\\",\\\"name\\\":\\\"\\\\u6d4b\\\\u8bd5\\\\u516c\\\\u53f8\\\",\\\"account\\\":\\\"13161934946\\\",\\\"phone\\\":\\\"13161934946\\\",\\\"email\\\":\\\"123456789@qq.com\\\",\\\"password\\\":\\\"e10adc3949ba59abbe56e057f20f883e\\\",\\\"right\\\":\\\"1,100,110,120,200,210,220,230,300,310,320,400,410,420,430,500,510,520,600,610,620,700,710,720,730,2,1000,1010\\\",\\\"status\\\":\\\"10\\\",\\\"type\\\":\\\"20\\\",\\\"create_time\\\":\\\"1527487964\\\",\\\"create_user\\\":\\\"2517844598\\\",\\\"update_time\\\":\\\"1545965953\\\",\\\"update_user\\\":\\\"2517844598\\\",\\\"del_flg\\\":\\\"0\\\",\\\"company_name\\\":\\\"\\\\u6d4b\\\\u8bd5\\\\u516c\\\\u53f8\\\",\\\"token\\\":\\\"c7b84f108735be66363d1e0c6c764e9c\\\",\\\"refresh_token\\\":\\\"c7b84f108735be66363d1e0c6c764e9c\\\"}}\",\"response_errorMessage\":null}","topic":""}
[2019-02-19 10:59:41,440] [10788] RunTime: 0.0001 s
 - INFO 
 - RestClient.doGet(D:\wamp\www\wscloud\backoffice\ThinkPHP\Library\Vendor\ApiGateway\RestClient.php:49)
 - {"message":"rest client","data":"{\"request_host\":\"http:\\\/\\\/localhost:133\\\/Home\",\"request_path\":\"\\\/Company\\\/checkStatus\\\/companyId\\\/1447247968\\\/token\\\/c7b84f108735be66363d1e0c6c764e9c\",\"request_method\":\"GET\",\"request_bodys\":[],\"response_code\":200,\"response_body\":\"{\\\"code\\\":1,\\\"msg\\\":\\\"\\\\u67e5\\\\u8be2\\\\u6b63\\\\u5e38\\\",\\\"status_code\\\":1000,\\\"data\\\":{\\\"id\\\":\\\"1447247968\\\",\\\"name\\\":\\\"\\\\u6d4b\\\\u8bd5\\\\u516c\\\\u53f8\\\",\\\"phone\\\":\\\"13161934946\\\",\\\"email\\\":\\\"123456789@qq.com\\\",\\\"logo\\\":null,\\\"status\\\":\\\"10\\\",\\\"verify_status\\\":\\\"30\\\",\\\"create_time\\\":\\\"1527487964\\\",\\\"update_time\\\":\\\"1529992663\\\",\\\"create_user\\\":\\\"1447247968\\\",\\\"update_user\\\":\\\"1447247968\\\",\\\"del_flg\\\":\\\"0\\\",\\\"verify_status_str\\\":\\\"\\\\u5ba1\\\\u6838\\\\u901a\\\\u8fc7\\\"}}\",\"response_errorMessage\":null}","topic":""}
[2019-02-19 10:59:41,709] [10788] RunTime: 0.2684 s
 - INFO 
 - RestClient.doGet(D:\wamp\www\wscloud\backoffice\ThinkPHP\Library\Vendor\ApiGateway\RestClient.php:49)
 - {"message":"rest client","data":"{\"request_host\":\"http:\\\/\\\/localhost:133\\\/Home\",\"request_path\":\"\\\/DrivingMonitor\\\/statBehavior\\\/companyId\\\/1447247968\\\/startTime\\\/1547953181\\\/endTime\\\/1550545181\\\/token\\\/c7b84f108735be66363d1e0c6c764e9c\",\"request_method\":\"GET\",\"request_bodys\":[],\"response_code\":200,\"response_body\":\"{\\\"code\\\":1,\\\"msg\\\":\\\"\\\\u67e5\\\\u8be2\\\\u6210\\\\u529f\\\",\\\"status_code\\\":4025,\\\"data\\\":[]}\",\"response_errorMessage\":null}","topic":""}
[2019-02-19 10:59:41,935] [10788] RunTime: 0.4950 s
 - INFO 
 - RestClient.doGet(D:\wamp\www\wscloud\backoffice\ThinkPHP\Library\Vendor\ApiGateway\RestClient.php:49)
 - {"message":"rest client","data":"{\"request_host\":\"http:\\\/\\\/localhost:133\\\/Home\",\"request_path\":\"\\\/System\\\/getSystemSetting\\\/companyId\\\/1447247968\\\/type\\\/20\\\/token\\\/c7b84f108735be66363d1e0c6c764e9c\",\"request_method\":\"GET\",\"request_bodys\":[],\"response_code\":200,\"response_body\":\"{\\\"code\\\":1,\\\"msg\\\":\\\"\\\\u67e5\\\\u8be2\\\\u6210\\\\u529f\\\",\\\"status_code\\\":4025,\\\"data\\\":{\\\"value\\\":\\\"1\\\"}}\",\"response_errorMessage\":null}","topic":""}
[2019-02-19 10:59:42,114] [10788] RunTime: 0.6742 s
 - INFO 
 - RestClient.doGet(D:\wamp\www\wscloud\backoffice\ThinkPHP\Library\Vendor\ApiGateway\RestClient.php:49)
 - {"message":"rest client","data":"{\"request_host\":\"http:\\\/\\\/localhost:133\\\/Home\",\"request_path\":\"\\\/Admin\\\/getAdminMsgCount\\\/status\\\/10\\\/token\\\/c7b84f108735be66363d1e0c6c764e9c\",\"request_method\":\"GET\",\"request_bodys\":[],\"response_code\":200,\"response_body\":\"{\\\"code\\\":1,\\\"msg\\\":\\\"\\\\u67e5\\\\u8be2\\\\u6210\\\\u529f\\\",\\\"status_code\\\":4025,\\\"data\\\":\\\"0\\\"}\",\"response_errorMessage\":null}","topic":""}
[2019-02-19 10:59:43,025] [10788] RunTime: 0.0000 s
 - INFO 
 - RestClient.doGet(D:\wamp\www\wscloud\backoffice\ThinkPHP\Library\Vendor\ApiGateway\RestClient.php:49)
 - {"message":"rest client","data":"{\"request_host\":\"http:\\\/\\\/localhost:133\\\/Home\",\"request_path\":\"\\\/DrivingMonitor\\\/statByTimeGroup\\\/companyId\\\/1447247968\\\/startTime\\\/1547913600\\\/endTime\\\/1550592000\\\/token\\\/c7b84f108735be66363d1e0c6c764e9c\",\"request_method\":\"GET\",\"request_bodys\":[],\"response_code\":200,\"response_body\":\"{\\\"code\\\":1,\\\"msg\\\":\\\"\\\\u67e5\\\\u8be2\\\\u6210\\\\u529f\\\",\\\"status_code\\\":4025,\\\"data\\\":[]}\",\"response_errorMessage\":null}","topic":""}
[2019-02-19 11:00:19,648] [10788] RunTime: 0.0000 s
 - INFO 
 - RestClient.doGet(D:\wamp\www\wscloud\backoffice\ThinkPHP\Library\Vendor\ApiGateway\RestClient.php:49)
 - {"message":"rest client","data":"{\"request_host\":\"http:\\\/\\\/localhost:133\\\/Home\",\"request_path\":\"\\\/System\\\/getSystemSetting\\\/companyId\\\/1447247968\\\/type\\\/20\\\/token\\\/c7b84f108735be66363d1e0c6c764e9c\",\"request_method\":\"GET\",\"request_bodys\":[],\"response_code\":200,\"response_body\":\"{\\\"code\\\":1,\\\"msg\\\":\\\"\\\\u67e5\\\\u8be2\\\\u6210\\\\u529f\\\",\\\"status_code\\\":4025,\\\"data\\\":{\\\"value\\\":\\\"1\\\"}}\",\"response_errorMessage\":null}","topic":""}
[2019-02-19 11:00:20,114] [10788] RunTime: 0.4655 s
 - INFO 
 - RestClient.doGet(D:\wamp\www\wscloud\backoffice\ThinkPHP\Library\Vendor\ApiGateway\RestClient.php:49)
 - {"message":"rest client","data":"{\"request_host\":\"http:\\\/\\\/localhost:133\\\/Home\",\"request_path\":\"\\\/Admin\\\/getAdminMsgCount\\\/status\\\/10\\\/token\\\/c7b84f108735be66363d1e0c6c764e9c\",\"request_method\":\"GET\",\"request_bodys\":[],\"response_code\":200,\"response_body\":\"{\\\"code\\\":1,\\\"msg\\\":\\\"\\\\u67e5\\\\u8be2\\\\u6210\\\\u529f\\\",\\\"status_code\\\":4025,\\\"data\\\":\\\"0\\\"}\",\"response_errorMessage\":null}","topic":""}
[2019-02-19 11:00:20,822] [10788] RunTime: 0.0000 s
 - INFO 
 - RestClient.doGet(D:\wamp\www\wscloud\backoffice\ThinkPHP\Library\Vendor\ApiGateway\RestClient.php:49)
 - {"message":"rest client","data":"{\"request_host\":\"http:\\\/\\\/localhost:133\\\/Home\",\"request_path\":\"\\\/DrivingMonitor\\\/statByDayGroup\\\/companyId\\\/1447247968\\\/startTime\\\/1547953220\\\/endTime\\\/1550545220\\\/token\\\/c7b84f108735be66363d1e0c6c764e9c\",\"request_method\":\"GET\",\"request_bodys\":[],\"response_code\":200,\"response_body\":\"{\\\"code\\\":1,\\\"msg\\\":\\\"\\\\u67e5\\\\u8be2\\\\u6210\\\\u529f\\\",\\\"status_code\\\":4025,\\\"data\\\":{\\\"2019-01-20\\\":0,\\\"2019-01-21\\\":0,\\\"2019-01-22\\\":0,\\\"2019-01-23\\\":0,\\\"2019-01-24\\\":0,\\\"2019-01-25\\\":0,\\\"2019-01-26\\\":0,\\\"2019-01-27\\\":0,\\\"2019-01-28\\\":0,\\\"2019-01-29\\\":0,\\\"2019-01-30\\\":0,\\\"2019-01-31\\\":0,\\\"2019-02-01\\\":0,\\\"2019-02-02\\\":0,\\\"2019-02-03\\\":0,\\\"2019-02-04\\\":0,\\\"2019-02-05\\\":0,\\\"2019-02-06\\\":0,\\\"2019-02-07\\\":0,\\\"2019-02-08\\\":0,\\\"2019-02-09\\\":0,\\\"2019-02-10\\\":0,\\\"2019-02-11\\\":0,\\\"2019-02-12\\\":0,\\\"2019-02-13\\\":0,\\\"2019-02-14\\\":0,\\\"2019-02-15\\\":0,\\\"2019-02-16\\\":0,\\\"2019-02-17\\\":0,\\\"2019-02-18\\\":0,\\\"2019-02-19\\\":0}}\",\"response_errorMessage\":null}","topic":""}
[2019-02-19 11:00:21,348] [10788] RunTime: 0.0000 s
 - INFO 
 - RestClient.doGet(D:\wamp\www\wscloud\backoffice\ThinkPHP\Library\Vendor\ApiGateway\RestClient.php:49)
 - {"message":"rest client","data":"{\"request_host\":\"http:\\\/\\\/localhost:133\\\/Home\",\"request_path\":\"\\\/DrivingMonitor\\\/showTiredType\\\/startTime\\\/1547953220\\\/endTime\\\/1550545220\\\/companyId\\\/1447247968\\\/token\\\/c7b84f108735be66363d1e0c6c764e9c\",\"request_method\":\"GET\",\"request_bodys\":[],\"response_code\":200,\"response_body\":\"{\\\"code\\\":0,\\\"msg\\\":\\\"\\\\u67e5\\\\u8be2\\\\u6570\\\\u636e\\\\u4e3a\\\\u7a7a\\\",\\\"status_code\\\":1001}\",\"response_errorMessage\":null}","topic":""}
[2019-02-19 11:00:21,779] [10788] RunTime: 0.0000 s
 - INFO 
 - RestClient.doGet(D:\wamp\www\wscloud\backoffice\ThinkPHP\Library\Vendor\ApiGateway\RestClient.php:49)
 - {"message":"rest client","data":"{\"request_host\":\"http:\\\/\\\/localhost:133\\\/Home\",\"request_path\":\"\\\/DrivingMonitor\\\/statByTimeGroup\\\/companyId\\\/1447247968\\\/startTime\\\/1547913600\\\/endTime\\\/1550592000\\\/token\\\/c7b84f108735be66363d1e0c6c764e9c\",\"request_method\":\"GET\",\"request_bodys\":[],\"response_code\":200,\"response_body\":\"{\\\"code\\\":1,\\\"msg\\\":\\\"\\\\u67e5\\\\u8be2\\\\u6210\\\\u529f\\\",\\\"status_code\\\":4025,\\\"data\\\":[]}\",\"response_errorMessage\":null}","topic":""}
[2019-02-19 11:00:33,087] [10788] RunTime: 0.0000 s
 - INFO 
 - RestClient.doGet(D:\wamp\www\wscloud\backoffice\ThinkPHP\Library\Vendor\ApiGateway\RestClient.php:49)
 - {"message":"rest client","data":"{\"request_host\":\"http:\\\/\\\/localhost:133\\\/Home\",\"request_path\":\"\\\/DrivingMonitor\\\/statTiredNo\\\/companyId\\\/1447247968\\\/startTime\\\/1550505600\\\/token\\\/c7b84f108735be66363d1e0c6c764e9c\",\"request_method\":\"GET\",\"request_bodys\":[],\"response_code\":200,\"response_body\":\"{\\\"code\\\":1,\\\"msg\\\":\\\"\\\\u67e5\\\\u8be2\\\\u6210\\\\u529f\\\",\\\"status_code\\\":4025,\\\"data\\\":{\\\"x\\\":[],\\\"y\\\":[],\\\"sum\\\":\\\"0000000\\\"}}\",\"response_errorMessage\":null}","topic":""}
[2019-02-19 11:00:33,231] [10788] RunTime: 0.1435 s
 - INFO 
 - RestClient.doGet(D:\wamp\www\wscloud\backoffice\ThinkPHP\Library\Vendor\ApiGateway\RestClient.php:49)
 - {"message":"rest client","data":"{\"request_host\":\"http:\\\/\\\/localhost:133\\\/Home\",\"request_path\":\"\\\/System\\\/getSystemSetting\\\/companyId\\\/1447247968\\\/type\\\/20\\\/token\\\/c7b84f108735be66363d1e0c6c764e9c\",\"request_method\":\"GET\",\"request_bodys\":[],\"response_code\":200,\"response_body\":\"{\\\"code\\\":1,\\\"msg\\\":\\\"\\\\u67e5\\\\u8be2\\\\u6210\\\\u529f\\\",\\\"status_code\\\":4025,\\\"data\\\":{\\\"value\\\":\\\"1\\\"}}\",\"response_errorMessage\":null}","topic":""}
[2019-02-19 11:00:33,467] [10788] RunTime: 0.3797 s
 - INFO 
 - RestClient.doGet(D:\wamp\www\wscloud\backoffice\ThinkPHP\Library\Vendor\ApiGateway\RestClient.php:49)
 - {"message":"rest client","data":"{\"request_host\":\"http:\\\/\\\/localhost:133\\\/Home\",\"request_path\":\"\\\/Admin\\\/getAdminMsgCount\\\/status\\\/10\\\/token\\\/c7b84f108735be66363d1e0c6c764e9c\",\"request_method\":\"GET\",\"request_bodys\":[],\"response_code\":200,\"response_body\":\"{\\\"code\\\":1,\\\"msg\\\":\\\"\\\\u67e5\\\\u8be2\\\\u6210\\\\u529f\\\",\\\"status_code\\\":4025,\\\"data\\\":\\\"0\\\"}\",\"response_errorMessage\":null}","topic":""}
[2019-02-19 11:00:34,185] [10788] RunTime: 0.0000 s
 - INFO 
 - RestClient.doGet(D:\wamp\www\wscloud\backoffice\ThinkPHP\Library\Vendor\ApiGateway\RestClient.php:49)
 - {"message":"rest client","data":"{\"request_host\":\"http:\\\/\\\/localhost:133\\\/Home\",\"request_path\":\"\\\/DrivingMonitor\\\/statTiredNo\\\/companyId\\\/1447247968\\\/startTime\\\/1550505600\\\/token\\\/c7b84f108735be66363d1e0c6c764e9c\",\"request_method\":\"GET\",\"request_bodys\":[],\"response_code\":200,\"response_body\":\"{\\\"code\\\":1,\\\"msg\\\":\\\"\\\\u67e5\\\\u8be2\\\\u6210\\\\u529f\\\",\\\"status_code\\\":4025,\\\"data\\\":{\\\"x\\\":[],\\\"y\\\":[],\\\"sum\\\":\\\"0000000\\\"}}\",\"response_errorMessage\":null}","topic":""}
[2019-02-19 11:00:34,601] [10788] RunTime: 0.0000 s
 - INFO 
 - RestClient.doGet(D:\wamp\www\wscloud\backoffice\ThinkPHP\Library\Vendor\ApiGateway\RestClient.php:49)
 - {"message":"rest client","data":"{\"request_host\":\"http:\\\/\\\/localhost:133\\\/Home\",\"request_path\":\"\\\/DrivingMonitor\\\/showTiredType\\\/startTime\\\/1550505600\\\/endTime\\\/1550545234\\\/companyId\\\/1447247968\\\/token\\\/c7b84f108735be66363d1e0c6c764e9c\",\"request_method\":\"GET\",\"request_bodys\":[],\"response_code\":200,\"response_body\":\"{\\\"code\\\":0,\\\"msg\\\":\\\"\\\\u67e5\\\\u8be2\\\\u6570\\\\u636e\\\\u4e3a\\\\u7a7a\\\",\\\"status_code\\\":1001}\",\"response_errorMessage\":null}","topic":""}
[2019-02-19 11:00:36,426] [10788] RunTime: 0.0000 s
 - INFO 
 - RestClient.doGet(D:\wamp\www\wscloud\backoffice\ThinkPHP\Library\Vendor\ApiGateway\RestClient.php:49)
 - {"message":"rest client","data":"{\"request_host\":\"http:\\\/\\\/localhost:133\\\/Home\",\"request_path\":\"\\\/GroupsService\\\/typeGroupsLists\\\/companyId\\\/1447247968\\\/type\\\/10\\\/token\\\/c7b84f108735be66363d1e0c6c764e9c\",\"request_method\":\"GET\",\"request_bodys\":[],\"response_code\":200,\"response_body\":\"{\\\"code\\\":1,\\\"msg\\\":\\\"\\\\u67e5\\\\u8be2\\\\u6210\\\\u529f\\\",\\\"status_code\\\":4025,\\\"data\\\":{\\\"0\\\":{\\\"name\\\":\\\"\\\\u5168\\\\u90e8\\\\u8f66\\\\u8f86\\\",\\\"id\\\":\\\"null\\\",\\\"children\\\":[{\\\"id\\\":\\\"4118020736\\\",\\\"company_id\\\":\\\"1447247968\\\",\\\"device_no\\\":\\\"1234567\\\",\\\"device_id\\\":\\\"8647758674\\\",\\\"vehicle_no\\\":\\\"\\\\u5180F12345\\\",\\\"model\\\":\\\"\\\\u53cd\\\\u5bf9\\\\u6cd5\\\",\\\"status\\\":\\\"10\\\",\\\"create_time\\\":\\\"1532676758\\\",\\\"update_time\\\":\\\"1532676758\\\",\\\"create_user\\\":\\\"2517844598\\\",\\\"update_user\\\":\\\"2517844598\\\",\\\"del_flg\\\":\\\"0\\\",\\\"group_id\\\":\\\"null\\\",\\\"name\\\":\\\"<input id=\\\\\\\"input_null_4118020736\\\\\\\" data=\\\\\\\"1234567_\\\\u5180F12345\\\\\\\"  class=\\\\\\\"input_device\\\\\\\" type=\\\\\\\"checkbox\\\\\\\" style=\\\\\\\"vertical-align: middle; margin-top: 0px;margin-bottom: 1px;\\\\\\\"\\\\\\\/>\\\\u5180F12345\\\",\\\"position_info\\\":false},{\\\"id\\\":\\\"8167932515\\\",\\\"company_id\\\":\\\"1447247968\\\",\\\"device_no\\\":\\\"12456\\\",\\\"device_id\\\":\\\"7882128443\\\",\\\"vehicle_no\\\":\\\"\\\\u5180C1212\\\",\\\"model\\\":\\\"\\\\u6c7d\\\\u8f66\\\",\\\"status\\\":\\\"10\\\",\\\"create_time\\\":\\\"1528339180\\\",\\\"update_time\\\":\\\"1528339180\\\",\\\"create_user\\\":\\\"2517844598\\\",\\\"update_user\\\":\\\"2517844598\\\",\\\"del_flg\\\":\\\"0\\\",\\\"group_id\\\":\\\"null\\\",\\\"name\\\":\\\"<input id=\\\\\\\"input_null_8167932515\\\\\\\" data=\\\\\\\"12456_\\\\u5180C1212\\\\\\\"  class=\\\\\\\"input_device\\\\\\\" type=\\\\\\\"checkbox\\\\\\\" style=\\\\\\\"vertical-align: middle; margin-top: 0px;margin-bottom: 1px;\\\\\\\"\\\\\\\/>\\\\u5180C1212\\\",\\\"position_info\\\":false},{\\\"id\\\":\\\"9382192712\\\",\\\"company_id\\\":\\\"1447247968\\\",\\\"device_no\\\":\\\"12535\\\",\\\"device_id\\\":\\\"8606702515\\\",\\\"vehicle_no\\\":\\\"\\\\u5180B0121\\\",\\\"model\\\":\\\"\\\\u706b\\\\u8f66\\\",\\\"status\\\":\\\"10\\\",\\\"create_time\\\":\\\"1528338145\\\",\\\"update_time\\\":\\\"1528338145\\\",\\\"create_user\\\":\\\"2517844598\\\",\\\"update_user\\\":\\\"2517844598\\\",\\\"del_flg\\\":\\\"0\\\",\\\"group_id\\\":\\\"null\\\",\\\"name\\\":\\\"<input id=\\\\\\\"input_null_9382192712\\\\\\\" data=\\\\\\\"12535_\\\\u5180B0121\\\\\\\"  class=\\\\\\\"input_device\\\\\\\" type=\\\\\\\"checkbox\\\\\\\" style=\\\\\\\"vertical-align: middle; margin-top: 0px;margin-bottom: 1px;\\\\\\\"\\\\\\\/>\\\\u5180B0121\\\",\\\"position_info\\\":false},{\\\"id\\\":\\\"3112315772\\\",\\\"company_id\\\":\\\"1447247968\\\",\\\"device_no\\\":\\\"12535\\\",\\\"device_id\\\":\\\"8606702515\\\",\\\"vehicle_no\\\":\\\"\\\\u5180B0121\\\",\\\"model\\\":\\\"\\\\u706b\\\\u8f66\\\",\\\"status\\\":\\\"10\\\",\\\"create_time\\\":\\\"1528338132\\\",\\\"update_time\\\":\\\"1528338132\\\",\\\"create_user\\\":\\\"2517844598\\\",\\\"update_user\\\":\\\"2517844598\\\",\\\"del_flg\\\":\\\"0\\\",\\\"group_id\\\":\\\"null\\\",\\\"name\\\":\\\"<input id=\\\\\\\"input_null_3112315772\\\\\\\" data=\\\\\\\"12535_\\\\u5180B0121\\\\\\\"  class=\\\\\\\"input_device\\\\\\\" type=\\\\\\\"checkbox\\\\\\\" style=\\\\\\\"vertical-align: middle; margin-top: 0px;margin-bottom: 1px;\\\\\\\"\\\\\\\/>\\\\u5180B0121\\\",\\\"position_info\\\":false},{\\\"id\\\":\\\"9035124788\\\",\\\"company_id\\\":\\\"1447247968\\\",\\\"device_no\\\":\\\"12535\\\",\\\"device_id\\\":\\\"8606702515\\\",\\\"vehicle_no\\\":\\\"\\\\u5180A123456\\\",\\\"model\\\":\\\"\\\\u9a6c\\\\u8f66\\\",\\\"status\\\":\\\"10\\\",\\\"create_time\\\":\\\"1528338069\\\",\\\"update_time\\\":\\\"1528338069\\\",\\\"create_user\\\":\\\"2517844598\\\",\\\"update_user\\\":\\\"2517844598\\\",\\\"del_flg\\\":\\\"0\\\",\\\"group_id\\\":\\\"null\\\",\\\"name\\\":\\\"<input id=\\\\\\\"input_null_9035124788\\\\\\\" data=\\\\\\\"12535_\\\\u5180A123456\\\\\\\"  class=\\\\\\\"input_device\\\\\\\" type=\\\\\\\"checkbox\\\\\\\" style=\\\\\\\"vertical-align: middle; margin-top: 0px;margin-bottom: 1px;\\\\\\\"\\\\\\\/>\\\\u5180A123456\\\",\\\"position_info\\\":false},{\\\"id\\\":\\\"8516577529\\\",\\\"company_id\\\":\\\"1447247968\\\",\\\"device_no\\\":\\\"sn-number\\\",\\\"device_id\\\":\\\"7882128443\\\",\\\"vehicle_no\\\":\\\"\\\\u5180F123456\\\",\\\"model\\\":\\\"\\\\u5f00\\\\u8f66\\\",\\\"status\\\":\\\"10\\\",\\\"create_time\\\":\\\"1527488509\\\",\\\"update_time\\\":\\\"1527488509\\\",\\\"create_user\\\":\\\"2517844598\\\",\\\"update_user\\\":\\\"2517844598\\\",\\\"del_flg\\\":\\\"0\\\",\\\"group_id\\\":\\\"null\\\",\\\"name\\\":\\\"<input id=\\\\\\\"input_null_8516577529\\\\\\\" data=\\\\\\\"sn-number_\\\\u5180F123456\\\\\\\"  class=\\\\\\\"input_device\\\\\\\" type=\\\\\\\"checkbox\\\\\\\" style=\\\\\\\"vertical-align: middle; margin-top: 0px;margin-bottom: 1px;\\\\\\\"\\\\\\\/>\\\\u5180F123456\\\",\\\"position_info\\\":false}]},\\\"3\\\":{\\\"id\\\":\\\"9582847534\\\",\\\"name\\\":\\\"\\\\u8f66\\\\u961f\\\\u4e00\\\",\\\"type\\\":\\\"10\\\",\\\"children\\\":[{\\\"id\\\":\\\"8516577529\\\",\\\"company_id\\\":\\\"1447247968\\\",\\\"device_no\\\":\\\"sn-number\\\",\\\"device_id\\\":\\\"7882128443\\\",\\\"vehicle_no\\\":\\\"\\\\u5180F123456\\\",\\\"model\\\":\\\"\\\\u5f00\\\\u8f66\\\",\\\"status\\\":\\\"10\\\",\\\"create_time\\\":\\\"1527488509\\\",\\\"update_time\\\":\\\"1527488509\\\",\\\"create_user\\\":\\\"2517844598\\\",\\\"update_user\\\":\\\"2517844598\\\",\\\"del_flg\\\":\\\"0\\\",\\\"group_id\\\":\\\"9582847534\\\",\\\"name\\\":\\\"<input id=\\\\\\\"input_9582847534_8516577529\\\\\\\" data=\\\\\\\"sn-number_\\\\u5180F123456\\\\\\\"  class=\\\\\\\"input_device\\\\\\\" type=\\\\\\\"checkbox\\\\\\\" style=\\\\\\\"vertical-align: middle; margin-top: 0px;margin-bottom: 1px;\\\\\\\"\\\\\\\/>\\\\u5180F123456\\\",\\\"position_info\\\":false}]}}}\",\"response_errorMessage\":null}","topic":""}
[2019-02-19 11:03:35,074] [10788] RunTime: 0.0000 s
 - INFO 
 - RestClient.doGet(D:\wamp\www\wscloud\backoffice\ThinkPHP\Library\Vendor\ApiGateway\RestClient.php:49)
 - {"message":"rest client","data":"{\"request_host\":\"http:\\\/\\\/localhost:133\\\/Home\",\"request_path\":\"\\\/DrivingMonitor\\\/statByDayGroup\\\/companyId\\\/1447247968\\\/startTime\\\/1549789414\\\/endTime\\\/1550545414\\\/token\\\/c7b84f108735be66363d1e0c6c764e9c\",\"request_method\":\"GET\",\"request_bodys\":[],\"response_code\":200,\"response_body\":\"{\\\"code\\\":1,\\\"msg\\\":\\\"\\\\u67e5\\\\u8be2\\\\u6210\\\\u529f\\\",\\\"status_code\\\":4025,\\\"data\\\":{\\\"2019-02-10\\\":0,\\\"2019-02-11\\\":0,\\\"2019-02-12\\\":0,\\\"2019-02-13\\\":0,\\\"2019-02-14\\\":0,\\\"2019-02-15\\\":0,\\\"2019-02-16\\\":0,\\\"2019-02-17\\\":0,\\\"2019-02-18\\\":0,\\\"2019-02-19\\\":0}}\",\"response_errorMessage\":null}","topic":""}
[2019-02-19 11:03:35,255] [10788] RunTime: 0.0000 s
 - INFO 
 - RestClient.doGet(D:\wamp\www\wscloud\backoffice\ThinkPHP\Library\Vendor\ApiGateway\RestClient.php:49)
 - {"message":"rest client","data":"{\"request_host\":\"http:\\\/\\\/localhost:133\\\/Home\",\"request_path\":\"\\\/DrivingMonitor\\\/showTiredType\\\/startTime\\\/1549789415\\\/endTime\\\/1550545415\\\/companyId\\\/1447247968\\\/token\\\/c7b84f108735be66363d1e0c6c764e9c\",\"request_method\":\"GET\",\"request_bodys\":[],\"response_code\":200,\"response_body\":\"{\\\"code\\\":0,\\\"msg\\\":\\\"\\\\u67e5\\\\u8be2\\\\u6570\\\\u636e\\\\u4e3a\\\\u7a7a\\\",\\\"status_code\\\":1001}\",\"response_errorMessage\":null}","topic":""}
[2019-02-19 11:03:35,415] [10788] RunTime: 0.0000 s
 - INFO 
 - RestClient.doGet(D:\wamp\www\wscloud\backoffice\ThinkPHP\Library\Vendor\ApiGateway\RestClient.php:49)
 - {"message":"rest client","data":"{\"request_host\":\"http:\\\/\\\/localhost:133\\\/Home\",\"request_path\":\"\\\/DrivingMonitor\\\/statByTimeGroup\\\/companyId\\\/1447247968\\\/startTime\\\/1549900800\\\/endTime\\\/1550592000\\\/token\\\/c7b84f108735be66363d1e0c6c764e9c\",\"request_method\":\"GET\",\"request_bodys\":[],\"response_code\":200,\"response_body\":\"{\\\"code\\\":1,\\\"msg\\\":\\\"\\\\u67e5\\\\u8be2\\\\u6210\\\\u529f\\\",\\\"status_code\\\":4025,\\\"data\\\":[]}\",\"response_errorMessage\":null}","topic":""}
[2019-02-19 11:04:18,709] [10788] RunTime: 0.0000 s
 - INFO 
 - RestClient.doGet(D:\wamp\www\wscloud\backoffice\ThinkPHP\Library\Vendor\ApiGateway\RestClient.php:49)
 - {"message":"rest client","data":"{\"request_host\":\"http:\\\/\\\/localhost:133\\\/Home\",\"request_path\":\"\\\/DrivingMonitor\\\/statByDayGroup\\\/companyId\\\/1447247968\\\/startTime\\\/1547953455\\\/endTime\\\/1550545455\\\/token\\\/c7b84f108735be66363d1e0c6c764e9c\",\"request_method\":\"GET\",\"request_bodys\":[],\"response_code\":200,\"response_body\":\"{\\\"code\\\":1,\\\"msg\\\":\\\"\\\\u67e5\\\\u8be2\\\\u6210\\\\u529f\\\",\\\"status_code\\\":4025,\\\"data\\\":{\\\"2019-01-20\\\":0,\\\"2019-01-21\\\":0,\\\"2019-01-22\\\":0,\\\"2019-01-23\\\":0,\\\"2019-01-24\\\":0,\\\"2019-01-25\\\":0,\\\"2019-01-26\\\":0,\\\"2019-01-27\\\":0,\\\"2019-01-28\\\":0,\\\"2019-01-29\\\":0,\\\"2019-01-30\\\":0,\\\"2019-01-31\\\":0,\\\"2019-02-01\\\":0,\\\"2019-02-02\\\":0,\\\"2019-02-03\\\":0,\\\"2019-02-04\\\":0,\\\"2019-02-05\\\":0,\\\"2019-02-06\\\":0,\\\"2019-02-07\\\":0,\\\"2019-02-08\\\":0,\\\"2019-02-09\\\":0,\\\"2019-02-10\\\":0,\\\"2019-02-11\\\":0,\\\"2019-02-12\\\":0,\\\"2019-02-13\\\":0,\\\"2019-02-14\\\":0,\\\"2019-02-15\\\":0,\\\"2019-02-16\\\":0,\\\"2019-02-17\\\":0,\\\"2019-02-18\\\":0,\\\"2019-02-19\\\":0}}\",\"response_errorMessage\":null}","topic":""}
[2019-02-19 11:04:18,907] [10788] RunTime: 0.0000 s
 - INFO 
 - RestClient.doGet(D:\wamp\www\wscloud\backoffice\ThinkPHP\Library\Vendor\ApiGateway\RestClient.php:49)
 - {"message":"rest client","data":"{\"request_host\":\"http:\\\/\\\/localhost:133\\\/Home\",\"request_path\":\"\\\/DrivingMonitor\\\/showTiredType\\\/startTime\\\/1547953458\\\/endTime\\\/1550545458\\\/companyId\\\/1447247968\\\/token\\\/c7b84f108735be66363d1e0c6c764e9c\",\"request_method\":\"GET\",\"request_bodys\":[],\"response_code\":200,\"response_body\":\"{\\\"code\\\":0,\\\"msg\\\":\\\"\\\\u67e5\\\\u8be2\\\\u6570\\\\u636e\\\\u4e3a\\\\u7a7a\\\",\\\"status_code\\\":1001}\",\"response_errorMessage\":null}","topic":""}
[2019-02-19 11:04:19,197] [10788] RunTime: 0.0000 s
 - INFO 
 - RestClient.doGet(D:\wamp\www\wscloud\backoffice\ThinkPHP\Library\Vendor\ApiGateway\RestClient.php:49)
 - {"message":"rest client","data":"{\"request_host\":\"http:\\\/\\\/localhost:133\\\/Home\",\"request_path\":\"\\\/DrivingMonitor\\\/statByTimeGroup\\\/companyId\\\/1447247968\\\/startTime\\\/1547913600\\\/endTime\\\/1550592000\\\/token\\\/c7b84f108735be66363d1e0c6c764e9c\",\"request_method\":\"GET\",\"request_bodys\":[],\"response_code\":200,\"response_body\":\"{\\\"code\\\":1,\\\"msg\\\":\\\"\\\\u67e5\\\\u8be2\\\\u6210\\\\u529f\\\",\\\"status_code\\\":4025,\\\"data\\\":[]}\",\"response_errorMessage\":null}","topic":""}
[2019-02-19 11:28:19,246] [2612] RunTime: 0.0000 s
 - INFO 
 - RestClient.doGet(D:\wamp\www\wscloud\backoffice\ThinkPHP\Library\Vendor\ApiGateway\RestClient.php:49)
 - {"message":"rest client","data":"{\"request_host\":\"http:\\\/\\\/localhost:133\\\/Home\",\"request_path\":\"\\\/Login\\\/logOut\\\/type\\\/10\\\/token\\\/c7b84f108735be66363d1e0c6c764e9c\",\"request_method\":\"GET\",\"request_bodys\":[],\"response_code\":200,\"response_body\":\"{\\\"code\\\":1,\\\"msg\\\":\\\"\\\\u9000\\\\u51fa\\\\u6210\\\\u529f\\\",\\\"status_code\\\":3003}\",\"response_errorMessage\":null}","topic":""}
[2019-02-19 11:28:19,401] [2612] RunTime: 0.0000 s
 - INFO 
 - RestClient.doGet(D:\wamp\www\wscloud\backoffice\ThinkPHP\Library\Vendor\ApiGateway\RestClient.php:49)
 - {"message":"rest client","data":"{\"request_host\":\"http:\\\/\\\/localhost:133\\\/Home\",\"request_path\":\"\\\/System\\\/getSystemSetting\\\/companyId\\\/\\\/type\\\/20\\\/token\\\/null\",\"request_method\":\"GET\",\"request_bodys\":[],\"response_code\":200,\"response_body\":\"{\\\"code\\\":0,\\\"msg\\\":\\\"token\\\\u8fc7\\\\u671f\\\",\\\"status_code\\\":2001}\",\"response_errorMessage\":null}","topic":""}
[2019-02-19 11:28:19,448] [2612] RunTime: 0.0470 s
 - INFO 
 - RestClient.doGet(D:\wamp\www\wscloud\backoffice\ThinkPHP\Library\Vendor\ApiGateway\RestClient.php:49)
 - {"message":"rest client","data":"{\"request_host\":\"http:\\\/\\\/localhost:133\\\/Home\",\"request_path\":\"\\\/Admin\\\/getAdminMsgCount\\\/status\\\/10\\\/token\\\/null\",\"request_method\":\"GET\",\"request_bodys\":[],\"response_code\":200,\"response_body\":\"{\\\"code\\\":0,\\\"msg\\\":\\\"token\\\\u8fc7\\\\u671f\\\",\\\"status_code\\\":2001}\",\"response_errorMessage\":null}","topic":""}
