[2018-07-27 15:00:41,699] [2676] RunTime: 0.0000 s
 - INFO 
 - RestClient.doGet(D:\wamp\www\wscloud\backoffice\ThinkPHP\Library\Vendor\ApiGateway\RestClient.php:49)
 - {"message":"rest client","data":"{\"request_host\":\"http:\\\/\\\/localhost:133\\\/Home\",\"request_path\":\"\\\/System\\\/getSystemSetting\\\/companyId\\\/\\\/type\\\/20\\\/token\\\/null\",\"request_method\":\"GET\",\"request_bodys\":[],\"response_code\":200,\"response_body\":\"{\\\"code\\\":0,\\\"msg\\\":\\\"token\\\\u8fc7\\\\u671f\\\",\\\"status_code\\\":2001}\",\"response_errorMessage\":null}","topic":""}
[2018-07-27 15:00:42,319] [2676] RunTime: 0.6205 s
 - INFO 
 - RestClient.doGet(D:\wamp\www\wscloud\backoffice\ThinkPHP\Library\Vendor\ApiGateway\RestClient.php:49)
 - {"message":"rest client","data":"{\"request_host\":\"http:\\\/\\\/localhost:133\\\/Home\",\"request_path\":\"\\\/Admin\\\/getAdminMsgCount\\\/status\\\/10\\\/token\\\/null\",\"request_method\":\"GET\",\"request_bodys\":[],\"response_code\":200,\"response_body\":\"{\\\"code\\\":0,\\\"msg\\\":\\\"token\\\\u8fc7\\\\u671f\\\",\\\"status_code\\\":2001}\",\"response_errorMessage\":null}","topic":""}
[2018-07-27 15:02:02,346] [2676] RunTime: 0.0000 s
 - INFO 
 - RestClient.doGet(D:\wamp\www\wscloud\backoffice\ThinkPHP\Library\Vendor\ApiGateway\RestClient.php:49)
 - {"message":"rest client","data":"{\"request_host\":\"http:\\\/\\\/localhost:133\\\/Home\",\"request_path\":\"\\\/login\\\/login\\\/account\\\/13161934946\\\/password\\\/123456\\\/type\\\/10\\\/token\\\/null\",\"request_method\":\"GET\",\"request_bodys\":[],\"response_code\":404,\"response_body\":\"<!DOCTYPE html PUBLIC \\\"-\\\/\\\/W3C\\\/\\\/DTD XHTML 1.0 Transitional\\\/\\\/EN\\\" \\\"http:\\\/\\\/www.w3.org\\\/TR\\\/xhtml1\\\/DTD\\\/xhtml1-transitional.dtd\\\">\\r\\n<html xmlns=\\\"http:\\\/\\\/www.w3.org\\\/1999\\\/xhtml\\\"><head>\\r\\n<meta content=\\\"text\\\/html; charset=utf-8\\\" http-equiv=\\\"Content-Type\\\">\\r\\n<title>\\u7cfb\\u7edf\\u53d1\\u751f\\u9519\\u8bef<\\\/title>\\r\\n<style type=\\\"text\\\/css\\\">\\r\\n*{ padding: 0; margin: 0; }\\r\\nhtml{ overflow-y: scroll; }\\r\\nbody{ background: #fff; font-family: '\\u5fae\\u8f6f\\u96c5\\u9ed1'; color: #333; font-size: 16px; }\\r\\nimg{ border: 0; }\\r\\n.error{ padding: 24px 48px; }\\r\\n.face{ font-size: 100px; font-weight: normal; line-height: 120px; margin-bottom: 12px; }\\r\\nh1{ font-size: 32px; line-height: 48px; }\\r\\n.error .content{ padding-top: 10px}\\r\\n.error .info{ margin-bottom: 12px; }\\r\\n.error .info .title{ margin-bottom: 3px; }\\r\\n.error .info .title h3{ color: #000; font-weight: 700; font-size: 16px; }\\r\\n.error .info .text{ line-height: 24px; }\\r\\n.copyright{ padding: 12px 48px; color: #999; }\\r\\n.copyright a{ color: #000; text-decoration: none; }\\r\\n<\\\/style>\\r\\n<\\\/head>\\r\\n<body>\\r\\n<div class=\\\"error\\\">\\r\\n<p class=\\\"face\\\">:(<\\\/p>\\r\\n<h1>read error on connection<\\\/h1>\\r\\n<div class=\\\"content\\\">\\r\\n\\t<div class=\\\"info\\\">\\r\\n\\t\\t<div class=\\\"title\\\">\\r\\n\\t\\t\\t<h3>\\u9519\\u8bef\\u4f4d\\u7f6e<\\\/h3>\\r\\n\\t\\t<\\\/div>\\r\\n\\t\\t<div class=\\\"text\\\">\\r\\n\\t\\t\\t<p>FILE: D:\\\\wamp\\\\www\\\\wscloud\\\\api\\\\ThinkPHP\\\\Library\\\\Think\\\\Cache\\\\Driver\\\\Redis.class.php &#12288;LINE: 79<\\\/p>\\r\\n\\t\\t<\\\/div>\\r\\n\\t<\\\/div>\\r\\n\\t<div class=\\\"info\\\">\\r\\n\\t\\t<div class=\\\"title\\\">\\r\\n\\t\\t\\t<h3>TRACE<\\\/h3>\\r\\n\\t\\t<\\\/div>\\r\\n\\t\\t<div class=\\\"text\\\">\\r\\n\\t\\t\\t<p>#0 D:\\\\wamp\\\\www\\\\wscloud\\\\api\\\\ThinkPHP\\\\Library\\\\Think\\\\Cache\\\\Driver\\\\Redis.class.php(79): Redis->set('old_token_10_25...', 'd969cc5f2b189f3...')<br \\\/>\\n#1 D:\\\\wamp\\\\www\\\\wscloud\\\\api\\\\Application\\\\Lib\\\\Auth.class.php(106): Think\\\\Cache\\\\Driver\\\\Redis->set('old_token_10_25...', 'd969cc5f2b189f3...')<br \\\/>\\n#2 D:\\\\wamp\\\\www\\\\wscloud\\\\api\\\\Application\\\\Lib\\\\Login\\\\BuildToken.class.php(53): Lib\\\\Auth->generateTokenById('2517844598', '10')<br \\\/>\\n#3 D:\\\\wamp\\\\www\\\\wscloud\\\\api\\\\Application\\\\Lib\\\\Login\\\\BuildToken.class.php(39): Lib\\\\Login\\\\BuildToken->buildToken(Array)<br \\\/>\\n#4 D:\\\\wamp\\\\www\\\\wscloud\\\\api\\\\Application\\\\Lib\\\\Login\\\\AbstractLogin.class.php(90): Lib\\\\Login\\\\BuildToken->doSelectByAccount('13161934946', 'e10adc3949ba59a...')<br \\\/>\\n#5 D:\\\\wamp\\\\www\\\\wscloud\\\\api\\\\Application\\\\Lib\\\\Login\\\\AbstractLogin.class.php(76): Lib\\\\Login\\\\AbstractLogin->doLogin()<br \\\/>\\n#6 D:\\\\wamp\\\\www\\\\wscloud\\\\api\\\\Application\\\\Home\\\\Controller\\\\LoginController.class.php(86): Lib\\\\Login\\\\AbstractLogin->handleLogin()<br \\\/>\\n#7 D:\\\\wamp\\\\www\\\\wscloud\\\\api\\\\Application\\\\Home\\\\Controller\\\\LoginController.class.php(55): Home\\\\Controller\\\\LoginController->loginMonitorObserver(Object(Lib\\\\Login\\\\BuildToken))<br \\\/>\\n#8 [internal function]: Home\\\\Controller\\\\LoginController->login('10', '13161934946', '123456')<br \\\/>\\n#9 D:\\\\wamp\\\\www\\\\wscloud\\\\api\\\\ThinkPHP\\\\Library\\\\Think\\\\App.class.php(162): ReflectionMethod->invokeArgs(Object(Home\\\\Controller\\\\LoginController), Array)<br \\\/>\\n#10 D:\\\\wamp\\\\www\\\\wscloud\\\\api\\\\ThinkPHP\\\\Library\\\\Think\\\\App.class.php(202): Think\\\\App::exec()<br \\\/>\\n#11 D:\\\\wamp\\\\www\\\\wscloud\\\\api\\\\ThinkPHP\\\\Library\\\\Think\\\\Think.class.php(120): Think\\\\App::run()<br \\\/>\\n#12 D:\\\\wamp\\\\www\\\\wscloud\\\\api\\\\ThinkPHP\\\\ThinkPHP.php(99): Think\\\\Think::start()<br \\\/>\\n#13 D:\\\\wamp\\\\www\\\\wscloud\\\\api\\\\index.php(26): require('D:\\\\\\\\wamp\\\\\\\\www\\\\\\\\wsc...')<br \\\/>\\n#14 {main}<\\\/p>\\r\\n\\t\\t<\\\/div>\\r\\n\\t<\\\/div>\\r\\n<\\\/div>\\r\\n<\\\/div>\\r\\n<div class=\\\"copyright\\\">\\r\\n<p><a title=\\\"\\u5b98\\u65b9\\u7f51\\u7ad9\\\" href=\\\"http:\\\/\\\/www.thinkphp.cn\\\">ThinkPHP<\\\/a><sup>3.2.3<\\\/sup> { Fast & Simple OOP PHP Framework } -- [ WE CAN DO IT JUST THINK ]<\\\/p>\\r\\n<\\\/div>\\r\\n<\\\/body>\\r\\n<\\\/html>\\r\\n\",\"response_errorMessage\":null}","topic":""}
[2018-07-27 15:03:21,577] [2676] RunTime: 0.0000 s
 - INFO 
 - RestClient.doGet(D:\wamp\www\wscloud\backoffice\ThinkPHP\Library\Vendor\ApiGateway\RestClient.php:49)
 - {"message":"rest client","data":"{\"request_host\":\"http:\\\/\\\/localhost:133\\\/Home\",\"request_path\":\"\\\/login\\\/login\\\/account\\\/13161934946\\\/password\\\/123456\\\/type\\\/10\\\/token\\\/null\",\"request_method\":\"GET\",\"request_bodys\":[],\"response_code\":404,\"response_body\":\"<!DOCTYPE html PUBLIC \\\"-\\\/\\\/W3C\\\/\\\/DTD XHTML 1.0 Transitional\\\/\\\/EN\\\" \\\"http:\\\/\\\/www.w3.org\\\/TR\\\/xhtml1\\\/DTD\\\/xhtml1-transitional.dtd\\\">\\r\\n<html xmlns=\\\"http:\\\/\\\/www.w3.org\\\/1999\\\/xhtml\\\"><head>\\r\\n<meta content=\\\"text\\\/html; charset=utf-8\\\" http-equiv=\\\"Content-Type\\\">\\r\\n<title>\\u7cfb\\u7edf\\u53d1\\u751f\\u9519\\u8bef<\\\/title>\\r\\n<style type=\\\"text\\\/css\\\">\\r\\n*{ padding: 0; margin: 0; }\\r\\nhtml{ overflow-y: scroll; }\\r\\nbody{ background: #fff; font-family: '\\u5fae\\u8f6f\\u96c5\\u9ed1'; color: #333; font-size: 16px; }\\r\\nimg{ border: 0; }\\r\\n.error{ padding: 24px 48px; }\\r\\n.face{ font-size: 100px; font-weight: normal; line-height: 120px; margin-bottom: 12px; }\\r\\nh1{ font-size: 32px; line-height: 48px; }\\r\\n.error .content{ padding-top: 10px}\\r\\n.error .info{ margin-bottom: 12px; }\\r\\n.error .info .title{ margin-bottom: 3px; }\\r\\n.error .info .title h3{ color: #000; font-weight: 700; font-size: 16px; }\\r\\n.error .info .text{ line-height: 24px; }\\r\\n.copyright{ padding: 12px 48px; color: #999; }\\r\\n.copyright a{ color: #000; text-decoration: none; }\\r\\n<\\\/style>\\r\\n<\\\/head>\\r\\n<body>\\r\\n<div class=\\\"error\\\">\\r\\n<p class=\\\"face\\\">:(<\\\/p>\\r\\n<h1>read error on connection<\\\/h1>\\r\\n<div class=\\\"content\\\">\\r\\n\\t<div class=\\\"info\\\">\\r\\n\\t\\t<div class=\\\"title\\\">\\r\\n\\t\\t\\t<h3>\\u9519\\u8bef\\u4f4d\\u7f6e<\\\/h3>\\r\\n\\t\\t<\\\/div>\\r\\n\\t\\t<div class=\\\"text\\\">\\r\\n\\t\\t\\t<p>FILE: D:\\\\wamp\\\\www\\\\wscloud\\\\api\\\\ThinkPHP\\\\Library\\\\Think\\\\Cache\\\\Driver\\\\Redis.class.php &#12288;LINE: 55<\\\/p>\\r\\n\\t\\t<\\\/div>\\r\\n\\t<\\\/div>\\r\\n\\t<div class=\\\"info\\\">\\r\\n\\t\\t<div class=\\\"title\\\">\\r\\n\\t\\t\\t<h3>TRACE<\\\/h3>\\r\\n\\t\\t<\\\/div>\\r\\n\\t\\t<div class=\\\"text\\\">\\r\\n\\t\\t\\t<p>#0 D:\\\\wamp\\\\www\\\\wscloud\\\\api\\\\ThinkPHP\\\\Library\\\\Think\\\\Cache\\\\Driver\\\\Redis.class.php(55): Redis->get('old_token_10_25...')<br \\\/>\\n#1 D:\\\\wamp\\\\www\\\\wscloud\\\\api\\\\Application\\\\Lib\\\\Auth.class.php(97): Think\\\\Cache\\\\Driver\\\\Redis->get('old_token_10_25...')<br \\\/>\\n#2 D:\\\\wamp\\\\www\\\\wscloud\\\\api\\\\Application\\\\Lib\\\\Login\\\\BuildToken.class.php(53): Lib\\\\Auth->generateTokenById('2517844598', '10')<br \\\/>\\n#3 D:\\\\wamp\\\\www\\\\wscloud\\\\api\\\\Application\\\\Lib\\\\Login\\\\BuildToken.class.php(39): Lib\\\\Login\\\\BuildToken->buildToken(Array)<br \\\/>\\n#4 D:\\\\wamp\\\\www\\\\wscloud\\\\api\\\\Application\\\\Lib\\\\Login\\\\AbstractLogin.class.php(90): Lib\\\\Login\\\\BuildToken->doSelectByAccount('13161934946', 'e10adc3949ba59a...')<br \\\/>\\n#5 D:\\\\wamp\\\\www\\\\wscloud\\\\api\\\\Application\\\\Lib\\\\Login\\\\AbstractLogin.class.php(76): Lib\\\\Login\\\\AbstractLogin->doLogin()<br \\\/>\\n#6 D:\\\\wamp\\\\www\\\\wscloud\\\\api\\\\Application\\\\Home\\\\Controller\\\\LoginController.class.php(86): Lib\\\\Login\\\\AbstractLogin->handleLogin()<br \\\/>\\n#7 D:\\\\wamp\\\\www\\\\wscloud\\\\api\\\\Application\\\\Home\\\\Controller\\\\LoginController.class.php(55): Home\\\\Controller\\\\LoginController->loginMonitorObserver(Object(Lib\\\\Login\\\\BuildToken))<br \\\/>\\n#8 [internal function]: Home\\\\Controller\\\\LoginController->login('10', '13161934946', '123456')<br \\\/>\\n#9 D:\\\\wamp\\\\www\\\\wscloud\\\\api\\\\ThinkPHP\\\\Library\\\\Think\\\\App.class.php(162): ReflectionMethod->invokeArgs(Object(Home\\\\Controller\\\\LoginController), Array)<br \\\/>\\n#10 D:\\\\wamp\\\\www\\\\wscloud\\\\api\\\\ThinkPHP\\\\Library\\\\Think\\\\App.class.php(202): Think\\\\App::exec()<br \\\/>\\n#11 D:\\\\wamp\\\\www\\\\wscloud\\\\api\\\\ThinkPHP\\\\Library\\\\Think\\\\Think.class.php(120): Think\\\\App::run()<br \\\/>\\n#12 D:\\\\wamp\\\\www\\\\wscloud\\\\api\\\\ThinkPHP\\\\ThinkPHP.php(99): Think\\\\Think::start()<br \\\/>\\n#13 D:\\\\wamp\\\\www\\\\wscloud\\\\api\\\\index.php(26): require('D:\\\\\\\\wamp\\\\\\\\www\\\\\\\\wsc...')<br \\\/>\\n#14 {main}<\\\/p>\\r\\n\\t\\t<\\\/div>\\r\\n\\t<\\\/div>\\r\\n<\\\/div>\\r\\n<\\\/div>\\r\\n<div class=\\\"copyright\\\">\\r\\n<p><a title=\\\"\\u5b98\\u65b9\\u7f51\\u7ad9\\\" href=\\\"http:\\\/\\\/www.thinkphp.cn\\\">ThinkPHP<\\\/a><sup>3.2.3<\\\/sup> { Fast & Simple OOP PHP Framework } -- [ WE CAN DO IT JUST THINK ]<\\\/p>\\r\\n<\\\/div>\\r\\n<\\\/body>\\r\\n<\\\/html>\\r\\n\",\"response_errorMessage\":null}","topic":""}
[2018-07-27 15:03:21,656] [2676] RunTime: 0.0000 s
 - INFO 
 - RestClient.doGet(D:\wamp\www\wscloud\backoffice\ThinkPHP\Library\Vendor\ApiGateway\RestClient.php:49)
 - {"message":"rest client","data":"{\"request_host\":\"http:\\\/\\\/localhost:133\\\/Home\",\"request_path\":\"\\\/System\\\/getSystemSetting\\\/companyId\\\/\\\/type\\\/20\\\/token\\\/null\",\"request_method\":\"GET\",\"request_bodys\":[],\"response_code\":200,\"response_body\":\"{\\\"code\\\":0,\\\"msg\\\":\\\"token\\\\u8fc7\\\\u671f\\\",\\\"status_code\\\":2001}\",\"response_errorMessage\":null}","topic":""}
[2018-07-27 15:03:21,700] [2676] RunTime: 0.0440 s
 - INFO 
 - RestClient.doGet(D:\wamp\www\wscloud\backoffice\ThinkPHP\Library\Vendor\ApiGateway\RestClient.php:49)
 - {"message":"rest client","data":"{\"request_host\":\"http:\\\/\\\/localhost:133\\\/Home\",\"request_path\":\"\\\/Admin\\\/getAdminMsgCount\\\/status\\\/10\\\/token\\\/null\",\"request_method\":\"GET\",\"request_bodys\":[],\"response_code\":200,\"response_body\":\"{\\\"code\\\":0,\\\"msg\\\":\\\"token\\\\u8fc7\\\\u671f\\\",\\\"status_code\\\":2001}\",\"response_errorMessage\":null}","topic":""}
[2018-07-27 15:03:21,792] [2676] RunTime: 0.0000 s
 - INFO 
 - RestClient.doGet(D:\wamp\www\wscloud\backoffice\ThinkPHP\Library\Vendor\ApiGateway\RestClient.php:49)
 - {"message":"rest client","data":"{\"request_host\":\"http:\\\/\\\/localhost:133\\\/Home\",\"request_path\":\"\\\/System\\\/getSystemSetting\\\/companyId\\\/\\\/type\\\/20\\\/token\\\/null\",\"request_method\":\"GET\",\"request_bodys\":[],\"response_code\":200,\"response_body\":\"{\\\"code\\\":0,\\\"msg\\\":\\\"token\\\\u8fc7\\\\u671f\\\",\\\"status_code\\\":2001}\",\"response_errorMessage\":null}","topic":""}
[2018-07-27 15:03:21,832] [2676] RunTime: 0.0399 s
 - INFO 
 - RestClient.doGet(D:\wamp\www\wscloud\backoffice\ThinkPHP\Library\Vendor\ApiGateway\RestClient.php:49)
 - {"message":"rest client","data":"{\"request_host\":\"http:\\\/\\\/localhost:133\\\/Home\",\"request_path\":\"\\\/Admin\\\/getAdminMsgCount\\\/status\\\/10\\\/token\\\/null\",\"request_method\":\"GET\",\"request_bodys\":[],\"response_code\":200,\"response_body\":\"{\\\"code\\\":0,\\\"msg\\\":\\\"token\\\\u8fc7\\\\u671f\\\",\\\"status_code\\\":2001}\",\"response_errorMessage\":null}","topic":""}
[2018-07-27 15:03:31,817] [2676] RunTime: 0.0001 s
 - INFO 
 - RestClient.doGet(D:\wamp\www\wscloud\backoffice\ThinkPHP\Library\Vendor\ApiGateway\RestClient.php:49)
 - {"message":"rest client","data":"{\"request_host\":\"http:\\\/\\\/localhost:133\\\/Home\",\"request_path\":\"\\\/login\\\/login\\\/account\\\/13161934946\\\/password\\\/123456\\\/type\\\/10\\\/token\\\/null\",\"request_method\":\"GET\",\"request_bodys\":[],\"response_code\":200,\"response_body\":\"{\\\"code\\\":1,\\\"msg\\\":\\\"\\\\u767b\\\\u5f55\\\\u6210\\\\u529f\\\",\\\"status_code\\\":3000,\\\"data\\\":{\\\"company_id\\\":\\\"1447247968\\\",\\\"name\\\":\\\"\\\\u6d4b\\\\u8bd5\\\\u516c\\\\u53f8\\\",\\\"account\\\":\\\"13161934946\\\",\\\"phone\\\":\\\"13161934946\\\",\\\"email\\\":\\\"123456789@qq.com\\\",\\\"password\\\":\\\"e10adc3949ba59abbe56e057f20f883e\\\",\\\"right\\\":\\\"1,100,110,120,200,210,220,300,310,320,400,410,420,430,500,510,520,600,610,620,2,1000,1010\\\",\\\"status\\\":\\\"10\\\",\\\"type\\\":\\\"20\\\",\\\"create_time\\\":\\\"1527487964\\\",\\\"create_user\\\":\\\"2517844598\\\",\\\"update_time\\\":\\\"1528868703\\\",\\\"update_user\\\":\\\"2517844598\\\",\\\"del_flg\\\":\\\"0\\\",\\\"token\\\":\\\"07276d14ec5a87371febea430cc470c4\\\",\\\"refresh_token\\\":\\\"07276d14ec5a87371febea430cc470c4\\\"}}\",\"response_errorMessage\":null}","topic":""}
[2018-07-27 15:03:32,109] [2676] RunTime: 0.0000 s
 - INFO 
 - RestClient.doGet(D:\wamp\www\wscloud\backoffice\ThinkPHP\Library\Vendor\ApiGateway\RestClient.php:49)
 - {"message":"rest client","data":"{\"request_host\":\"http:\\\/\\\/localhost:133\\\/Home\",\"request_path\":\"\\\/Company\\\/checkStatus\\\/companyId\\\/1447247968\\\/token\\\/07276d14ec5a87371febea430cc470c4\",\"request_method\":\"GET\",\"request_bodys\":[],\"response_code\":200,\"response_body\":\"{\\\"code\\\":1,\\\"msg\\\":\\\"\\\\u67e5\\\\u8be2\\\\u6b63\\\\u5e38\\\",\\\"status_code\\\":1000,\\\"data\\\":{\\\"id\\\":\\\"1447247968\\\",\\\"name\\\":\\\"\\\\u6d4b\\\\u8bd5\\\\u516c\\\\u53f8\\\",\\\"phone\\\":\\\"13161934946\\\",\\\"email\\\":\\\"123456789@qq.com\\\",\\\"logo\\\":null,\\\"status\\\":\\\"10\\\",\\\"verify_status\\\":\\\"30\\\",\\\"create_time\\\":\\\"1527487964\\\",\\\"update_time\\\":\\\"1529992663\\\",\\\"create_user\\\":\\\"1447247968\\\",\\\"update_user\\\":\\\"1447247968\\\",\\\"del_flg\\\":\\\"0\\\",\\\"verify_status_str\\\":\\\"\\\\u5ba1\\\\u6838\\\\u901a\\\\u8fc7\\\"}}\",\"response_errorMessage\":null}","topic":""}
[2018-07-27 15:03:32,248] [2676] RunTime: 0.1388 s
 - INFO 
 - RestClient.doGet(D:\wamp\www\wscloud\backoffice\ThinkPHP\Library\Vendor\ApiGateway\RestClient.php:49)
 - {"message":"rest client","data":"{\"request_host\":\"http:\\\/\\\/localhost:133\\\/Home\",\"request_path\":\"\\\/DrivingMonitor\\\/statBehavior\\\/companyId\\\/1447247968\\\/startTime\\\/1530083012\\\/endTime\\\/1532675012\\\/token\\\/07276d14ec5a87371febea430cc470c4\",\"request_method\":\"GET\",\"request_bodys\":[],\"response_code\":200,\"response_body\":\"{\\\"code\\\":1,\\\"msg\\\":\\\"\\\\u67e5\\\\u8be2\\\\u6210\\\\u529f\\\",\\\"status_code\\\":4025,\\\"data\\\":[]}\",\"response_errorMessage\":null}","topic":""}
[2018-07-27 15:03:32,337] [2676] RunTime: 0.2278 s
 - INFO 
 - RestClient.doGet(D:\wamp\www\wscloud\backoffice\ThinkPHP\Library\Vendor\ApiGateway\RestClient.php:49)
 - {"message":"rest client","data":"{\"request_host\":\"http:\\\/\\\/localhost:133\\\/Home\",\"request_path\":\"\\\/System\\\/getSystemSetting\\\/companyId\\\/1447247968\\\/type\\\/20\\\/token\\\/07276d14ec5a87371febea430cc470c4\",\"request_method\":\"GET\",\"request_bodys\":[],\"response_code\":200,\"response_body\":\"{\\\"code\\\":1,\\\"msg\\\":\\\"\\\\u67e5\\\\u8be2\\\\u6210\\\\u529f\\\",\\\"status_code\\\":4025,\\\"data\\\":{\\\"value\\\":\\\"1\\\"}}\",\"response_errorMessage\":null}","topic":""}
[2018-07-27 15:03:32,396] [2676] RunTime: 0.2861 s
 - INFO 
 - RestClient.doGet(D:\wamp\www\wscloud\backoffice\ThinkPHP\Library\Vendor\ApiGateway\RestClient.php:49)
 - {"message":"rest client","data":"{\"request_host\":\"http:\\\/\\\/localhost:133\\\/Home\",\"request_path\":\"\\\/Admin\\\/getAdminMsgCount\\\/status\\\/10\\\/token\\\/07276d14ec5a87371febea430cc470c4\",\"request_method\":\"GET\",\"request_bodys\":[],\"response_code\":200,\"response_body\":\"{\\\"code\\\":1,\\\"msg\\\":\\\"\\\\u67e5\\\\u8be2\\\\u6210\\\\u529f\\\",\\\"status_code\\\":4025,\\\"data\\\":\\\"0\\\"}\",\"response_errorMessage\":null}","topic":""}
[2018-07-27 15:03:33,523] [2676] RunTime: 0.0000 s
 - INFO 
 - RestClient.doGet(D:\wamp\www\wscloud\backoffice\ThinkPHP\Library\Vendor\ApiGateway\RestClient.php:49)
 - {"message":"rest client","data":"{\"request_host\":\"http:\\\/\\\/localhost:133\\\/Home\",\"request_path\":\"\\\/DrivingMonitor\\\/statByTimeGroup\\\/companyId\\\/1447247968\\\/startTime\\\/1532361600\\\/endTime\\\/1532707200\\\/token\\\/07276d14ec5a87371febea430cc470c4\",\"request_method\":\"GET\",\"request_bodys\":[],\"response_code\":200,\"response_body\":\"{\\\"code\\\":1,\\\"msg\\\":\\\"\\\\u67e5\\\\u8be2\\\\u6210\\\\u529f\\\",\\\"status_code\\\":4025,\\\"data\\\":[]}\",\"response_errorMessage\":null}","topic":""}
[2018-07-27 15:04:10,361] [2676] RunTime: 0.0000 s
 - INFO 
 - RestClient.doGet(D:\wamp\www\wscloud\backoffice\ThinkPHP\Library\Vendor\ApiGateway\RestClient.php:49)
 - {"message":"rest client","data":"{\"request_host\":\"http:\\\/\\\/localhost:133\\\/Home\",\"request_path\":\"\\\/System\\\/getSystemSetting\\\/companyId\\\/1447247968\\\/type\\\/20\\\/token\\\/07276d14ec5a87371febea430cc470c4\",\"request_method\":\"GET\",\"request_bodys\":[],\"response_code\":200,\"response_body\":\"{\\\"code\\\":1,\\\"msg\\\":\\\"\\\\u67e5\\\\u8be2\\\\u6210\\\\u529f\\\",\\\"status_code\\\":4025,\\\"data\\\":{\\\"value\\\":\\\"1\\\"}}\",\"response_errorMessage\":null}","topic":""}
[2018-07-27 15:04:10,446] [2676] RunTime: 0.0851 s
 - INFO 
 - RestClient.doGet(D:\wamp\www\wscloud\backoffice\ThinkPHP\Library\Vendor\ApiGateway\RestClient.php:49)
 - {"message":"rest client","data":"{\"request_host\":\"http:\\\/\\\/localhost:133\\\/Home\",\"request_path\":\"\\\/Admin\\\/getAdminMsgCount\\\/status\\\/10\\\/token\\\/07276d14ec5a87371febea430cc470c4\",\"request_method\":\"GET\",\"request_bodys\":[],\"response_code\":200,\"response_body\":\"{\\\"code\\\":1,\\\"msg\\\":\\\"\\\\u67e5\\\\u8be2\\\\u6210\\\\u529f\\\",\\\"status_code\\\":4025,\\\"data\\\":\\\"0\\\"}\",\"response_errorMessage\":null}","topic":""}
[2018-07-27 15:05:43,892] [2676] RunTime: 0.0000 s
 - INFO 
 - RestClient.doPost(D:\wamp\www\wscloud\backoffice\ThinkPHP\Library\Vendor\ApiGateway\RestClient.php:83)
 - {"message":"rest client","data":"{\"request_host\":\"http:\\\/\\\/localhost:133\\\/Home\",\"request_path\":\"\\\/DriverService\\\/addDriver\\\/token\\\/07276d14ec5a87371febea430cc470c4\",\"request_method\":\"POST\",\"request_bodys\":{\"\":\"{\\\"name\\\":\\\"\\\\u674e\\\\u6587\\\\u7426\\\",\\\"sex\\\":\\\"1\\\",\\\"account\\\":\\\"wenqi\\\",\\\"phone\\\":\\\"13200000000\\\",\\\"password\\\":\\\"123456\\\",\\\"certification_code\\\":\\\"130625199205153456\\\",\\\"certification_expire_time\\\":1532620800,\\\"driving_age\\\":\\\"2\\\",\\\"status\\\":\\\"10\\\",\\\"code\\\":\\\"\\\",\\\"company_id\\\":\\\"1447247968\\\"}\"},\"response_code\":200,\"response_body\":\"{\\\"code\\\":0,\\\"msg\\\":\\\"\\\\u8bbf\\\\u95ee\\\\u670d\\\\u52a1\\\\u5668\\\\u5931\\\\u8d25\\\",\\\"status_code\\\":5000}\",\"response_errorMessage\":null}","topic":""}
[2018-07-27 15:07:14,460] [2676] RunTime: 0.0000 s
 - INFO 
 - RestClient.doPost(D:\wamp\www\wscloud\backoffice\ThinkPHP\Library\Vendor\ApiGateway\RestClient.php:83)
 - {"message":"rest client","data":"{\"request_host\":\"http:\\\/\\\/localhost:133\\\/Home\",\"request_path\":\"\\\/DriverService\\\/addDriver\\\/token\\\/07276d14ec5a87371febea430cc470c4\",\"request_method\":\"POST\",\"request_bodys\":{\"\":\"{\\\"name\\\":\\\"\\\\u674e\\\\u6587\\\\u7426\\\",\\\"sex\\\":\\\"1\\\",\\\"account\\\":\\\"wenqi\\\",\\\"phone\\\":\\\"13200000000\\\",\\\"password\\\":\\\"123456\\\",\\\"certification_code\\\":\\\"130625199205153456\\\",\\\"certification_expire_time\\\":1532620800,\\\"driving_age\\\":\\\"2\\\",\\\"status\\\":\\\"10\\\",\\\"code\\\":\\\"\\\",\\\"company_id\\\":\\\"1447247968\\\"}\"},\"response_code\":200,\"response_body\":\"{\\\"code\\\":0,\\\"msg\\\":\\\"\\\\u8bbf\\\\u95ee\\\\u670d\\\\u52a1\\\\u5668\\\\u5931\\\\u8d25\\\",\\\"status_code\\\":5000}\",\"response_errorMessage\":null}","topic":""}
[2018-07-27 15:08:24,127] [2676] RunTime: 0.0000 s
 - INFO 
 - RestClient.doPost(D:\wamp\www\wscloud\backoffice\ThinkPHP\Library\Vendor\ApiGateway\RestClient.php:83)
 - {"message":"rest client","data":"{\"request_host\":\"http:\\\/\\\/localhost:133\\\/Home\",\"request_path\":\"\\\/DriverService\\\/addDriver\\\/token\\\/07276d14ec5a87371febea430cc470c4\",\"request_method\":\"POST\",\"request_bodys\":{\"\":\"{\\\"name\\\":\\\"\\\\u674e\\\\u6587\\\\u7426\\\",\\\"sex\\\":\\\"1\\\",\\\"account\\\":\\\"wenqi\\\",\\\"phone\\\":\\\"13200000000\\\",\\\"password\\\":\\\"123456\\\",\\\"certification_code\\\":\\\"130625199205153456\\\",\\\"certification_expire_time\\\":1532620800,\\\"driving_age\\\":\\\"2\\\",\\\"status\\\":\\\"10\\\",\\\"code\\\":\\\"\\\",\\\"company_id\\\":\\\"1447247968\\\"}\"},\"response_code\":200,\"response_body\":\"{\\\"code\\\":0,\\\"msg\\\":\\\"\\\\u8bbf\\\\u95ee\\\\u670d\\\\u52a1\\\\u5668\\\\u5931\\\\u8d25\\\",\\\"status_code\\\":5000}\",\"response_errorMessage\":null}","topic":""}
[2018-07-27 15:09:52,629] [2676] RunTime: 0.0000 s
 - INFO 
 - RestClient.doPost(D:\wamp\www\wscloud\backoffice\ThinkPHP\Library\Vendor\ApiGateway\RestClient.php:83)
 - {"message":"rest client","data":"{\"request_host\":\"http:\\\/\\\/localhost:133\\\/Home\",\"request_path\":\"\\\/DriverService\\\/addDriver\\\/token\\\/07276d14ec5a87371febea430cc470c4\",\"request_method\":\"POST\",\"request_bodys\":{\"\":\"{\\\"name\\\":\\\"\\\\u674e\\\\u6587\\\\u7426\\\",\\\"sex\\\":\\\"1\\\",\\\"account\\\":\\\"wenqi\\\",\\\"phone\\\":\\\"13200000000\\\",\\\"password\\\":\\\"123456\\\",\\\"certification_code\\\":\\\"130625199205153456\\\",\\\"certification_expire_time\\\":1532620800,\\\"driving_age\\\":\\\"2\\\",\\\"status\\\":\\\"10\\\",\\\"code\\\":\\\"\\\",\\\"company_id\\\":\\\"1447247968\\\"}\"},\"response_code\":200,\"response_body\":\"{\\\"code\\\":0,\\\"status_code\\\":5000,\\\"msg\\\":\\\"\\\\u8bbf\\\\u95ee\\\\u670d\\\\u52a1\\\\u5668\\\\u5931\\\\u8d25\\\",\\\"data\\\":\\\"\\\",\\\"http_code\\\":0,\\\"http_msg\\\":null}\",\"response_errorMessage\":null}","topic":""}
[2018-07-27 15:11:27,347] [2676] RunTime: 0.0000 s
 - INFO 
 - RestClient.doPost(D:\wamp\www\wscloud\backoffice\ThinkPHP\Library\Vendor\ApiGateway\RestClient.php:83)
 - {"message":"rest client","data":"{\"request_host\":\"http:\\\/\\\/localhost:133\\\/Home\",\"request_path\":\"\\\/DriverService\\\/addDriver\\\/token\\\/07276d14ec5a87371febea430cc470c4\",\"request_method\":\"POST\",\"request_bodys\":{\"\":\"{\\\"name\\\":\\\"\\\\u674e\\\\u6587\\\\u7426\\\",\\\"sex\\\":\\\"1\\\",\\\"account\\\":\\\"wenqi\\\",\\\"phone\\\":\\\"13200000000\\\",\\\"password\\\":\\\"123456\\\",\\\"certification_code\\\":\\\"130625199205153456\\\",\\\"certification_expire_time\\\":1532620800,\\\"driving_age\\\":\\\"2\\\",\\\"status\\\":\\\"10\\\",\\\"code\\\":\\\"\\\",\\\"company_id\\\":\\\"1447247968\\\"}\"},\"response_code\":200,\"response_body\":\"{\\\"code\\\":0,\\\"status_code\\\":5000,\\\"msg\\\":\\\"\\\\u8bbf\\\\u95ee\\\\u670d\\\\u52a1\\\\u5668\\\\u5931\\\\u8d25\\\",\\\"data\\\":\\\"\\\",\\\"http_code\\\":0,\\\"http_msg\\\":null}\",\"response_errorMessage\":null}","topic":""}
[2018-07-27 15:13:29,181] [2676] RunTime: 0.0000 s
 - INFO 
 - RestClient.doPost(D:\wamp\www\wscloud\backoffice\ThinkPHP\Library\Vendor\ApiGateway\RestClient.php:83)
 - {"message":"rest client","data":"{\"request_host\":\"http:\\\/\\\/localhost:133\\\/Home\",\"request_path\":\"\\\/DriverService\\\/addDriver\\\/token\\\/07276d14ec5a87371febea430cc470c4\",\"request_method\":\"POST\",\"request_bodys\":{\"\":\"{\\\"name\\\":\\\"\\\\u674e\\\\u6587\\\\u7426\\\",\\\"sex\\\":\\\"1\\\",\\\"account\\\":\\\"wenqi\\\",\\\"phone\\\":\\\"13200000000\\\",\\\"password\\\":\\\"123456\\\",\\\"certification_code\\\":\\\"130625199205153456\\\",\\\"certification_expire_time\\\":1532620800,\\\"driving_age\\\":\\\"2\\\",\\\"status\\\":\\\"10\\\",\\\"code\\\":\\\"\\\",\\\"company_id\\\":\\\"1447247968\\\"}\"},\"response_code\":200,\"response_body\":\"{\\\"code\\\":0,\\\"status_code\\\":5000,\\\"msg\\\":\\\"\\\\u8bbf\\\\u95ee\\\\u670d\\\\u52a1\\\\u5668\\\\u5931\\\\u8d25\\\",\\\"data\\\":\\\"\\\",\\\"http_code\\\":0,\\\"http_msg\\\":null}\",\"response_errorMessage\":null}","topic":""}
[2018-07-27 15:17:05,279] [2676] RunTime: 0.0000 s
 - INFO 
 - RestClient.doPost(D:\wamp\www\wscloud\backoffice\ThinkPHP\Library\Vendor\ApiGateway\RestClient.php:83)
 - {"message":"rest client","data":"{\"request_host\":\"http:\\\/\\\/localhost:133\\\/Home\",\"request_path\":\"\\\/DriverService\\\/addDriver\\\/token\\\/07276d14ec5a87371febea430cc470c4\",\"request_method\":\"POST\",\"request_bodys\":{\"\":\"{\\\"name\\\":\\\"\\\\u674e\\\\u6587\\\\u7426\\\",\\\"sex\\\":\\\"1\\\",\\\"account\\\":\\\"wenqi\\\",\\\"phone\\\":\\\"13200000000\\\",\\\"password\\\":\\\"123456\\\",\\\"certification_code\\\":\\\"130625199205153456\\\",\\\"certification_expire_time\\\":1532620800,\\\"driving_age\\\":\\\"2\\\",\\\"status\\\":\\\"10\\\",\\\"code\\\":\\\"\\\",\\\"company_id\\\":\\\"1447247968\\\"}\"},\"response_code\":200,\"response_body\":\"{\\\"httpCode\\\":0,\\\"resultData\\\":null,\\\"errorMessage\\\":null}\",\"response_errorMessage\":null}","topic":""}
[2018-07-27 15:20:08,425] [2676] RunTime: 0.0000 s
 - INFO 
 - RestClient.doPost(D:\wamp\www\wscloud\backoffice\ThinkPHP\Library\Vendor\ApiGateway\RestClient.php:83)
 - {"message":"rest client","data":"{\"request_host\":\"http:\\\/\\\/localhost:133\\\/Home\",\"request_path\":\"\\\/DriverService\\\/addDriver\\\/token\\\/07276d14ec5a87371febea430cc470c4\",\"request_method\":\"POST\",\"request_bodys\":{\"\":\"{\\\"name\\\":\\\"\\\\u674e\\\\u6587\\\\u7426\\\",\\\"sex\\\":\\\"1\\\",\\\"account\\\":\\\"wenqi\\\",\\\"phone\\\":\\\"13200000000\\\",\\\"password\\\":\\\"123456\\\",\\\"certification_code\\\":\\\"130625199205153456\\\",\\\"certification_expire_time\\\":1532620800,\\\"driving_age\\\":\\\"2\\\",\\\"status\\\":\\\"10\\\",\\\"code\\\":\\\"\\\",\\\"company_id\\\":\\\"1447247968\\\"}\"},\"response_code\":200,\"response_body\":\"{\\\"httpCode\\\":0,\\\"resultData\\\":null,\\\"errorMessage\\\":null}\",\"response_errorMessage\":null}","topic":""}
[2018-07-27 15:21:32,482] [2676] RunTime: 0.0000 s
 - INFO 
 - RestClient.doPost(D:\wamp\www\wscloud\backoffice\ThinkPHP\Library\Vendor\ApiGateway\RestClient.php:83)
 - {"message":"rest client","data":"{\"request_host\":\"http:\\\/\\\/localhost:133\\\/Home\",\"request_path\":\"\\\/DriverService\\\/addDriver\\\/token\\\/07276d14ec5a87371febea430cc470c4\",\"request_method\":\"POST\",\"request_bodys\":{\"\":\"{\\\"name\\\":\\\"\\\\u674e\\\\u6587\\\\u7426\\\",\\\"sex\\\":\\\"1\\\",\\\"account\\\":\\\"wenqi\\\",\\\"phone\\\":\\\"13200000000\\\",\\\"password\\\":\\\"123456\\\",\\\"certification_code\\\":\\\"130625199205153456\\\",\\\"certification_expire_time\\\":1532620800,\\\"driving_age\\\":\\\"2\\\",\\\"status\\\":\\\"10\\\",\\\"code\\\":\\\"\\\",\\\"company_id\\\":\\\"1447247968\\\"}\"},\"response_code\":200,\"response_body\":\"{\\\"httpCode\\\":0,\\\"resultData\\\":null,\\\"errorMessage\\\":null}\",\"response_errorMessage\":null}","topic":""}
[2018-07-27 15:24:05,916] [2676] RunTime: 0.0000 s
 - INFO 
 - RestClient.doPost(D:\wamp\www\wscloud\backoffice\ThinkPHP\Library\Vendor\ApiGateway\RestClient.php:83)
 - {"message":"rest client","data":"{\"request_host\":\"http:\\\/\\\/localhost:133\\\/Home\",\"request_path\":\"\\\/DriverService\\\/addDriver\\\/token\\\/07276d14ec5a87371febea430cc470c4\",\"request_method\":\"POST\",\"request_bodys\":{\"\":\"{\\\"name\\\":\\\"\\\\u674e\\\\u6587\\\\u7426\\\",\\\"sex\\\":\\\"1\\\",\\\"account\\\":\\\"wenqi\\\",\\\"phone\\\":\\\"13200000000\\\",\\\"password\\\":\\\"123456\\\",\\\"certification_code\\\":\\\"130625199205153456\\\",\\\"certification_expire_time\\\":1532620800,\\\"driving_age\\\":\\\"2\\\",\\\"status\\\":\\\"10\\\",\\\"code\\\":\\\"\\\",\\\"company_id\\\":\\\"1447247968\\\"}\"},\"response_code\":200,\"response_body\":\"{\\\"code\\\":1,\\\"msg\\\":\\\"\\\\u6dfb\\\\u52a0\\\\u6210\\\\u529f\\\",\\\"status_code\\\":4027}\",\"response_errorMessage\":null}","topic":""}
[2018-07-27 15:28:50,049] [2676] RunTime: 0.0000 s
 - INFO 
 - RestClient.doPost(D:\wamp\www\wscloud\backoffice\ThinkPHP\Library\Vendor\ApiGateway\RestClient.php:83)
 - {"message":"rest client","data":"{\"request_host\":\"http:\\\/\\\/localhost:133\\\/Home\",\"request_path\":\"\\\/DriverService\\\/addDriver\\\/token\\\/07276d14ec5a87371febea430cc470c4\",\"request_method\":\"POST\",\"request_bodys\":{\"\":\"{\\\"name\\\":\\\"\\\\u674e\\\\u6587\\\\u7426\\\",\\\"sex\\\":\\\"1\\\",\\\"account\\\":\\\"wenqi\\\",\\\"phone\\\":\\\"13200000001\\\",\\\"password\\\":\\\"123456\\\",\\\"certification_code\\\":\\\"130625199205153456\\\",\\\"certification_expire_time\\\":1532620800,\\\"driving_age\\\":\\\"2\\\",\\\"status\\\":\\\"10\\\",\\\"code\\\":\\\"\\\",\\\"company_id\\\":\\\"1447247968\\\"}\"},\"response_code\":200,\"response_body\":\"{\\\"code\\\":0,\\\"msg\\\":\\\"\\\\u7528\\\\u6237\\\\u540d\\\\u5df2\\\\u5b58\\\\u5728\\\",\\\"status_code\\\":3007}\",\"response_errorMessage\":null}","topic":""}
[2018-07-27 15:28:55,324] [2676] RunTime: 0.0000 s
 - INFO 
 - RestClient.doPost(D:\wamp\www\wscloud\backoffice\ThinkPHP\Library\Vendor\ApiGateway\RestClient.php:83)
 - {"message":"rest client","data":"{\"request_host\":\"http:\\\/\\\/localhost:133\\\/Home\",\"request_path\":\"\\\/DriverService\\\/addDriver\\\/token\\\/07276d14ec5a87371febea430cc470c4\",\"request_method\":\"POST\",\"request_bodys\":{\"\":\"{\\\"name\\\":\\\"\\\\u674e\\\\u6587\\\\u7426\\\",\\\"sex\\\":\\\"1\\\",\\\"account\\\":\\\"wenqi1\\\",\\\"phone\\\":\\\"13200000001\\\",\\\"password\\\":\\\"123456\\\",\\\"certification_code\\\":\\\"130625199205153456\\\",\\\"certification_expire_time\\\":1532620800,\\\"driving_age\\\":\\\"2\\\",\\\"status\\\":\\\"10\\\",\\\"code\\\":\\\"\\\",\\\"company_id\\\":\\\"1447247968\\\"}\"},\"response_code\":200,\"response_body\":\"{\\\"code\\\":1,\\\"msg\\\":\\\"\\\\u6dfb\\\\u52a0\\\\u6210\\\\u529f\\\",\\\"status_code\\\":4027}\",\"response_errorMessage\":null}","topic":""}
[2018-07-27 15:31:13,358] [2676] RunTime: 0.0000 s
 - INFO 
 - RestClient.doGet(D:\wamp\www\wscloud\backoffice\ThinkPHP\Library\Vendor\ApiGateway\RestClient.php:49)
 - {"message":"rest client","data":"{\"request_host\":\"http:\\\/\\\/localhost:133\\\/Home\",\"request_path\":\"\\\/System\\\/getSystemSetting\\\/companyId\\\/1447247968\\\/type\\\/20\\\/token\\\/07276d14ec5a87371febea430cc470c4\",\"request_method\":\"GET\",\"request_bodys\":[],\"response_code\":200,\"response_body\":\"{\\\"code\\\":1,\\\"msg\\\":\\\"\\\\u67e5\\\\u8be2\\\\u6210\\\\u529f\\\",\\\"status_code\\\":4025,\\\"data\\\":{\\\"value\\\":\\\"1\\\"}}\",\"response_errorMessage\":null}","topic":""}
[2018-07-27 15:31:13,414] [2676] RunTime: 0.0560 s
 - INFO 
 - RestClient.doGet(D:\wamp\www\wscloud\backoffice\ThinkPHP\Library\Vendor\ApiGateway\RestClient.php:49)
 - {"message":"rest client","data":"{\"request_host\":\"http:\\\/\\\/localhost:133\\\/Home\",\"request_path\":\"\\\/Admin\\\/getAdminMsgCount\\\/status\\\/10\\\/token\\\/07276d14ec5a87371febea430cc470c4\",\"request_method\":\"GET\",\"request_bodys\":[],\"response_code\":200,\"response_body\":\"{\\\"code\\\":1,\\\"msg\\\":\\\"\\\\u67e5\\\\u8be2\\\\u6210\\\\u529f\\\",\\\"status_code\\\":4025,\\\"data\\\":\\\"0\\\"}\",\"response_errorMessage\":null}","topic":""}
[2018-07-27 15:32:30,574] [2676] RunTime: 0.0000 s
 - INFO 
 - RestClient.doGet(D:\wamp\www\wscloud\backoffice\ThinkPHP\Library\Vendor\ApiGateway\RestClient.php:49)
 - {"message":"rest client","data":"{\"request_host\":\"http:\\\/\\\/localhost:133\\\/Home\",\"request_path\":\"\\\/Device\\\/searchDevice\\\/serialNo\\\/1\\\/companyId\\\/1447247968\\\/token\\\/07276d14ec5a87371febea430cc470c4\",\"request_method\":\"GET\",\"request_bodys\":[],\"response_code\":200,\"response_body\":\"{\\\"code\\\":1,\\\"msg\\\":\\\"\\\\u67e5\\\\u8be2\\\\u6b63\\\\u5e38\\\",\\\"status_code\\\":1000,\\\"data\\\":[{\\\"serial_no\\\":\\\"12456\\\",\\\"id\\\":\\\"7882128443\\\"},{\\\"serial_no\\\":\\\"12535\\\",\\\"id\\\":\\\"8606702515\\\"},{\\\"serial_no\\\":\\\"12345\\\",\\\"id\\\":\\\"8647758673\\\"},{\\\"serial_no\\\":\\\"1234567\\\",\\\"id\\\":\\\"8647758674\\\"}]}\",\"response_errorMessage\":null}","topic":""}
[2018-07-27 15:32:30,688] [2676] RunTime: 0.0000 s
 - INFO 
 - RestClient.doGet(D:\wamp\www\wscloud\backoffice\ThinkPHP\Library\Vendor\ApiGateway\RestClient.php:49)
 - {"message":"rest client","data":"{\"request_host\":\"http:\\\/\\\/localhost:133\\\/Home\",\"request_path\":\"\\\/Device\\\/searchDevice\\\/serialNo\\\/12\\\/companyId\\\/1447247968\\\/token\\\/07276d14ec5a87371febea430cc470c4\",\"request_method\":\"GET\",\"request_bodys\":[],\"response_code\":200,\"response_body\":\"{\\\"code\\\":1,\\\"msg\\\":\\\"\\\\u67e5\\\\u8be2\\\\u6b63\\\\u5e38\\\",\\\"status_code\\\":1000,\\\"data\\\":[{\\\"serial_no\\\":\\\"12456\\\",\\\"id\\\":\\\"7882128443\\\"},{\\\"serial_no\\\":\\\"12535\\\",\\\"id\\\":\\\"8606702515\\\"},{\\\"serial_no\\\":\\\"12345\\\",\\\"id\\\":\\\"8647758673\\\"},{\\\"serial_no\\\":\\\"1234567\\\",\\\"id\\\":\\\"8647758674\\\"}]}\",\"response_errorMessage\":null}","topic":""}
[2018-07-27 15:32:38,172] [2676] RunTime: 0.0000 s
 - INFO 
 - RestClient.doPost(D:\wamp\www\wscloud\backoffice\ThinkPHP\Library\Vendor\ApiGateway\RestClient.php:83)
 - {"message":"rest client","data":"{\"request_host\":\"http:\\\/\\\/localhost:133\\\/Home\",\"request_path\":\"\\\/Vehicle\\\/ajaxAddVehicle\\\/token\\\/07276d14ec5a87371febea430cc470c4\",\"request_method\":\"POST\",\"request_bodys\":{\"\":\"{\\\"id\\\":\\\"4118020736\\\",\\\"company_id\\\":\\\"1447247968\\\",\\\"model\\\":\\\"\\\\u53cd\\\\u5bf9\\\\u6cd5\\\",\\\"vehicle_no\\\":\\\"\\\\u5180F12345\\\",\\\"device_no\\\":\\\"1234567\\\",\\\"device_id\\\":\\\"8647758674\\\"}\"},\"response_code\":200,\"response_body\":\"{\\\"code\\\":1,\\\"msg\\\":\\\"\\\\u6dfb\\\\u52a0\\\\u6210\\\\u529f\\\",\\\"status_code\\\":4027}\",\"response_errorMessage\":null}","topic":""}
[2018-07-27 15:53:53,113] [2676] RunTime: 0.0000 s
 - INFO 
 - RestClient.doGet(D:\wamp\www\wscloud\backoffice\ThinkPHP\Library\Vendor\ApiGateway\RestClient.php:49)
 - {"message":"rest client","data":"{\"request_host\":\"http:\\\/\\\/localhost:133\\\/Home\",\"request_path\":\"\\\/System\\\/getSystemSetting\\\/companyId\\\/1447247968\\\/type\\\/20\\\/token\\\/07276d14ec5a87371febea430cc470c4\",\"request_method\":\"GET\",\"request_bodys\":[],\"response_code\":200,\"response_body\":\"{\\\"code\\\":1,\\\"msg\\\":\\\"\\\\u67e5\\\\u8be2\\\\u6210\\\\u529f\\\",\\\"status_code\\\":4025,\\\"data\\\":{\\\"value\\\":\\\"1\\\"}}\",\"response_errorMessage\":null}","topic":""}
[2018-07-27 15:53:53,185] [2676] RunTime: 0.0717 s
 - INFO 
 - RestClient.doGet(D:\wamp\www\wscloud\backoffice\ThinkPHP\Library\Vendor\ApiGateway\RestClient.php:49)
 - {"message":"rest client","data":"{\"request_host\":\"http:\\\/\\\/localhost:133\\\/Home\",\"request_path\":\"\\\/Admin\\\/getAdminMsgCount\\\/status\\\/10\\\/token\\\/07276d14ec5a87371febea430cc470c4\",\"request_method\":\"GET\",\"request_bodys\":[],\"response_code\":200,\"response_body\":\"{\\\"code\\\":1,\\\"msg\\\":\\\"\\\\u67e5\\\\u8be2\\\\u6210\\\\u529f\\\",\\\"status_code\\\":4025,\\\"data\\\":\\\"0\\\"}\",\"response_errorMessage\":null}","topic":""}
[2018-07-27 15:55:02,666] [2676] RunTime: 0.0000 s
 - INFO 
 - RestClient.doGet(D:\wamp\www\wscloud\backoffice\ThinkPHP\Library\Vendor\ApiGateway\RestClient.php:49)
 - {"message":"rest client","data":"{\"request_host\":\"http:\\\/\\\/localhost:133\\\/Home\",\"request_path\":\"\\\/System\\\/getSystemSetting\\\/companyId\\\/1447247968\\\/type\\\/20\\\/token\\\/07276d14ec5a87371febea430cc470c4\",\"request_method\":\"GET\",\"request_bodys\":[],\"response_code\":200,\"response_body\":\"{\\\"code\\\":1,\\\"msg\\\":\\\"\\\\u67e5\\\\u8be2\\\\u6210\\\\u529f\\\",\\\"status_code\\\":4025,\\\"data\\\":{\\\"value\\\":\\\"1\\\"}}\",\"response_errorMessage\":null}","topic":""}
[2018-07-27 15:55:02,818] [2676] RunTime: 0.1520 s
 - INFO 
 - RestClient.doGet(D:\wamp\www\wscloud\backoffice\ThinkPHP\Library\Vendor\ApiGateway\RestClient.php:49)
 - {"message":"rest client","data":"{\"request_host\":\"http:\\\/\\\/localhost:133\\\/Home\",\"request_path\":\"\\\/Admin\\\/getAdminMsgCount\\\/status\\\/10\\\/token\\\/07276d14ec5a87371febea430cc470c4\",\"request_method\":\"GET\",\"request_bodys\":[],\"response_code\":200,\"response_body\":\"{\\\"code\\\":1,\\\"msg\\\":\\\"\\\\u67e5\\\\u8be2\\\\u6210\\\\u529f\\\",\\\"status_code\\\":4025,\\\"data\\\":\\\"0\\\"}\",\"response_errorMessage\":null}","topic":""}
[2018-07-27 17:04:06,969] [2676] RunTime: 0.0000 s
 - INFO 
 - RestClient.doGet(D:\wamp\www\wscloud\backoffice\ThinkPHP\Library\Vendor\ApiGateway\RestClient.php:49)
 - {"message":"rest client","data":"{\"request_host\":\"http:\\\/\\\/localhost:133\\\/Home\",\"request_path\":\"\\\/System\\\/getWarningType\\\/companyId\\\/1447247968\\\/token\\\/07276d14ec5a87371febea430cc470c4\",\"request_method\":\"GET\",\"request_bodys\":[],\"response_code\":200,\"response_body\":\"{\\\"code\\\":0,\\\"msg\\\":\\\"token\\\\u8fc7\\\\u671f\\\",\\\"status_code\\\":2001}\",\"response_errorMessage\":null}","topic":""}
[2018-07-27 17:04:07,099] [2676] RunTime: 0.1298 s
 - INFO 
 - RestClient.doGet(D:\wamp\www\wscloud\backoffice\ThinkPHP\Library\Vendor\ApiGateway\RestClient.php:49)
 - {"message":"rest client","data":"{\"request_host\":\"http:\\\/\\\/localhost:133\\\/Home\",\"request_path\":\"\\\/Login\\\/refreshToken\\\/refreshToken\\\/07276d14ec5a87371febea430cc470c4\\\/token\\\/07276d14ec5a87371febea430cc470c4\\\/type\\\/10\",\"request_method\":\"GET\",\"request_bodys\":[],\"response_code\":200,\"response_body\":\"{\\\"code\\\":1,\\\"msg\\\":\\\"token\\\\u5237\\\\u65b0\\\\u6210\\\\u529f\\\",\\\"status_code\\\":2002,\\\"data\\\":{\\\"token\\\":\\\"1201d36ea63b4a24704a1e713d9f99ca\\\"}}\",\"response_errorMessage\":null}","topic":""}
[2018-07-27 17:04:07,177] [2676] RunTime: 0.2072 s
 - INFO 
 - RestClient.doGet(D:\wamp\www\wscloud\backoffice\ThinkPHP\Library\Vendor\ApiGateway\RestClient.php:49)
 - {"message":"rest client","data":"{\"request_host\":\"http:\\\/\\\/localhost:133\\\/Home\",\"request_path\":\"\\\/System\\\/getWarningType\\\/companyId\\\/1447247968\\\/token\\\/1201d36ea63b4a24704a1e713d9f99ca\",\"request_method\":\"GET\",\"request_bodys\":[],\"response_code\":200,\"response_body\":\"{\\\"code\\\":1,\\\"msg\\\":\\\"\\\\u67e5\\\\u8be2\\\\u6210\\\\u529f\\\",\\\"status_code\\\":4025,\\\"data\\\":{\\\"\\\\u5206\\\\u5fc3\\\":{\\\"10\\\":\\\"\\\\u6253\\\\u7535\\\\u8bdd\\\",\\\"11\\\":\\\"\\\\u62bd\\\\u70df\\\",\\\"13\\\":\\\"\\\\u5de6\\\\u53f3\\\\u5f20\\\\u671b\\\",\\\"16\\\":\\\"\\\\u906e\\\\u6321\\\\u76f8\\\\u673a\\\"},\\\"\\\\u75b2\\\\u52b3\\\":{\\\"12\\\":\\\"\\\\u6253\\\\u54c8\\\\u6b20\\\",\\\"14\\\":\\\"\\\\u4f4e\\\\u5934\\\",\\\"15\\\":\\\"\\\\u95ed\\\\u773c\\\\u775b\\\"}}}\",\"response_errorMessage\":null}","topic":""}
[2018-07-27 17:04:07,254] [2676] RunTime: 0.2849 s
 - INFO 
 - RestClient.doGet(D:\wamp\www\wscloud\backoffice\ThinkPHP\Library\Vendor\ApiGateway\RestClient.php:49)
 - {"message":"rest client","data":"{\"request_host\":\"http:\\\/\\\/localhost:133\\\/Home\",\"request_path\":\"\\\/System\\\/getSystemSetting\\\/companyId\\\/1447247968\\\/type\\\/10\\\/token\\\/1201d36ea63b4a24704a1e713d9f99ca\",\"request_method\":\"GET\",\"request_bodys\":[],\"response_code\":200,\"response_body\":\"{\\\"code\\\":1,\\\"msg\\\":\\\"\\\\u67e5\\\\u8be2\\\\u6210\\\\u529f\\\",\\\"status_code\\\":4025,\\\"data\\\":{\\\"value\\\":\\\"10,11,13,16,12,14,15\\\"}}\",\"response_errorMessage\":null}","topic":""}
[2018-07-27 17:04:07,329] [2676] RunTime: 0.3600 s
 - INFO 
 - RestClient.doGet(D:\wamp\www\wscloud\backoffice\ThinkPHP\Library\Vendor\ApiGateway\RestClient.php:49)
 - {"message":"rest client","data":"{\"request_host\":\"http:\\\/\\\/localhost:133\\\/Home\",\"request_path\":\"\\\/System\\\/getSystemSetting\\\/companyId\\\/1447247968\\\/type\\\/20\\\/token\\\/1201d36ea63b4a24704a1e713d9f99ca\",\"request_method\":\"GET\",\"request_bodys\":[],\"response_code\":200,\"response_body\":\"{\\\"code\\\":1,\\\"msg\\\":\\\"\\\\u67e5\\\\u8be2\\\\u6210\\\\u529f\\\",\\\"status_code\\\":4025,\\\"data\\\":{\\\"value\\\":\\\"1\\\"}}\",\"response_errorMessage\":null}","topic":""}
[2018-07-27 17:04:07,413] [2676] RunTime: 0.4436 s
 - INFO 
 - RestClient.doGet(D:\wamp\www\wscloud\backoffice\ThinkPHP\Library\Vendor\ApiGateway\RestClient.php:49)
 - {"message":"rest client","data":"{\"request_host\":\"http:\\\/\\\/localhost:133\\\/Home\",\"request_path\":\"\\\/System\\\/getSystemSetting\\\/companyId\\\/1447247968\\\/type\\\/20\\\/token\\\/1201d36ea63b4a24704a1e713d9f99ca\",\"request_method\":\"GET\",\"request_bodys\":[],\"response_code\":200,\"response_body\":\"{\\\"code\\\":1,\\\"msg\\\":\\\"\\\\u67e5\\\\u8be2\\\\u6210\\\\u529f\\\",\\\"status_code\\\":4025,\\\"data\\\":{\\\"value\\\":\\\"1\\\"}}\",\"response_errorMessage\":null}","topic":""}
[2018-07-27 17:04:07,472] [2676] RunTime: 0.5026 s
 - INFO 
 - RestClient.doGet(D:\wamp\www\wscloud\backoffice\ThinkPHP\Library\Vendor\ApiGateway\RestClient.php:49)
 - {"message":"rest client","data":"{\"request_host\":\"http:\\\/\\\/localhost:133\\\/Home\",\"request_path\":\"\\\/Admin\\\/getAdminMsgCount\\\/status\\\/10\\\/token\\\/1201d36ea63b4a24704a1e713d9f99ca\",\"request_method\":\"GET\",\"request_bodys\":[],\"response_code\":200,\"response_body\":\"{\\\"code\\\":1,\\\"msg\\\":\\\"\\\\u67e5\\\\u8be2\\\\u6210\\\\u529f\\\",\\\"status_code\\\":4025,\\\"data\\\":\\\"0\\\"}\",\"response_errorMessage\":null}","topic":""}
[2018-07-27 17:04:09,953] [2676] RunTime: 0.0000 s
 - INFO 
 - RestClient.doPost(D:\wamp\www\wscloud\backoffice\ThinkPHP\Library\Vendor\ApiGateway\RestClient.php:83)
 - {"message":"rest client","data":"{\"request_host\":\"http:\\\/\\\/localhost:133\\\/Home\",\"request_path\":\"\\\/System\\\/setSystemSetting\\\/token\\\/1201d36ea63b4a24704a1e713d9f99ca\",\"request_method\":\"POST\",\"request_bodys\":{\"\":\"{\\\"companyId\\\":\\\"1447247968\\\",\\\"type\\\":20,\\\"value\\\":1}\"},\"response_code\":200,\"response_body\":\"{\\\"code\\\":1,\\\"msg\\\":\\\"\\\\u66f4\\\\u65b0\\\\u6210\\\\u529f\\\",\\\"status_code\\\":4017}\",\"response_errorMessage\":null}","topic":""}
[2018-07-27 17:06:08,641] [2676] RunTime: 0.0000 s
 - INFO 
 - RestClient.doPost(D:\wamp\www\wscloud\backoffice\ThinkPHP\Library\Vendor\ApiGateway\RestClient.php:83)
 - {"message":"rest client","data":"{\"request_host\":\"http:\\\/\\\/localhost:133\\\/Home\",\"request_path\":\"\\\/System\\\/setSystemSetting\\\/token\\\/1201d36ea63b4a24704a1e713d9f99ca\",\"request_method\":\"POST\",\"request_bodys\":{\"\":\"{\\\"companyId\\\":\\\"1447247968\\\",\\\"type\\\":20,\\\"value\\\":1}\"},\"response_code\":200,\"response_body\":\"{\\\"code\\\":1,\\\"msg\\\":\\\"\\\\u66f4\\\\u65b0\\\\u6210\\\\u529f\\\",\\\"status_code\\\":4017}\",\"response_errorMessage\":null}","topic":""}
[2018-07-27 17:09:39,303] [2676] RunTime: 0.0000 s
 - INFO 
 - RestClient.doPost(D:\wamp\www\wscloud\backoffice\ThinkPHP\Library\Vendor\ApiGateway\RestClient.php:83)
 - {"message":"rest client","data":"{\"request_host\":\"http:\\\/\\\/localhost:133\\\/Home\",\"request_path\":\"\\\/System\\\/setSystemSetting\\\/token\\\/1201d36ea63b4a24704a1e713d9f99ca\",\"request_method\":\"POST\",\"request_bodys\":{\"\":\"{\\\"companyId\\\":\\\"1447247968\\\",\\\"type\\\":10,\\\"value\\\":\\\"10,11,13,16,12,14,15\\\"}\"},\"response_code\":200,\"response_body\":\"{\\\"code\\\":1,\\\"msg\\\":\\\"\\\\u66f4\\\\u65b0\\\\u6210\\\\u529f\\\",\\\"status_code\\\":4017}\",\"response_errorMessage\":null}","topic":""}
[2018-07-27 17:10:18,790] [2676] RunTime: 0.0000 s
 - INFO 
 - RestClient.doGet(D:\wamp\www\wscloud\backoffice\ThinkPHP\Library\Vendor\ApiGateway\RestClient.php:49)
 - {"message":"rest client","data":"{\"request_host\":\"http:\\\/\\\/localhost:133\\\/Home\",\"request_path\":\"\\\/System\\\/getWarningType\\\/companyId\\\/1447247968\\\/token\\\/1201d36ea63b4a24704a1e713d9f99ca\",\"request_method\":\"GET\",\"request_bodys\":[],\"response_code\":200,\"response_body\":\"{\\\"code\\\":1,\\\"msg\\\":\\\"\\\\u67e5\\\\u8be2\\\\u6210\\\\u529f\\\",\\\"status_code\\\":4025,\\\"data\\\":{\\\"\\\\u5206\\\\u5fc3\\\":{\\\"10\\\":\\\"\\\\u6253\\\\u7535\\\\u8bdd\\\",\\\"11\\\":\\\"\\\\u62bd\\\\u70df\\\",\\\"13\\\":\\\"\\\\u5de6\\\\u53f3\\\\u5f20\\\\u671b\\\",\\\"16\\\":\\\"\\\\u906e\\\\u6321\\\\u76f8\\\\u673a\\\"},\\\"\\\\u75b2\\\\u52b3\\\":{\\\"12\\\":\\\"\\\\u6253\\\\u54c8\\\\u6b20\\\",\\\"14\\\":\\\"\\\\u4f4e\\\\u5934\\\",\\\"15\\\":\\\"\\\\u95ed\\\\u773c\\\\u775b\\\"}}}\",\"response_errorMessage\":null}","topic":""}
[2018-07-27 17:10:18,895] [2676] RunTime: 0.1054 s
 - INFO 
 - RestClient.doGet(D:\wamp\www\wscloud\backoffice\ThinkPHP\Library\Vendor\ApiGateway\RestClient.php:49)
 - {"message":"rest client","data":"{\"request_host\":\"http:\\\/\\\/localhost:133\\\/Home\",\"request_path\":\"\\\/System\\\/getSystemSetting\\\/companyId\\\/1447247968\\\/type\\\/10\\\/token\\\/1201d36ea63b4a24704a1e713d9f99ca\",\"request_method\":\"GET\",\"request_bodys\":[],\"response_code\":200,\"response_body\":\"{\\\"code\\\":1,\\\"msg\\\":\\\"\\\\u67e5\\\\u8be2\\\\u6210\\\\u529f\\\",\\\"status_code\\\":4025,\\\"data\\\":{\\\"value\\\":\\\"10,11,13,16,12,14,15\\\"}}\",\"response_errorMessage\":null}","topic":""}
[2018-07-27 17:10:18,976] [2676] RunTime: 0.1866 s
 - INFO 
 - RestClient.doGet(D:\wamp\www\wscloud\backoffice\ThinkPHP\Library\Vendor\ApiGateway\RestClient.php:49)
 - {"message":"rest client","data":"{\"request_host\":\"http:\\\/\\\/localhost:133\\\/Home\",\"request_path\":\"\\\/System\\\/getSystemSetting\\\/companyId\\\/1447247968\\\/type\\\/20\\\/token\\\/1201d36ea63b4a24704a1e713d9f99ca\",\"request_method\":\"GET\",\"request_bodys\":[],\"response_code\":200,\"response_body\":\"{\\\"code\\\":1,\\\"msg\\\":\\\"\\\\u67e5\\\\u8be2\\\\u6210\\\\u529f\\\",\\\"status_code\\\":4025,\\\"data\\\":{\\\"value\\\":\\\"1\\\"}}\",\"response_errorMessage\":null}","topic":""}
[2018-07-27 17:10:19,077] [2676] RunTime: 0.2879 s
 - INFO 
 - RestClient.doGet(D:\wamp\www\wscloud\backoffice\ThinkPHP\Library\Vendor\ApiGateway\RestClient.php:49)
 - {"message":"rest client","data":"{\"request_host\":\"http:\\\/\\\/localhost:133\\\/Home\",\"request_path\":\"\\\/System\\\/getSystemSetting\\\/companyId\\\/1447247968\\\/type\\\/20\\\/token\\\/1201d36ea63b4a24704a1e713d9f99ca\",\"request_method\":\"GET\",\"request_bodys\":[],\"response_code\":200,\"response_body\":\"{\\\"code\\\":1,\\\"msg\\\":\\\"\\\\u67e5\\\\u8be2\\\\u6210\\\\u529f\\\",\\\"status_code\\\":4025,\\\"data\\\":{\\\"value\\\":\\\"1\\\"}}\",\"response_errorMessage\":null}","topic":""}
[2018-07-27 17:10:19,147] [2676] RunTime: 0.3574 s
 - INFO 
 - RestClient.doGet(D:\wamp\www\wscloud\backoffice\ThinkPHP\Library\Vendor\ApiGateway\RestClient.php:49)
 - {"message":"rest client","data":"{\"request_host\":\"http:\\\/\\\/localhost:133\\\/Home\",\"request_path\":\"\\\/Admin\\\/getAdminMsgCount\\\/status\\\/10\\\/token\\\/1201d36ea63b4a24704a1e713d9f99ca\",\"request_method\":\"GET\",\"request_bodys\":[],\"response_code\":200,\"response_body\":\"{\\\"code\\\":1,\\\"msg\\\":\\\"\\\\u67e5\\\\u8be2\\\\u6210\\\\u529f\\\",\\\"status_code\\\":4025,\\\"data\\\":\\\"0\\\"}\",\"response_errorMessage\":null}","topic":""}
[2018-07-27 17:13:01,404] [2676] RunTime: 0.0000 s
 - INFO 
 - RestClient.doGet(D:\wamp\www\wscloud\backoffice\ThinkPHP\Library\Vendor\ApiGateway\RestClient.php:49)
 - {"message":"rest client","data":"{\"request_host\":\"http:\\\/\\\/localhost:133\\\/Home\",\"request_path\":\"\\\/Company\\\/checkStatus\\\/companyId\\\/1447247968\\\/token\\\/1201d36ea63b4a24704a1e713d9f99ca\",\"request_method\":\"GET\",\"request_bodys\":[],\"response_code\":200,\"response_body\":\"{\\\"code\\\":1,\\\"msg\\\":\\\"\\\\u67e5\\\\u8be2\\\\u6b63\\\\u5e38\\\",\\\"status_code\\\":1000,\\\"data\\\":{\\\"id\\\":\\\"1447247968\\\",\\\"name\\\":\\\"\\\\u6d4b\\\\u8bd5\\\\u516c\\\\u53f8\\\",\\\"phone\\\":\\\"13161934946\\\",\\\"email\\\":\\\"123456789@qq.com\\\",\\\"logo\\\":null,\\\"status\\\":\\\"10\\\",\\\"verify_status\\\":\\\"30\\\",\\\"create_time\\\":\\\"1527487964\\\",\\\"update_time\\\":\\\"1529992663\\\",\\\"create_user\\\":\\\"1447247968\\\",\\\"update_user\\\":\\\"1447247968\\\",\\\"del_flg\\\":\\\"0\\\",\\\"verify_status_str\\\":\\\"\\\\u5ba1\\\\u6838\\\\u901a\\\\u8fc7\\\"}}\",\"response_errorMessage\":null}","topic":""}
[2018-07-27 17:13:01,466] [2676] RunTime: 0.0621 s
 - INFO 
 - RestClient.doGet(D:\wamp\www\wscloud\backoffice\ThinkPHP\Library\Vendor\ApiGateway\RestClient.php:49)
 - {"message":"rest client","data":"{\"request_host\":\"http:\\\/\\\/localhost:133\\\/Home\",\"request_path\":\"\\\/DrivingMonitor\\\/statBehavior\\\/companyId\\\/1447247968\\\/startTime\\\/1530090781\\\/endTime\\\/1532682781\\\/token\\\/1201d36ea63b4a24704a1e713d9f99ca\",\"request_method\":\"GET\",\"request_bodys\":[],\"response_code\":200,\"response_body\":\"{\\\"code\\\":1,\\\"msg\\\":\\\"\\\\u67e5\\\\u8be2\\\\u6210\\\\u529f\\\",\\\"status_code\\\":4025,\\\"data\\\":[{\\\"count\\\":\\\"4\\\",\\\"code\\\":\\\"16\\\",\\\"code_text\\\":\\\"\\\\u906e\\\\u6321\\\\u76f8\\\\u673a\\\"}]}\",\"response_errorMessage\":null}","topic":""}
[2018-07-27 17:13:01,546] [2676] RunTime: 0.1422 s
 - INFO 
 - RestClient.doGet(D:\wamp\www\wscloud\backoffice\ThinkPHP\Library\Vendor\ApiGateway\RestClient.php:49)
 - {"message":"rest client","data":"{\"request_host\":\"http:\\\/\\\/localhost:133\\\/Home\",\"request_path\":\"\\\/System\\\/getSystemSetting\\\/companyId\\\/1447247968\\\/type\\\/20\\\/token\\\/1201d36ea63b4a24704a1e713d9f99ca\",\"request_method\":\"GET\",\"request_bodys\":[],\"response_code\":200,\"response_body\":\"{\\\"code\\\":1,\\\"msg\\\":\\\"\\\\u67e5\\\\u8be2\\\\u6210\\\\u529f\\\",\\\"status_code\\\":4025,\\\"data\\\":{\\\"value\\\":\\\"1\\\"}}\",\"response_errorMessage\":null}","topic":""}
[2018-07-27 17:13:01,614] [2676] RunTime: 0.2099 s
 - INFO 
 - RestClient.doGet(D:\wamp\www\wscloud\backoffice\ThinkPHP\Library\Vendor\ApiGateway\RestClient.php:49)
 - {"message":"rest client","data":"{\"request_host\":\"http:\\\/\\\/localhost:133\\\/Home\",\"request_path\":\"\\\/Admin\\\/getAdminMsgCount\\\/status\\\/10\\\/token\\\/1201d36ea63b4a24704a1e713d9f99ca\",\"request_method\":\"GET\",\"request_bodys\":[],\"response_code\":200,\"response_body\":\"{\\\"code\\\":1,\\\"msg\\\":\\\"\\\\u67e5\\\\u8be2\\\\u6210\\\\u529f\\\",\\\"status_code\\\":4025,\\\"data\\\":\\\"0\\\"}\",\"response_errorMessage\":null}","topic":""}
[2018-07-27 17:13:02,055] [2676] RunTime: 0.0000 s
 - INFO 
 - RestClient.doGet(D:\wamp\www\wscloud\backoffice\ThinkPHP\Library\Vendor\ApiGateway\RestClient.php:49)
 - {"message":"rest client","data":"{\"request_host\":\"http:\\\/\\\/localhost:133\\\/Home\",\"request_path\":\"\\\/DrivingMonitor\\\/statByTimeGroup\\\/companyId\\\/1447247968\\\/startTime\\\/1532361600\\\/endTime\\\/1532707200\\\/token\\\/1201d36ea63b4a24704a1e713d9f99ca\",\"request_method\":\"GET\",\"request_bodys\":[],\"response_code\":200,\"response_body\":\"{\\\"code\\\":1,\\\"msg\\\":\\\"\\\\u67e5\\\\u8be2\\\\u6210\\\\u529f\\\",\\\"status_code\\\":4025,\\\"data\\\":[{\\\"name\\\":\\\"\\\\u906e\\\\u6321\\\\u76f8\\\\u673a\\\",\\\"type\\\":\\\"line\\\",\\\"smooth\\\":true,\\\"data\\\":[0,0,0,0,0,0,0,0,0,0,0,0,0,0,0,0,\\\"2\\\",\\\"2\\\",0,0,0,0,0,0]}]}\",\"response_errorMessage\":null}","topic":""}
[2018-07-27 17:13:05,694] [2676] RunTime: 0.0000 s
 - INFO 
 - RestClient.doGet(D:\wamp\www\wscloud\backoffice\ThinkPHP\Library\Vendor\ApiGateway\RestClient.php:49)
 - {"message":"rest client","data":"{\"request_host\":\"http:\\\/\\\/localhost:133\\\/Home\",\"request_path\":\"\\\/System\\\/getSystemSetting\\\/companyId\\\/1447247968\\\/type\\\/20\\\/token\\\/1201d36ea63b4a24704a1e713d9f99ca\",\"request_method\":\"GET\",\"request_bodys\":[],\"response_code\":200,\"response_body\":\"{\\\"code\\\":1,\\\"msg\\\":\\\"\\\\u67e5\\\\u8be2\\\\u6210\\\\u529f\\\",\\\"status_code\\\":4025,\\\"data\\\":{\\\"value\\\":\\\"1\\\"}}\",\"response_errorMessage\":null}","topic":""}
[2018-07-27 17:13:05,751] [2676] RunTime: 0.0567 s
 - INFO 
 - RestClient.doGet(D:\wamp\www\wscloud\backoffice\ThinkPHP\Library\Vendor\ApiGateway\RestClient.php:49)
 - {"message":"rest client","data":"{\"request_host\":\"http:\\\/\\\/localhost:133\\\/Home\",\"request_path\":\"\\\/Admin\\\/getAdminMsgCount\\\/status\\\/10\\\/token\\\/1201d36ea63b4a24704a1e713d9f99ca\",\"request_method\":\"GET\",\"request_bodys\":[],\"response_code\":200,\"response_body\":\"{\\\"code\\\":1,\\\"msg\\\":\\\"\\\\u67e5\\\\u8be2\\\\u6210\\\\u529f\\\",\\\"status_code\\\":4025,\\\"data\\\":\\\"0\\\"}\",\"response_errorMessage\":null}","topic":""}
[2018-07-27 17:13:06,060] [2676] RunTime: 0.0000 s
 - INFO 
 - RestClient.doGet(D:\wamp\www\wscloud\backoffice\ThinkPHP\Library\Vendor\ApiGateway\RestClient.php:49)
 - {"message":"rest client","data":"{\"request_host\":\"http:\\\/\\\/localhost:133\\\/Home\",\"request_path\":\"\\\/DriverService\\\/driverLists\\\/name\\\/null\\\/status\\\/null\\\/phone\\\/null\\\/companyId\\\/1447247968\\\/account\\\/null\\\/pageSize\\\/10\\\/pageNo\\\/1\\\/token\\\/1201d36ea63b4a24704a1e713d9f99ca\",\"request_method\":\"GET\",\"request_bodys\":[],\"response_code\":200,\"response_body\":\"{\\\"code\\\":1,\\\"msg\\\":\\\"\\\\u67e5\\\\u8be2\\\\u6b63\\\\u5e38\\\",\\\"status_code\\\":1000,\\\"data\\\":{\\\"dataList\\\":[{\\\"id\\\":\\\"2651475906\\\",\\\"company_id\\\":\\\"1447247968\\\",\\\"name\\\":\\\"\\\\u674e\\\\u6587\\\\u7426\\\",\\\"sex\\\":\\\"1\\\",\\\"phone\\\":\\\"13200000001\\\",\\\"account\\\":\\\"wenqi1\\\",\\\"password\\\":\\\"e10adc3949ba59abbe56e057f20f883e\\\",\\\"ws_open_id\\\":\\\"LCbWs6L99f3ITUccnGX8\\\\\\\/eP0blamr8M1BLqN4wmDtwCSAgf3t+FHbRTCGVxR9SGC\\\",\\\"certification_code\\\":\\\"130625199205153456\\\",\\\"certification_expire_time\\\":\\\"2018-07-27\\\",\\\"driving_age\\\":\\\"2\\\",\\\"status\\\":\\\"10\\\",\\\"create_time\\\":\\\"2018-07-27 15:28:55\\\",\\\"update_time\\\":\\\"1532676535\\\",\\\"create_user\\\":\\\"2517844598\\\",\\\"update_user\\\":\\\"2517844598\\\",\\\"del_flg\\\":\\\"0\\\",\\\"status_name\\\":\\\"\\\\u6b63\\\\u5e38\\\",\\\"sex_name\\\":\\\"\\\\u7537\\\"},{\\\"id\\\":\\\"7123652757\\\",\\\"company_id\\\":\\\"1447247968\\\",\\\"name\\\":\\\"\\\\u674e\\\\u6587\\\\u7426\\\",\\\"sex\\\":\\\"1\\\",\\\"phone\\\":\\\"13200000000\\\",\\\"account\\\":\\\"wenqi\\\",\\\"password\\\":\\\"e10adc3949ba59abbe56e057f20f883e\\\",\\\"ws_open_id\\\":\\\"H\\\\\\\/cWkcBz7XmjXRKLyKuSlkKWIuutVZSc3zxWDWvlBXyV58Rv1V8pmJkeFAo\\\\\\\/BF1S\\\",\\\"certification_code\\\":\\\"130625199205153456\\\",\\\"certification_expire_time\\\":\\\"2018-07-27\\\",\\\"driving_age\\\":\\\"2\\\",\\\"status\\\":\\\"10\\\",\\\"create_time\\\":\\\"2018-07-27 15:24:05\\\",\\\"update_time\\\":\\\"1532676245\\\",\\\"create_user\\\":\\\"2517844598\\\",\\\"update_user\\\":\\\"2517844598\\\",\\\"del_flg\\\":\\\"0\\\",\\\"status_name\\\":\\\"\\\\u6b63\\\\u5e38\\\",\\\"sex_name\\\":\\\"\\\\u7537\\\"},{\\\"id\\\":\\\"3630441951\\\",\\\"company_id\\\":\\\"1447247968\\\",\\\"name\\\":\\\"\\\\u82cf\\\\u658c\\\",\\\"sex\\\":\\\"1\\\",\\\"phone\\\":\\\"13161934946\\\",\\\"account\\\":\\\"account\\\",\\\"password\\\":\\\"e10adc3949ba59abbe56e057f20f883e\\\",\\\"ws_open_id\\\":\\\"\\\\\\\/4kuEdp3errRSrfkM3HiKf17NgRVpwliTpbwFge6WM2HBWKM7DzrvYaKKWMlUuCB\\\",\\\"certification_code\\\":\\\"412722198901207377\\\",\\\"certification_expire_time\\\":\\\"2018-06-12\\\",\\\"driving_age\\\":\\\"2\\\",\\\"status\\\":\\\"10\\\",\\\"create_time\\\":\\\"2018-06-11 13:25:40\\\",\\\"update_time\\\":\\\"1528694740\\\",\\\"create_user\\\":\\\"1518614752\\\",\\\"update_user\\\":\\\"1518614752\\\",\\\"del_flg\\\":\\\"0\\\",\\\"status_name\\\":\\\"\\\\u6b63\\\\u5e38\\\",\\\"sex_name\\\":\\\"\\\\u7537\\\"},{\\\"id\\\":\\\"4981385218\\\",\\\"company_id\\\":\\\"1447247968\\\",\\\"name\\\":\\\"\\\\u674e\\\\u6587\\\",\\\"sex\\\":\\\"1\\\",\\\"phone\\\":\\\"13373944333\\\",\\\"account\\\":\\\"lwq1\\\",\\\"password\\\":\\\"e10adc3949ba59abbe56e057f20f883e\\\",\\\"ws_open_id\\\":\\\"TofEMkxYZHuA3TPq7ovRwiKD0RIxaaGrtOEE9emYfFAP6+vMpPCyv77UlzAzkrxI\\\",\\\"certification_code\\\":\\\"412722198901203737\\\",\\\"certification_expire_time\\\":\\\"2018-05-29\\\",\\\"driving_age\\\":\\\"2\\\",\\\"status\\\":\\\"10\\\",\\\"create_time\\\":\\\"2018-05-29 16:26:23\\\",\\\"update_time\\\":\\\"1527582383\\\",\\\"create_user\\\":\\\"1518614752\\\",\\\"update_user\\\":\\\"1518614752\\\",\\\"del_flg\\\":\\\"0\\\",\\\"status_name\\\":\\\"\\\\u6b63\\\\u5e38\\\",\\\"sex_name\\\":\\\"\\\\u7537\\\"},{\\\"id\\\":\\\"3615201082\\\",\\\"company_id\\\":\\\"1447247968\\\",\\\"name\\\":\\\"\\\\u674e\\\\u6587\\\\u7426\\\",\\\"sex\\\":\\\"1\\\",\\\"phone\\\":\\\"13373944332\\\",\\\"account\\\":\\\"lwq\\\",\\\"password\\\":\\\"e10adc3949ba59abbe56e057f20f883e\\\",\\\"ws_open_id\\\":\\\"TN\\\\\\\/8RsJq6LDOpUUeomFJFvkatoq+dNeo97G0XmV5ucU3foyb+x4\\\\\\\/1cF8CR99NZYl\\\",\\\"certification_code\\\":\\\"412722198901203737\\\",\\\"certification_expire_time\\\":\\\"2018-05-28\\\",\\\"driving_age\\\":\\\"2\\\",\\\"status\\\":\\\"10\\\",\\\"create_time\\\":\\\"2018-05-28 18:26:23\\\",\\\"update_time\\\":\\\"1527503183\\\",\\\"create_user\\\":\\\"1518614752\\\",\\\"update_user\\\":\\\"1518614752\\\",\\\"del_flg\\\":\\\"0\\\",\\\"status_name\\\":\\\"\\\\u6b63\\\\u5e38\\\",\\\"sex_name\\\":\\\"\\\\u7537\\\"}],\\\"totalRecord\\\":\\\"5\\\"}}\",\"response_errorMessage\":null}","topic":""}
[2018-07-27 17:18:35,859] [2676] RunTime: 0.0000 s
 - INFO 
 - RestClient.doGet(D:\wamp\www\wscloud\backoffice\ThinkPHP\Library\Vendor\ApiGateway\RestClient.php:49)
 - {"message":"rest client","data":"{\"request_host\":\"http:\\\/\\\/localhost:133\\\/Home\",\"request_path\":\"\\\/Vehicle\\\/getAllGroups\\\/companyId\\\/1447247968\\\/token\\\/1201d36ea63b4a24704a1e713d9f99ca\",\"request_method\":\"GET\",\"request_bodys\":[],\"response_code\":200,\"response_body\":\"{\\\"code\\\":1,\\\"msg\\\":\\\"\\\\u67e5\\\\u8be2\\\\u6b63\\\\u5e38\\\",\\\"status_code\\\":1000,\\\"data\\\":[{\\\"id\\\":\\\"1326183120\\\",\\\"company_id\\\":\\\"1447247968\\\",\\\"name\\\":\\\"\\\\u5206\\\\u7ec4\\\",\\\"type\\\":\\\"10\\\",\\\"create_time\\\":\\\"1527671028\\\",\\\"update_time\\\":\\\"1527671028\\\",\\\"del_flg\\\":\\\"0\\\"},{\\\"id\\\":\\\"5353621456\\\",\\\"company_id\\\":\\\"1447247968\\\",\\\"name\\\":\\\"\\\\u8f66\\\\u961f\\\\u4e00\\\",\\\"type\\\":\\\"10\\\",\\\"create_time\\\":\\\"1527564231\\\",\\\"update_time\\\":\\\"1527564231\\\",\\\"del_flg\\\":\\\"0\\\"},{\\\"id\\\":\\\"9582847534\\\",\\\"company_id\\\":\\\"1447247968\\\",\\\"name\\\":\\\"\\\\u8f66\\\\u961f\\\\u4e00\\\",\\\"type\\\":\\\"10\\\",\\\"create_time\\\":\\\"1527488642\\\",\\\"update_time\\\":\\\"1527488642\\\",\\\"del_flg\\\":\\\"0\\\"}]}\",\"response_errorMessage\":null}","topic":""}
[2018-07-27 17:18:35,927] [2676] RunTime: 0.0680 s
 - INFO 
 - RestClient.doGet(D:\wamp\www\wscloud\backoffice\ThinkPHP\Library\Vendor\ApiGateway\RestClient.php:49)
 - {"message":"rest client","data":"{\"request_host\":\"http:\\\/\\\/localhost:133\\\/Home\",\"request_path\":\"\\\/System\\\/getSystemSetting\\\/companyId\\\/1447247968\\\/type\\\/20\\\/token\\\/1201d36ea63b4a24704a1e713d9f99ca\",\"request_method\":\"GET\",\"request_bodys\":[],\"response_code\":200,\"response_body\":\"{\\\"code\\\":1,\\\"msg\\\":\\\"\\\\u67e5\\\\u8be2\\\\u6210\\\\u529f\\\",\\\"status_code\\\":4025,\\\"data\\\":{\\\"value\\\":\\\"1\\\"}}\",\"response_errorMessage\":null}","topic":""}
[2018-07-27 17:18:36,002] [2676] RunTime: 0.1429 s
 - INFO 
 - RestClient.doGet(D:\wamp\www\wscloud\backoffice\ThinkPHP\Library\Vendor\ApiGateway\RestClient.php:49)
 - {"message":"rest client","data":"{\"request_host\":\"http:\\\/\\\/localhost:133\\\/Home\",\"request_path\":\"\\\/Admin\\\/getAdminMsgCount\\\/status\\\/10\\\/token\\\/1201d36ea63b4a24704a1e713d9f99ca\",\"request_method\":\"GET\",\"request_bodys\":[],\"response_code\":200,\"response_body\":\"{\\\"code\\\":1,\\\"msg\\\":\\\"\\\\u67e5\\\\u8be2\\\\u6210\\\\u529f\\\",\\\"status_code\\\":4025,\\\"data\\\":\\\"0\\\"}\",\"response_errorMessage\":null}","topic":""}
[2018-07-27 17:18:36,336] [2676] RunTime: 0.0000 s
 - INFO 
 - RestClient.doGet(D:\wamp\www\wscloud\backoffice\ThinkPHP\Library\Vendor\ApiGateway\RestClient.php:49)
 - {"message":"rest client","data":"{\"request_host\":\"http:\\\/\\\/localhost:133\\\/Home\",\"request_path\":\"\\\/Vehicle\\\/vehicleLists\\\/vehicle_no\\\/null\\\/companyId\\\/1447247968\\\/pageSize\\\/10\\\/pageNo\\\/1\\\/token\\\/1201d36ea63b4a24704a1e713d9f99ca\",\"request_method\":\"GET\",\"request_bodys\":[],\"response_code\":200,\"response_body\":\"{\\\"code\\\":1,\\\"msg\\\":\\\"\\\\u67e5\\\\u8be2\\\\u6b63\\\\u5e38\\\",\\\"status_code\\\":1000,\\\"data\\\":{\\\"dataList\\\":[{\\\"id\\\":\\\"4118020736\\\",\\\"company_id\\\":\\\"1447247968\\\",\\\"device_no\\\":\\\"1234567\\\",\\\"device_id\\\":\\\"8647758674\\\",\\\"vehicle_no\\\":\\\"\\\\u5180F12345\\\",\\\"model\\\":\\\"\\\\u53cd\\\\u5bf9\\\\u6cd5\\\",\\\"status\\\":\\\"10\\\",\\\"create_time\\\":\\\"2018-07-27 15:32:38\\\",\\\"update_time\\\":\\\"1532676758\\\",\\\"create_user\\\":\\\"2517844598\\\",\\\"update_user\\\":\\\"2517844598\\\",\\\"del_flg\\\":\\\"0\\\",\\\"company_name\\\":\\\"\\\\u6d4b\\\\u8bd5\\\\u516c\\\\u53f8\\\"},{\\\"id\\\":\\\"8167932515\\\",\\\"company_id\\\":\\\"1447247968\\\",\\\"device_no\\\":\\\"12456\\\",\\\"device_id\\\":\\\"7882128443\\\",\\\"vehicle_no\\\":\\\"\\\\u5180C1212\\\",\\\"model\\\":\\\"\\\\u6c7d\\\\u8f66\\\",\\\"status\\\":\\\"10\\\",\\\"create_time\\\":\\\"2018-06-07 10:39:40\\\",\\\"update_time\\\":\\\"1528339180\\\",\\\"create_user\\\":\\\"2517844598\\\",\\\"update_user\\\":\\\"2517844598\\\",\\\"del_flg\\\":\\\"0\\\",\\\"company_name\\\":\\\"\\\\u6d4b\\\\u8bd5\\\\u516c\\\\u53f8\\\"},{\\\"id\\\":\\\"9382192712\\\",\\\"company_id\\\":\\\"1447247968\\\",\\\"device_no\\\":\\\"12535\\\",\\\"device_id\\\":\\\"8606702515\\\",\\\"vehicle_no\\\":\\\"\\\\u5180B0121\\\",\\\"model\\\":\\\"\\\\u706b\\\\u8f66\\\",\\\"status\\\":\\\"10\\\",\\\"create_time\\\":\\\"2018-06-07 10:22:25\\\",\\\"update_time\\\":\\\"1528338145\\\",\\\"create_user\\\":\\\"2517844598\\\",\\\"update_user\\\":\\\"2517844598\\\",\\\"del_flg\\\":\\\"0\\\",\\\"company_name\\\":\\\"\\\\u6d4b\\\\u8bd5\\\\u516c\\\\u53f8\\\"},{\\\"id\\\":\\\"3112315772\\\",\\\"company_id\\\":\\\"1447247968\\\",\\\"device_no\\\":\\\"12535\\\",\\\"device_id\\\":\\\"8606702515\\\",\\\"vehicle_no\\\":\\\"\\\\u5180B0121\\\",\\\"model\\\":\\\"\\\\u706b\\\\u8f66\\\",\\\"status\\\":\\\"10\\\",\\\"create_time\\\":\\\"2018-06-07 10:22:12\\\",\\\"update_time\\\":\\\"1528338132\\\",\\\"create_user\\\":\\\"2517844598\\\",\\\"update_user\\\":\\\"2517844598\\\",\\\"del_flg\\\":\\\"0\\\",\\\"company_name\\\":\\\"\\\\u6d4b\\\\u8bd5\\\\u516c\\\\u53f8\\\"},{\\\"id\\\":\\\"9035124788\\\",\\\"company_id\\\":\\\"1447247968\\\",\\\"device_no\\\":\\\"12535\\\",\\\"device_id\\\":\\\"8606702515\\\",\\\"vehicle_no\\\":\\\"\\\\u5180A123456\\\",\\\"model\\\":\\\"\\\\u9a6c\\\\u8f66\\\",\\\"status\\\":\\\"10\\\",\\\"create_time\\\":\\\"2018-06-07 10:21:09\\\",\\\"update_time\\\":\\\"1528338069\\\",\\\"create_user\\\":\\\"2517844598\\\",\\\"update_user\\\":\\\"2517844598\\\",\\\"del_flg\\\":\\\"0\\\",\\\"company_name\\\":\\\"\\\\u6d4b\\\\u8bd5\\\\u516c\\\\u53f8\\\"},{\\\"id\\\":\\\"8516577529\\\",\\\"company_id\\\":\\\"1447247968\\\",\\\"device_no\\\":\\\"sn-number\\\",\\\"device_id\\\":\\\"7882128443\\\",\\\"vehicle_no\\\":\\\"\\\\u5180F123456\\\",\\\"model\\\":\\\"\\\\u5f00\\\\u8f66\\\",\\\"status\\\":\\\"10\\\",\\\"create_time\\\":\\\"2018-05-28 14:21:49\\\",\\\"update_time\\\":\\\"1527488509\\\",\\\"create_user\\\":\\\"2517844598\\\",\\\"update_user\\\":\\\"2517844598\\\",\\\"del_flg\\\":\\\"0\\\",\\\"company_name\\\":\\\"\\\\u6d4b\\\\u8bd5\\\\u516c\\\\u53f8\\\"}],\\\"totalRecord\\\":\\\"6\\\"}}\",\"response_errorMessage\":null}","topic":""}
[2018-07-27 17:35:13,700] [2676] RunTime: 0.0000 s
 - INFO 
 - RestClient.doGet(D:\wamp\www\wscloud\backoffice\ThinkPHP\Library\Vendor\ApiGateway\RestClient.php:49)
 - {"message":"rest client","data":"{\"request_host\":\"http:\\\/\\\/localhost:133\\\/Home\",\"request_path\":\"\\\/DrivingMonitor\\\/statTiredNo\\\/companyId\\\/1447247968\\\/startTime\\\/1532620800\\\/token\\\/1201d36ea63b4a24704a1e713d9f99ca\",\"request_method\":\"GET\",\"request_bodys\":[],\"response_code\":200,\"response_body\":\"{\\\"code\\\":1,\\\"msg\\\":\\\"\\\\u67e5\\\\u8be2\\\\u6210\\\\u529f\\\",\\\"status_code\\\":4025,\\\"data\\\":{\\\"x\\\":[\\\"\\\\u906e\\\\u6321\\\\u76f8\\\\u673a\\\"],\\\"y\\\":[\\\"8\\\"],\\\"sum\\\":\\\"0000008\\\"}}\",\"response_errorMessage\":null}","topic":""}
[2018-07-27 17:35:13,797] [2676] RunTime: 0.0972 s
 - INFO 
 - RestClient.doGet(D:\wamp\www\wscloud\backoffice\ThinkPHP\Library\Vendor\ApiGateway\RestClient.php:49)
 - {"message":"rest client","data":"{\"request_host\":\"http:\\\/\\\/localhost:133\\\/Home\",\"request_path\":\"\\\/System\\\/getSystemSetting\\\/companyId\\\/1447247968\\\/type\\\/20\\\/token\\\/1201d36ea63b4a24704a1e713d9f99ca\",\"request_method\":\"GET\",\"request_bodys\":[],\"response_code\":200,\"response_body\":\"{\\\"code\\\":1,\\\"msg\\\":\\\"\\\\u67e5\\\\u8be2\\\\u6210\\\\u529f\\\",\\\"status_code\\\":4025,\\\"data\\\":{\\\"value\\\":\\\"1\\\"}}\",\"response_errorMessage\":null}","topic":""}
[2018-07-27 17:35:13,856] [2676] RunTime: 0.1555 s
 - INFO 
 - RestClient.doGet(D:\wamp\www\wscloud\backoffice\ThinkPHP\Library\Vendor\ApiGateway\RestClient.php:49)
 - {"message":"rest client","data":"{\"request_host\":\"http:\\\/\\\/localhost:133\\\/Home\",\"request_path\":\"\\\/Admin\\\/getAdminMsgCount\\\/status\\\/10\\\/token\\\/1201d36ea63b4a24704a1e713d9f99ca\",\"request_method\":\"GET\",\"request_bodys\":[],\"response_code\":200,\"response_body\":\"{\\\"code\\\":1,\\\"msg\\\":\\\"\\\\u67e5\\\\u8be2\\\\u6210\\\\u529f\\\",\\\"status_code\\\":4025,\\\"data\\\":\\\"0\\\"}\",\"response_errorMessage\":null}","topic":""}
[2018-07-27 17:35:14,664] [2676] RunTime: 0.0000 s
 - INFO 
 - RestClient.doGet(D:\wamp\www\wscloud\backoffice\ThinkPHP\Library\Vendor\ApiGateway\RestClient.php:49)
 - {"message":"rest client","data":"{\"request_host\":\"http:\\\/\\\/localhost:133\\\/Home\",\"request_path\":\"\\\/DrivingMonitor\\\/statTiredNo\\\/companyId\\\/1447247968\\\/startTime\\\/1532620800\\\/token\\\/1201d36ea63b4a24704a1e713d9f99ca\",\"request_method\":\"GET\",\"request_bodys\":[],\"response_code\":200,\"response_body\":\"{\\\"code\\\":1,\\\"msg\\\":\\\"\\\\u67e5\\\\u8be2\\\\u6210\\\\u529f\\\",\\\"status_code\\\":4025,\\\"data\\\":{\\\"x\\\":[\\\"\\\\u906e\\\\u6321\\\\u76f8\\\\u673a\\\"],\\\"y\\\":[\\\"8\\\"],\\\"sum\\\":\\\"0000008\\\"}}\",\"response_errorMessage\":null}","topic":""}
[2018-07-27 17:35:14,777] [2676] RunTime: 0.0000 s
 - INFO 
 - RestClient.doGet(D:\wamp\www\wscloud\backoffice\ThinkPHP\Library\Vendor\ApiGateway\RestClient.php:49)
 - {"message":"rest client","data":"{\"request_host\":\"http:\\\/\\\/localhost:133\\\/Home\",\"request_path\":\"\\\/DrivingMonitor\\\/showTiredType\\\/startTime\\\/1532620800\\\/endTime\\\/1532684114\\\/companyId\\\/1447247968\\\/token\\\/1201d36ea63b4a24704a1e713d9f99ca\",\"request_method\":\"GET\",\"request_bodys\":[],\"response_code\":200,\"response_body\":\"{\\\"code\\\":1,\\\"msg\\\":\\\"\\\\u67e5\\\\u8be2\\\\u6b63\\\\u5e38\\\",\\\"status_code\\\":1000,\\\"data\\\":[{\\\"code\\\":\\\"16\\\",\\\"value\\\":\\\"8\\\",\\\"name\\\":\\\"\\\\u906e\\\\u6321\\\\u76f8\\\\u673a\\\"}]}\",\"response_errorMessage\":null}","topic":""}
[2018-07-27 17:35:15,354] [2676] RunTime: 0.0000 s
 - INFO 
 - RestClient.doGet(D:\wamp\www\wscloud\backoffice\ThinkPHP\Library\Vendor\ApiGateway\RestClient.php:49)
 - {"message":"rest client","data":"{\"request_host\":\"http:\\\/\\\/localhost:133\\\/Home\",\"request_path\":\"\\\/GroupsService\\\/typeGroupsLists\\\/companyId\\\/1447247968\\\/type\\\/10\\\/token\\\/1201d36ea63b4a24704a1e713d9f99ca\",\"request_method\":\"GET\",\"request_bodys\":[],\"response_code\":200,\"response_body\":\"{\\\"code\\\":1,\\\"msg\\\":\\\"\\\\u67e5\\\\u8be2\\\\u6210\\\\u529f\\\",\\\"status_code\\\":4025,\\\"data\\\":{\\\"0\\\":{\\\"name\\\":\\\"\\\\u5168\\\\u90e8\\\\u8f66\\\\u8f86\\\",\\\"id\\\":\\\"null\\\",\\\"children\\\":[{\\\"id\\\":\\\"4118020736\\\",\\\"company_id\\\":\\\"1447247968\\\",\\\"device_no\\\":\\\"1234567\\\",\\\"device_id\\\":\\\"8647758674\\\",\\\"vehicle_no\\\":\\\"\\\\u5180F12345\\\",\\\"model\\\":\\\"\\\\u53cd\\\\u5bf9\\\\u6cd5\\\",\\\"status\\\":\\\"10\\\",\\\"create_time\\\":\\\"1532676758\\\",\\\"update_time\\\":\\\"1532676758\\\",\\\"create_user\\\":\\\"2517844598\\\",\\\"update_user\\\":\\\"2517844598\\\",\\\"del_flg\\\":\\\"0\\\",\\\"group_id\\\":\\\"null\\\",\\\"name\\\":\\\"<input id=\\\\\\\"input_null_4118020736\\\\\\\" data=\\\\\\\"1234567\\\\\\\"  class=\\\\\\\"input_device\\\\\\\" type=\\\\\\\"checkbox\\\\\\\" style=\\\\\\\"vertical-align: middle; margin-top: 0px;margin-bottom: 1px;\\\\\\\"\\\\\\\/>\\\\u5180F12345\\\",\\\"position_info\\\":false},{\\\"id\\\":\\\"8167932515\\\",\\\"company_id\\\":\\\"1447247968\\\",\\\"device_no\\\":\\\"12456\\\",\\\"device_id\\\":\\\"7882128443\\\",\\\"vehicle_no\\\":\\\"\\\\u5180C1212\\\",\\\"model\\\":\\\"\\\\u6c7d\\\\u8f66\\\",\\\"status\\\":\\\"10\\\",\\\"create_time\\\":\\\"1528339180\\\",\\\"update_time\\\":\\\"1528339180\\\",\\\"create_user\\\":\\\"2517844598\\\",\\\"update_user\\\":\\\"2517844598\\\",\\\"del_flg\\\":\\\"0\\\",\\\"group_id\\\":\\\"null\\\",\\\"name\\\":\\\"<input id=\\\\\\\"input_null_8167932515\\\\\\\" data=\\\\\\\"12456\\\\\\\"  class=\\\\\\\"input_device\\\\\\\" type=\\\\\\\"checkbox\\\\\\\" style=\\\\\\\"vertical-align: middle; margin-top: 0px;margin-bottom: 1px;\\\\\\\"\\\\\\\/>\\\\u5180C1212\\\",\\\"position_info\\\":false},{\\\"id\\\":\\\"9382192712\\\",\\\"company_id\\\":\\\"1447247968\\\",\\\"device_no\\\":\\\"12535\\\",\\\"device_id\\\":\\\"8606702515\\\",\\\"vehicle_no\\\":\\\"\\\\u5180B0121\\\",\\\"model\\\":\\\"\\\\u706b\\\\u8f66\\\",\\\"status\\\":\\\"10\\\",\\\"create_time\\\":\\\"1528338145\\\",\\\"update_time\\\":\\\"1528338145\\\",\\\"create_user\\\":\\\"2517844598\\\",\\\"update_user\\\":\\\"2517844598\\\",\\\"del_flg\\\":\\\"0\\\",\\\"group_id\\\":\\\"null\\\",\\\"name\\\":\\\"<input id=\\\\\\\"input_null_9382192712\\\\\\\" data=\\\\\\\"12535\\\\\\\"  class=\\\\\\\"input_device\\\\\\\" type=\\\\\\\"checkbox\\\\\\\" style=\\\\\\\"vertical-align: middle; margin-top: 0px;margin-bottom: 1px;\\\\\\\"\\\\\\\/>\\\\u5180B0121\\\",\\\"position_info\\\":false},{\\\"id\\\":\\\"3112315772\\\",\\\"company_id\\\":\\\"1447247968\\\",\\\"device_no\\\":\\\"12535\\\",\\\"device_id\\\":\\\"8606702515\\\",\\\"vehicle_no\\\":\\\"\\\\u5180B0121\\\",\\\"model\\\":\\\"\\\\u706b\\\\u8f66\\\",\\\"status\\\":\\\"10\\\",\\\"create_time\\\":\\\"1528338132\\\",\\\"update_time\\\":\\\"1528338132\\\",\\\"create_user\\\":\\\"2517844598\\\",\\\"update_user\\\":\\\"2517844598\\\",\\\"del_flg\\\":\\\"0\\\",\\\"group_id\\\":\\\"null\\\",\\\"name\\\":\\\"<input id=\\\\\\\"input_null_3112315772\\\\\\\" data=\\\\\\\"12535\\\\\\\"  class=\\\\\\\"input_device\\\\\\\" type=\\\\\\\"checkbox\\\\\\\" style=\\\\\\\"vertical-align: middle; margin-top: 0px;margin-bottom: 1px;\\\\\\\"\\\\\\\/>\\\\u5180B0121\\\",\\\"position_info\\\":false},{\\\"id\\\":\\\"9035124788\\\",\\\"company_id\\\":\\\"1447247968\\\",\\\"device_no\\\":\\\"12535\\\",\\\"device_id\\\":\\\"8606702515\\\",\\\"vehicle_no\\\":\\\"\\\\u5180A123456\\\",\\\"model\\\":\\\"\\\\u9a6c\\\\u8f66\\\",\\\"status\\\":\\\"10\\\",\\\"create_time\\\":\\\"1528338069\\\",\\\"update_time\\\":\\\"1528338069\\\",\\\"create_user\\\":\\\"2517844598\\\",\\\"update_user\\\":\\\"2517844598\\\",\\\"del_flg\\\":\\\"0\\\",\\\"group_id\\\":\\\"null\\\",\\\"name\\\":\\\"<input id=\\\\\\\"input_null_9035124788\\\\\\\" data=\\\\\\\"12535\\\\\\\"  class=\\\\\\\"input_device\\\\\\\" type=\\\\\\\"checkbox\\\\\\\" style=\\\\\\\"vertical-align: middle; margin-top: 0px;margin-bottom: 1px;\\\\\\\"\\\\\\\/>\\\\u5180A123456\\\",\\\"position_info\\\":false},{\\\"id\\\":\\\"8516577529\\\",\\\"company_id\\\":\\\"1447247968\\\",\\\"device_no\\\":\\\"sn-number\\\",\\\"device_id\\\":\\\"7882128443\\\",\\\"vehicle_no\\\":\\\"\\\\u5180F123456\\\",\\\"model\\\":\\\"\\\\u5f00\\\\u8f66\\\",\\\"status\\\":\\\"10\\\",\\\"create_time\\\":\\\"1527488509\\\",\\\"update_time\\\":\\\"1527488509\\\",\\\"create_user\\\":\\\"2517844598\\\",\\\"update_user\\\":\\\"2517844598\\\",\\\"del_flg\\\":\\\"0\\\",\\\"group_id\\\":\\\"null\\\",\\\"name\\\":\\\"<input id=\\\\\\\"input_null_8516577529\\\\\\\" data=\\\\\\\"sn-number\\\\\\\"  class=\\\\\\\"input_device\\\\\\\" type=\\\\\\\"checkbox\\\\\\\" style=\\\\\\\"vertical-align: middle; margin-top: 0px;margin-bottom: 1px;\\\\\\\"\\\\\\\/>\\\\u5180F123456\\\",\\\"position_info\\\":false}]},\\\"3\\\":{\\\"id\\\":\\\"9582847534\\\",\\\"name\\\":\\\"\\\\u8f66\\\\u961f\\\\u4e00\\\",\\\"type\\\":\\\"10\\\",\\\"children\\\":[{\\\"id\\\":\\\"8516577529\\\",\\\"company_id\\\":\\\"1447247968\\\",\\\"device_no\\\":\\\"sn-number\\\",\\\"device_id\\\":\\\"7882128443\\\",\\\"vehicle_no\\\":\\\"\\\\u5180F123456\\\",\\\"model\\\":\\\"\\\\u5f00\\\\u8f66\\\",\\\"status\\\":\\\"10\\\",\\\"create_time\\\":\\\"1527488509\\\",\\\"update_time\\\":\\\"1527488509\\\",\\\"create_user\\\":\\\"2517844598\\\",\\\"update_user\\\":\\\"2517844598\\\",\\\"del_flg\\\":\\\"0\\\",\\\"group_id\\\":\\\"9582847534\\\",\\\"name\\\":\\\"<input id=\\\\\\\"input_9582847534_8516577529\\\\\\\" data=\\\\\\\"sn-number\\\\\\\"  class=\\\\\\\"input_device\\\\\\\" type=\\\\\\\"checkbox\\\\\\\" style=\\\\\\\"vertical-align: middle; margin-top: 0px;margin-bottom: 1px;\\\\\\\"\\\\\\\/>\\\\u5180F123456\\\",\\\"position_info\\\":false}]}}}\",\"response_errorMessage\":null}","topic":""}
[2018-07-27 17:35:20,893] [2676] RunTime: 0.0000 s
 - INFO 
 - RestClient.doGet(D:\wamp\www\wscloud\backoffice\ThinkPHP\Library\Vendor\ApiGateway\RestClient.php:49)
 - {"message":"rest client","data":"{\"request_host\":\"http:\\\/\\\/localhost:133\\\/Home\",\"request_path\":\"\\\/DrivingMonitor\\\/statTiredNo\\\/companyId\\\/1447247968\\\/startTime\\\/1532620800\\\/token\\\/1201d36ea63b4a24704a1e713d9f99ca\",\"request_method\":\"GET\",\"request_bodys\":[],\"response_code\":200,\"response_body\":\"{\\\"code\\\":1,\\\"msg\\\":\\\"\\\\u67e5\\\\u8be2\\\\u6210\\\\u529f\\\",\\\"status_code\\\":4025,\\\"data\\\":{\\\"x\\\":[\\\"\\\\u906e\\\\u6321\\\\u76f8\\\\u673a\\\"],\\\"y\\\":[\\\"9\\\"],\\\"sum\\\":\\\"0000009\\\"}}\",\"response_errorMessage\":null}","topic":""}
[2018-07-27 17:35:21,013] [2676] RunTime: 0.0000 s
 - INFO 
 - RestClient.doGet(D:\wamp\www\wscloud\backoffice\ThinkPHP\Library\Vendor\ApiGateway\RestClient.php:49)
 - {"message":"rest client","data":"{\"request_host\":\"http:\\\/\\\/localhost:133\\\/Home\",\"request_path\":\"\\\/DrivingMonitor\\\/showTiredType\\\/startTime\\\/1532620800\\\/endTime\\\/1532684120\\\/companyId\\\/1447247968\\\/token\\\/1201d36ea63b4a24704a1e713d9f99ca\",\"request_method\":\"GET\",\"request_bodys\":[],\"response_code\":200,\"response_body\":\"{\\\"code\\\":1,\\\"msg\\\":\\\"\\\\u67e5\\\\u8be2\\\\u6b63\\\\u5e38\\\",\\\"status_code\\\":1000,\\\"data\\\":[{\\\"code\\\":\\\"16\\\",\\\"value\\\":\\\"8\\\",\\\"name\\\":\\\"\\\\u906e\\\\u6321\\\\u76f8\\\\u673a\\\"}]}\",\"response_errorMessage\":null}","topic":""}
[2018-07-27 17:36:11,997] [2676] RunTime: 0.0000 s
 - INFO 
 - RestClient.doGet(D:\wamp\www\wscloud\backoffice\ThinkPHP\Library\Vendor\ApiGateway\RestClient.php:49)
 - {"message":"rest client","data":"{\"request_host\":\"http:\\\/\\\/localhost:133\\\/Home\",\"request_path\":\"\\\/DrivingMonitor\\\/showTiredType\\\/startTime\\\/1532620800\\\/endTime\\\/1532684171\\\/companyId\\\/1447247968\\\/token\\\/1201d36ea63b4a24704a1e713d9f99ca\",\"request_method\":\"GET\",\"request_bodys\":[],\"response_code\":200,\"response_body\":\"{\\\"code\\\":1,\\\"msg\\\":\\\"\\\\u67e5\\\\u8be2\\\\u6b63\\\\u5e38\\\",\\\"status_code\\\":1000,\\\"data\\\":[{\\\"code\\\":\\\"16\\\",\\\"value\\\":\\\"9\\\",\\\"name\\\":\\\"\\\\u906e\\\\u6321\\\\u76f8\\\\u673a\\\"}]}\",\"response_errorMessage\":null}","topic":""}
[2018-07-27 17:36:12,110] [2676] RunTime: 0.0000 s
 - INFO 
 - RestClient.doGet(D:\wamp\www\wscloud\backoffice\ThinkPHP\Library\Vendor\ApiGateway\RestClient.php:49)
 - {"message":"rest client","data":"{\"request_host\":\"http:\\\/\\\/localhost:133\\\/Home\",\"request_path\":\"\\\/DrivingMonitor\\\/statTiredNo\\\/companyId\\\/1447247968\\\/startTime\\\/1532620800\\\/token\\\/1201d36ea63b4a24704a1e713d9f99ca\",\"request_method\":\"GET\",\"request_bodys\":[],\"response_code\":200,\"response_body\":\"{\\\"code\\\":1,\\\"msg\\\":\\\"\\\\u67e5\\\\u8be2\\\\u6210\\\\u529f\\\",\\\"status_code\\\":4025,\\\"data\\\":{\\\"x\\\":[\\\"\\\\u906e\\\\u6321\\\\u76f8\\\\u673a\\\"],\\\"y\\\":[\\\"10\\\"],\\\"sum\\\":\\\"0000010\\\"}}\",\"response_errorMessage\":null}","topic":""}
