[2018-11-29 10:38:17,080] [9248] RunTime: 0.0000 s
 - INFO 
 - RestClient.doGet(D:\wamp\www\wscloud\backoffice\ThinkPHP\Library\Vendor\ApiGateway\RestClient.php:49)
 - {"message":"rest client","data":"{\"request_host\":\"http:\\\/\\\/localhost:133\\\/Home\",\"request_path\":\"\\\/System\\\/getSystemSetting\\\/companyId\\\/\\\/type\\\/20\\\/token\\\/null\",\"request_method\":\"GET\",\"request_bodys\":[],\"response_code\":200,\"response_body\":\"{\\\"code\\\":0,\\\"msg\\\":\\\"token\\\\u8fc7\\\\u671f\\\",\\\"status_code\\\":2001}\",\"response_errorMessage\":null}","topic":""}
[2018-11-29 10:38:17,278] [9248] RunTime: 0.1977 s
 - INFO 
 - RestClient.doGet(D:\wamp\www\wscloud\backoffice\ThinkPHP\Library\Vendor\ApiGateway\RestClient.php:49)
 - {"message":"rest client","data":"{\"request_host\":\"http:\\\/\\\/localhost:133\\\/Home\",\"request_path\":\"\\\/Admin\\\/getAdminMsgCount\\\/status\\\/10\\\/token\\\/null\",\"request_method\":\"GET\",\"request_bodys\":[],\"response_code\":200,\"response_body\":\"{\\\"code\\\":0,\\\"msg\\\":\\\"token\\\\u8fc7\\\\u671f\\\",\\\"status_code\\\":2001}\",\"response_errorMessage\":null}","topic":""}
[2018-11-29 10:38:31,398] [9248] RunTime: 0.0000 s
 - INFO 
 - RestClient.doGet(D:\wamp\www\wscloud\backoffice\ThinkPHP\Library\Vendor\ApiGateway\RestClient.php:49)
 - {"message":"rest client","data":"{\"request_host\":\"http:\\\/\\\/localhost:133\\\/Home\",\"request_path\":\"\\\/login\\\/login\\\/account\\\/13161934946\\\/password\\\/123456\\\/type\\\/10\\\/token\\\/null\",\"request_method\":\"GET\",\"request_bodys\":[],\"response_code\":200,\"response_body\":\"{\\\"code\\\":1,\\\"msg\\\":\\\"\\\\u767b\\\\u5f55\\\\u6210\\\\u529f\\\",\\\"status_code\\\":3000,\\\"data\\\":{\\\"company_id\\\":\\\"1447247968\\\",\\\"name\\\":\\\"\\\\u6d4b\\\\u8bd5\\\\u516c\\\\u53f8\\\",\\\"account\\\":\\\"13161934946\\\",\\\"phone\\\":\\\"13161934946\\\",\\\"email\\\":\\\"123456789@qq.com\\\",\\\"password\\\":\\\"e10adc3949ba59abbe56e057f20f883e\\\",\\\"right\\\":\\\"1,100,110,120,200,210,220,230,300,310,320,400,410,420,430,500,510,520,600,610,620,700,710,720,730,2,1000,1010,1100,1110\\\",\\\"status\\\":\\\"10\\\",\\\"type\\\":\\\"20\\\",\\\"create_time\\\":\\\"1527487964\\\",\\\"create_user\\\":\\\"2517844598\\\",\\\"update_time\\\":\\\"1528868703\\\",\\\"update_user\\\":\\\"2517844598\\\",\\\"del_flg\\\":\\\"0\\\",\\\"company_name\\\":\\\"\\\\u6d4b\\\\u8bd5\\\\u516c\\\\u53f8\\\",\\\"token\\\":\\\"5572c814cde1f974fb5627e234da989b\\\",\\\"refresh_token\\\":\\\"5572c814cde1f974fb5627e234da989b\\\"}}\",\"response_errorMessage\":null}","topic":""}
[2018-11-29 10:38:31,620] [9248] RunTime: 0.0000 s
 - INFO 
 - RestClient.doGet(D:\wamp\www\wscloud\backoffice\ThinkPHP\Library\Vendor\ApiGateway\RestClient.php:49)
 - {"message":"rest client","data":"{\"request_host\":\"http:\\\/\\\/localhost:133\\\/Home\",\"request_path\":\"\\\/Company\\\/checkStatus\\\/companyId\\\/1447247968\\\/token\\\/5572c814cde1f974fb5627e234da989b\",\"request_method\":\"GET\",\"request_bodys\":[],\"response_code\":200,\"response_body\":\"{\\\"code\\\":1,\\\"msg\\\":\\\"\\\\u67e5\\\\u8be2\\\\u6b63\\\\u5e38\\\",\\\"status_code\\\":1000,\\\"data\\\":{\\\"id\\\":\\\"1447247968\\\",\\\"name\\\":\\\"\\\\u6d4b\\\\u8bd5\\\\u516c\\\\u53f8\\\",\\\"phone\\\":\\\"13161934946\\\",\\\"email\\\":\\\"123456789@qq.com\\\",\\\"logo\\\":null,\\\"status\\\":\\\"10\\\",\\\"verify_status\\\":\\\"30\\\",\\\"create_time\\\":\\\"1527487964\\\",\\\"update_time\\\":\\\"1529992663\\\",\\\"create_user\\\":\\\"1447247968\\\",\\\"update_user\\\":\\\"1447247968\\\",\\\"del_flg\\\":\\\"0\\\",\\\"verify_status_str\\\":\\\"\\\\u5ba1\\\\u6838\\\\u901a\\\\u8fc7\\\"}}\",\"response_errorMessage\":null}","topic":""}
[2018-11-29 10:38:31,768] [9248] RunTime: 0.1475 s
 - INFO 
 - RestClient.doGet(D:\wamp\www\wscloud\backoffice\ThinkPHP\Library\Vendor\ApiGateway\RestClient.php:49)
 - {"message":"rest client","data":"{\"request_host\":\"http:\\\/\\\/localhost:133\\\/Home\",\"request_path\":\"\\\/DrivingMonitor\\\/statBehavior\\\/companyId\\\/1447247968\\\/startTime\\\/1540867111\\\/endTime\\\/1543459111\\\/token\\\/5572c814cde1f974fb5627e234da989b\",\"request_method\":\"GET\",\"request_bodys\":[],\"response_code\":200,\"response_body\":\"{\\\"code\\\":1,\\\"msg\\\":\\\"\\\\u67e5\\\\u8be2\\\\u6210\\\\u529f\\\",\\\"status_code\\\":4025,\\\"data\\\":[]}\",\"response_errorMessage\":null}","topic":""}
[2018-11-29 10:38:31,894] [9248] RunTime: 0.2736 s
 - INFO 
 - RestClient.doGet(D:\wamp\www\wscloud\backoffice\ThinkPHP\Library\Vendor\ApiGateway\RestClient.php:49)
 - {"message":"rest client","data":"{\"request_host\":\"http:\\\/\\\/localhost:133\\\/Home\",\"request_path\":\"\\\/System\\\/getSystemSetting\\\/companyId\\\/1447247968\\\/type\\\/20\\\/token\\\/5572c814cde1f974fb5627e234da989b\",\"request_method\":\"GET\",\"request_bodys\":[],\"response_code\":200,\"response_body\":\"{\\\"code\\\":1,\\\"msg\\\":\\\"\\\\u67e5\\\\u8be2\\\\u6210\\\\u529f\\\",\\\"status_code\\\":4025,\\\"data\\\":{\\\"value\\\":\\\"1\\\"}}\",\"response_errorMessage\":null}","topic":""}
[2018-11-29 10:38:32,064] [9248] RunTime: 0.4435 s
 - INFO 
 - RestClient.doGet(D:\wamp\www\wscloud\backoffice\ThinkPHP\Library\Vendor\ApiGateway\RestClient.php:49)
 - {"message":"rest client","data":"{\"request_host\":\"http:\\\/\\\/localhost:133\\\/Home\",\"request_path\":\"\\\/Admin\\\/getAdminMsgCount\\\/status\\\/10\\\/token\\\/5572c814cde1f974fb5627e234da989b\",\"request_method\":\"GET\",\"request_bodys\":[],\"response_code\":200,\"response_body\":\"{\\\"code\\\":1,\\\"msg\\\":\\\"\\\\u67e5\\\\u8be2\\\\u6210\\\\u529f\\\",\\\"status_code\\\":4025,\\\"data\\\":\\\"0\\\"}\",\"response_errorMessage\":null}","topic":""}
[2018-11-29 10:38:32,784] [9248] RunTime: 0.0000 s
 - INFO 
 - RestClient.doGet(D:\wamp\www\wscloud\backoffice\ThinkPHP\Library\Vendor\ApiGateway\RestClient.php:49)
 - {"message":"rest client","data":"{\"request_host\":\"http:\\\/\\\/localhost:133\\\/Home\",\"request_path\":\"\\\/DrivingMonitor\\\/statByTimeGroup\\\/companyId\\\/1447247968\\\/startTime\\\/1543161600\\\/endTime\\\/1543507200\\\/token\\\/5572c814cde1f974fb5627e234da989b\",\"request_method\":\"GET\",\"request_bodys\":[],\"response_code\":200,\"response_body\":\"{\\\"code\\\":1,\\\"msg\\\":\\\"\\\\u67e5\\\\u8be2\\\\u6210\\\\u529f\\\",\\\"status_code\\\":4025,\\\"data\\\":[]}\",\"response_errorMessage\":null}","topic":""}
[2018-11-29 10:38:37,267] [9248] RunTime: 0.0000 s
 - INFO 
 - RestClient.doGet(D:\wamp\www\wscloud\backoffice\ThinkPHP\Library\Vendor\ApiGateway\RestClient.php:49)
 - {"message":"rest client","data":"{\"request_host\":\"http:\\\/\\\/localhost:133\\\/Home\",\"request_path\":\"\\\/System\\\/getSystemSetting\\\/companyId\\\/1447247968\\\/type\\\/20\\\/token\\\/5572c814cde1f974fb5627e234da989b\",\"request_method\":\"GET\",\"request_bodys\":[],\"response_code\":200,\"response_body\":\"{\\\"code\\\":1,\\\"msg\\\":\\\"\\\\u67e5\\\\u8be2\\\\u6210\\\\u529f\\\",\\\"status_code\\\":4025,\\\"data\\\":{\\\"value\\\":\\\"1\\\"}}\",\"response_errorMessage\":null}","topic":""}
[2018-11-29 10:38:37,373] [9248] RunTime: 0.1064 s
 - INFO 
 - RestClient.doGet(D:\wamp\www\wscloud\backoffice\ThinkPHP\Library\Vendor\ApiGateway\RestClient.php:49)
 - {"message":"rest client","data":"{\"request_host\":\"http:\\\/\\\/localhost:133\\\/Home\",\"request_path\":\"\\\/Admin\\\/getAdminMsgCount\\\/status\\\/10\\\/token\\\/5572c814cde1f974fb5627e234da989b\",\"request_method\":\"GET\",\"request_bodys\":[],\"response_code\":200,\"response_body\":\"{\\\"code\\\":1,\\\"msg\\\":\\\"\\\\u67e5\\\\u8be2\\\\u6210\\\\u529f\\\",\\\"status_code\\\":4025,\\\"data\\\":\\\"0\\\"}\",\"response_errorMessage\":null}","topic":""}
[2018-11-29 10:38:37,898] [9248] RunTime: 0.0000 s
 - INFO 
 - RestClient.doGet(D:\wamp\www\wscloud\backoffice\ThinkPHP\Library\Vendor\ApiGateway\RestClient.php:49)
 - {"message":"rest client","data":"{\"request_host\":\"http:\\\/\\\/localhost:133\\\/Home\",\"request_path\":\"\\\/Device\\\/deviceLists\\\/name\\\/null\\\/serialNo\\\/null\\\/companyId\\\/1447247968\\\/pageSize\\\/10\\\/pageNo\\\/1\\\/token\\\/5572c814cde1f974fb5627e234da989b\",\"request_method\":\"GET\",\"request_bodys\":[],\"response_code\":200,\"response_body\":\"{\\\"code\\\":1,\\\"msg\\\":\\\"\\\\u67e5\\\\u8be2\\\\u6b63\\\\u5e38\\\",\\\"status_code\\\":1000,\\\"data\\\":{\\\"dataList\\\":[{\\\"id\\\":\\\"6966521341\\\",\\\"company_id\\\":\\\"1447247968\\\",\\\"serial_no\\\":\\\"869455045023047\\\",\\\"name\\\":\\\"\\\\u5fae\\\\u89c6\\\\u5c0f\\\\u79d8\\\",\\\"type\\\":\\\"10\\\",\\\"model\\\":\\\"\\\\u5ba2\\\\u8f66\\\\u4e13\\\\u7528\\\",\\\"status\\\":\\\"10\\\",\\\"create_time\\\":\\\"2018-10-09 13:24:29\\\",\\\"update_time\\\":\\\"1539062669\\\",\\\"create_user\\\":\\\"1518614752\\\",\\\"update_user\\\":\\\"1518614752\\\",\\\"del_flg\\\":\\\"0\\\",\\\"company_name\\\":\\\"\\\\u6d4b\\\\u8bd5\\\\u516c\\\\u53f8\\\",\\\"status_str\\\":\\\"\\\\u6b63\\\\u5e38\\\",\\\"type_str\\\":\\\"\\\\u5fae\\\\u89c6\\\\u6444\\\\u50cf\\\\u5934\\\",\\\"active_str\\\":null,\\\"position_info\\\":false,\\\"device_line_status\\\":20,\\\"device_line_status_str\\\":\\\"\\\\u79bb\\\\u7ebf\\\"},{\\\"id\\\":\\\"6170405839\\\",\\\"company_id\\\":\\\"1447247968\\\",\\\"serial_no\\\":\\\"11212\\\",\\\"name\\\":\\\"\\\\u4f1a\\\\u66f4\\\\u597d\\\",\\\"type\\\":\\\"10\\\",\\\"model\\\":\\\"\\\\u54c8\\\\u54c8\\\",\\\"status\\\":\\\"10\\\",\\\"create_time\\\":\\\"2018-08-01 11:26:50\\\",\\\"update_time\\\":\\\"1533094010\\\",\\\"create_user\\\":\\\"2517844598\\\",\\\"update_user\\\":\\\"2517844598\\\",\\\"del_flg\\\":\\\"0\\\",\\\"company_name\\\":\\\"\\\\u6d4b\\\\u8bd5\\\\u516c\\\\u53f8\\\",\\\"status_str\\\":\\\"\\\\u6b63\\\\u5e38\\\",\\\"type_str\\\":\\\"\\\\u5fae\\\\u89c6\\\\u6444\\\\u50cf\\\\u5934\\\",\\\"active_str\\\":null,\\\"position_info\\\":false,\\\"device_line_status\\\":20,\\\"device_line_status_str\\\":\\\"\\\\u79bb\\\\u7ebf\\\"},{\\\"id\\\":\\\"8606702515\\\",\\\"company_id\\\":\\\"1447247968\\\",\\\"serial_no\\\":\\\"12535\\\",\\\"name\\\":\\\"\\\\u6444\\\\u50cf\\\\u59342\\\",\\\"type\\\":\\\"10\\\",\\\"model\\\":\\\"2018\\\",\\\"status\\\":\\\"10\\\",\\\"create_time\\\":\\\"2018-05-30 16:39:33\\\",\\\"update_time\\\":\\\"1527669573\\\",\\\"create_user\\\":\\\"1518614752\\\",\\\"update_user\\\":\\\"1518614752\\\",\\\"del_flg\\\":\\\"0\\\",\\\"company_name\\\":\\\"\\\\u6d4b\\\\u8bd5\\\\u516c\\\\u53f8\\\",\\\"status_str\\\":\\\"\\\\u6b63\\\\u5e38\\\",\\\"type_str\\\":\\\"\\\\u5fae\\\\u89c6\\\\u6444\\\\u50cf\\\\u5934\\\",\\\"active_str\\\":null,\\\"position_info\\\":false,\\\"device_line_status\\\":20,\\\"device_line_status_str\\\":\\\"\\\\u79bb\\\\u7ebf\\\"},{\\\"id\\\":\\\"8647758673\\\",\\\"company_id\\\":\\\"1447247968\\\",\\\"serial_no\\\":\\\"12345\\\",\\\"name\\\":\\\"\\\\u8bbe\\\\u5907\\\\u4e8c\\\",\\\"type\\\":\\\"10\\\",\\\"model\\\":\\\"x2018\\\",\\\"status\\\":\\\"10\\\",\\\"create_time\\\":\\\"2018-05-29 14:52:29\\\",\\\"update_time\\\":\\\"1527576749\\\",\\\"create_user\\\":\\\"2517844598\\\",\\\"update_user\\\":\\\"2517844598\\\",\\\"del_flg\\\":\\\"0\\\",\\\"company_name\\\":\\\"\\\\u6d4b\\\\u8bd5\\\\u516c\\\\u53f8\\\",\\\"status_str\\\":\\\"\\\\u6b63\\\\u5e38\\\",\\\"type_str\\\":\\\"\\\\u5fae\\\\u89c6\\\\u6444\\\\u50cf\\\\u5934\\\",\\\"active_str\\\":null,\\\"position_info\\\":false,\\\"device_line_status\\\":20,\\\"device_line_status_str\\\":\\\"\\\\u79bb\\\\u7ebf\\\"},{\\\"id\\\":\\\"8647758674\\\",\\\"company_id\\\":\\\"1447247968\\\",\\\"serial_no\\\":\\\"1234567\\\",\\\"name\\\":\\\"\\\\u8bbe\\\\u5907\\\\u4e09\\\",\\\"type\\\":\\\"10\\\",\\\"model\\\":\\\"x2018\\\",\\\"status\\\":\\\"10\\\",\\\"create_time\\\":\\\"2018-05-29 14:52:29\\\",\\\"update_time\\\":\\\"1527576749\\\",\\\"create_user\\\":\\\"2517844598\\\",\\\"update_user\\\":\\\"2517844598\\\",\\\"del_flg\\\":\\\"0\\\",\\\"company_name\\\":\\\"\\\\u6d4b\\\\u8bd5\\\\u516c\\\\u53f8\\\",\\\"status_str\\\":\\\"\\\\u6b63\\\\u5e38\\\",\\\"type_str\\\":\\\"\\\\u5fae\\\\u89c6\\\\u6444\\\\u50cf\\\\u5934\\\",\\\"active_str\\\":null,\\\"position_info\\\":false,\\\"device_line_status\\\":20,\\\"device_line_status_str\\\":\\\"\\\\u79bb\\\\u7ebf\\\"},{\\\"id\\\":\\\"7882128443\\\",\\\"company_id\\\":\\\"1447247968\\\",\\\"serial_no\\\":\\\"12456\\\",\\\"name\\\":\\\"\\\\u536b\\\\u89c6\\\\u5c0f\\\\u79d8\\\",\\\"type\\\":\\\"10\\\",\\\"model\\\":\\\"2018\\\",\\\"status\\\":\\\"10\\\",\\\"create_time\\\":\\\"2018-05-28 14:20:43\\\",\\\"update_time\\\":\\\"1527488443\\\",\\\"create_user\\\":\\\"2517844598\\\",\\\"update_user\\\":\\\"2517844598\\\",\\\"del_flg\\\":\\\"0\\\",\\\"company_name\\\":\\\"\\\\u6d4b\\\\u8bd5\\\\u516c\\\\u53f8\\\",\\\"status_str\\\":\\\"\\\\u6b63\\\\u5e38\\\",\\\"type_str\\\":\\\"\\\\u5fae\\\\u89c6\\\\u6444\\\\u50cf\\\\u5934\\\",\\\"active_str\\\":null,\\\"position_info\\\":false,\\\"device_line_status\\\":20,\\\"device_line_status_str\\\":\\\"\\\\u79bb\\\\u7ebf\\\"}],\\\"totalRecord\\\":\\\"6\\\"}}\",\"response_errorMessage\":null}","topic":""}
